

================================================================
== Vitis HLS Report for 'fill_buffer'
================================================================
* Date:           Mon Jun 19 04:05:50 2023

* Version:        2022.2 (Build 3670227 on Oct 13 2022)
* Project:        myproject_prj
* Solution:       solution1 (Vivado IP Flow Target)
* Product family: virtexuplus
* Target device:  xcvu9p-flga2104-2L-e


================================================================
== Performance Estimates
================================================================
+ Timing: 
    * Summary: 
    +--------+---------+----------+------------+
    |  Clock |  Target | Estimated| Uncertainty|
    +--------+---------+----------+------------+
    |ap_clk  |  5.00 ns|  0.618 ns|     0.62 ns|
    +--------+---------+----------+------------+

+ Latency: 
    * Summary: 
    +---------+---------+----------+----------+-----+-----+---------+
    |  Latency (cycles) |  Latency (absolute) |  Interval | Pipeline|
    |   min   |   max   |    min   |    max   | min | max |   Type  |
    +---------+---------+----------+----------+-----+-----+---------+
    |        0|        0|      0 ns|      0 ns|    1|    1|      yes|
    +---------+---------+----------+----------+-----+-----+---------+

    + Detail: 
        * Instance: 
        N/A

        * Loop: 
        N/A

============================================================
+ Verbose Summary: Synthesis Manager
============================================================
InlineROM: 1
ExposeGlobal: 0
============================================================
+ Verbose Summary: CDFG Model
============================================================
IsTopModel: 0
ResetActiveHigh: 1
IsCombinational: 0
IsDatapathOnly: 0
HasWiredReturn: 1
HasMFsm: 2
HasVarLatency: 0
IsPipeline: 1
IsRtlPipelined: 0
IsInstanceOverlapped: 0
IsDontTouch: 0
HasImplIP: 0
IsGatedGlobalClock: 0

+ Individual pipeline summary: 
  * Pipeline-0: initiation interval (II) = 1, depth = 1


============================================================
+ Verbose Summary: Schedule
============================================================
* Number of FSM states : 1
* Pipeline : 1
  Pipeline-0 : II = 1, D = 1, States = { 1 }
* Dataflow Pipeline: 0

* FSM state transitions: 
1 --> 

* FSM state operations: 

State 1 <SV = 0> <Delay = 0.61>
ST_1 : Operation 2 [1/1] (0.00ns)   --->   "%partition_read = read i4 @_ssdm_op_Read.ap_auto.i4, i4 %partition" [firmware/nnet_utils/nnet_code_gen.h:37]   --->   Operation 2 'read' 'partition_read' <Predicate = true> <Delay = 0.00>
ST_1 : Operation 3 [1/1] (0.00ns)   --->   "%p_read1531 = read i9 @_ssdm_op_Read.ap_auto.i9, i9 %p_read15" [firmware/nnet_utils/nnet_code_gen.h:37]   --->   Operation 3 'read' 'p_read1531' <Predicate = true> <Delay = 0.00>
ST_1 : Operation 4 [1/1] (0.00ns)   --->   "%p_read1430 = read i9 @_ssdm_op_Read.ap_auto.i9, i9 %p_read14" [firmware/nnet_utils/nnet_code_gen.h:37]   --->   Operation 4 'read' 'p_read1430' <Predicate = true> <Delay = 0.00>
ST_1 : Operation 5 [1/1] (0.00ns)   --->   "%p_read1329 = read i9 @_ssdm_op_Read.ap_auto.i9, i9 %p_read13" [firmware/nnet_utils/nnet_code_gen.h:37]   --->   Operation 5 'read' 'p_read1329' <Predicate = true> <Delay = 0.00>
ST_1 : Operation 6 [1/1] (0.00ns)   --->   "%p_read1228 = read i9 @_ssdm_op_Read.ap_auto.i9, i9 %p_read12" [firmware/nnet_utils/nnet_code_gen.h:37]   --->   Operation 6 'read' 'p_read1228' <Predicate = true> <Delay = 0.00>
ST_1 : Operation 7 [1/1] (0.00ns)   --->   "%p_read1127 = read i9 @_ssdm_op_Read.ap_auto.i9, i9 %p_read11" [firmware/nnet_utils/nnet_code_gen.h:37]   --->   Operation 7 'read' 'p_read1127' <Predicate = true> <Delay = 0.00>
ST_1 : Operation 8 [1/1] (0.00ns)   --->   "%p_read1026 = read i9 @_ssdm_op_Read.ap_auto.i9, i9 %p_read10" [firmware/nnet_utils/nnet_code_gen.h:37]   --->   Operation 8 'read' 'p_read1026' <Predicate = true> <Delay = 0.00>
ST_1 : Operation 9 [1/1] (0.00ns)   --->   "%p_read925 = read i9 @_ssdm_op_Read.ap_auto.i9, i9 %p_read9" [firmware/nnet_utils/nnet_code_gen.h:37]   --->   Operation 9 'read' 'p_read925' <Predicate = true> <Delay = 0.00>
ST_1 : Operation 10 [1/1] (0.00ns)   --->   "%p_read824 = read i9 @_ssdm_op_Read.ap_auto.i9, i9 %p_read8" [firmware/nnet_utils/nnet_code_gen.h:37]   --->   Operation 10 'read' 'p_read824' <Predicate = true> <Delay = 0.00>
ST_1 : Operation 11 [1/1] (0.00ns)   --->   "%p_read723 = read i9 @_ssdm_op_Read.ap_auto.i9, i9 %p_read7" [firmware/nnet_utils/nnet_code_gen.h:37]   --->   Operation 11 'read' 'p_read723' <Predicate = true> <Delay = 0.00>
ST_1 : Operation 12 [1/1] (0.00ns)   --->   "%p_read622 = read i9 @_ssdm_op_Read.ap_auto.i9, i9 %p_read6" [firmware/nnet_utils/nnet_code_gen.h:37]   --->   Operation 12 'read' 'p_read622' <Predicate = true> <Delay = 0.00>
ST_1 : Operation 13 [1/1] (0.00ns)   --->   "%p_read521 = read i9 @_ssdm_op_Read.ap_auto.i9, i9 %p_read5" [firmware/nnet_utils/nnet_code_gen.h:37]   --->   Operation 13 'read' 'p_read521' <Predicate = true> <Delay = 0.00>
ST_1 : Operation 14 [1/1] (0.00ns)   --->   "%p_read420 = read i9 @_ssdm_op_Read.ap_auto.i9, i9 %p_read4" [firmware/nnet_utils/nnet_code_gen.h:37]   --->   Operation 14 'read' 'p_read420' <Predicate = true> <Delay = 0.00>
ST_1 : Operation 15 [1/1] (0.00ns)   --->   "%p_read319 = read i9 @_ssdm_op_Read.ap_auto.i9, i9 %p_read3" [firmware/nnet_utils/nnet_code_gen.h:37]   --->   Operation 15 'read' 'p_read319' <Predicate = true> <Delay = 0.00>
ST_1 : Operation 16 [1/1] (0.00ns)   --->   "%p_read218 = read i9 @_ssdm_op_Read.ap_auto.i9, i9 %p_read2" [firmware/nnet_utils/nnet_code_gen.h:37]   --->   Operation 16 'read' 'p_read218' <Predicate = true> <Delay = 0.00>
ST_1 : Operation 17 [1/1] (0.00ns)   --->   "%p_read117 = read i9 @_ssdm_op_Read.ap_auto.i9, i9 %p_read1" [firmware/nnet_utils/nnet_code_gen.h:37]   --->   Operation 17 'read' 'p_read117' <Predicate = true> <Delay = 0.00>
ST_1 : Operation 18 [1/1] (0.00ns)   --->   "%p_read16 = read i1350 @_ssdm_op_Read.ap_auto.i1350, i1350 %p_read" [firmware/nnet_utils/nnet_code_gen.h:37]   --->   Operation 18 'read' 'p_read16' <Predicate = true> <Delay = 0.00>
ST_1 : Operation 19 [1/1] (0.61ns)   --->   "%switch_ln37 = switch i4 %partition_read, void %if.end476, i4 0, void %if.then, i4 1, void %if.then46, i4 2, void %if.then94, i4 3, void %if.then142, i4 4, void %if.then190, i4 5, void %if.then238, i4 6, void %if.then286, i4 7, void %if.then334, i4 8, void %if.then382, i4 9, void %if.then430" [firmware/nnet_utils/nnet_code_gen.h:37]   --->   Operation 19 'switch' 'switch_ln37' <Predicate = true> <Delay = 0.61>
ST_1 : Operation 20 [1/1] (0.00ns)   --->   "%tmp_134 = partselect i9 @_ssdm_op_PartSelect.i9.i1350.i32.i32, i1350 %p_read16, i32 1215, i32 1223" [firmware/nnet_utils/nnet_code_gen.h:74]   --->   Operation 20 'partselect' 'tmp_134' <Predicate = (partition_read == 9)> <Delay = 0.00>
ST_1 : Operation 21 [1/1] (0.00ns)   --->   "%tmp_135 = partselect i9 @_ssdm_op_PartSelect.i9.i1350.i32.i32, i1350 %p_read16, i32 1224, i32 1232" [firmware/nnet_utils/nnet_code_gen.h:74]   --->   Operation 21 'partselect' 'tmp_135' <Predicate = (partition_read == 9)> <Delay = 0.00>
ST_1 : Operation 22 [1/1] (0.00ns)   --->   "%tmp_136 = partselect i9 @_ssdm_op_PartSelect.i9.i1350.i32.i32, i1350 %p_read16, i32 1233, i32 1241" [firmware/nnet_utils/nnet_code_gen.h:74]   --->   Operation 22 'partselect' 'tmp_136' <Predicate = (partition_read == 9)> <Delay = 0.00>
ST_1 : Operation 23 [1/1] (0.00ns)   --->   "%tmp_137 = partselect i9 @_ssdm_op_PartSelect.i9.i1350.i32.i32, i1350 %p_read16, i32 1242, i32 1250" [firmware/nnet_utils/nnet_code_gen.h:74]   --->   Operation 23 'partselect' 'tmp_137' <Predicate = (partition_read == 9)> <Delay = 0.00>
ST_1 : Operation 24 [1/1] (0.00ns)   --->   "%tmp_138 = partselect i9 @_ssdm_op_PartSelect.i9.i1350.i32.i32, i1350 %p_read16, i32 1251, i32 1259" [firmware/nnet_utils/nnet_code_gen.h:74]   --->   Operation 24 'partselect' 'tmp_138' <Predicate = (partition_read == 9)> <Delay = 0.00>
ST_1 : Operation 25 [1/1] (0.00ns)   --->   "%tmp_139 = partselect i9 @_ssdm_op_PartSelect.i9.i1350.i32.i32, i1350 %p_read16, i32 1260, i32 1268" [firmware/nnet_utils/nnet_code_gen.h:74]   --->   Operation 25 'partselect' 'tmp_139' <Predicate = (partition_read == 9)> <Delay = 0.00>
ST_1 : Operation 26 [1/1] (0.00ns)   --->   "%tmp_140 = partselect i9 @_ssdm_op_PartSelect.i9.i1350.i32.i32, i1350 %p_read16, i32 1269, i32 1277" [firmware/nnet_utils/nnet_code_gen.h:74]   --->   Operation 26 'partselect' 'tmp_140' <Predicate = (partition_read == 9)> <Delay = 0.00>
ST_1 : Operation 27 [1/1] (0.00ns)   --->   "%tmp_141 = partselect i9 @_ssdm_op_PartSelect.i9.i1350.i32.i32, i1350 %p_read16, i32 1278, i32 1286" [firmware/nnet_utils/nnet_code_gen.h:74]   --->   Operation 27 'partselect' 'tmp_141' <Predicate = (partition_read == 9)> <Delay = 0.00>
ST_1 : Operation 28 [1/1] (0.00ns)   --->   "%tmp_142 = partselect i9 @_ssdm_op_PartSelect.i9.i1350.i32.i32, i1350 %p_read16, i32 1287, i32 1295" [firmware/nnet_utils/nnet_code_gen.h:74]   --->   Operation 28 'partselect' 'tmp_142' <Predicate = (partition_read == 9)> <Delay = 0.00>
ST_1 : Operation 29 [1/1] (0.00ns)   --->   "%tmp_143 = partselect i9 @_ssdm_op_PartSelect.i9.i1350.i32.i32, i1350 %p_read16, i32 1296, i32 1304" [firmware/nnet_utils/nnet_code_gen.h:74]   --->   Operation 29 'partselect' 'tmp_143' <Predicate = (partition_read == 9)> <Delay = 0.00>
ST_1 : Operation 30 [1/1] (0.00ns)   --->   "%tmp_144 = partselect i9 @_ssdm_op_PartSelect.i9.i1350.i32.i32, i1350 %p_read16, i32 1305, i32 1313" [firmware/nnet_utils/nnet_code_gen.h:74]   --->   Operation 30 'partselect' 'tmp_144' <Predicate = (partition_read == 9)> <Delay = 0.00>
ST_1 : Operation 31 [1/1] (0.00ns)   --->   "%tmp_145 = partselect i9 @_ssdm_op_PartSelect.i9.i1350.i32.i32, i1350 %p_read16, i32 1314, i32 1322" [firmware/nnet_utils/nnet_code_gen.h:74]   --->   Operation 31 'partselect' 'tmp_145' <Predicate = (partition_read == 9)> <Delay = 0.00>
ST_1 : Operation 32 [1/1] (0.00ns)   --->   "%tmp_146 = partselect i9 @_ssdm_op_PartSelect.i9.i1350.i32.i32, i1350 %p_read16, i32 1323, i32 1331" [firmware/nnet_utils/nnet_code_gen.h:74]   --->   Operation 32 'partselect' 'tmp_146' <Predicate = (partition_read == 9)> <Delay = 0.00>
ST_1 : Operation 33 [1/1] (0.00ns)   --->   "%tmp_147 = partselect i9 @_ssdm_op_PartSelect.i9.i1350.i32.i32, i1350 %p_read16, i32 1332, i32 1340" [firmware/nnet_utils/nnet_code_gen.h:74]   --->   Operation 33 'partselect' 'tmp_147' <Predicate = (partition_read == 9)> <Delay = 0.00>
ST_1 : Operation 34 [1/1] (0.00ns)   --->   "%tmp_148 = partselect i9 @_ssdm_op_PartSelect.i9.i1350.i32.i32, i1350 %p_read16, i32 1341, i32 1349" [firmware/nnet_utils/nnet_code_gen.h:74]   --->   Operation 34 'partselect' 'tmp_148' <Predicate = (partition_read == 9)> <Delay = 0.00>
ST_1 : Operation 35 [1/1] (0.61ns)   --->   "%br_ln76 = br void %if.end476" [firmware/nnet_utils/nnet_code_gen.h:76]   --->   Operation 35 'br' 'br_ln76' <Predicate = (partition_read == 9)> <Delay = 0.61>
ST_1 : Operation 36 [1/1] (0.00ns)   --->   "%tmp_119 = partselect i9 @_ssdm_op_PartSelect.i9.i1350.i32.i32, i1350 %p_read16, i32 1080, i32 1088" [firmware/nnet_utils/nnet_code_gen.h:70]   --->   Operation 36 'partselect' 'tmp_119' <Predicate = (partition_read == 8)> <Delay = 0.00>
ST_1 : Operation 37 [1/1] (0.00ns)   --->   "%tmp_120 = partselect i9 @_ssdm_op_PartSelect.i9.i1350.i32.i32, i1350 %p_read16, i32 1089, i32 1097" [firmware/nnet_utils/nnet_code_gen.h:70]   --->   Operation 37 'partselect' 'tmp_120' <Predicate = (partition_read == 8)> <Delay = 0.00>
ST_1 : Operation 38 [1/1] (0.00ns)   --->   "%tmp_121 = partselect i9 @_ssdm_op_PartSelect.i9.i1350.i32.i32, i1350 %p_read16, i32 1098, i32 1106" [firmware/nnet_utils/nnet_code_gen.h:70]   --->   Operation 38 'partselect' 'tmp_121' <Predicate = (partition_read == 8)> <Delay = 0.00>
ST_1 : Operation 39 [1/1] (0.00ns)   --->   "%tmp_122 = partselect i9 @_ssdm_op_PartSelect.i9.i1350.i32.i32, i1350 %p_read16, i32 1107, i32 1115" [firmware/nnet_utils/nnet_code_gen.h:70]   --->   Operation 39 'partselect' 'tmp_122' <Predicate = (partition_read == 8)> <Delay = 0.00>
ST_1 : Operation 40 [1/1] (0.00ns)   --->   "%tmp_123 = partselect i9 @_ssdm_op_PartSelect.i9.i1350.i32.i32, i1350 %p_read16, i32 1116, i32 1124" [firmware/nnet_utils/nnet_code_gen.h:70]   --->   Operation 40 'partselect' 'tmp_123' <Predicate = (partition_read == 8)> <Delay = 0.00>
ST_1 : Operation 41 [1/1] (0.00ns)   --->   "%tmp_124 = partselect i9 @_ssdm_op_PartSelect.i9.i1350.i32.i32, i1350 %p_read16, i32 1125, i32 1133" [firmware/nnet_utils/nnet_code_gen.h:70]   --->   Operation 41 'partselect' 'tmp_124' <Predicate = (partition_read == 8)> <Delay = 0.00>
ST_1 : Operation 42 [1/1] (0.00ns)   --->   "%tmp_125 = partselect i9 @_ssdm_op_PartSelect.i9.i1350.i32.i32, i1350 %p_read16, i32 1134, i32 1142" [firmware/nnet_utils/nnet_code_gen.h:70]   --->   Operation 42 'partselect' 'tmp_125' <Predicate = (partition_read == 8)> <Delay = 0.00>
ST_1 : Operation 43 [1/1] (0.00ns)   --->   "%tmp_126 = partselect i9 @_ssdm_op_PartSelect.i9.i1350.i32.i32, i1350 %p_read16, i32 1143, i32 1151" [firmware/nnet_utils/nnet_code_gen.h:70]   --->   Operation 43 'partselect' 'tmp_126' <Predicate = (partition_read == 8)> <Delay = 0.00>
ST_1 : Operation 44 [1/1] (0.00ns)   --->   "%tmp_127 = partselect i9 @_ssdm_op_PartSelect.i9.i1350.i32.i32, i1350 %p_read16, i32 1152, i32 1160" [firmware/nnet_utils/nnet_code_gen.h:70]   --->   Operation 44 'partselect' 'tmp_127' <Predicate = (partition_read == 8)> <Delay = 0.00>
ST_1 : Operation 45 [1/1] (0.00ns)   --->   "%tmp_128 = partselect i9 @_ssdm_op_PartSelect.i9.i1350.i32.i32, i1350 %p_read16, i32 1161, i32 1169" [firmware/nnet_utils/nnet_code_gen.h:70]   --->   Operation 45 'partselect' 'tmp_128' <Predicate = (partition_read == 8)> <Delay = 0.00>
ST_1 : Operation 46 [1/1] (0.00ns)   --->   "%tmp_129 = partselect i9 @_ssdm_op_PartSelect.i9.i1350.i32.i32, i1350 %p_read16, i32 1170, i32 1178" [firmware/nnet_utils/nnet_code_gen.h:70]   --->   Operation 46 'partselect' 'tmp_129' <Predicate = (partition_read == 8)> <Delay = 0.00>
ST_1 : Operation 47 [1/1] (0.00ns)   --->   "%tmp_130 = partselect i9 @_ssdm_op_PartSelect.i9.i1350.i32.i32, i1350 %p_read16, i32 1179, i32 1187" [firmware/nnet_utils/nnet_code_gen.h:70]   --->   Operation 47 'partselect' 'tmp_130' <Predicate = (partition_read == 8)> <Delay = 0.00>
ST_1 : Operation 48 [1/1] (0.00ns)   --->   "%tmp_131 = partselect i9 @_ssdm_op_PartSelect.i9.i1350.i32.i32, i1350 %p_read16, i32 1188, i32 1196" [firmware/nnet_utils/nnet_code_gen.h:70]   --->   Operation 48 'partselect' 'tmp_131' <Predicate = (partition_read == 8)> <Delay = 0.00>
ST_1 : Operation 49 [1/1] (0.00ns)   --->   "%tmp_132 = partselect i9 @_ssdm_op_PartSelect.i9.i1350.i32.i32, i1350 %p_read16, i32 1197, i32 1205" [firmware/nnet_utils/nnet_code_gen.h:70]   --->   Operation 49 'partselect' 'tmp_132' <Predicate = (partition_read == 8)> <Delay = 0.00>
ST_1 : Operation 50 [1/1] (0.00ns)   --->   "%tmp_133 = partselect i9 @_ssdm_op_PartSelect.i9.i1350.i32.i32, i1350 %p_read16, i32 1206, i32 1214" [firmware/nnet_utils/nnet_code_gen.h:70]   --->   Operation 50 'partselect' 'tmp_133' <Predicate = (partition_read == 8)> <Delay = 0.00>
ST_1 : Operation 51 [1/1] (0.61ns)   --->   "%br_ln73 = br void %if.end476" [firmware/nnet_utils/nnet_code_gen.h:73]   --->   Operation 51 'br' 'br_ln73' <Predicate = (partition_read == 8)> <Delay = 0.61>
ST_1 : Operation 52 [1/1] (0.00ns)   --->   "%tmp_104 = partselect i9 @_ssdm_op_PartSelect.i9.i1350.i32.i32, i1350 %p_read16, i32 945, i32 953" [firmware/nnet_utils/nnet_code_gen.h:66]   --->   Operation 52 'partselect' 'tmp_104' <Predicate = (partition_read == 7)> <Delay = 0.00>
ST_1 : Operation 53 [1/1] (0.00ns)   --->   "%tmp_105 = partselect i9 @_ssdm_op_PartSelect.i9.i1350.i32.i32, i1350 %p_read16, i32 954, i32 962" [firmware/nnet_utils/nnet_code_gen.h:66]   --->   Operation 53 'partselect' 'tmp_105' <Predicate = (partition_read == 7)> <Delay = 0.00>
ST_1 : Operation 54 [1/1] (0.00ns)   --->   "%tmp_106 = partselect i9 @_ssdm_op_PartSelect.i9.i1350.i32.i32, i1350 %p_read16, i32 963, i32 971" [firmware/nnet_utils/nnet_code_gen.h:66]   --->   Operation 54 'partselect' 'tmp_106' <Predicate = (partition_read == 7)> <Delay = 0.00>
ST_1 : Operation 55 [1/1] (0.00ns)   --->   "%tmp_107 = partselect i9 @_ssdm_op_PartSelect.i9.i1350.i32.i32, i1350 %p_read16, i32 972, i32 980" [firmware/nnet_utils/nnet_code_gen.h:66]   --->   Operation 55 'partselect' 'tmp_107' <Predicate = (partition_read == 7)> <Delay = 0.00>
ST_1 : Operation 56 [1/1] (0.00ns)   --->   "%tmp_108 = partselect i9 @_ssdm_op_PartSelect.i9.i1350.i32.i32, i1350 %p_read16, i32 981, i32 989" [firmware/nnet_utils/nnet_code_gen.h:66]   --->   Operation 56 'partselect' 'tmp_108' <Predicate = (partition_read == 7)> <Delay = 0.00>
ST_1 : Operation 57 [1/1] (0.00ns)   --->   "%tmp_109 = partselect i9 @_ssdm_op_PartSelect.i9.i1350.i32.i32, i1350 %p_read16, i32 990, i32 998" [firmware/nnet_utils/nnet_code_gen.h:66]   --->   Operation 57 'partselect' 'tmp_109' <Predicate = (partition_read == 7)> <Delay = 0.00>
ST_1 : Operation 58 [1/1] (0.00ns)   --->   "%tmp_110 = partselect i9 @_ssdm_op_PartSelect.i9.i1350.i32.i32, i1350 %p_read16, i32 999, i32 1007" [firmware/nnet_utils/nnet_code_gen.h:66]   --->   Operation 58 'partselect' 'tmp_110' <Predicate = (partition_read == 7)> <Delay = 0.00>
ST_1 : Operation 59 [1/1] (0.00ns)   --->   "%tmp_111 = partselect i9 @_ssdm_op_PartSelect.i9.i1350.i32.i32, i1350 %p_read16, i32 1008, i32 1016" [firmware/nnet_utils/nnet_code_gen.h:66]   --->   Operation 59 'partselect' 'tmp_111' <Predicate = (partition_read == 7)> <Delay = 0.00>
ST_1 : Operation 60 [1/1] (0.00ns)   --->   "%tmp_112 = partselect i9 @_ssdm_op_PartSelect.i9.i1350.i32.i32, i1350 %p_read16, i32 1017, i32 1025" [firmware/nnet_utils/nnet_code_gen.h:66]   --->   Operation 60 'partselect' 'tmp_112' <Predicate = (partition_read == 7)> <Delay = 0.00>
ST_1 : Operation 61 [1/1] (0.00ns)   --->   "%tmp_113 = partselect i9 @_ssdm_op_PartSelect.i9.i1350.i32.i32, i1350 %p_read16, i32 1026, i32 1034" [firmware/nnet_utils/nnet_code_gen.h:66]   --->   Operation 61 'partselect' 'tmp_113' <Predicate = (partition_read == 7)> <Delay = 0.00>
ST_1 : Operation 62 [1/1] (0.00ns)   --->   "%tmp_114 = partselect i9 @_ssdm_op_PartSelect.i9.i1350.i32.i32, i1350 %p_read16, i32 1035, i32 1043" [firmware/nnet_utils/nnet_code_gen.h:66]   --->   Operation 62 'partselect' 'tmp_114' <Predicate = (partition_read == 7)> <Delay = 0.00>
ST_1 : Operation 63 [1/1] (0.00ns)   --->   "%tmp_115 = partselect i9 @_ssdm_op_PartSelect.i9.i1350.i32.i32, i1350 %p_read16, i32 1044, i32 1052" [firmware/nnet_utils/nnet_code_gen.h:66]   --->   Operation 63 'partselect' 'tmp_115' <Predicate = (partition_read == 7)> <Delay = 0.00>
ST_1 : Operation 64 [1/1] (0.00ns)   --->   "%tmp_116 = partselect i9 @_ssdm_op_PartSelect.i9.i1350.i32.i32, i1350 %p_read16, i32 1053, i32 1061" [firmware/nnet_utils/nnet_code_gen.h:66]   --->   Operation 64 'partselect' 'tmp_116' <Predicate = (partition_read == 7)> <Delay = 0.00>
ST_1 : Operation 65 [1/1] (0.00ns)   --->   "%tmp_117 = partselect i9 @_ssdm_op_PartSelect.i9.i1350.i32.i32, i1350 %p_read16, i32 1062, i32 1070" [firmware/nnet_utils/nnet_code_gen.h:66]   --->   Operation 65 'partselect' 'tmp_117' <Predicate = (partition_read == 7)> <Delay = 0.00>
ST_1 : Operation 66 [1/1] (0.00ns)   --->   "%tmp_118 = partselect i9 @_ssdm_op_PartSelect.i9.i1350.i32.i32, i1350 %p_read16, i32 1071, i32 1079" [firmware/nnet_utils/nnet_code_gen.h:66]   --->   Operation 66 'partselect' 'tmp_118' <Predicate = (partition_read == 7)> <Delay = 0.00>
ST_1 : Operation 67 [1/1] (0.61ns)   --->   "%br_ln69 = br void %if.end476" [firmware/nnet_utils/nnet_code_gen.h:69]   --->   Operation 67 'br' 'br_ln69' <Predicate = (partition_read == 7)> <Delay = 0.61>
ST_1 : Operation 68 [1/1] (0.00ns)   --->   "%tmp_89 = partselect i9 @_ssdm_op_PartSelect.i9.i1350.i32.i32, i1350 %p_read16, i32 810, i32 818" [firmware/nnet_utils/nnet_code_gen.h:62]   --->   Operation 68 'partselect' 'tmp_89' <Predicate = (partition_read == 6)> <Delay = 0.00>
ST_1 : Operation 69 [1/1] (0.00ns)   --->   "%tmp_90 = partselect i9 @_ssdm_op_PartSelect.i9.i1350.i32.i32, i1350 %p_read16, i32 819, i32 827" [firmware/nnet_utils/nnet_code_gen.h:62]   --->   Operation 69 'partselect' 'tmp_90' <Predicate = (partition_read == 6)> <Delay = 0.00>
ST_1 : Operation 70 [1/1] (0.00ns)   --->   "%tmp_91 = partselect i9 @_ssdm_op_PartSelect.i9.i1350.i32.i32, i1350 %p_read16, i32 828, i32 836" [firmware/nnet_utils/nnet_code_gen.h:62]   --->   Operation 70 'partselect' 'tmp_91' <Predicate = (partition_read == 6)> <Delay = 0.00>
ST_1 : Operation 71 [1/1] (0.00ns)   --->   "%tmp_92 = partselect i9 @_ssdm_op_PartSelect.i9.i1350.i32.i32, i1350 %p_read16, i32 837, i32 845" [firmware/nnet_utils/nnet_code_gen.h:62]   --->   Operation 71 'partselect' 'tmp_92' <Predicate = (partition_read == 6)> <Delay = 0.00>
ST_1 : Operation 72 [1/1] (0.00ns)   --->   "%tmp_93 = partselect i9 @_ssdm_op_PartSelect.i9.i1350.i32.i32, i1350 %p_read16, i32 846, i32 854" [firmware/nnet_utils/nnet_code_gen.h:62]   --->   Operation 72 'partselect' 'tmp_93' <Predicate = (partition_read == 6)> <Delay = 0.00>
ST_1 : Operation 73 [1/1] (0.00ns)   --->   "%tmp_94 = partselect i9 @_ssdm_op_PartSelect.i9.i1350.i32.i32, i1350 %p_read16, i32 855, i32 863" [firmware/nnet_utils/nnet_code_gen.h:62]   --->   Operation 73 'partselect' 'tmp_94' <Predicate = (partition_read == 6)> <Delay = 0.00>
ST_1 : Operation 74 [1/1] (0.00ns)   --->   "%tmp_95 = partselect i9 @_ssdm_op_PartSelect.i9.i1350.i32.i32, i1350 %p_read16, i32 864, i32 872" [firmware/nnet_utils/nnet_code_gen.h:62]   --->   Operation 74 'partselect' 'tmp_95' <Predicate = (partition_read == 6)> <Delay = 0.00>
ST_1 : Operation 75 [1/1] (0.00ns)   --->   "%tmp_96 = partselect i9 @_ssdm_op_PartSelect.i9.i1350.i32.i32, i1350 %p_read16, i32 873, i32 881" [firmware/nnet_utils/nnet_code_gen.h:62]   --->   Operation 75 'partselect' 'tmp_96' <Predicate = (partition_read == 6)> <Delay = 0.00>
ST_1 : Operation 76 [1/1] (0.00ns)   --->   "%tmp_97 = partselect i9 @_ssdm_op_PartSelect.i9.i1350.i32.i32, i1350 %p_read16, i32 882, i32 890" [firmware/nnet_utils/nnet_code_gen.h:62]   --->   Operation 76 'partselect' 'tmp_97' <Predicate = (partition_read == 6)> <Delay = 0.00>
ST_1 : Operation 77 [1/1] (0.00ns)   --->   "%tmp_98 = partselect i9 @_ssdm_op_PartSelect.i9.i1350.i32.i32, i1350 %p_read16, i32 891, i32 899" [firmware/nnet_utils/nnet_code_gen.h:62]   --->   Operation 77 'partselect' 'tmp_98' <Predicate = (partition_read == 6)> <Delay = 0.00>
ST_1 : Operation 78 [1/1] (0.00ns)   --->   "%tmp_99 = partselect i9 @_ssdm_op_PartSelect.i9.i1350.i32.i32, i1350 %p_read16, i32 900, i32 908" [firmware/nnet_utils/nnet_code_gen.h:62]   --->   Operation 78 'partselect' 'tmp_99' <Predicate = (partition_read == 6)> <Delay = 0.00>
ST_1 : Operation 79 [1/1] (0.00ns)   --->   "%tmp_100 = partselect i9 @_ssdm_op_PartSelect.i9.i1350.i32.i32, i1350 %p_read16, i32 909, i32 917" [firmware/nnet_utils/nnet_code_gen.h:62]   --->   Operation 79 'partselect' 'tmp_100' <Predicate = (partition_read == 6)> <Delay = 0.00>
ST_1 : Operation 80 [1/1] (0.00ns)   --->   "%tmp_101 = partselect i9 @_ssdm_op_PartSelect.i9.i1350.i32.i32, i1350 %p_read16, i32 918, i32 926" [firmware/nnet_utils/nnet_code_gen.h:62]   --->   Operation 80 'partselect' 'tmp_101' <Predicate = (partition_read == 6)> <Delay = 0.00>
ST_1 : Operation 81 [1/1] (0.00ns)   --->   "%tmp_102 = partselect i9 @_ssdm_op_PartSelect.i9.i1350.i32.i32, i1350 %p_read16, i32 927, i32 935" [firmware/nnet_utils/nnet_code_gen.h:62]   --->   Operation 81 'partselect' 'tmp_102' <Predicate = (partition_read == 6)> <Delay = 0.00>
ST_1 : Operation 82 [1/1] (0.00ns)   --->   "%tmp_103 = partselect i9 @_ssdm_op_PartSelect.i9.i1350.i32.i32, i1350 %p_read16, i32 936, i32 944" [firmware/nnet_utils/nnet_code_gen.h:62]   --->   Operation 82 'partselect' 'tmp_103' <Predicate = (partition_read == 6)> <Delay = 0.00>
ST_1 : Operation 83 [1/1] (0.61ns)   --->   "%br_ln65 = br void %if.end476" [firmware/nnet_utils/nnet_code_gen.h:65]   --->   Operation 83 'br' 'br_ln65' <Predicate = (partition_read == 6)> <Delay = 0.61>
ST_1 : Operation 84 [1/1] (0.00ns)   --->   "%tmp_74 = partselect i9 @_ssdm_op_PartSelect.i9.i1350.i32.i32, i1350 %p_read16, i32 675, i32 683" [firmware/nnet_utils/nnet_code_gen.h:58]   --->   Operation 84 'partselect' 'tmp_74' <Predicate = (partition_read == 5)> <Delay = 0.00>
ST_1 : Operation 85 [1/1] (0.00ns)   --->   "%tmp_75 = partselect i9 @_ssdm_op_PartSelect.i9.i1350.i32.i32, i1350 %p_read16, i32 684, i32 692" [firmware/nnet_utils/nnet_code_gen.h:58]   --->   Operation 85 'partselect' 'tmp_75' <Predicate = (partition_read == 5)> <Delay = 0.00>
ST_1 : Operation 86 [1/1] (0.00ns)   --->   "%tmp_76 = partselect i9 @_ssdm_op_PartSelect.i9.i1350.i32.i32, i1350 %p_read16, i32 693, i32 701" [firmware/nnet_utils/nnet_code_gen.h:58]   --->   Operation 86 'partselect' 'tmp_76' <Predicate = (partition_read == 5)> <Delay = 0.00>
ST_1 : Operation 87 [1/1] (0.00ns)   --->   "%tmp_77 = partselect i9 @_ssdm_op_PartSelect.i9.i1350.i32.i32, i1350 %p_read16, i32 702, i32 710" [firmware/nnet_utils/nnet_code_gen.h:58]   --->   Operation 87 'partselect' 'tmp_77' <Predicate = (partition_read == 5)> <Delay = 0.00>
ST_1 : Operation 88 [1/1] (0.00ns)   --->   "%tmp_78 = partselect i9 @_ssdm_op_PartSelect.i9.i1350.i32.i32, i1350 %p_read16, i32 711, i32 719" [firmware/nnet_utils/nnet_code_gen.h:58]   --->   Operation 88 'partselect' 'tmp_78' <Predicate = (partition_read == 5)> <Delay = 0.00>
ST_1 : Operation 89 [1/1] (0.00ns)   --->   "%tmp_79 = partselect i9 @_ssdm_op_PartSelect.i9.i1350.i32.i32, i1350 %p_read16, i32 720, i32 728" [firmware/nnet_utils/nnet_code_gen.h:58]   --->   Operation 89 'partselect' 'tmp_79' <Predicate = (partition_read == 5)> <Delay = 0.00>
ST_1 : Operation 90 [1/1] (0.00ns)   --->   "%tmp_80 = partselect i9 @_ssdm_op_PartSelect.i9.i1350.i32.i32, i1350 %p_read16, i32 729, i32 737" [firmware/nnet_utils/nnet_code_gen.h:58]   --->   Operation 90 'partselect' 'tmp_80' <Predicate = (partition_read == 5)> <Delay = 0.00>
ST_1 : Operation 91 [1/1] (0.00ns)   --->   "%tmp_81 = partselect i9 @_ssdm_op_PartSelect.i9.i1350.i32.i32, i1350 %p_read16, i32 738, i32 746" [firmware/nnet_utils/nnet_code_gen.h:58]   --->   Operation 91 'partselect' 'tmp_81' <Predicate = (partition_read == 5)> <Delay = 0.00>
ST_1 : Operation 92 [1/1] (0.00ns)   --->   "%tmp_82 = partselect i9 @_ssdm_op_PartSelect.i9.i1350.i32.i32, i1350 %p_read16, i32 747, i32 755" [firmware/nnet_utils/nnet_code_gen.h:58]   --->   Operation 92 'partselect' 'tmp_82' <Predicate = (partition_read == 5)> <Delay = 0.00>
ST_1 : Operation 93 [1/1] (0.00ns)   --->   "%tmp_83 = partselect i9 @_ssdm_op_PartSelect.i9.i1350.i32.i32, i1350 %p_read16, i32 756, i32 764" [firmware/nnet_utils/nnet_code_gen.h:58]   --->   Operation 93 'partselect' 'tmp_83' <Predicate = (partition_read == 5)> <Delay = 0.00>
ST_1 : Operation 94 [1/1] (0.00ns)   --->   "%tmp_84 = partselect i9 @_ssdm_op_PartSelect.i9.i1350.i32.i32, i1350 %p_read16, i32 765, i32 773" [firmware/nnet_utils/nnet_code_gen.h:58]   --->   Operation 94 'partselect' 'tmp_84' <Predicate = (partition_read == 5)> <Delay = 0.00>
ST_1 : Operation 95 [1/1] (0.00ns)   --->   "%tmp_85 = partselect i9 @_ssdm_op_PartSelect.i9.i1350.i32.i32, i1350 %p_read16, i32 774, i32 782" [firmware/nnet_utils/nnet_code_gen.h:58]   --->   Operation 95 'partselect' 'tmp_85' <Predicate = (partition_read == 5)> <Delay = 0.00>
ST_1 : Operation 96 [1/1] (0.00ns)   --->   "%tmp_86 = partselect i9 @_ssdm_op_PartSelect.i9.i1350.i32.i32, i1350 %p_read16, i32 783, i32 791" [firmware/nnet_utils/nnet_code_gen.h:58]   --->   Operation 96 'partselect' 'tmp_86' <Predicate = (partition_read == 5)> <Delay = 0.00>
ST_1 : Operation 97 [1/1] (0.00ns)   --->   "%tmp_87 = partselect i9 @_ssdm_op_PartSelect.i9.i1350.i32.i32, i1350 %p_read16, i32 792, i32 800" [firmware/nnet_utils/nnet_code_gen.h:58]   --->   Operation 97 'partselect' 'tmp_87' <Predicate = (partition_read == 5)> <Delay = 0.00>
ST_1 : Operation 98 [1/1] (0.00ns)   --->   "%tmp_88 = partselect i9 @_ssdm_op_PartSelect.i9.i1350.i32.i32, i1350 %p_read16, i32 801, i32 809" [firmware/nnet_utils/nnet_code_gen.h:58]   --->   Operation 98 'partselect' 'tmp_88' <Predicate = (partition_read == 5)> <Delay = 0.00>
ST_1 : Operation 99 [1/1] (0.61ns)   --->   "%br_ln61 = br void %if.end476" [firmware/nnet_utils/nnet_code_gen.h:61]   --->   Operation 99 'br' 'br_ln61' <Predicate = (partition_read == 5)> <Delay = 0.61>
ST_1 : Operation 100 [1/1] (0.00ns)   --->   "%tmp_59 = partselect i9 @_ssdm_op_PartSelect.i9.i1350.i32.i32, i1350 %p_read16, i32 540, i32 548" [firmware/nnet_utils/nnet_code_gen.h:54]   --->   Operation 100 'partselect' 'tmp_59' <Predicate = (partition_read == 4)> <Delay = 0.00>
ST_1 : Operation 101 [1/1] (0.00ns)   --->   "%tmp_60 = partselect i9 @_ssdm_op_PartSelect.i9.i1350.i32.i32, i1350 %p_read16, i32 549, i32 557" [firmware/nnet_utils/nnet_code_gen.h:54]   --->   Operation 101 'partselect' 'tmp_60' <Predicate = (partition_read == 4)> <Delay = 0.00>
ST_1 : Operation 102 [1/1] (0.00ns)   --->   "%tmp_61 = partselect i9 @_ssdm_op_PartSelect.i9.i1350.i32.i32, i1350 %p_read16, i32 558, i32 566" [firmware/nnet_utils/nnet_code_gen.h:54]   --->   Operation 102 'partselect' 'tmp_61' <Predicate = (partition_read == 4)> <Delay = 0.00>
ST_1 : Operation 103 [1/1] (0.00ns)   --->   "%tmp_62 = partselect i9 @_ssdm_op_PartSelect.i9.i1350.i32.i32, i1350 %p_read16, i32 567, i32 575" [firmware/nnet_utils/nnet_code_gen.h:54]   --->   Operation 103 'partselect' 'tmp_62' <Predicate = (partition_read == 4)> <Delay = 0.00>
ST_1 : Operation 104 [1/1] (0.00ns)   --->   "%tmp_63 = partselect i9 @_ssdm_op_PartSelect.i9.i1350.i32.i32, i1350 %p_read16, i32 576, i32 584" [firmware/nnet_utils/nnet_code_gen.h:54]   --->   Operation 104 'partselect' 'tmp_63' <Predicate = (partition_read == 4)> <Delay = 0.00>
ST_1 : Operation 105 [1/1] (0.00ns)   --->   "%tmp_64 = partselect i9 @_ssdm_op_PartSelect.i9.i1350.i32.i32, i1350 %p_read16, i32 585, i32 593" [firmware/nnet_utils/nnet_code_gen.h:54]   --->   Operation 105 'partselect' 'tmp_64' <Predicate = (partition_read == 4)> <Delay = 0.00>
ST_1 : Operation 106 [1/1] (0.00ns)   --->   "%tmp_65 = partselect i9 @_ssdm_op_PartSelect.i9.i1350.i32.i32, i1350 %p_read16, i32 594, i32 602" [firmware/nnet_utils/nnet_code_gen.h:54]   --->   Operation 106 'partselect' 'tmp_65' <Predicate = (partition_read == 4)> <Delay = 0.00>
ST_1 : Operation 107 [1/1] (0.00ns)   --->   "%tmp_66 = partselect i9 @_ssdm_op_PartSelect.i9.i1350.i32.i32, i1350 %p_read16, i32 603, i32 611" [firmware/nnet_utils/nnet_code_gen.h:54]   --->   Operation 107 'partselect' 'tmp_66' <Predicate = (partition_read == 4)> <Delay = 0.00>
ST_1 : Operation 108 [1/1] (0.00ns)   --->   "%tmp_67 = partselect i9 @_ssdm_op_PartSelect.i9.i1350.i32.i32, i1350 %p_read16, i32 612, i32 620" [firmware/nnet_utils/nnet_code_gen.h:54]   --->   Operation 108 'partselect' 'tmp_67' <Predicate = (partition_read == 4)> <Delay = 0.00>
ST_1 : Operation 109 [1/1] (0.00ns)   --->   "%tmp_68 = partselect i9 @_ssdm_op_PartSelect.i9.i1350.i32.i32, i1350 %p_read16, i32 621, i32 629" [firmware/nnet_utils/nnet_code_gen.h:54]   --->   Operation 109 'partselect' 'tmp_68' <Predicate = (partition_read == 4)> <Delay = 0.00>
ST_1 : Operation 110 [1/1] (0.00ns)   --->   "%tmp_69 = partselect i9 @_ssdm_op_PartSelect.i9.i1350.i32.i32, i1350 %p_read16, i32 630, i32 638" [firmware/nnet_utils/nnet_code_gen.h:54]   --->   Operation 110 'partselect' 'tmp_69' <Predicate = (partition_read == 4)> <Delay = 0.00>
ST_1 : Operation 111 [1/1] (0.00ns)   --->   "%tmp_70 = partselect i9 @_ssdm_op_PartSelect.i9.i1350.i32.i32, i1350 %p_read16, i32 639, i32 647" [firmware/nnet_utils/nnet_code_gen.h:54]   --->   Operation 111 'partselect' 'tmp_70' <Predicate = (partition_read == 4)> <Delay = 0.00>
ST_1 : Operation 112 [1/1] (0.00ns)   --->   "%tmp_71 = partselect i9 @_ssdm_op_PartSelect.i9.i1350.i32.i32, i1350 %p_read16, i32 648, i32 656" [firmware/nnet_utils/nnet_code_gen.h:54]   --->   Operation 112 'partselect' 'tmp_71' <Predicate = (partition_read == 4)> <Delay = 0.00>
ST_1 : Operation 113 [1/1] (0.00ns)   --->   "%tmp_72 = partselect i9 @_ssdm_op_PartSelect.i9.i1350.i32.i32, i1350 %p_read16, i32 657, i32 665" [firmware/nnet_utils/nnet_code_gen.h:54]   --->   Operation 113 'partselect' 'tmp_72' <Predicate = (partition_read == 4)> <Delay = 0.00>
ST_1 : Operation 114 [1/1] (0.00ns)   --->   "%tmp_73 = partselect i9 @_ssdm_op_PartSelect.i9.i1350.i32.i32, i1350 %p_read16, i32 666, i32 674" [firmware/nnet_utils/nnet_code_gen.h:54]   --->   Operation 114 'partselect' 'tmp_73' <Predicate = (partition_read == 4)> <Delay = 0.00>
ST_1 : Operation 115 [1/1] (0.61ns)   --->   "%br_ln57 = br void %if.end476" [firmware/nnet_utils/nnet_code_gen.h:57]   --->   Operation 115 'br' 'br_ln57' <Predicate = (partition_read == 4)> <Delay = 0.61>
ST_1 : Operation 116 [1/1] (0.00ns)   --->   "%tmp_44 = partselect i9 @_ssdm_op_PartSelect.i9.i1350.i32.i32, i1350 %p_read16, i32 405, i32 413" [firmware/nnet_utils/nnet_code_gen.h:50]   --->   Operation 116 'partselect' 'tmp_44' <Predicate = (partition_read == 3)> <Delay = 0.00>
ST_1 : Operation 117 [1/1] (0.00ns)   --->   "%tmp_45 = partselect i9 @_ssdm_op_PartSelect.i9.i1350.i32.i32, i1350 %p_read16, i32 414, i32 422" [firmware/nnet_utils/nnet_code_gen.h:50]   --->   Operation 117 'partselect' 'tmp_45' <Predicate = (partition_read == 3)> <Delay = 0.00>
ST_1 : Operation 118 [1/1] (0.00ns)   --->   "%tmp_46 = partselect i9 @_ssdm_op_PartSelect.i9.i1350.i32.i32, i1350 %p_read16, i32 423, i32 431" [firmware/nnet_utils/nnet_code_gen.h:50]   --->   Operation 118 'partselect' 'tmp_46' <Predicate = (partition_read == 3)> <Delay = 0.00>
ST_1 : Operation 119 [1/1] (0.00ns)   --->   "%tmp_47 = partselect i9 @_ssdm_op_PartSelect.i9.i1350.i32.i32, i1350 %p_read16, i32 432, i32 440" [firmware/nnet_utils/nnet_code_gen.h:50]   --->   Operation 119 'partselect' 'tmp_47' <Predicate = (partition_read == 3)> <Delay = 0.00>
ST_1 : Operation 120 [1/1] (0.00ns)   --->   "%tmp_48 = partselect i9 @_ssdm_op_PartSelect.i9.i1350.i32.i32, i1350 %p_read16, i32 441, i32 449" [firmware/nnet_utils/nnet_code_gen.h:50]   --->   Operation 120 'partselect' 'tmp_48' <Predicate = (partition_read == 3)> <Delay = 0.00>
ST_1 : Operation 121 [1/1] (0.00ns)   --->   "%tmp_49 = partselect i9 @_ssdm_op_PartSelect.i9.i1350.i32.i32, i1350 %p_read16, i32 450, i32 458" [firmware/nnet_utils/nnet_code_gen.h:50]   --->   Operation 121 'partselect' 'tmp_49' <Predicate = (partition_read == 3)> <Delay = 0.00>
ST_1 : Operation 122 [1/1] (0.00ns)   --->   "%tmp_50 = partselect i9 @_ssdm_op_PartSelect.i9.i1350.i32.i32, i1350 %p_read16, i32 459, i32 467" [firmware/nnet_utils/nnet_code_gen.h:50]   --->   Operation 122 'partselect' 'tmp_50' <Predicate = (partition_read == 3)> <Delay = 0.00>
ST_1 : Operation 123 [1/1] (0.00ns)   --->   "%tmp_51 = partselect i9 @_ssdm_op_PartSelect.i9.i1350.i32.i32, i1350 %p_read16, i32 468, i32 476" [firmware/nnet_utils/nnet_code_gen.h:50]   --->   Operation 123 'partselect' 'tmp_51' <Predicate = (partition_read == 3)> <Delay = 0.00>
ST_1 : Operation 124 [1/1] (0.00ns)   --->   "%tmp_52 = partselect i9 @_ssdm_op_PartSelect.i9.i1350.i32.i32, i1350 %p_read16, i32 477, i32 485" [firmware/nnet_utils/nnet_code_gen.h:50]   --->   Operation 124 'partselect' 'tmp_52' <Predicate = (partition_read == 3)> <Delay = 0.00>
ST_1 : Operation 125 [1/1] (0.00ns)   --->   "%tmp_53 = partselect i9 @_ssdm_op_PartSelect.i9.i1350.i32.i32, i1350 %p_read16, i32 486, i32 494" [firmware/nnet_utils/nnet_code_gen.h:50]   --->   Operation 125 'partselect' 'tmp_53' <Predicate = (partition_read == 3)> <Delay = 0.00>
ST_1 : Operation 126 [1/1] (0.00ns)   --->   "%tmp_54 = partselect i9 @_ssdm_op_PartSelect.i9.i1350.i32.i32, i1350 %p_read16, i32 495, i32 503" [firmware/nnet_utils/nnet_code_gen.h:50]   --->   Operation 126 'partselect' 'tmp_54' <Predicate = (partition_read == 3)> <Delay = 0.00>
ST_1 : Operation 127 [1/1] (0.00ns)   --->   "%tmp_55 = partselect i9 @_ssdm_op_PartSelect.i9.i1350.i32.i32, i1350 %p_read16, i32 504, i32 512" [firmware/nnet_utils/nnet_code_gen.h:50]   --->   Operation 127 'partselect' 'tmp_55' <Predicate = (partition_read == 3)> <Delay = 0.00>
ST_1 : Operation 128 [1/1] (0.00ns)   --->   "%tmp_56 = partselect i9 @_ssdm_op_PartSelect.i9.i1350.i32.i32, i1350 %p_read16, i32 513, i32 521" [firmware/nnet_utils/nnet_code_gen.h:50]   --->   Operation 128 'partselect' 'tmp_56' <Predicate = (partition_read == 3)> <Delay = 0.00>
ST_1 : Operation 129 [1/1] (0.00ns)   --->   "%tmp_57 = partselect i9 @_ssdm_op_PartSelect.i9.i1350.i32.i32, i1350 %p_read16, i32 522, i32 530" [firmware/nnet_utils/nnet_code_gen.h:50]   --->   Operation 129 'partselect' 'tmp_57' <Predicate = (partition_read == 3)> <Delay = 0.00>
ST_1 : Operation 130 [1/1] (0.00ns)   --->   "%tmp_58 = partselect i9 @_ssdm_op_PartSelect.i9.i1350.i32.i32, i1350 %p_read16, i32 531, i32 539" [firmware/nnet_utils/nnet_code_gen.h:50]   --->   Operation 130 'partselect' 'tmp_58' <Predicate = (partition_read == 3)> <Delay = 0.00>
ST_1 : Operation 131 [1/1] (0.61ns)   --->   "%br_ln53 = br void %if.end476" [firmware/nnet_utils/nnet_code_gen.h:53]   --->   Operation 131 'br' 'br_ln53' <Predicate = (partition_read == 3)> <Delay = 0.61>
ST_1 : Operation 132 [1/1] (0.00ns)   --->   "%tmp_29 = partselect i9 @_ssdm_op_PartSelect.i9.i1350.i32.i32, i1350 %p_read16, i32 270, i32 278" [firmware/nnet_utils/nnet_code_gen.h:46]   --->   Operation 132 'partselect' 'tmp_29' <Predicate = (partition_read == 2)> <Delay = 0.00>
ST_1 : Operation 133 [1/1] (0.00ns)   --->   "%tmp_30 = partselect i9 @_ssdm_op_PartSelect.i9.i1350.i32.i32, i1350 %p_read16, i32 279, i32 287" [firmware/nnet_utils/nnet_code_gen.h:46]   --->   Operation 133 'partselect' 'tmp_30' <Predicate = (partition_read == 2)> <Delay = 0.00>
ST_1 : Operation 134 [1/1] (0.00ns)   --->   "%tmp_31 = partselect i9 @_ssdm_op_PartSelect.i9.i1350.i32.i32, i1350 %p_read16, i32 288, i32 296" [firmware/nnet_utils/nnet_code_gen.h:46]   --->   Operation 134 'partselect' 'tmp_31' <Predicate = (partition_read == 2)> <Delay = 0.00>
ST_1 : Operation 135 [1/1] (0.00ns)   --->   "%tmp_32 = partselect i9 @_ssdm_op_PartSelect.i9.i1350.i32.i32, i1350 %p_read16, i32 297, i32 305" [firmware/nnet_utils/nnet_code_gen.h:46]   --->   Operation 135 'partselect' 'tmp_32' <Predicate = (partition_read == 2)> <Delay = 0.00>
ST_1 : Operation 136 [1/1] (0.00ns)   --->   "%tmp_33 = partselect i9 @_ssdm_op_PartSelect.i9.i1350.i32.i32, i1350 %p_read16, i32 306, i32 314" [firmware/nnet_utils/nnet_code_gen.h:46]   --->   Operation 136 'partselect' 'tmp_33' <Predicate = (partition_read == 2)> <Delay = 0.00>
ST_1 : Operation 137 [1/1] (0.00ns)   --->   "%tmp_34 = partselect i9 @_ssdm_op_PartSelect.i9.i1350.i32.i32, i1350 %p_read16, i32 315, i32 323" [firmware/nnet_utils/nnet_code_gen.h:46]   --->   Operation 137 'partselect' 'tmp_34' <Predicate = (partition_read == 2)> <Delay = 0.00>
ST_1 : Operation 138 [1/1] (0.00ns)   --->   "%tmp_35 = partselect i9 @_ssdm_op_PartSelect.i9.i1350.i32.i32, i1350 %p_read16, i32 324, i32 332" [firmware/nnet_utils/nnet_code_gen.h:46]   --->   Operation 138 'partselect' 'tmp_35' <Predicate = (partition_read == 2)> <Delay = 0.00>
ST_1 : Operation 139 [1/1] (0.00ns)   --->   "%tmp_36 = partselect i9 @_ssdm_op_PartSelect.i9.i1350.i32.i32, i1350 %p_read16, i32 333, i32 341" [firmware/nnet_utils/nnet_code_gen.h:46]   --->   Operation 139 'partselect' 'tmp_36' <Predicate = (partition_read == 2)> <Delay = 0.00>
ST_1 : Operation 140 [1/1] (0.00ns)   --->   "%tmp_37 = partselect i9 @_ssdm_op_PartSelect.i9.i1350.i32.i32, i1350 %p_read16, i32 342, i32 350" [firmware/nnet_utils/nnet_code_gen.h:46]   --->   Operation 140 'partselect' 'tmp_37' <Predicate = (partition_read == 2)> <Delay = 0.00>
ST_1 : Operation 141 [1/1] (0.00ns)   --->   "%tmp_38 = partselect i9 @_ssdm_op_PartSelect.i9.i1350.i32.i32, i1350 %p_read16, i32 351, i32 359" [firmware/nnet_utils/nnet_code_gen.h:46]   --->   Operation 141 'partselect' 'tmp_38' <Predicate = (partition_read == 2)> <Delay = 0.00>
ST_1 : Operation 142 [1/1] (0.00ns)   --->   "%tmp_39 = partselect i9 @_ssdm_op_PartSelect.i9.i1350.i32.i32, i1350 %p_read16, i32 360, i32 368" [firmware/nnet_utils/nnet_code_gen.h:46]   --->   Operation 142 'partselect' 'tmp_39' <Predicate = (partition_read == 2)> <Delay = 0.00>
ST_1 : Operation 143 [1/1] (0.00ns)   --->   "%tmp_40 = partselect i9 @_ssdm_op_PartSelect.i9.i1350.i32.i32, i1350 %p_read16, i32 369, i32 377" [firmware/nnet_utils/nnet_code_gen.h:46]   --->   Operation 143 'partselect' 'tmp_40' <Predicate = (partition_read == 2)> <Delay = 0.00>
ST_1 : Operation 144 [1/1] (0.00ns)   --->   "%tmp_41 = partselect i9 @_ssdm_op_PartSelect.i9.i1350.i32.i32, i1350 %p_read16, i32 378, i32 386" [firmware/nnet_utils/nnet_code_gen.h:46]   --->   Operation 144 'partselect' 'tmp_41' <Predicate = (partition_read == 2)> <Delay = 0.00>
ST_1 : Operation 145 [1/1] (0.00ns)   --->   "%tmp_42 = partselect i9 @_ssdm_op_PartSelect.i9.i1350.i32.i32, i1350 %p_read16, i32 387, i32 395" [firmware/nnet_utils/nnet_code_gen.h:46]   --->   Operation 145 'partselect' 'tmp_42' <Predicate = (partition_read == 2)> <Delay = 0.00>
ST_1 : Operation 146 [1/1] (0.00ns)   --->   "%tmp_43 = partselect i9 @_ssdm_op_PartSelect.i9.i1350.i32.i32, i1350 %p_read16, i32 396, i32 404" [firmware/nnet_utils/nnet_code_gen.h:46]   --->   Operation 146 'partselect' 'tmp_43' <Predicate = (partition_read == 2)> <Delay = 0.00>
ST_1 : Operation 147 [1/1] (0.61ns)   --->   "%br_ln49 = br void %if.end476" [firmware/nnet_utils/nnet_code_gen.h:49]   --->   Operation 147 'br' 'br_ln49' <Predicate = (partition_read == 2)> <Delay = 0.61>
ST_1 : Operation 148 [1/1] (0.00ns)   --->   "%tmp_14 = partselect i9 @_ssdm_op_PartSelect.i9.i1350.i32.i32, i1350 %p_read16, i32 135, i32 143" [firmware/nnet_utils/nnet_code_gen.h:42]   --->   Operation 148 'partselect' 'tmp_14' <Predicate = (partition_read == 1)> <Delay = 0.00>
ST_1 : Operation 149 [1/1] (0.00ns)   --->   "%tmp_15 = partselect i9 @_ssdm_op_PartSelect.i9.i1350.i32.i32, i1350 %p_read16, i32 144, i32 152" [firmware/nnet_utils/nnet_code_gen.h:42]   --->   Operation 149 'partselect' 'tmp_15' <Predicate = (partition_read == 1)> <Delay = 0.00>
ST_1 : Operation 150 [1/1] (0.00ns)   --->   "%tmp_16 = partselect i9 @_ssdm_op_PartSelect.i9.i1350.i32.i32, i1350 %p_read16, i32 153, i32 161" [firmware/nnet_utils/nnet_code_gen.h:42]   --->   Operation 150 'partselect' 'tmp_16' <Predicate = (partition_read == 1)> <Delay = 0.00>
ST_1 : Operation 151 [1/1] (0.00ns)   --->   "%tmp_17 = partselect i9 @_ssdm_op_PartSelect.i9.i1350.i32.i32, i1350 %p_read16, i32 162, i32 170" [firmware/nnet_utils/nnet_code_gen.h:42]   --->   Operation 151 'partselect' 'tmp_17' <Predicate = (partition_read == 1)> <Delay = 0.00>
ST_1 : Operation 152 [1/1] (0.00ns)   --->   "%tmp_18 = partselect i9 @_ssdm_op_PartSelect.i9.i1350.i32.i32, i1350 %p_read16, i32 171, i32 179" [firmware/nnet_utils/nnet_code_gen.h:42]   --->   Operation 152 'partselect' 'tmp_18' <Predicate = (partition_read == 1)> <Delay = 0.00>
ST_1 : Operation 153 [1/1] (0.00ns)   --->   "%tmp_19 = partselect i9 @_ssdm_op_PartSelect.i9.i1350.i32.i32, i1350 %p_read16, i32 180, i32 188" [firmware/nnet_utils/nnet_code_gen.h:42]   --->   Operation 153 'partselect' 'tmp_19' <Predicate = (partition_read == 1)> <Delay = 0.00>
ST_1 : Operation 154 [1/1] (0.00ns)   --->   "%tmp_20 = partselect i9 @_ssdm_op_PartSelect.i9.i1350.i32.i32, i1350 %p_read16, i32 189, i32 197" [firmware/nnet_utils/nnet_code_gen.h:42]   --->   Operation 154 'partselect' 'tmp_20' <Predicate = (partition_read == 1)> <Delay = 0.00>
ST_1 : Operation 155 [1/1] (0.00ns)   --->   "%tmp_21 = partselect i9 @_ssdm_op_PartSelect.i9.i1350.i32.i32, i1350 %p_read16, i32 198, i32 206" [firmware/nnet_utils/nnet_code_gen.h:42]   --->   Operation 155 'partselect' 'tmp_21' <Predicate = (partition_read == 1)> <Delay = 0.00>
ST_1 : Operation 156 [1/1] (0.00ns)   --->   "%tmp_22 = partselect i9 @_ssdm_op_PartSelect.i9.i1350.i32.i32, i1350 %p_read16, i32 207, i32 215" [firmware/nnet_utils/nnet_code_gen.h:42]   --->   Operation 156 'partselect' 'tmp_22' <Predicate = (partition_read == 1)> <Delay = 0.00>
ST_1 : Operation 157 [1/1] (0.00ns)   --->   "%tmp_23 = partselect i9 @_ssdm_op_PartSelect.i9.i1350.i32.i32, i1350 %p_read16, i32 216, i32 224" [firmware/nnet_utils/nnet_code_gen.h:42]   --->   Operation 157 'partselect' 'tmp_23' <Predicate = (partition_read == 1)> <Delay = 0.00>
ST_1 : Operation 158 [1/1] (0.00ns)   --->   "%tmp_24 = partselect i9 @_ssdm_op_PartSelect.i9.i1350.i32.i32, i1350 %p_read16, i32 225, i32 233" [firmware/nnet_utils/nnet_code_gen.h:42]   --->   Operation 158 'partselect' 'tmp_24' <Predicate = (partition_read == 1)> <Delay = 0.00>
ST_1 : Operation 159 [1/1] (0.00ns)   --->   "%tmp_25 = partselect i9 @_ssdm_op_PartSelect.i9.i1350.i32.i32, i1350 %p_read16, i32 234, i32 242" [firmware/nnet_utils/nnet_code_gen.h:42]   --->   Operation 159 'partselect' 'tmp_25' <Predicate = (partition_read == 1)> <Delay = 0.00>
ST_1 : Operation 160 [1/1] (0.00ns)   --->   "%tmp_26 = partselect i9 @_ssdm_op_PartSelect.i9.i1350.i32.i32, i1350 %p_read16, i32 243, i32 251" [firmware/nnet_utils/nnet_code_gen.h:42]   --->   Operation 160 'partselect' 'tmp_26' <Predicate = (partition_read == 1)> <Delay = 0.00>
ST_1 : Operation 161 [1/1] (0.00ns)   --->   "%tmp_27 = partselect i9 @_ssdm_op_PartSelect.i9.i1350.i32.i32, i1350 %p_read16, i32 252, i32 260" [firmware/nnet_utils/nnet_code_gen.h:42]   --->   Operation 161 'partselect' 'tmp_27' <Predicate = (partition_read == 1)> <Delay = 0.00>
ST_1 : Operation 162 [1/1] (0.00ns)   --->   "%tmp_28 = partselect i9 @_ssdm_op_PartSelect.i9.i1350.i32.i32, i1350 %p_read16, i32 261, i32 269" [firmware/nnet_utils/nnet_code_gen.h:42]   --->   Operation 162 'partselect' 'tmp_28' <Predicate = (partition_read == 1)> <Delay = 0.00>
ST_1 : Operation 163 [1/1] (0.61ns)   --->   "%br_ln45 = br void %if.end476" [firmware/nnet_utils/nnet_code_gen.h:45]   --->   Operation 163 'br' 'br_ln45' <Predicate = (partition_read == 1)> <Delay = 0.61>
ST_1 : Operation 164 [1/1] (0.00ns)   --->   "%trunc_ln38 = trunc i1350 %p_read16" [firmware/nnet_utils/nnet_code_gen.h:38]   --->   Operation 164 'trunc' 'trunc_ln38' <Predicate = (partition_read == 0)> <Delay = 0.00>
ST_1 : Operation 165 [1/1] (0.00ns)   --->   "%tmp_s = partselect i9 @_ssdm_op_PartSelect.i9.i1350.i32.i32, i1350 %p_read16, i32 9, i32 17" [firmware/nnet_utils/nnet_code_gen.h:38]   --->   Operation 165 'partselect' 'tmp_s' <Predicate = (partition_read == 0)> <Delay = 0.00>
ST_1 : Operation 166 [1/1] (0.00ns)   --->   "%tmp_1 = partselect i9 @_ssdm_op_PartSelect.i9.i1350.i32.i32, i1350 %p_read16, i32 18, i32 26" [firmware/nnet_utils/nnet_code_gen.h:38]   --->   Operation 166 'partselect' 'tmp_1' <Predicate = (partition_read == 0)> <Delay = 0.00>
ST_1 : Operation 167 [1/1] (0.00ns)   --->   "%tmp_2 = partselect i9 @_ssdm_op_PartSelect.i9.i1350.i32.i32, i1350 %p_read16, i32 27, i32 35" [firmware/nnet_utils/nnet_code_gen.h:38]   --->   Operation 167 'partselect' 'tmp_2' <Predicate = (partition_read == 0)> <Delay = 0.00>
ST_1 : Operation 168 [1/1] (0.00ns)   --->   "%tmp_3 = partselect i9 @_ssdm_op_PartSelect.i9.i1350.i32.i32, i1350 %p_read16, i32 36, i32 44" [firmware/nnet_utils/nnet_code_gen.h:38]   --->   Operation 168 'partselect' 'tmp_3' <Predicate = (partition_read == 0)> <Delay = 0.00>
ST_1 : Operation 169 [1/1] (0.00ns)   --->   "%tmp_4 = partselect i9 @_ssdm_op_PartSelect.i9.i1350.i32.i32, i1350 %p_read16, i32 45, i32 53" [firmware/nnet_utils/nnet_code_gen.h:38]   --->   Operation 169 'partselect' 'tmp_4' <Predicate = (partition_read == 0)> <Delay = 0.00>
ST_1 : Operation 170 [1/1] (0.00ns)   --->   "%tmp_5 = partselect i9 @_ssdm_op_PartSelect.i9.i1350.i32.i32, i1350 %p_read16, i32 54, i32 62" [firmware/nnet_utils/nnet_code_gen.h:38]   --->   Operation 170 'partselect' 'tmp_5' <Predicate = (partition_read == 0)> <Delay = 0.00>
ST_1 : Operation 171 [1/1] (0.00ns)   --->   "%tmp_6 = partselect i9 @_ssdm_op_PartSelect.i9.i1350.i32.i32, i1350 %p_read16, i32 63, i32 71" [firmware/nnet_utils/nnet_code_gen.h:38]   --->   Operation 171 'partselect' 'tmp_6' <Predicate = (partition_read == 0)> <Delay = 0.00>
ST_1 : Operation 172 [1/1] (0.00ns)   --->   "%tmp_7 = partselect i9 @_ssdm_op_PartSelect.i9.i1350.i32.i32, i1350 %p_read16, i32 72, i32 80" [firmware/nnet_utils/nnet_code_gen.h:38]   --->   Operation 172 'partselect' 'tmp_7' <Predicate = (partition_read == 0)> <Delay = 0.00>
ST_1 : Operation 173 [1/1] (0.00ns)   --->   "%tmp_8 = partselect i9 @_ssdm_op_PartSelect.i9.i1350.i32.i32, i1350 %p_read16, i32 81, i32 89" [firmware/nnet_utils/nnet_code_gen.h:38]   --->   Operation 173 'partselect' 'tmp_8' <Predicate = (partition_read == 0)> <Delay = 0.00>
ST_1 : Operation 174 [1/1] (0.00ns)   --->   "%tmp_9 = partselect i9 @_ssdm_op_PartSelect.i9.i1350.i32.i32, i1350 %p_read16, i32 90, i32 98" [firmware/nnet_utils/nnet_code_gen.h:38]   --->   Operation 174 'partselect' 'tmp_9' <Predicate = (partition_read == 0)> <Delay = 0.00>
ST_1 : Operation 175 [1/1] (0.00ns)   --->   "%tmp_10 = partselect i9 @_ssdm_op_PartSelect.i9.i1350.i32.i32, i1350 %p_read16, i32 99, i32 107" [firmware/nnet_utils/nnet_code_gen.h:38]   --->   Operation 175 'partselect' 'tmp_10' <Predicate = (partition_read == 0)> <Delay = 0.00>
ST_1 : Operation 176 [1/1] (0.00ns)   --->   "%tmp_11 = partselect i9 @_ssdm_op_PartSelect.i9.i1350.i32.i32, i1350 %p_read16, i32 108, i32 116" [firmware/nnet_utils/nnet_code_gen.h:38]   --->   Operation 176 'partselect' 'tmp_11' <Predicate = (partition_read == 0)> <Delay = 0.00>
ST_1 : Operation 177 [1/1] (0.00ns)   --->   "%tmp_12 = partselect i9 @_ssdm_op_PartSelect.i9.i1350.i32.i32, i1350 %p_read16, i32 117, i32 125" [firmware/nnet_utils/nnet_code_gen.h:38]   --->   Operation 177 'partselect' 'tmp_12' <Predicate = (partition_read == 0)> <Delay = 0.00>
ST_1 : Operation 178 [1/1] (0.00ns)   --->   "%tmp_13 = partselect i9 @_ssdm_op_PartSelect.i9.i1350.i32.i32, i1350 %p_read16, i32 126, i32 134" [firmware/nnet_utils/nnet_code_gen.h:38]   --->   Operation 178 'partselect' 'tmp_13' <Predicate = (partition_read == 0)> <Delay = 0.00>
ST_1 : Operation 179 [1/1] (0.61ns)   --->   "%br_ln41 = br void %if.end476" [firmware/nnet_utils/nnet_code_gen.h:41]   --->   Operation 179 'br' 'br_ln41' <Predicate = (partition_read == 0)> <Delay = 0.61>
ST_1 : Operation 180 [1/1] (0.00ns)   --->   "%phi_ln77 = phi i9 %p_read622, void %entry, i9 %tmp_139, void %if.then430, i9 %tmp_124, void %if.then382, i9 %tmp_109, void %if.then334, i9 %tmp_94, void %if.then286, i9 %tmp_79, void %if.then238, i9 %tmp_64, void %if.then190, i9 %tmp_49, void %if.then142, i9 %tmp_34, void %if.then94, i9 %tmp_19, void %if.then46, i9 %tmp_4, void %if.then" [firmware/nnet_utils/nnet_code_gen.h:77]   --->   Operation 180 'phi' 'phi_ln77' <Predicate = true> <Delay = 0.00>
ST_1 : Operation 181 [1/1] (0.00ns)   --->   "%phi_ln77_1 = phi i9 %p_read723, void %entry, i9 %tmp_140, void %if.then430, i9 %tmp_125, void %if.then382, i9 %tmp_110, void %if.then334, i9 %tmp_95, void %if.then286, i9 %tmp_80, void %if.then238, i9 %tmp_65, void %if.then190, i9 %tmp_50, void %if.then142, i9 %tmp_35, void %if.then94, i9 %tmp_20, void %if.then46, i9 %tmp_5, void %if.then" [firmware/nnet_utils/nnet_code_gen.h:77]   --->   Operation 181 'phi' 'phi_ln77_1' <Predicate = true> <Delay = 0.00>
ST_1 : Operation 182 [1/1] (0.00ns)   --->   "%phi_ln77_2 = phi i9 %p_read521, void %entry, i9 %tmp_138, void %if.then430, i9 %tmp_123, void %if.then382, i9 %tmp_108, void %if.then334, i9 %tmp_93, void %if.then286, i9 %tmp_78, void %if.then238, i9 %tmp_63, void %if.then190, i9 %tmp_48, void %if.then142, i9 %tmp_33, void %if.then94, i9 %tmp_18, void %if.then46, i9 %tmp_3, void %if.then" [firmware/nnet_utils/nnet_code_gen.h:77]   --->   Operation 182 'phi' 'phi_ln77_2' <Predicate = true> <Delay = 0.00>
ST_1 : Operation 183 [1/1] (0.00ns)   --->   "%phi_ln77_3 = phi i9 %p_read824, void %entry, i9 %tmp_141, void %if.then430, i9 %tmp_126, void %if.then382, i9 %tmp_111, void %if.then334, i9 %tmp_96, void %if.then286, i9 %tmp_81, void %if.then238, i9 %tmp_66, void %if.then190, i9 %tmp_51, void %if.then142, i9 %tmp_36, void %if.then94, i9 %tmp_21, void %if.then46, i9 %tmp_6, void %if.then" [firmware/nnet_utils/nnet_code_gen.h:77]   --->   Operation 183 'phi' 'phi_ln77_3' <Predicate = true> <Delay = 0.00>
ST_1 : Operation 184 [1/1] (0.00ns)   --->   "%phi_ln77_4 = phi i9 %p_read925, void %entry, i9 %tmp_142, void %if.then430, i9 %tmp_127, void %if.then382, i9 %tmp_112, void %if.then334, i9 %tmp_97, void %if.then286, i9 %tmp_82, void %if.then238, i9 %tmp_67, void %if.then190, i9 %tmp_52, void %if.then142, i9 %tmp_37, void %if.then94, i9 %tmp_22, void %if.then46, i9 %tmp_7, void %if.then" [firmware/nnet_utils/nnet_code_gen.h:77]   --->   Operation 184 'phi' 'phi_ln77_4' <Predicate = true> <Delay = 0.00>
ST_1 : Operation 185 [1/1] (0.00ns)   --->   "%phi_ln77_5 = phi i9 %p_read420, void %entry, i9 %tmp_137, void %if.then430, i9 %tmp_122, void %if.then382, i9 %tmp_107, void %if.then334, i9 %tmp_92, void %if.then286, i9 %tmp_77, void %if.then238, i9 %tmp_62, void %if.then190, i9 %tmp_47, void %if.then142, i9 %tmp_32, void %if.then94, i9 %tmp_17, void %if.then46, i9 %tmp_2, void %if.then" [firmware/nnet_utils/nnet_code_gen.h:77]   --->   Operation 185 'phi' 'phi_ln77_5' <Predicate = true> <Delay = 0.00>
ST_1 : Operation 186 [1/1] (0.00ns)   --->   "%phi_ln77_6 = phi i9 %p_read1026, void %entry, i9 %tmp_143, void %if.then430, i9 %tmp_128, void %if.then382, i9 %tmp_113, void %if.then334, i9 %tmp_98, void %if.then286, i9 %tmp_83, void %if.then238, i9 %tmp_68, void %if.then190, i9 %tmp_53, void %if.then142, i9 %tmp_38, void %if.then94, i9 %tmp_23, void %if.then46, i9 %tmp_8, void %if.then" [firmware/nnet_utils/nnet_code_gen.h:77]   --->   Operation 186 'phi' 'phi_ln77_6' <Predicate = true> <Delay = 0.00>
ST_1 : Operation 187 [1/1] (0.00ns)   --->   "%phi_ln77_7 = phi i9 %p_read1127, void %entry, i9 %tmp_144, void %if.then430, i9 %tmp_129, void %if.then382, i9 %tmp_114, void %if.then334, i9 %tmp_99, void %if.then286, i9 %tmp_84, void %if.then238, i9 %tmp_69, void %if.then190, i9 %tmp_54, void %if.then142, i9 %tmp_39, void %if.then94, i9 %tmp_24, void %if.then46, i9 %tmp_9, void %if.then" [firmware/nnet_utils/nnet_code_gen.h:77]   --->   Operation 187 'phi' 'phi_ln77_7' <Predicate = true> <Delay = 0.00>
ST_1 : Operation 188 [1/1] (0.00ns)   --->   "%phi_ln77_8 = phi i9 %p_read319, void %entry, i9 %tmp_136, void %if.then430, i9 %tmp_121, void %if.then382, i9 %tmp_106, void %if.then334, i9 %tmp_91, void %if.then286, i9 %tmp_76, void %if.then238, i9 %tmp_61, void %if.then190, i9 %tmp_46, void %if.then142, i9 %tmp_31, void %if.then94, i9 %tmp_16, void %if.then46, i9 %tmp_1, void %if.then" [firmware/nnet_utils/nnet_code_gen.h:77]   --->   Operation 188 'phi' 'phi_ln77_8' <Predicate = true> <Delay = 0.00>
ST_1 : Operation 189 [1/1] (0.00ns)   --->   "%phi_ln77_9 = phi i9 %p_read1228, void %entry, i9 %tmp_145, void %if.then430, i9 %tmp_130, void %if.then382, i9 %tmp_115, void %if.then334, i9 %tmp_100, void %if.then286, i9 %tmp_85, void %if.then238, i9 %tmp_70, void %if.then190, i9 %tmp_55, void %if.then142, i9 %tmp_40, void %if.then94, i9 %tmp_25, void %if.then46, i9 %tmp_10, void %if.then" [firmware/nnet_utils/nnet_code_gen.h:77]   --->   Operation 189 'phi' 'phi_ln77_9' <Predicate = true> <Delay = 0.00>
ST_1 : Operation 190 [1/1] (0.00ns)   --->   "%phi_ln77_10 = phi i9 %p_read1329, void %entry, i9 %tmp_146, void %if.then430, i9 %tmp_131, void %if.then382, i9 %tmp_116, void %if.then334, i9 %tmp_101, void %if.then286, i9 %tmp_86, void %if.then238, i9 %tmp_71, void %if.then190, i9 %tmp_56, void %if.then142, i9 %tmp_41, void %if.then94, i9 %tmp_26, void %if.then46, i9 %tmp_11, void %if.then" [firmware/nnet_utils/nnet_code_gen.h:77]   --->   Operation 190 'phi' 'phi_ln77_10' <Predicate = true> <Delay = 0.00>
ST_1 : Operation 191 [1/1] (0.00ns)   --->   "%phi_ln77_11 = phi i9 %p_read218, void %entry, i9 %tmp_135, void %if.then430, i9 %tmp_120, void %if.then382, i9 %tmp_105, void %if.then334, i9 %tmp_90, void %if.then286, i9 %tmp_75, void %if.then238, i9 %tmp_60, void %if.then190, i9 %tmp_45, void %if.then142, i9 %tmp_30, void %if.then94, i9 %tmp_15, void %if.then46, i9 %tmp_s, void %if.then" [firmware/nnet_utils/nnet_code_gen.h:77]   --->   Operation 191 'phi' 'phi_ln77_11' <Predicate = true> <Delay = 0.00>
ST_1 : Operation 192 [1/1] (0.00ns)   --->   "%phi_ln77_12 = phi i9 %p_read1430, void %entry, i9 %tmp_147, void %if.then430, i9 %tmp_132, void %if.then382, i9 %tmp_117, void %if.then334, i9 %tmp_102, void %if.then286, i9 %tmp_87, void %if.then238, i9 %tmp_72, void %if.then190, i9 %tmp_57, void %if.then142, i9 %tmp_42, void %if.then94, i9 %tmp_27, void %if.then46, i9 %tmp_12, void %if.then" [firmware/nnet_utils/nnet_code_gen.h:77]   --->   Operation 192 'phi' 'phi_ln77_12' <Predicate = true> <Delay = 0.00>
ST_1 : Operation 193 [1/1] (0.00ns)   --->   "%phi_ln77_13 = phi i9 %p_read1531, void %entry, i9 %tmp_148, void %if.then430, i9 %tmp_133, void %if.then382, i9 %tmp_118, void %if.then334, i9 %tmp_103, void %if.then286, i9 %tmp_88, void %if.then238, i9 %tmp_73, void %if.then190, i9 %tmp_58, void %if.then142, i9 %tmp_43, void %if.then94, i9 %tmp_28, void %if.then46, i9 %tmp_13, void %if.then" [firmware/nnet_utils/nnet_code_gen.h:77]   --->   Operation 193 'phi' 'phi_ln77_13' <Predicate = true> <Delay = 0.00>
ST_1 : Operation 194 [1/1] (0.00ns)   --->   "%phi_ln77_14 = phi i9 %p_read117, void %entry, i9 %tmp_134, void %if.then430, i9 %tmp_119, void %if.then382, i9 %tmp_104, void %if.then334, i9 %tmp_89, void %if.then286, i9 %tmp_74, void %if.then238, i9 %tmp_59, void %if.then190, i9 %tmp_44, void %if.then142, i9 %tmp_29, void %if.then94, i9 %tmp_14, void %if.then46, i9 %trunc_ln38, void %if.then" [firmware/nnet_utils/nnet_code_gen.h:77]   --->   Operation 194 'phi' 'phi_ln77_14' <Predicate = true> <Delay = 0.00>
ST_1 : Operation 195 [1/1] (0.00ns)   --->   "%mrv = insertvalue i135 <undef>, i9 %phi_ln77_14" [firmware/nnet_utils/nnet_code_gen.h:77]   --->   Operation 195 'insertvalue' 'mrv' <Predicate = true> <Delay = 0.00>
ST_1 : Operation 196 [1/1] (0.00ns)   --->   "%mrv_1 = insertvalue i135 %mrv, i9 %phi_ln77_11" [firmware/nnet_utils/nnet_code_gen.h:77]   --->   Operation 196 'insertvalue' 'mrv_1' <Predicate = true> <Delay = 0.00>
ST_1 : Operation 197 [1/1] (0.00ns)   --->   "%mrv_2 = insertvalue i135 %mrv_1, i9 %phi_ln77_8" [firmware/nnet_utils/nnet_code_gen.h:77]   --->   Operation 197 'insertvalue' 'mrv_2' <Predicate = true> <Delay = 0.00>
ST_1 : Operation 198 [1/1] (0.00ns)   --->   "%mrv_3 = insertvalue i135 %mrv_2, i9 %phi_ln77_5" [firmware/nnet_utils/nnet_code_gen.h:77]   --->   Operation 198 'insertvalue' 'mrv_3' <Predicate = true> <Delay = 0.00>
ST_1 : Operation 199 [1/1] (0.00ns)   --->   "%mrv_4 = insertvalue i135 %mrv_3, i9 %phi_ln77_2" [firmware/nnet_utils/nnet_code_gen.h:77]   --->   Operation 199 'insertvalue' 'mrv_4' <Predicate = true> <Delay = 0.00>
ST_1 : Operation 200 [1/1] (0.00ns)   --->   "%mrv_5 = insertvalue i135 %mrv_4, i9 %phi_ln77" [firmware/nnet_utils/nnet_code_gen.h:77]   --->   Operation 200 'insertvalue' 'mrv_5' <Predicate = true> <Delay = 0.00>
ST_1 : Operation 201 [1/1] (0.00ns)   --->   "%mrv_6 = insertvalue i135 %mrv_5, i9 %phi_ln77_1" [firmware/nnet_utils/nnet_code_gen.h:77]   --->   Operation 201 'insertvalue' 'mrv_6' <Predicate = true> <Delay = 0.00>
ST_1 : Operation 202 [1/1] (0.00ns)   --->   "%mrv_7 = insertvalue i135 %mrv_6, i9 %phi_ln77_3" [firmware/nnet_utils/nnet_code_gen.h:77]   --->   Operation 202 'insertvalue' 'mrv_7' <Predicate = true> <Delay = 0.00>
ST_1 : Operation 203 [1/1] (0.00ns)   --->   "%mrv_8 = insertvalue i135 %mrv_7, i9 %phi_ln77_4" [firmware/nnet_utils/nnet_code_gen.h:77]   --->   Operation 203 'insertvalue' 'mrv_8' <Predicate = true> <Delay = 0.00>
ST_1 : Operation 204 [1/1] (0.00ns)   --->   "%mrv_9 = insertvalue i135 %mrv_8, i9 %phi_ln77_6" [firmware/nnet_utils/nnet_code_gen.h:77]   --->   Operation 204 'insertvalue' 'mrv_9' <Predicate = true> <Delay = 0.00>
ST_1 : Operation 205 [1/1] (0.00ns)   --->   "%mrv_s = insertvalue i135 %mrv_9, i9 %phi_ln77_7" [firmware/nnet_utils/nnet_code_gen.h:77]   --->   Operation 205 'insertvalue' 'mrv_s' <Predicate = true> <Delay = 0.00>
ST_1 : Operation 206 [1/1] (0.00ns)   --->   "%mrv_10 = insertvalue i135 %mrv_s, i9 %phi_ln77_9" [firmware/nnet_utils/nnet_code_gen.h:77]   --->   Operation 206 'insertvalue' 'mrv_10' <Predicate = true> <Delay = 0.00>
ST_1 : Operation 207 [1/1] (0.00ns)   --->   "%mrv_11 = insertvalue i135 %mrv_10, i9 %phi_ln77_10" [firmware/nnet_utils/nnet_code_gen.h:77]   --->   Operation 207 'insertvalue' 'mrv_11' <Predicate = true> <Delay = 0.00>
ST_1 : Operation 208 [1/1] (0.00ns)   --->   "%mrv_12 = insertvalue i135 %mrv_11, i9 %phi_ln77_12" [firmware/nnet_utils/nnet_code_gen.h:77]   --->   Operation 208 'insertvalue' 'mrv_12' <Predicate = true> <Delay = 0.00>
ST_1 : Operation 209 [1/1] (0.00ns)   --->   "%mrv_13 = insertvalue i135 %mrv_12, i9 %phi_ln77_13" [firmware/nnet_utils/nnet_code_gen.h:77]   --->   Operation 209 'insertvalue' 'mrv_13' <Predicate = true> <Delay = 0.00>
ST_1 : Operation 210 [1/1] (0.00ns)   --->   "%ret_ln77 = ret i135 %mrv_13" [firmware/nnet_utils/nnet_code_gen.h:77]   --->   Operation 210 'ret' 'ret_ln77' <Predicate = true> <Delay = 0.00>


============================================================
+ Verbose Summary: Timing violations
============================================================
Target clock period: 5ns, clock uncertainty: 0.625ns.

 <State 1>: 0.618ns
The critical path consists of the following:
	wire read operation ('partition_read', firmware/nnet_utils/nnet_code_gen.h:37) on port 'partition' (firmware/nnet_utils/nnet_code_gen.h:37) [18]  (0 ns)
	multiplexor before 'phi' operation ('phi_ln77', firmware/nnet_utils/nnet_code_gen.h:77) with incoming values : ('p_read622', firmware/nnet_utils/nnet_code_gen.h:37) ('tmp_139', firmware/nnet_utils/nnet_code_gen.h:74) ('tmp_124', firmware/nnet_utils/nnet_code_gen.h:70) ('tmp_109', firmware/nnet_utils/nnet_code_gen.h:66) ('tmp_94', firmware/nnet_utils/nnet_code_gen.h:62) ('tmp_79', firmware/nnet_utils/nnet_code_gen.h:58) ('tmp_64', firmware/nnet_utils/nnet_code_gen.h:54) ('tmp_49', firmware/nnet_utils/nnet_code_gen.h:50) ('tmp_34', firmware/nnet_utils/nnet_code_gen.h:46) ('tmp_19', firmware/nnet_utils/nnet_code_gen.h:42) ('tmp_4', firmware/nnet_utils/nnet_code_gen.h:38) [207]  (0.618 ns)
	'phi' operation ('phi_ln77', firmware/nnet_utils/nnet_code_gen.h:77) with incoming values : ('p_read622', firmware/nnet_utils/nnet_code_gen.h:37) ('tmp_139', firmware/nnet_utils/nnet_code_gen.h:74) ('tmp_124', firmware/nnet_utils/nnet_code_gen.h:70) ('tmp_109', firmware/nnet_utils/nnet_code_gen.h:66) ('tmp_94', firmware/nnet_utils/nnet_code_gen.h:62) ('tmp_79', firmware/nnet_utils/nnet_code_gen.h:58) ('tmp_64', firmware/nnet_utils/nnet_code_gen.h:54) ('tmp_49', firmware/nnet_utils/nnet_code_gen.h:50) ('tmp_34', firmware/nnet_utils/nnet_code_gen.h:46) ('tmp_19', firmware/nnet_utils/nnet_code_gen.h:42) ('tmp_4', firmware/nnet_utils/nnet_code_gen.h:38) [207]  (0 ns)


============================================================
+ Verbose Summary: Binding
============================================================
N/A
* FSMD analyzer results:
  - Output states:
 - Input state : 
  - Chain level:
	State 1


============================================================
+ Verbose Summary: Datapath Resource usage 
============================================================
N/A
