/data/dhoang/Btag_L1/quantization_official/official_15feat_9bit/qModel9/hls4ml_prj/myproject_prj/solution1/.autopilot/db/myproject.pp.0.cpp:28015:7: warning: Added loop label VITIS_LOOP_1211_1:   [xilinx-label-all-loops]
      for (i = 0; i < __N - 1; ++i) {
      ^~~
      VITIS_LOOP_1211_1: 
/data/dhoang/Btag_L1/quantization_official/official_15feat_9bit/qModel9/hls4ml_prj/myproject_prj/solution1/.autopilot/db/myproject.pp.0.cpp:28015:7: note: FIX-IT applied suggested code changes
/data/dhoang/Btag_L1/quantization_official/official_15feat_9bit/qModel9/hls4ml_prj/myproject_prj/solution1/.autopilot/db/myproject.pp.0.cpp:28989:5: warning: Added loop label VITIS_LOOP_676_1:   [xilinx-label-all-loops]
    for (unsigned i = low; i != high; ++i) {
    ^~~
    VITIS_LOOP_676_1: 
/data/dhoang/Btag_L1/quantization_official/official_15feat_9bit/qModel9/hls4ml_prj/myproject_prj/solution1/.autopilot/db/myproject.pp.0.cpp:28989:5: note: FIX-IT applied suggested code changes
/data/dhoang/Btag_L1/quantization_official/official_15feat_9bit/qModel9/hls4ml_prj/myproject_prj/solution1/.autopilot/db/myproject.pp.0.cpp:29003:5: warning: Added loop label VITIS_LOOP_690_1:   [xilinx-label-all-loops]
    for (unsigned i = low; i != high; ++i) {
    ^~~
    VITIS_LOOP_690_1: 
/data/dhoang/Btag_L1/quantization_official/official_15feat_9bit/qModel9/hls4ml_prj/myproject_prj/solution1/.autopilot/db/myproject.pp.0.cpp:29003:5: note: FIX-IT applied suggested code changes
/data/dhoang/Btag_L1/quantization_official/official_15feat_9bit/qModel9/hls4ml_prj/myproject_prj/solution1/.autopilot/db/myproject.pp.0.cpp:29017:5: warning: Added loop label VITIS_LOOP_704_1:   [xilinx-label-all-loops]
    for (unsigned i = low; i != high; ++i) {
    ^~~
    VITIS_LOOP_704_1: 
/data/dhoang/Btag_L1/quantization_official/official_15feat_9bit/qModel9/hls4ml_prj/myproject_prj/solution1/.autopilot/db/myproject.pp.0.cpp:29017:5: note: FIX-IT applied suggested code changes
/data/dhoang/Btag_L1/quantization_official/official_15feat_9bit/qModel9/hls4ml_prj/myproject_prj/solution1/.autopilot/db/myproject.pp.0.cpp:30616:7: warning: Added loop label VITIS_LOOP_1245_1:   [xilinx-label-all-loops]
      for (i = 0; i < __N - 1; ++i) {
      ^~~
      VITIS_LOOP_1245_1: 
/data/dhoang/Btag_L1/quantization_official/official_15feat_9bit/qModel9/hls4ml_prj/myproject_prj/solution1/.autopilot/db/myproject.pp.0.cpp:30616:7: note: FIX-IT applied suggested code changes
/data/dhoang/Btag_L1/quantization_official/official_15feat_9bit/qModel9/hls4ml_prj/myproject_prj/solution1/.autopilot/db/myproject.pp.0.cpp:32601:9: warning: Added loop label VITIS_LOOP_27_1:   [xilinx-label-all-loops]
        for (unsigned i = 0; i < N; i++) {
        ^~~
        VITIS_LOOP_27_1: 
/data/dhoang/Btag_L1/quantization_official/official_15feat_9bit/qModel9/hls4ml_prj/myproject_prj/solution1/.autopilot/db/myproject.pp.0.cpp:32601:9: note: FIX-IT applied suggested code changes
/data/dhoang/Btag_L1/quantization_official/official_15feat_9bit/qModel9/hls4ml_prj/myproject_prj/solution1/.autopilot/db/myproject.pp.0.cpp:53917:5: warning: Added loop label VITIS_LOOP_265_1:   [xilinx-label-all-loops]
    for (typename std::vector<src_T>::const_iterator i = in_begin; i != in_end; ++i) {
    ^~~
    VITIS_LOOP_265_1: 
/data/dhoang/Btag_L1/quantization_official/official_15feat_9bit/qModel9/hls4ml_prj/myproject_prj/solution1/.autopilot/db/myproject.pp.0.cpp:53917:5: note: FIX-IT applied suggested code changes
/data/dhoang/Btag_L1/quantization_official/official_15feat_9bit/qModel9/hls4ml_prj/myproject_prj/solution1/.autopilot/db/myproject.pp.0.cpp:53927:5: warning: Added loop label VITIS_LOOP_275_1:   [xilinx-label-all-loops]
    for (auto i = 0; i < SIZE; i++)
    ^~~
    VITIS_LOOP_275_1: 
/data/dhoang/Btag_L1/quantization_official/official_15feat_9bit/qModel9/hls4ml_prj/myproject_prj/solution1/.autopilot/db/myproject.pp.0.cpp:53927:5: note: FIX-IT applied suggested code changes
/data/dhoang/Btag_L1/quantization_official/official_15feat_9bit/qModel9/hls4ml_prj/myproject_prj/solution1/.autopilot/db/myproject.pp.0.cpp:53938:5: warning: Added loop label VITIS_LOOP_286_1:   [xilinx-label-all-loops]
    for (int i = 0; i < SIZE; i++) {
    ^~~
    VITIS_LOOP_286_1: 
/data/dhoang/Btag_L1/quantization_official/official_15feat_9bit/qModel9/hls4ml_prj/myproject_prj/solution1/.autopilot/db/myproject.pp.0.cpp:53938:5: note: FIX-IT applied suggested code changes
/data/dhoang/Btag_L1/quantization_official/official_15feat_9bit/qModel9/hls4ml_prj/myproject_prj/solution1/.autopilot/db/myproject.pp.0.cpp:53945:5: warning: Added loop label VITIS_LOOP_293_1:   [xilinx-label-all-loops]
    for (int i = 0; i < SIZE / res_T::size; i++) {
    ^~~
    VITIS_LOOP_293_1: 
/data/dhoang/Btag_L1/quantization_official/official_15feat_9bit/qModel9/hls4ml_prj/myproject_prj/solution1/.autopilot/db/myproject.pp.0.cpp:53945:5: note: FIX-IT applied suggested code changes
/data/dhoang/Btag_L1/quantization_official/official_15feat_9bit/qModel9/hls4ml_prj/myproject_prj/solution1/.autopilot/db/myproject.pp.0.cpp:53947:9: warning: Added loop label VITIS_LOOP_295_2:   [xilinx-label-all-loops]
        for (int j = 0; j < res_T::size; j++) {
        ^~~
        VITIS_LOOP_295_2: 
/data/dhoang/Btag_L1/quantization_official/official_15feat_9bit/qModel9/hls4ml_prj/myproject_prj/solution1/.autopilot/db/myproject.pp.0.cpp:53947:9: note: FIX-IT applied suggested code changes
/data/dhoang/Btag_L1/quantization_official/official_15feat_9bit/qModel9/hls4ml_prj/myproject_prj/solution1/.autopilot/db/myproject.pp.0.cpp:53959:5: warning: Added loop label VITIS_LOOP_307_1:   [xilinx-label-all-loops]
    for (int i = 0; i < SIZE / data_T::size; i++) {
    ^~~
    VITIS_LOOP_307_1: 
/data/dhoang/Btag_L1/quantization_official/official_15feat_9bit/qModel9/hls4ml_prj/myproject_prj/solution1/.autopilot/db/myproject.pp.0.cpp:53959:5: note: FIX-IT applied suggested code changes
/data/dhoang/Btag_L1/quantization_official/official_15feat_9bit/qModel9/hls4ml_prj/myproject_prj/solution1/.autopilot/db/myproject.pp.0.cpp:53961:9: warning: Added loop label VITIS_LOOP_309_2:   [xilinx-label-all-loops]
        for (int j = 0; j < data_T::size; j++) {
        ^~~
        VITIS_LOOP_309_2: 
/data/dhoang/Btag_L1/quantization_official/official_15feat_9bit/qModel9/hls4ml_prj/myproject_prj/solution1/.autopilot/db/myproject.pp.0.cpp:53961:9: note: FIX-IT applied suggested code changes
/data/dhoang/Btag_L1/quantization_official/official_15feat_9bit/qModel9/hls4ml_prj/myproject_prj/solution1/.autopilot/db/myproject.pp.0.cpp:53976:5: warning: Added loop label VITIS_LOOP_324_1:   [xilinx-label-all-loops]
    for (int ii = 0; ii < nrows; ii++) {
    ^~~
    VITIS_LOOP_324_1: 
/data/dhoang/Btag_L1/quantization_official/official_15feat_9bit/qModel9/hls4ml_prj/myproject_prj/solution1/.autopilot/db/myproject.pp.0.cpp:53976:5: note: FIX-IT applied suggested code changes
/data/dhoang/Btag_L1/quantization_official/official_15feat_9bit/qModel9/hls4ml_prj/myproject_prj/solution1/.autopilot/db/myproject.pp.0.cpp:53996:5: warning: Added loop label VITIS_LOOP_344_1:   [xilinx-label-all-loops]
    for (int ii = 0; ii < nrows; ii++) {
    ^~~
    VITIS_LOOP_344_1: 
/data/dhoang/Btag_L1/quantization_official/official_15feat_9bit/qModel9/hls4ml_prj/myproject_prj/solution1/.autopilot/db/myproject.pp.0.cpp:53996:5: note: FIX-IT applied suggested code changes
/data/dhoang/Btag_L1/quantization_official/official_15feat_9bit/qModel9/hls4ml_prj/myproject_prj/solution1/.autopilot/db/myproject.pp.0.cpp:53997:9: warning: Added loop label VITIS_LOOP_345_2:   [xilinx-label-all-loops]
        for (int jj = 0; jj < ncols; jj++) {
        ^~~
        VITIS_LOOP_345_2: 
/data/dhoang/Btag_L1/quantization_official/official_15feat_9bit/qModel9/hls4ml_prj/myproject_prj/solution1/.autopilot/db/myproject.pp.0.cpp:53997:9: note: FIX-IT applied suggested code changes
/data/dhoang/Btag_L1/quantization_official/official_15feat_9bit/qModel9/hls4ml_prj/myproject_prj/solution1/.autopilot/db/myproject.pp.0.cpp:54012:5: warning: Added loop label VITIS_LOOP_360_1:   [xilinx-label-all-loops]
    for (int ii = 0; ii < N_IN; ii++) {
    ^~~
    VITIS_LOOP_360_1: 
/data/dhoang/Btag_L1/quantization_official/official_15feat_9bit/qModel9/hls4ml_prj/myproject_prj/solution1/.autopilot/db/myproject.pp.0.cpp:54012:5: note: FIX-IT applied suggested code changes
/data/dhoang/Btag_L1/quantization_official/official_15feat_9bit/qModel9/hls4ml_prj/myproject_prj/solution1/.autopilot/db/myproject.pp.0.cpp:54019:5: warning: Added loop label VITIS_LOOP_367_1:   [xilinx-label-all-loops]
    for (int ii = 0; ii < N_IN; ii++) {
    ^~~
    VITIS_LOOP_367_1: 
/data/dhoang/Btag_L1/quantization_official/official_15feat_9bit/qModel9/hls4ml_prj/myproject_prj/solution1/.autopilot/db/myproject.pp.0.cpp:54019:5: note: FIX-IT applied suggested code changes
/data/dhoang/Btag_L1/quantization_official/official_15feat_9bit/qModel9/hls4ml_prj/myproject_prj/solution1/.autopilot/db/myproject.pp.0.cpp:54242:2: warning: Added loop label VITIS_LOOP_31_1:   [xilinx-label-all-loops]
 for (int ii = 0; ii < CONFIG_T::n_in; ii++) {
 ^~~
 VITIS_LOOP_31_1: 
/data/dhoang/Btag_L1/quantization_official/official_15feat_9bit/qModel9/hls4ml_prj/myproject_prj/solution1/.autopilot/db/myproject.pp.0.cpp:54242:2: note: FIX-IT applied suggested code changes
/data/dhoang/Btag_L1/quantization_official/official_15feat_9bit/qModel9/hls4ml_prj/myproject_prj/solution1/.autopilot/db/myproject.pp.0.cpp:54254:5: warning: Added loop label VITIS_LOOP_43_1:   [xilinx-label-all-loops]
    for (int ii = 0; ii < CONFIG_T::n_in; ii++) {
    ^~~
    VITIS_LOOP_43_1: 
/data/dhoang/Btag_L1/quantization_official/official_15feat_9bit/qModel9/hls4ml_prj/myproject_prj/solution1/.autopilot/db/myproject.pp.0.cpp:54254:5: note: FIX-IT applied suggested code changes
/data/dhoang/Btag_L1/quantization_official/official_15feat_9bit/qModel9/hls4ml_prj/myproject_prj/solution1/.autopilot/db/myproject.pp.0.cpp:54268:5: warning: Added loop label VITIS_LOOP_57_1:   [xilinx-label-all-loops]
    for (int ii = 0; ii < CONFIG_T::n_in; ii++) {
    ^~~
    VITIS_LOOP_57_1: 
/data/dhoang/Btag_L1/quantization_official/official_15feat_9bit/qModel9/hls4ml_prj/myproject_prj/solution1/.autopilot/db/myproject.pp.0.cpp:54268:5: note: FIX-IT applied suggested code changes
/data/dhoang/Btag_L1/quantization_official/official_15feat_9bit/qModel9/hls4ml_prj/myproject_prj/solution1/.autopilot/db/myproject.pp.0.cpp:54295:5: warning: Added loop label VITIS_LOOP_84_1:   [xilinx-label-all-loops]
    for (int ii = 0; ii < N_TABLE; ii++) {
    ^~~
    VITIS_LOOP_84_1: 
/data/dhoang/Btag_L1/quantization_official/official_15feat_9bit/qModel9/hls4ml_prj/myproject_prj/solution1/.autopilot/db/myproject.pp.0.cpp:54295:5: note: FIX-IT applied suggested code changes
/data/dhoang/Btag_L1/quantization_official/official_15feat_9bit/qModel9/hls4ml_prj/myproject_prj/solution1/.autopilot/db/myproject.pp.0.cpp:54325:5: warning: Added loop label VITIS_LOOP_114_1:   [xilinx-label-all-loops]
    for (int ii = 0; ii < CONFIG_T::n_in; ii++) {
    ^~~
    VITIS_LOOP_114_1: 
/data/dhoang/Btag_L1/quantization_official/official_15feat_9bit/qModel9/hls4ml_prj/myproject_prj/solution1/.autopilot/db/myproject.pp.0.cpp:54325:5: note: FIX-IT applied suggested code changes
/data/dhoang/Btag_L1/quantization_official/official_15feat_9bit/qModel9/hls4ml_prj/myproject_prj/solution1/.autopilot/db/myproject.pp.0.cpp:54362:5: warning: Added loop label VITIS_LOOP_151_1:   [xilinx-label-all-loops]
    for (unsigned i = 0; i < CONFIG_T::table_size; i++) {
    ^~~
    VITIS_LOOP_151_1: 
/data/dhoang/Btag_L1/quantization_official/official_15feat_9bit/qModel9/hls4ml_prj/myproject_prj/solution1/.autopilot/db/myproject.pp.0.cpp:54362:5: note: FIX-IT applied suggested code changes
/data/dhoang/Btag_L1/quantization_official/official_15feat_9bit/qModel9/hls4ml_prj/myproject_prj/solution1/.autopilot/db/myproject.pp.0.cpp:54373:5: warning: Added loop label VITIS_LOOP_162_1:   [xilinx-label-all-loops]
    for (unsigned i = 0; i < CONFIG_T::table_size; i++) {
    ^~~
    VITIS_LOOP_162_1: 
/data/dhoang/Btag_L1/quantization_official/official_15feat_9bit/qModel9/hls4ml_prj/myproject_prj/solution1/.autopilot/db/myproject.pp.0.cpp:54373:5: note: FIX-IT applied suggested code changes
/data/dhoang/Btag_L1/quantization_official/official_15feat_9bit/qModel9/hls4ml_prj/myproject_prj/solution1/.autopilot/db/myproject.pp.0.cpp:54406:5: warning: Added loop label VITIS_LOOP_195_1:   [xilinx-label-all-loops]
    for (unsigned i = 0; i < CONFIG_T::n_in; i++) {
    ^~~
    VITIS_LOOP_195_1: 
/data/dhoang/Btag_L1/quantization_official/official_15feat_9bit/qModel9/hls4ml_prj/myproject_prj/solution1/.autopilot/db/myproject.pp.0.cpp:54406:5: note: FIX-IT applied suggested code changes
/data/dhoang/Btag_L1/quantization_official/official_15feat_9bit/qModel9/hls4ml_prj/myproject_prj/solution1/.autopilot/db/myproject.pp.0.cpp:54420:5: warning: Added loop label VITIS_LOOP_209_2:   [xilinx-label-all-loops]
    for (unsigned i = 0; i < CONFIG_T::n_in; i++) {
    ^~~
    VITIS_LOOP_209_2: 
/data/dhoang/Btag_L1/quantization_official/official_15feat_9bit/qModel9/hls4ml_prj/myproject_prj/solution1/.autopilot/db/myproject.pp.0.cpp:54420:5: note: FIX-IT applied suggested code changes
/data/dhoang/Btag_L1/quantization_official/official_15feat_9bit/qModel9/hls4ml_prj/myproject_prj/solution1/.autopilot/db/myproject.pp.0.cpp:54454:5: warning: Added loop label VITIS_LOOP_243_1:   [xilinx-label-all-loops]
    for (unsigned i = 0; i < CONFIG_T::n_in; i++) {
    ^~~
    VITIS_LOOP_243_1: 
/data/dhoang/Btag_L1/quantization_official/official_15feat_9bit/qModel9/hls4ml_prj/myproject_prj/solution1/.autopilot/db/myproject.pp.0.cpp:54454:5: note: FIX-IT applied suggested code changes
/data/dhoang/Btag_L1/quantization_official/official_15feat_9bit/qModel9/hls4ml_prj/myproject_prj/solution1/.autopilot/db/myproject.pp.0.cpp:54463:5: warning: Added loop label VITIS_LOOP_252_2:   [xilinx-label-all-loops]
    for (unsigned i = 0; i < CONFIG_T::n_in; i++) {
    ^~~
    VITIS_LOOP_252_2: 
/data/dhoang/Btag_L1/quantization_official/official_15feat_9bit/qModel9/hls4ml_prj/myproject_prj/solution1/.autopilot/db/myproject.pp.0.cpp:54463:5: note: FIX-IT applied suggested code changes
/data/dhoang/Btag_L1/quantization_official/official_15feat_9bit/qModel9/hls4ml_prj/myproject_prj/solution1/.autopilot/db/myproject.pp.0.cpp:54477:5: warning: Added loop label VITIS_LOOP_266_3:   [xilinx-label-all-loops]
    for (unsigned i = 0; i < CONFIG_T::n_in; i++) {
    ^~~
    VITIS_LOOP_266_3: 
/data/dhoang/Btag_L1/quantization_official/official_15feat_9bit/qModel9/hls4ml_prj/myproject_prj/solution1/.autopilot/db/myproject.pp.0.cpp:54477:5: note: FIX-IT applied suggested code changes
/data/dhoang/Btag_L1/quantization_official/official_15feat_9bit/qModel9/hls4ml_prj/myproject_prj/solution1/.autopilot/db/myproject.pp.0.cpp:54484:5: warning: Added loop label VITIS_LOOP_273_1:   [xilinx-label-all-loops]
    for (int ii = 0; ii < N_TABLE; ii++) {
    ^~~
    VITIS_LOOP_273_1: 
/data/dhoang/Btag_L1/quantization_official/official_15feat_9bit/qModel9/hls4ml_prj/myproject_prj/solution1/.autopilot/db/myproject.pp.0.cpp:54484:5: note: FIX-IT applied suggested code changes
/data/dhoang/Btag_L1/quantization_official/official_15feat_9bit/qModel9/hls4ml_prj/myproject_prj/solution1/.autopilot/db/myproject.pp.0.cpp:54497:5: warning: Added loop label VITIS_LOOP_286_1:   [xilinx-label-all-loops]
    for (int ii = 0; ii < N_TABLE; ii++) {
    ^~~
    VITIS_LOOP_286_1: 
/data/dhoang/Btag_L1/quantization_official/official_15feat_9bit/qModel9/hls4ml_prj/myproject_prj/solution1/.autopilot/db/myproject.pp.0.cpp:54497:5: note: FIX-IT applied suggested code changes
/data/dhoang/Btag_L1/quantization_official/official_15feat_9bit/qModel9/hls4ml_prj/myproject_prj/solution1/.autopilot/db/myproject.pp.0.cpp:54534:5: warning: Added loop label VITIS_LOOP_323_1:   [xilinx-label-all-loops]
    for (int ii = 0; ii < CONFIG_T::n_in; ii++) {
    ^~~
    VITIS_LOOP_323_1: 
/data/dhoang/Btag_L1/quantization_official/official_15feat_9bit/qModel9/hls4ml_prj/myproject_prj/solution1/.autopilot/db/myproject.pp.0.cpp:54534:5: note: FIX-IT applied suggested code changes
/data/dhoang/Btag_L1/quantization_official/official_15feat_9bit/qModel9/hls4ml_prj/myproject_prj/solution1/.autopilot/db/myproject.pp.0.cpp:54539:5: warning: Added loop label VITIS_LOOP_328_2:   [xilinx-label-all-loops]
    for (int ii = 0; ii < CONFIG_T::n_in; ii++) {
    ^~~
    VITIS_LOOP_328_2: 
/data/dhoang/Btag_L1/quantization_official/official_15feat_9bit/qModel9/hls4ml_prj/myproject_prj/solution1/.autopilot/db/myproject.pp.0.cpp:54539:5: note: FIX-IT applied suggested code changes
/data/dhoang/Btag_L1/quantization_official/official_15feat_9bit/qModel9/hls4ml_prj/myproject_prj/solution1/.autopilot/db/myproject.pp.0.cpp:54540:9: warning: Added loop label VITIS_LOOP_329_3:   [xilinx-label-all-loops]
        for (int jj = 0; jj < CONFIG_T::n_in; jj++) {
        ^~~
        VITIS_LOOP_329_3: 
/data/dhoang/Btag_L1/quantization_official/official_15feat_9bit/qModel9/hls4ml_prj/myproject_prj/solution1/.autopilot/db/myproject.pp.0.cpp:54540:9: note: FIX-IT applied suggested code changes
/data/dhoang/Btag_L1/quantization_official/official_15feat_9bit/qModel9/hls4ml_prj/myproject_prj/solution1/.autopilot/db/myproject.pp.0.cpp:54557:5: warning: Added loop label VITIS_LOOP_346_4:   [xilinx-label-all-loops]
    for (int ii = 0; ii < CONFIG_T::n_in; ii++) {
    ^~~
    VITIS_LOOP_346_4: 
/data/dhoang/Btag_L1/quantization_official/official_15feat_9bit/qModel9/hls4ml_prj/myproject_prj/solution1/.autopilot/db/myproject.pp.0.cpp:54557:5: note: FIX-IT applied suggested code changes
/data/dhoang/Btag_L1/quantization_official/official_15feat_9bit/qModel9/hls4ml_prj/myproject_prj/solution1/.autopilot/db/myproject.pp.0.cpp:54570:5: warning: Added loop label VITIS_LOOP_359_1:   [xilinx-label-all-loops]
    for (int i = 0; i < CONFIG_T::n_in; i++) {
    ^~~
    VITIS_LOOP_359_1: 
/data/dhoang/Btag_L1/quantization_official/official_15feat_9bit/qModel9/hls4ml_prj/myproject_prj/solution1/.autopilot/db/myproject.pp.0.cpp:54570:5: note: FIX-IT applied suggested code changes
/data/dhoang/Btag_L1/quantization_official/official_15feat_9bit/qModel9/hls4ml_prj/myproject_prj/solution1/.autopilot/db/myproject.pp.0.cpp:54578:5: warning: Added loop label VITIS_LOOP_367_2:   [xilinx-label-all-loops]
    for (int i = 1; i < CONFIG_T::n_in; i++) {
    ^~~
    VITIS_LOOP_367_2: 
/data/dhoang/Btag_L1/quantization_official/official_15feat_9bit/qModel9/hls4ml_prj/myproject_prj/solution1/.autopilot/db/myproject.pp.0.cpp:54578:5: note: FIX-IT applied suggested code changes
/data/dhoang/Btag_L1/quantization_official/official_15feat_9bit/qModel9/hls4ml_prj/myproject_prj/solution1/.autopilot/db/myproject.pp.0.cpp:54613:5: warning: Added loop label VITIS_LOOP_402_1:   [xilinx-label-all-loops]
    for (int ii = 0; ii < N_TABLE; ii++) {
    ^~~
    VITIS_LOOP_402_1: 
/data/dhoang/Btag_L1/quantization_official/official_15feat_9bit/qModel9/hls4ml_prj/myproject_prj/solution1/.autopilot/db/myproject.pp.0.cpp:54613:5: note: FIX-IT applied suggested code changes
/data/dhoang/Btag_L1/quantization_official/official_15feat_9bit/qModel9/hls4ml_prj/myproject_prj/solution1/.autopilot/db/myproject.pp.0.cpp:54643:5: warning: Added loop label VITIS_LOOP_432_1:   [xilinx-label-all-loops]
    for (int ii = 0; ii < CONFIG_T::n_in; ii++) {
    ^~~
    VITIS_LOOP_432_1: 
/data/dhoang/Btag_L1/quantization_official/official_15feat_9bit/qModel9/hls4ml_prj/myproject_prj/solution1/.autopilot/db/myproject.pp.0.cpp:54643:5: note: FIX-IT applied suggested code changes
/data/dhoang/Btag_L1/quantization_official/official_15feat_9bit/qModel9/hls4ml_prj/myproject_prj/solution1/.autopilot/db/myproject.pp.0.cpp:54662:2: warning: Added loop label VITIS_LOOP_451_1:   [xilinx-label-all-loops]
 for (int ii = 0; ii < CONFIG_T::n_in; ii++) {
 ^~~
 VITIS_LOOP_451_1: 
/data/dhoang/Btag_L1/quantization_official/official_15feat_9bit/qModel9/hls4ml_prj/myproject_prj/solution1/.autopilot/db/myproject.pp.0.cpp:54662:2: note: FIX-IT applied suggested code changes
/data/dhoang/Btag_L1/quantization_official/official_15feat_9bit/qModel9/hls4ml_prj/myproject_prj/solution1/.autopilot/db/myproject.pp.0.cpp:54678:5: warning: Added loop label VITIS_LOOP_467_1:   [xilinx-label-all-loops]
    for (int ii = 0; ii < CONFIG_T::n_in; ii++) {
    ^~~
    VITIS_LOOP_467_1: 
/data/dhoang/Btag_L1/quantization_official/official_15feat_9bit/qModel9/hls4ml_prj/myproject_prj/solution1/.autopilot/db/myproject.pp.0.cpp:54678:5: note: FIX-IT applied suggested code changes
/data/dhoang/Btag_L1/quantization_official/official_15feat_9bit/qModel9/hls4ml_prj/myproject_prj/solution1/.autopilot/db/myproject.pp.0.cpp:54696:5: warning: Added loop label VITIS_LOOP_485_1:   [xilinx-label-all-loops]
    for (int ii = 0; ii < CONFIG_T::n_in; ii++) {
    ^~~
    VITIS_LOOP_485_1: 
/data/dhoang/Btag_L1/quantization_official/official_15feat_9bit/qModel9/hls4ml_prj/myproject_prj/solution1/.autopilot/db/myproject.pp.0.cpp:54696:5: note: FIX-IT applied suggested code changes
/data/dhoang/Btag_L1/quantization_official/official_15feat_9bit/qModel9/hls4ml_prj/myproject_prj/solution1/.autopilot/db/myproject.pp.0.cpp:54713:5: warning: Added loop label VITIS_LOOP_502_1:   [xilinx-label-all-loops]
    for (int ii = 0; ii < CONFIG_T::n_in; ii++) {
    ^~~
    VITIS_LOOP_502_1: 
/data/dhoang/Btag_L1/quantization_official/official_15feat_9bit/qModel9/hls4ml_prj/myproject_prj/solution1/.autopilot/db/myproject.pp.0.cpp:54713:5: note: FIX-IT applied suggested code changes
/data/dhoang/Btag_L1/quantization_official/official_15feat_9bit/qModel9/hls4ml_prj/myproject_prj/solution1/.autopilot/db/myproject.pp.0.cpp:54730:5: warning: Added loop label VITIS_LOOP_519_1:   [xilinx-label-all-loops]
    for (int ii = 0; ii < N_TABLE; ii++) {
    ^~~
    VITIS_LOOP_519_1: 
/data/dhoang/Btag_L1/quantization_official/official_15feat_9bit/qModel9/hls4ml_prj/myproject_prj/solution1/.autopilot/db/myproject.pp.0.cpp:54730:5: note: FIX-IT applied suggested code changes
/data/dhoang/Btag_L1/quantization_official/official_15feat_9bit/qModel9/hls4ml_prj/myproject_prj/solution1/.autopilot/db/myproject.pp.0.cpp:54760:5: warning: Added loop label VITIS_LOOP_549_1:   [xilinx-label-all-loops]
    for (int ii = 0; ii < CONFIG_T::n_in; ii++) {
    ^~~
    VITIS_LOOP_549_1: 
/data/dhoang/Btag_L1/quantization_official/official_15feat_9bit/qModel9/hls4ml_prj/myproject_prj/solution1/.autopilot/db/myproject.pp.0.cpp:54760:5: note: FIX-IT applied suggested code changes
/data/dhoang/Btag_L1/quantization_official/official_15feat_9bit/qModel9/hls4ml_prj/myproject_prj/solution1/.autopilot/db/myproject.pp.0.cpp:54779:5: warning: Added loop label VITIS_LOOP_568_1:   [xilinx-label-all-loops]
    for (int ii = 0; ii < N_TABLE; ii++) {
    ^~~
    VITIS_LOOP_568_1: 
/data/dhoang/Btag_L1/quantization_official/official_15feat_9bit/qModel9/hls4ml_prj/myproject_prj/solution1/.autopilot/db/myproject.pp.0.cpp:54779:5: note: FIX-IT applied suggested code changes
/data/dhoang/Btag_L1/quantization_official/official_15feat_9bit/qModel9/hls4ml_prj/myproject_prj/solution1/.autopilot/db/myproject.pp.0.cpp:54809:5: warning: Added loop label VITIS_LOOP_598_1:   [xilinx-label-all-loops]
    for (int ii = 0; ii < CONFIG_T::n_in; ii++) {
    ^~~
    VITIS_LOOP_598_1: 
/data/dhoang/Btag_L1/quantization_official/official_15feat_9bit/qModel9/hls4ml_prj/myproject_prj/solution1/.autopilot/db/myproject.pp.0.cpp:54809:5: note: FIX-IT applied suggested code changes
/data/dhoang/Btag_L1/quantization_official/official_15feat_9bit/qModel9/hls4ml_prj/myproject_prj/solution1/.autopilot/db/myproject.pp.0.cpp:54828:5: warning: Added loop label VITIS_LOOP_617_1:   [xilinx-label-all-loops]
    for (int ii = 0; ii < N_TABLE; ii++) {
    ^~~
    VITIS_LOOP_617_1: 
/data/dhoang/Btag_L1/quantization_official/official_15feat_9bit/qModel9/hls4ml_prj/myproject_prj/solution1/.autopilot/db/myproject.pp.0.cpp:54828:5: note: FIX-IT applied suggested code changes
/data/dhoang/Btag_L1/quantization_official/official_15feat_9bit/qModel9/hls4ml_prj/myproject_prj/solution1/.autopilot/db/myproject.pp.0.cpp:54858:5: warning: Added loop label VITIS_LOOP_647_1:   [xilinx-label-all-loops]
    for (int ii = 0; ii < CONFIG_T::n_in; ii++) {
    ^~~
    VITIS_LOOP_647_1: 
/data/dhoang/Btag_L1/quantization_official/official_15feat_9bit/qModel9/hls4ml_prj/myproject_prj/solution1/.autopilot/db/myproject.pp.0.cpp:54858:5: note: FIX-IT applied suggested code changes
/data/dhoang/Btag_L1/quantization_official/official_15feat_9bit/qModel9/hls4ml_prj/myproject_prj/solution1/.autopilot/db/myproject.pp.0.cpp:54885:5: warning: Added loop label VITIS_LOOP_674_1:   [xilinx-label-all-loops]
    for (int ii = 0; ii < N_TABLE; ii++) {
    ^~~
    VITIS_LOOP_674_1: 
/data/dhoang/Btag_L1/quantization_official/official_15feat_9bit/qModel9/hls4ml_prj/myproject_prj/solution1/.autopilot/db/myproject.pp.0.cpp:54885:5: note: FIX-IT applied suggested code changes
/data/dhoang/Btag_L1/quantization_official/official_15feat_9bit/qModel9/hls4ml_prj/myproject_prj/solution1/.autopilot/db/myproject.pp.0.cpp:54914:5: warning: Added loop label VITIS_LOOP_703_1:   [xilinx-label-all-loops]
    for (int ii = 0; ii < CONFIG_T::n_in; ii++) {
    ^~~
    VITIS_LOOP_703_1: 
/data/dhoang/Btag_L1/quantization_official/official_15feat_9bit/qModel9/hls4ml_prj/myproject_prj/solution1/.autopilot/db/myproject.pp.0.cpp:54914:5: note: FIX-IT applied suggested code changes
/data/dhoang/Btag_L1/quantization_official/official_15feat_9bit/qModel9/hls4ml_prj/myproject_prj/solution1/.autopilot/db/myproject.pp.0.cpp:54935:5: warning: Added loop label VITIS_LOOP_724_1:   [xilinx-label-all-loops]
    for (int ii = 0; ii < CONFIG_T::n_in; ii++) {
    ^~~
    VITIS_LOOP_724_1: 
/data/dhoang/Btag_L1/quantization_official/official_15feat_9bit/qModel9/hls4ml_prj/myproject_prj/solution1/.autopilot/db/myproject.pp.0.cpp:54935:5: note: FIX-IT applied suggested code changes
/data/dhoang/Btag_L1/quantization_official/official_15feat_9bit/qModel9/hls4ml_prj/myproject_prj/solution1/.autopilot/db/myproject.pp.0.cpp:54953:5: warning: Added loop label VITIS_LOOP_742_1:   [xilinx-label-all-loops]
    for (int ii = 0; ii < CONFIG_T::n_in; ii++) {
    ^~~
    VITIS_LOOP_742_1: 
/data/dhoang/Btag_L1/quantization_official/official_15feat_9bit/qModel9/hls4ml_prj/myproject_prj/solution1/.autopilot/db/myproject.pp.0.cpp:54953:5: note: FIX-IT applied suggested code changes
/data/dhoang/Btag_L1/quantization_official/official_15feat_9bit/qModel9/hls4ml_prj/myproject_prj/solution1/.autopilot/db/myproject.pp.0.cpp:54973:5: warning: Added loop label VITIS_LOOP_762_1:   [xilinx-label-all-loops]
    for (int ii = 0; ii < CONFIG_T::n_in; ii++) {
    ^~~
    VITIS_LOOP_762_1: 
/data/dhoang/Btag_L1/quantization_official/official_15feat_9bit/qModel9/hls4ml_prj/myproject_prj/solution1/.autopilot/db/myproject.pp.0.cpp:54973:5: note: FIX-IT applied suggested code changes
/data/dhoang/Btag_L1/quantization_official/official_15feat_9bit/qModel9/hls4ml_prj/myproject_prj/solution1/.autopilot/db/myproject.pp.0.cpp:55069:9: warning: Added loop label VITIS_LOOP_73_1:   [xilinx-label-all-loops]
        for (int i = 0; i < N / data_T::size; i++) {
        ^~~
        VITIS_LOOP_73_1: 
/data/dhoang/Btag_L1/quantization_official/official_15feat_9bit/qModel9/hls4ml_prj/myproject_prj/solution1/.autopilot/db/myproject.pp.0.cpp:55069:9: note: FIX-IT applied suggested code changes
/data/dhoang/Btag_L1/quantization_official/official_15feat_9bit/qModel9/hls4ml_prj/myproject_prj/solution1/.autopilot/db/myproject.pp.0.cpp:55076:13: warning: Added loop label VITIS_LOOP_80_2:   [xilinx-label-all-loops]
            for (int j = 0; j < data_T::size; j++) {
            ^~~
            VITIS_LOOP_80_2: 
/data/dhoang/Btag_L1/quantization_official/official_15feat_9bit/qModel9/hls4ml_prj/myproject_prj/solution1/.autopilot/db/myproject.pp.0.cpp:55076:13: note: FIX-IT applied suggested code changes
/data/dhoang/Btag_L1/quantization_official/official_15feat_9bit/qModel9/hls4ml_prj/myproject_prj/solution1/.autopilot/db/myproject.pp.0.cpp:55085:9: warning: Added loop label VITIS_LOOP_89_3:   [xilinx-label-all-loops]
        for (int i = 0; i < N / data_T::size; i++) {
        ^~~
        VITIS_LOOP_89_3: 
/data/dhoang/Btag_L1/quantization_official/official_15feat_9bit/qModel9/hls4ml_prj/myproject_prj/solution1/.autopilot/db/myproject.pp.0.cpp:55085:9: note: FIX-IT applied suggested code changes
/data/dhoang/Btag_L1/quantization_official/official_15feat_9bit/qModel9/hls4ml_prj/myproject_prj/solution1/.autopilot/db/myproject.pp.0.cpp:55094:13: warning: Added loop label VITIS_LOOP_98_4:   [xilinx-label-all-loops]
            for (int j = 0; j < pack_diff; j++) {
            ^~~
            VITIS_LOOP_98_4: 
/data/dhoang/Btag_L1/quantization_official/official_15feat_9bit/qModel9/hls4ml_prj/myproject_prj/solution1/.autopilot/db/myproject.pp.0.cpp:55094:13: note: FIX-IT applied suggested code changes
/data/dhoang/Btag_L1/quantization_official/official_15feat_9bit/qModel9/hls4ml_prj/myproject_prj/solution1/.autopilot/db/myproject.pp.0.cpp:55098:17: warning: Added loop label VITIS_LOOP_102_5:   [xilinx-label-all-loops]
                for (int k = 0; k < res_T::size; k++) {
                ^~~
                VITIS_LOOP_102_5: 
/data/dhoang/Btag_L1/quantization_official/official_15feat_9bit/qModel9/hls4ml_prj/myproject_prj/solution1/.autopilot/db/myproject.pp.0.cpp:55098:17: note: FIX-IT applied suggested code changes
/data/dhoang/Btag_L1/quantization_official/official_15feat_9bit/qModel9/hls4ml_prj/myproject_prj/solution1/.autopilot/db/myproject.pp.0.cpp:55109:9: warning: Added loop label VITIS_LOOP_113_6:   [xilinx-label-all-loops]
        for (int i = 0; i < N / data_T::size; i++) {
        ^~~
        VITIS_LOOP_113_6: 
/data/dhoang/Btag_L1/quantization_official/official_15feat_9bit/qModel9/hls4ml_prj/myproject_prj/solution1/.autopilot/db/myproject.pp.0.cpp:55109:9: note: FIX-IT applied suggested code changes
/data/dhoang/Btag_L1/quantization_official/official_15feat_9bit/qModel9/hls4ml_prj/myproject_prj/solution1/.autopilot/db/myproject.pp.0.cpp:55113:13: warning: Added loop label VITIS_LOOP_117_7:   [xilinx-label-all-loops]
            for (int j = 0; j < data_T::size; j++) {
            ^~~
            VITIS_LOOP_117_7: 
/data/dhoang/Btag_L1/quantization_official/official_15feat_9bit/qModel9/hls4ml_prj/myproject_prj/solution1/.autopilot/db/myproject.pp.0.cpp:55113:13: note: FIX-IT applied suggested code changes
/data/dhoang/Btag_L1/quantization_official/official_15feat_9bit/qModel9/hls4ml_prj/myproject_prj/solution1/.autopilot/db/myproject.pp.0.cpp:55137:9: warning: Added loop label VITIS_LOOP_141_1:   [xilinx-label-all-loops]
        for (int j = 0; j < n_dupl; j++) {
        ^~~
        VITIS_LOOP_141_1: 
/data/dhoang/Btag_L1/quantization_official/official_15feat_9bit/qModel9/hls4ml_prj/myproject_prj/solution1/.autopilot/db/myproject.pp.0.cpp:55137:9: note: FIX-IT applied suggested code changes
/data/dhoang/Btag_L1/quantization_official/official_15feat_9bit/qModel9/hls4ml_prj/myproject_prj/solution1/.autopilot/db/myproject.pp.0.cpp:55141:13: warning: Added loop label VITIS_LOOP_145_2:   [xilinx-label-all-loops]
            for (int k = 0; k < res_T::size; k++) {
            ^~~
            VITIS_LOOP_145_2: 
/data/dhoang/Btag_L1/quantization_official/official_15feat_9bit/qModel9/hls4ml_prj/myproject_prj/solution1/.autopilot/db/myproject.pp.0.cpp:55141:13: note: FIX-IT applied suggested code changes
/data/dhoang/Btag_L1/quantization_official/official_15feat_9bit/qModel9/hls4ml_prj/myproject_prj/solution1/.autopilot/db/myproject.pp.0.cpp:55160:9: warning: Added loop label VITIS_LOOP_164_1:   [xilinx-label-all-loops]
        for (int k = 0; k < res_T::size; k++) {
        ^~~
        VITIS_LOOP_164_1: 
/data/dhoang/Btag_L1/quantization_official/official_15feat_9bit/qModel9/hls4ml_prj/myproject_prj/solution1/.autopilot/db/myproject.pp.0.cpp:55160:9: note: FIX-IT applied suggested code changes
/data/dhoang/Btag_L1/quantization_official/official_15feat_9bit/qModel9/hls4ml_prj/myproject_prj/solution1/.autopilot/db/myproject.pp.0.cpp:55183:2: warning: Added loop label VITIS_LOOP_187_1:   [xilinx-label-all-loops]
 for (int i = 0; i < CONFIG_T::height * CONFIG_T::width / data_T::size; i++) {
 ^~~
 VITIS_LOOP_187_1: 
/data/dhoang/Btag_L1/quantization_official/official_15feat_9bit/qModel9/hls4ml_prj/myproject_prj/solution1/.autopilot/db/myproject.pp.0.cpp:55183:2: note: FIX-IT applied suggested code changes
/data/dhoang/Btag_L1/quantization_official/official_15feat_9bit/qModel9/hls4ml_prj/myproject_prj/solution1/.autopilot/db/myproject.pp.0.cpp:55186:9: warning: Added loop label VITIS_LOOP_190_2:   [xilinx-label-all-loops]
        for (int j = 0; j < data_T::size; j++) {
        ^~~
        VITIS_LOOP_190_2: 
/data/dhoang/Btag_L1/quantization_official/official_15feat_9bit/qModel9/hls4ml_prj/myproject_prj/solution1/.autopilot/db/myproject.pp.0.cpp:55186:9: note: FIX-IT applied suggested code changes
/data/dhoang/Btag_L1/quantization_official/official_15feat_9bit/qModel9/hls4ml_prj/myproject_prj/solution1/.autopilot/db/myproject.pp.0.cpp:55191:5: warning: Added loop label VITIS_LOOP_195_3:   [xilinx-label-all-loops]
    for (int i = 0; i < CONFIG_T::height * CONFIG_T::width / res_T::size; i++) {
    ^~~
    VITIS_LOOP_195_3: 
/data/dhoang/Btag_L1/quantization_official/official_15feat_9bit/qModel9/hls4ml_prj/myproject_prj/solution1/.autopilot/db/myproject.pp.0.cpp:55191:5: note: FIX-IT applied suggested code changes
/data/dhoang/Btag_L1/quantization_official/official_15feat_9bit/qModel9/hls4ml_prj/myproject_prj/solution1/.autopilot/db/myproject.pp.0.cpp:55195:9: warning: Added loop label VITIS_LOOP_199_4:   [xilinx-label-all-loops]
        for (int j = 0; j < res_T::size; j++) {
        ^~~
        VITIS_LOOP_199_4: 
/data/dhoang/Btag_L1/quantization_official/official_15feat_9bit/qModel9/hls4ml_prj/myproject_prj/solution1/.autopilot/db/myproject.pp.0.cpp:55195:9: note: FIX-IT applied suggested code changes
/data/dhoang/Btag_L1/quantization_official/official_15feat_9bit/qModel9/hls4ml_prj/myproject_prj/solution1/.autopilot/db/myproject.pp.0.cpp:55409:9: warning: Added loop label VITIS_LOOP_213_1:   [xilinx-label-all-loops]
        for (unsigned j = 0; j < data_T::size; j++) {
        ^~~
        VITIS_LOOP_213_1: 
/data/dhoang/Btag_L1/quantization_official/official_15feat_9bit/qModel9/hls4ml_prj/myproject_prj/solution1/.autopilot/db/myproject.pp.0.cpp:55409:9: note: FIX-IT applied suggested code changes
/data/dhoang/Btag_L1/quantization_official/official_15feat_9bit/qModel9/hls4ml_prj/myproject_prj/solution1/.autopilot/db/myproject.pp.0.cpp:55418:9: warning: Added loop label VITIS_LOOP_222_2:   [xilinx-label-all-loops]
        for (unsigned j = 0; j < data_T::size; j++) {
        ^~~
        VITIS_LOOP_222_2: 
/data/dhoang/Btag_L1/quantization_official/official_15feat_9bit/qModel9/hls4ml_prj/myproject_prj/solution1/.autopilot/db/myproject.pp.0.cpp:55418:9: note: FIX-IT applied suggested code changes
/data/dhoang/Btag_L1/quantization_official/official_15feat_9bit/qModel9/hls4ml_prj/myproject_prj/solution1/.autopilot/db/myproject.pp.0.cpp:55524:5: warning: Added loop label VITIS_LOOP_328_1:   [xilinx-label-all-loops]
    for (int i = 0; i < CONFIG_T::n_in / res_T::size; i++) {
    ^~~
    VITIS_LOOP_328_1: 
/data/dhoang/Btag_L1/quantization_official/official_15feat_9bit/qModel9/hls4ml_prj/myproject_prj/solution1/.autopilot/db/myproject.pp.0.cpp:55524:5: note: FIX-IT applied suggested code changes
/data/dhoang/Btag_L1/quantization_official/official_15feat_9bit/qModel9/hls4ml_prj/myproject_prj/solution1/.autopilot/db/myproject.pp.0.cpp:55529:9: warning: Added loop label VITIS_LOOP_333_2:   [xilinx-label-all-loops]
        for (int i = 0; i < res_T::size; i++) {
        ^~~
        VITIS_LOOP_333_2: 
/data/dhoang/Btag_L1/quantization_official/official_15feat_9bit/qModel9/hls4ml_prj/myproject_prj/solution1/.autopilot/db/myproject.pp.0.cpp:55529:9: note: FIX-IT applied suggested code changes
/data/dhoang/Btag_L1/quantization_official/official_15feat_9bit/qModel9/hls4ml_prj/myproject_prj/solution1/.autopilot/db/myproject.pp.0.cpp:55537:9: warning: Added loop label VITIS_LOOP_341_3:   [xilinx-label-all-loops]
        for (int i = 1; i < res_T::size; i++) {
        ^~~
        VITIS_LOOP_341_3: 
/data/dhoang/Btag_L1/quantization_official/official_15feat_9bit/qModel9/hls4ml_prj/myproject_prj/solution1/.autopilot/db/myproject.pp.0.cpp:55537:9: note: FIX-IT applied suggested code changes
/data/dhoang/Btag_L1/quantization_official/official_15feat_9bit/qModel9/hls4ml_prj/myproject_prj/solution1/.autopilot/db/myproject.pp.0.cpp:56783:9: warning: Added loop label VITIS_LOOP_62_1:   [xilinx-label-all-loops]
        for (unsigned i = 0; i < __SHIFT_DEPTH__; ++i)
        ^~~
        VITIS_LOOP_62_1: 
/data/dhoang/Btag_L1/quantization_official/official_15feat_9bit/qModel9/hls4ml_prj/myproject_prj/solution1/.autopilot/db/myproject.pp.0.cpp:56783:9: note: FIX-IT applied suggested code changes
/data/dhoang/Btag_L1/quantization_official/official_15feat_9bit/qModel9/hls4ml_prj/myproject_prj/solution1/.autopilot/db/myproject.pp.0.cpp:56790:9: warning: Added loop label VITIS_LOOP_69_1:   [xilinx-label-all-loops]
        for (unsigned i = 0; i < __SHIFT_DEPTH__; ++i)
        ^~~
        VITIS_LOOP_69_1: 
/data/dhoang/Btag_L1/quantization_official/official_15feat_9bit/qModel9/hls4ml_prj/myproject_prj/solution1/.autopilot/db/myproject.pp.0.cpp:56790:9: note: FIX-IT applied suggested code changes
/data/dhoang/Btag_L1/quantization_official/official_15feat_9bit/qModel9/hls4ml_prj/myproject_prj/solution1/.autopilot/db/myproject.pp.0.cpp:57264:5: warning: Added loop label VITIS_LOOP_14_1:   [xilinx-label-all-loops]
    for (unsigned k = 0; k < CONFIG_T::n_out; k++) {
    ^~~
    VITIS_LOOP_14_1: 
/data/dhoang/Btag_L1/quantization_official/official_15feat_9bit/qModel9/hls4ml_prj/myproject_prj/solution1/.autopilot/db/myproject.pp.0.cpp:57264:5: note: FIX-IT applied suggested code changes
/data/dhoang/Btag_L1/quantization_official/official_15feat_9bit/qModel9/hls4ml_prj/myproject_prj/solution1/.autopilot/db/myproject.pp.0.cpp:57324:9: warning: Added loop label VITIS_LOOP_74_1:   [xilinx-label-all-loops]
        for (int im = 0; im < CONFIG_T::n_out; im++) {
        ^~~
        VITIS_LOOP_74_1: 
/data/dhoang/Btag_L1/quantization_official/official_15feat_9bit/qModel9/hls4ml_prj/myproject_prj/solution1/.autopilot/db/myproject.pp.0.cpp:57324:9: note: FIX-IT applied suggested code changes
