Thu Aug 17 12:43:59 2023: Running xcd server. This server was built by gradle.
Thu Aug 17 12:43:59 2023: Server was asked to start on port: '37432'
Thu Aug 17 12:43:59 2023: Server is using token UUID: '18a81872-91dc-4c95-b462-5afb63fe47ff'
Thu Aug 17 12:43:59 2023: SESSION_MGR: creating session with session uuid: '6d04a3e9-ade5-4ab9-8d63-1f78fcd2ec76' and name 'default'
Thu Aug 17 12:43:59 2023: Attempting to start server on port '37432'
Thu Aug 17 12:43:59 2023: XCD main fifo: created main fifo '/tmp/xcdmain18a81872-91dc-4c95-b462-5afb63fe47ff', fd read = 14
Thu Aug 17 12:43:59 2023: Running Dispatch Server
Thu Aug 17 12:43:59 2023: Version 2.2.0
Thu Aug 17 12:44:08 2023: Dispatch Server: Accepted socket connection from client
Thu Aug 17 12:44:08 2023: Starting Socket connection
Thu Aug 17 12:44:08 2023: EXCHANGE_TOKEN received, server token: 18a81872-91dc-4c95-b462-5afb63fe47ff, passed token: 18a81872-91dc-4c95-b462-5afb63fe47ff
Thu Aug 17 12:44:08 2023: SESSION_MGR: creating session with session uuid: 'a98ce4d0-4450-4ce5-b8e9-85a5ca10bb0a' and name 'vitis_hls'
Thu Aug 17 12:44:08 2023: KERNEL_SVC: creating session with uuid: 'a98ce4d0-4450-4ce5-b8e9-85a5ca10bb0a' and name 'vitis_hls'
Thu Aug 17 12:44:08 2023: GUIDANCE_SMGR: creating guidance session with uuid: 'a98ce4d0-4450-4ce5-b8e9-85a5ca10bb0a' and name 'vitis_hls'
Thu Aug 17 12:49:42 2023: STOP_SERVER received, server token: 18a81872-91dc-4c95-b462-5afb63fe47ff, passed token: 18a81872-91dc-4c95-b462-5afb63fe47ff
Thu Aug 17 12:49:42 2023: Socket received request to stop server.
Thu Aug 17 12:49:42 2023: Dispatch Server: do_await_stop
Thu Aug 17 12:49:42 2023: Dispatch Server: stopping mainFifo_
Thu Aug 17 12:49:42 2023: XCD main fifo: Stopping
Thu Aug 17 12:49:42 2023: XCD main fifo: do_read error code: Operation canceled
Thu Aug 17 12:49:42 2023: XCD main fifo: bytes_transferred: 0
Thu Aug 17 12:49:42 2023: SERVER: destructor for server bound to port 37432
Thu Aug 17 12:49:42 2023: XCD main fifo: Good unlink of /tmp/xcdmain18a81872-91dc-4c95-b462-5afb63fe47ff
Thu Aug 17 12:49:42 2023: Server exiting with status 0.
Thu Aug 17 12:49:42 2023: Closing log file.
