

================================================================
== Vitis HLS Report for 'dense_resource_ap_fixed_9_4_0_0_0_ap_fixed_9_4_5_3_0_config15_s'
================================================================
* Date:           Mon Jun 19 04:07:15 2023

* Version:        2022.2 (Build 3670227 on Oct 13 2022)
* Project:        myproject_prj
* Solution:       solution1 (Vivado IP Flow Target)
* Product family: virtexuplus
* Target device:  xcvu9p-flga2104-2L-e


================================================================
== Performance Estimates
================================================================
+ Timing: 
    * Summary: 
    +--------+---------+----------+------------+
    |  Clock |  Target | Estimated| Uncertainty|
    +--------+---------+----------+------------+
    |ap_clk  |  5.00 ns|  3.240 ns|     0.62 ns|
    +--------+---------+----------+------------+

+ Latency: 
    * Summary: 
    +---------+---------+-----------+-----------+-----+-----+------------------------------------------+
    |  Latency (cycles) |   Latency (absolute)  |  Interval |                 Pipeline                 |
    |   min   |   max   |    min    |    max    | min | max |                   Type                   |
    +---------+---------+-----------+-----------+-----+-----+------------------------------------------+
    |        5|        6|  25.000 ns|  30.000 ns|    5|    5|  loop rewind stp(delay=0 clock cycles(s))|
    +---------+---------+-----------+-----------+-----+-----+------------------------------------------+

    + Detail: 
        * Instance: 
        N/A

        * Loop: 
        +-------------+---------+---------+----------+-----------+-----------+------+----------+
        |             |  Latency (cycles) | Iteration|  Initiation Interval  | Trip |          |
        |  Loop Name  |   min   |   max   |  Latency |  achieved |   target  | Count| Pipelined|
        +-------------+---------+---------+----------+-----------+-----------+------+----------+
        |- ReuseLoop  |        5|        5|         2|          1|          1|     5|       yes|
        +-------------+---------+---------+----------+-----------+-----------+------+----------+



================================================================
== Utilization Estimates
================================================================
* Summary: 
+---------------------+---------+------+---------+---------+-----+
|         Name        | BRAM_18K|  DSP |    FF   |   LUT   | URAM|
+---------------------+---------+------+---------+---------+-----+
|DSP                  |        -|     -|        -|        -|    -|
|Expression           |        -|     -|        0|       75|    -|
|FIFO                 |        -|     -|        -|        -|    -|
|Instance             |        -|     0|        0|      132|    -|
|Memory               |        0|     -|        8|        9|    -|
|Multiplexer          |        -|     -|        -|      267|    -|
|Register             |        -|     -|      190|        -|    -|
+---------------------+---------+------+---------+---------+-----+
|Total                |        0|     0|      198|      483|    0|
+---------------------+---------+------+---------+---------+-----+
|Available SLR        |     1440|  2280|   788160|   394080|  320|
+---------------------+---------+------+---------+---------+-----+
|Utilization SLR (%)  |        0|     0|       ~0|       ~0|    0|
+---------------------+---------+------+---------+---------+-----+
|Available            |     4320|  6840|  2364480|  1182240|  960|
+---------------------+---------+------+---------+---------+-----+
|Utilization (%)      |        0|     0|       ~0|       ~0|    0|
+---------------------+---------+------+---------+---------+-----+

+ Detail: 
    * Instance: 
    +-------------------------+-------------------+---------+----+---+----+-----+
    |         Instance        |       Module      | BRAM_18K| DSP| FF| LUT| URAM|
    +-------------------------+-------------------+---------+----+---+----+-----+
    |mul_8s_8ns_15_1_1_U1874  |mul_8s_8ns_15_1_1  |        0|   0|  0|  40|    0|
    |mul_8s_8ns_15_1_1_U1876  |mul_8s_8ns_15_1_1  |        0|   0|  0|  40|    0|
    |mux_53_8_1_1_U1873       |mux_53_8_1_1       |        0|   0|  0|  26|    0|
    |mux_53_8_1_1_U1875       |mux_53_8_1_1       |        0|   0|  0|  26|    0|
    +-------------------------+-------------------+---------+----+---+----+-----+
    |Total                    |                   |        0|   0|  0| 132|    0|
    +-------------------------+-------------------+---------+----+---+----+-----+

    * DSP: 
    N/A

    * Memory: 
    +---------+----------------------------------------------------------------------------------+---------+---+----+-----+------+-----+------+-------------+
    |  Memory |                                      Module                                      | BRAM_18K| FF| LUT| URAM| Words| Bits| Banks| W*Bits*Banks|
    +---------+----------------------------------------------------------------------------------+---------+---+----+-----+------+-----+------+-------------+
    |w15_V_U  |dense_resource_ap_fixed_9_4_0_0_0_ap_fixed_9_4_5_3_0_config15_s_w15_V_ROM_AUTdEe  |        0|  8|   9|    0|    10|    8|     1|           80|
    +---------+----------------------------------------------------------------------------------+---------+---+----+-----+------+-----+------+-------------+
    |Total    |                                                                                  |        0|  8|   9|    0|    10|    8|     1|           80|
    +---------+----------------------------------------------------------------------------------+---------+---+----+-----+------+-----+------+-------------+

    * FIFO: 
    N/A

    * Expression: 
    +-----------------------+----------+----+---+----+------------+------------+
    |     Variable Name     | Operation| DSP| FF| LUT| Bitwidth P0| Bitwidth P1|
    +-----------------------+----------+----+---+----+------------+------------+
    |add_ln813_1_fu_598_p2  |         +|   0|  0|  18|           9|           9|
    |add_ln813_fu_592_p2    |         +|   0|  0|  18|           9|           9|
    |empty_34_fu_479_p2     |         +|   0|  0|  12|           5|           4|
    |in_index_fu_500_p2     |         +|   0|  0|  10|           3|           1|
    |ap_condition_165       |       and|   0|  0|   2|           1|           1|
    |ap_condition_42        |       and|   0|  0|   2|           1|           1|
    |icmp_ln42_fu_506_p2    |      icmp|   0|  0|   9|           3|           4|
    |ap_block_state1        |        or|   0|  0|   2|           1|           1|
    |ap_enable_pp0          |       xor|   0|  0|   2|           1|           2|
    +-----------------------+----------+----+---+----+------------+------------+
    |Total                  |          |   0|  0|  75|          33|          32|
    +-----------------------+----------+----+---+----+------------+------------+

    * Multiplexer: 
    +--------------------------------------------+----+-----------+-----+-----------+
    |                    Name                    | LUT| Input Size| Bits| Total Bits|
    +--------------------------------------------+----+-----------+-----+-----------+
    |ap_NS_fsm                                   |  14|          3|    1|          3|
    |ap_done                                     |   9|          2|    1|          2|
    |ap_enable_reg_pp0_iter1                     |   9|          2|    1|          2|
    |ap_phi_mux_do_init_phi_fu_161_p6            |  14|          3|    1|          3|
    |ap_phi_mux_in_index9_phi_fu_177_p6          |  14|          3|    3|          9|
    |ap_phi_mux_p_read113_phi_phi_fu_358_p4      |   9|          2|    8|         16|
    |ap_phi_mux_p_read12_phi_phi_fu_346_p4       |   9|          2|    8|         16|
    |ap_phi_mux_p_read214_phi_phi_fu_370_p4      |   9|          2|    8|         16|
    |ap_phi_mux_p_read315_phi_phi_fu_382_p4      |   9|          2|    8|         16|
    |ap_phi_mux_p_read416_phi_phi_fu_394_p4      |   9|          2|    8|         16|
    |ap_phi_mux_p_read517_phi_phi_fu_406_p4      |   9|          2|    8|         16|
    |ap_phi_mux_p_read618_phi_phi_fu_418_p4      |   9|          2|    8|         16|
    |ap_phi_mux_p_read719_phi_phi_fu_430_p4      |   9|          2|    8|         16|
    |ap_phi_mux_p_read820_phi_phi_fu_442_p4      |   9|          2|    8|         16|
    |ap_phi_mux_p_read921_phi_phi_fu_454_p4      |   9|          2|    8|         16|
    |ap_phi_reg_pp0_iter1_p_read113_phi_reg_354  |   9|          2|    8|         16|
    |ap_phi_reg_pp0_iter1_p_read12_phi_reg_342   |   9|          2|    8|         16|
    |ap_phi_reg_pp0_iter1_p_read214_phi_reg_366  |   9|          2|    8|         16|
    |ap_phi_reg_pp0_iter1_p_read315_phi_reg_378  |   9|          2|    8|         16|
    |ap_phi_reg_pp0_iter1_p_read416_phi_reg_390  |   9|          2|    8|         16|
    |ap_phi_reg_pp0_iter1_p_read517_phi_reg_402  |   9|          2|    8|         16|
    |ap_phi_reg_pp0_iter1_p_read618_phi_reg_414  |   9|          2|    8|         16|
    |ap_phi_reg_pp0_iter1_p_read719_phi_reg_426  |   9|          2|    8|         16|
    |ap_phi_reg_pp0_iter1_p_read820_phi_reg_438  |   9|          2|    8|         16|
    |ap_phi_reg_pp0_iter1_p_read921_phi_reg_450  |   9|          2|    8|         16|
    |ap_return                                   |   9|          2|    9|         18|
    |in_index9_reg_173                           |   9|          2|    3|          6|
    |res_010_reg_328                             |   9|          2|    9|         18|
    +--------------------------------------------+----+-----------+-----+-----------+
    |Total                                       | 267|         59|  188|        381|
    +--------------------------------------------+----+-----------+-----+-----------+

    * Register: 
    +--------------------------------------------+---+----+-----+-----------+
    |                    Name                    | FF| LUT| Bits| Const Bits|
    +--------------------------------------------+---+----+-----+-----------+
    |ap_CS_fsm                                   |  2|   0|    2|          0|
    |ap_done_reg                                 |  1|   0|    1|          0|
    |ap_enable_reg_pp0_iter1                     |  1|   0|    1|          0|
    |ap_phi_reg_pp0_iter1_p_read113_phi_reg_354  |  8|   0|    8|          0|
    |ap_phi_reg_pp0_iter1_p_read12_phi_reg_342   |  8|   0|    8|          0|
    |ap_phi_reg_pp0_iter1_p_read214_phi_reg_366  |  8|   0|    8|          0|
    |ap_phi_reg_pp0_iter1_p_read315_phi_reg_378  |  8|   0|    8|          0|
    |ap_phi_reg_pp0_iter1_p_read416_phi_reg_390  |  8|   0|    8|          0|
    |ap_phi_reg_pp0_iter1_p_read517_phi_reg_402  |  8|   0|    8|          0|
    |ap_phi_reg_pp0_iter1_p_read618_phi_reg_414  |  8|   0|    8|          0|
    |ap_phi_reg_pp0_iter1_p_read719_phi_reg_426  |  8|   0|    8|          0|
    |ap_phi_reg_pp0_iter1_p_read820_phi_reg_438  |  8|   0|    8|          0|
    |ap_phi_reg_pp0_iter1_p_read921_phi_reg_450  |  8|   0|    8|          0|
    |ap_return_preg                              |  9|   0|    9|          0|
    |do_init_reg_157                             |  1|   0|    1|          0|
    |icmp_ln42_reg_673                           |  1|   0|    1|          0|
    |in_index9_reg_173                           |  3|   0|    3|          0|
    |in_index_reg_668                            |  3|   0|    3|          0|
    |p_read113_rewind_reg_202                    |  8|   0|    8|          0|
    |p_read12_rewind_reg_188                     |  8|   0|    8|          0|
    |p_read214_rewind_reg_216                    |  8|   0|    8|          0|
    |p_read315_rewind_reg_230                    |  8|   0|    8|          0|
    |p_read416_rewind_reg_244                    |  8|   0|    8|          0|
    |p_read517_rewind_reg_258                    |  8|   0|    8|          0|
    |p_read618_rewind_reg_272                    |  8|   0|    8|          0|
    |p_read719_rewind_reg_286                    |  8|   0|    8|          0|
    |p_read820_rewind_reg_300                    |  8|   0|    8|          0|
    |p_read921_rewind_reg_314                    |  8|   0|    8|          0|
    |res_010_reg_328                             |  9|   0|    9|          0|
    +--------------------------------------------+---+----+-----+-----------+
    |Total                                       |190|   0|  190|          0|
    +--------------------------------------------+---+----+-----+-----------+



================================================================
== Interface
================================================================
* Summary: 
+-------------+-----+-----+------------+----------------------------------------------------------------------------+--------------+
|  RTL Ports  | Dir | Bits|  Protocol  |                                Source Object                               |    C Type    |
+-------------+-----+-----+------------+----------------------------------------------------------------------------+--------------+
|ap_clk       |   in|    1|  ap_ctrl_hs|  dense_resource<ap_fixed<9, 4, 0, 0, 0>, ap_fixed<9, 4, 5, 3, 0>, config15>|  return value|
|ap_rst       |   in|    1|  ap_ctrl_hs|  dense_resource<ap_fixed<9, 4, 0, 0, 0>, ap_fixed<9, 4, 5, 3, 0>, config15>|  return value|
|ap_start     |   in|    1|  ap_ctrl_hs|  dense_resource<ap_fixed<9, 4, 0, 0, 0>, ap_fixed<9, 4, 5, 3, 0>, config15>|  return value|
|ap_done      |  out|    1|  ap_ctrl_hs|  dense_resource<ap_fixed<9, 4, 0, 0, 0>, ap_fixed<9, 4, 5, 3, 0>, config15>|  return value|
|ap_continue  |   in|    1|  ap_ctrl_hs|  dense_resource<ap_fixed<9, 4, 0, 0, 0>, ap_fixed<9, 4, 5, 3, 0>, config15>|  return value|
|ap_idle      |  out|    1|  ap_ctrl_hs|  dense_resource<ap_fixed<9, 4, 0, 0, 0>, ap_fixed<9, 4, 5, 3, 0>, config15>|  return value|
|ap_ready     |  out|    1|  ap_ctrl_hs|  dense_resource<ap_fixed<9, 4, 0, 0, 0>, ap_fixed<9, 4, 5, 3, 0>, config15>|  return value|
|ap_return    |  out|    9|  ap_ctrl_hs|  dense_resource<ap_fixed<9, 4, 0, 0, 0>, ap_fixed<9, 4, 5, 3, 0>, config15>|  return value|
|p_read       |   in|    8|     ap_none|                                                                      p_read|        scalar|
|p_read1      |   in|    8|     ap_none|                                                                     p_read1|        scalar|
|p_read2      |   in|    8|     ap_none|                                                                     p_read2|        scalar|
|p_read3      |   in|    8|     ap_none|                                                                     p_read3|        scalar|
|p_read4      |   in|    8|     ap_none|                                                                     p_read4|        scalar|
|p_read5      |   in|    8|     ap_none|                                                                     p_read5|        scalar|
|p_read6      |   in|    8|     ap_none|                                                                     p_read6|        scalar|
|p_read7      |   in|    8|     ap_none|                                                                     p_read7|        scalar|
|p_read8      |   in|    8|     ap_none|                                                                     p_read8|        scalar|
|p_read9      |   in|    8|     ap_none|                                                                     p_read9|        scalar|
+-------------+-----+-----+------------+----------------------------------------------------------------------------+--------------+

