

================================================================
== Vitis HLS Report for 'linear_ap_fixed_9_4_5_3_0_ap_fixed_9_4_0_0_0_linear_config16_s'
================================================================
* Date:           Mon Jun 19 04:07:15 2023

* Version:        2022.2 (Build 3670227 on Oct 13 2022)
* Project:        myproject_prj
* Solution:       solution1 (Vivado IP Flow Target)
* Product family: virtexuplus
* Target device:  xcvu9p-flga2104-2L-e


================================================================
== Performance Estimates
================================================================
+ Timing: 
    * Summary: 
    +--------+---------+----------+------------+
    |  Clock |  Target | Estimated| Uncertainty|
    +--------+---------+----------+------------+
    |ap_clk  |  5.00 ns|  1.429 ns|     0.62 ns|
    +--------+---------+----------+------------+

+ Latency: 
    * Summary: 
    +---------+---------+----------+----------+-----+-----+---------+
    |  Latency (cycles) |  Latency (absolute) |  Interval | Pipeline|
    |   min   |   max   |    min   |    max   | min | max |   Type  |
    +---------+---------+----------+----------+-----+-----+---------+
    |        0|        0|      0 ns|      0 ns|    1|    1|      yes|
    +---------+---------+----------+----------+-----+-----+---------+

    + Detail: 
        * Instance: 
        N/A

        * Loop: 
        N/A



================================================================
== Utilization Estimates
================================================================
* Summary: 
+---------------------+---------+------+---------+---------+-----+
|         Name        | BRAM_18K|  DSP |    FF   |   LUT   | URAM|
+---------------------+---------+------+---------+---------+-----+
|DSP                  |        -|     -|        -|        -|    -|
|Expression           |        -|     -|        0|        2|    -|
|FIFO                 |        -|     -|        -|        -|    -|
|Instance             |        -|     -|        -|        -|    -|
|Memory               |        -|     -|        -|        -|    -|
|Multiplexer          |        -|     -|        -|       18|    -|
|Register             |        -|     -|       11|        -|    -|
+---------------------+---------+------+---------+---------+-----+
|Total                |        0|     0|       11|       20|    0|
+---------------------+---------+------+---------+---------+-----+
|Available SLR        |     1440|  2280|   788160|   394080|  320|
+---------------------+---------+------+---------+---------+-----+
|Utilization SLR (%)  |        0|     0|       ~0|       ~0|    0|
+---------------------+---------+------+---------+---------+-----+
|Available            |     4320|  6840|  2364480|  1182240|  960|
+---------------------+---------+------+---------+---------+-----+
|Utilization (%)      |        0|     0|       ~0|       ~0|    0|
+---------------------+---------+------+---------+---------+-----+

+ Detail: 
    * Instance: 
    N/A

    * DSP: 
    N/A

    * Memory: 
    N/A

    * FIFO: 
    N/A

    * Expression: 
    +-----------------+----------+----+---+----+------------+------------+
    |  Variable Name  | Operation| DSP| FF| LUT| Bitwidth P0| Bitwidth P1|
    +-----------------+----------+----+---+----+------------+------------+
    |ap_block_state1  |        or|   0|  0|   2|           1|           1|
    +-----------------+----------+----+---+----+------------+------------+
    |Total            |          |   0|  0|   2|           1|           1|
    +-----------------+----------+----+---+----+------------+------------+

    * Multiplexer: 
    +-----------+----+-----------+-----+-----------+
    |    Name   | LUT| Input Size| Bits| Total Bits|
    +-----------+----+-----------+-----+-----------+
    |ap_done    |   9|          2|    1|          2|
    |ap_return  |   9|          2|    9|         18|
    +-----------+----+-----------+-----+-----------+
    |Total      |  18|          4|   10|         20|
    +-----------+----+-----------+-----+-----------+

    * Register: 
    +----------------+---+----+-----+-----------+
    |      Name      | FF| LUT| Bits| Const Bits|
    +----------------+---+----+-----+-----------+
    |ap_CS_fsm       |  1|   0|    1|          0|
    |ap_done_reg     |  1|   0|    1|          0|
    |ap_return_preg  |  9|   0|    9|          0|
    +----------------+---+----+-----+-----------+
    |Total           | 11|   0|   11|          0|
    +----------------+---+----+-----+-----------+



================================================================
== Interface
================================================================
* Summary: 
+-------------+-----+-----+------------+---------------------------------------------------------------------------+--------------+
|  RTL Ports  | Dir | Bits|  Protocol  |                               Source Object                               |    C Type    |
+-------------+-----+-----+------------+---------------------------------------------------------------------------+--------------+
|ap_clk       |   in|    1|  ap_ctrl_hs|  linear<ap_fixed<9, 4, 5, 3, 0>, ap_fixed<9, 4, 0, 0, 0>, linear_config16>|  return value|
|ap_rst       |   in|    1|  ap_ctrl_hs|  linear<ap_fixed<9, 4, 5, 3, 0>, ap_fixed<9, 4, 0, 0, 0>, linear_config16>|  return value|
|ap_start     |   in|    1|  ap_ctrl_hs|  linear<ap_fixed<9, 4, 5, 3, 0>, ap_fixed<9, 4, 0, 0, 0>, linear_config16>|  return value|
|ap_done      |  out|    1|  ap_ctrl_hs|  linear<ap_fixed<9, 4, 5, 3, 0>, ap_fixed<9, 4, 0, 0, 0>, linear_config16>|  return value|
|ap_continue  |   in|    1|  ap_ctrl_hs|  linear<ap_fixed<9, 4, 5, 3, 0>, ap_fixed<9, 4, 0, 0, 0>, linear_config16>|  return value|
|ap_idle      |  out|    1|  ap_ctrl_hs|  linear<ap_fixed<9, 4, 5, 3, 0>, ap_fixed<9, 4, 0, 0, 0>, linear_config16>|  return value|
|ap_ready     |  out|    1|  ap_ctrl_hs|  linear<ap_fixed<9, 4, 5, 3, 0>, ap_fixed<9, 4, 0, 0, 0>, linear_config16>|  return value|
|ap_return    |  out|    9|  ap_ctrl_hs|  linear<ap_fixed<9, 4, 5, 3, 0>, ap_fixed<9, 4, 0, 0, 0>, linear_config16>|  return value|
|p_read       |   in|    9|     ap_none|                                                                     p_read|        scalar|
+-------------+-----+-----+------------+---------------------------------------------------------------------------+--------------+

