

================================================================
== Vitis HLS Report for 'relu_ap_fixed_16_6_0_0_0_ap_fixed_9_4_0_0_0_relu_config14_s'
================================================================
* Date:           Mon Jun 19 04:07:14 2023

* Version:        2022.2 (Build 3670227 on Oct 13 2022)
* Project:        myproject_prj
* Solution:       solution1 (Vivado IP Flow Target)
* Product family: virtexuplus
* Target device:  xcvu9p-flga2104-2L-e


================================================================
== Performance Estimates
================================================================
+ Timing: 
    * Summary: 
    +--------+---------+----------+------------+
    |  Clock |  Target | Estimated| Uncertainty|
    +--------+---------+----------+------------+
    |ap_clk  |  5.00 ns|  2.438 ns|     0.62 ns|
    +--------+---------+----------+------------+

+ Latency: 
    * Summary: 
    +---------+---------+----------+----------+-----+-----+---------+
    |  Latency (cycles) |  Latency (absolute) |  Interval | Pipeline|
    |   min   |   max   |    min   |    max   | min | max |   Type  |
    +---------+---------+----------+----------+-----+-----+---------+
    |        0|        0|      0 ns|      0 ns|    1|    1|      yes|
    +---------+---------+----------+----------+-----+-----+---------+

    + Detail: 
        * Instance: 
        N/A

        * Loop: 
        N/A



================================================================
== Utilization Estimates
================================================================
* Summary: 
+---------------------+---------+------+---------+---------+-----+
|         Name        | BRAM_18K|  DSP |    FF   |   LUT   | URAM|
+---------------------+---------+------+---------+---------+-----+
|DSP                  |        -|     -|        -|        -|    -|
|Expression           |        -|     -|        0|      432|    -|
|FIFO                 |        -|     -|        -|        -|    -|
|Instance             |        -|     -|        -|        -|    -|
|Memory               |        -|     -|        -|        -|    -|
|Multiplexer          |        -|     -|        -|       99|    -|
|Register             |        -|     -|       82|        -|    -|
+---------------------+---------+------+---------+---------+-----+
|Total                |        0|     0|       82|      531|    0|
+---------------------+---------+------+---------+---------+-----+
|Available SLR        |     1440|  2280|   788160|   394080|  320|
+---------------------+---------+------+---------+---------+-----+
|Utilization SLR (%)  |        0|     0|       ~0|       ~0|    0|
+---------------------+---------+------+---------+---------+-----+
|Available            |     4320|  6840|  2364480|  1182240|  960|
+---------------------+---------+------+---------+---------+-----+
|Utilization (%)      |        0|     0|       ~0|       ~0|    0|
+---------------------+---------+------+---------+---------+-----+

+ Detail: 
    * Instance: 
    N/A

    * DSP: 
    N/A

    * Memory: 
    N/A

    * FIFO: 
    N/A

    * Expression: 
    +-----------------------------+----------+----+---+----+------------+------------+
    |        Variable Name        | Operation| DSP| FF| LUT| Bitwidth P0| Bitwidth P1|
    +-----------------------------+----------+----+---+----+------------+------------+
    |p_Val2_500_fu_204_p2         |         +|   0|  0|  15|           8|           8|
    |p_Val2_501_fu_266_p2         |         +|   0|  0|  15|           8|           8|
    |p_Val2_502_fu_328_p2         |         +|   0|  0|  15|           8|           8|
    |p_Val2_503_fu_390_p2         |         +|   0|  0|  15|           8|           8|
    |p_Val2_504_fu_452_p2         |         +|   0|  0|  15|           8|           8|
    |p_Val2_505_fu_514_p2         |         +|   0|  0|  15|           8|           8|
    |p_Val2_506_fu_576_p2         |         +|   0|  0|  15|           8|           8|
    |p_Val2_507_fu_638_p2         |         +|   0|  0|  15|           8|           8|
    |p_Val2_508_fu_700_p2         |         +|   0|  0|  15|           8|           8|
    |p_Val2_s_fu_142_p2           |         +|   0|  0|  15|           8|           8|
    |icmp_ln1649_249_fu_172_p2    |      icmp|   0|  0|  12|          13|           1|
    |icmp_ln1649_250_fu_234_p2    |      icmp|   0|  0|  12|          13|           1|
    |icmp_ln1649_251_fu_296_p2    |      icmp|   0|  0|  12|          13|           1|
    |icmp_ln1649_252_fu_358_p2    |      icmp|   0|  0|  12|          13|           1|
    |icmp_ln1649_253_fu_420_p2    |      icmp|   0|  0|  12|          13|           1|
    |icmp_ln1649_254_fu_482_p2    |      icmp|   0|  0|  12|          13|           1|
    |icmp_ln1649_255_fu_544_p2    |      icmp|   0|  0|  12|          13|           1|
    |icmp_ln1649_256_fu_606_p2    |      icmp|   0|  0|  12|          13|           1|
    |icmp_ln1649_257_fu_668_p2    |      icmp|   0|  0|  12|          13|           1|
    |icmp_ln1649_fu_110_p2        |      icmp|   0|  0|  12|          13|           1|
    |ap_block_state1              |        or|   0|  0|   2|           1|           1|
    |select_ln1649_249_fu_226_p3  |    select|   0|  0|   8|           1|           8|
    |select_ln1649_250_fu_288_p3  |    select|   0|  0|   8|           1|           8|
    |select_ln1649_251_fu_350_p3  |    select|   0|  0|   8|           1|           8|
    |select_ln1649_252_fu_412_p3  |    select|   0|  0|   8|           1|           8|
    |select_ln1649_253_fu_474_p3  |    select|   0|  0|   8|           1|           8|
    |select_ln1649_254_fu_536_p3  |    select|   0|  0|   8|           1|           8|
    |select_ln1649_255_fu_598_p3  |    select|   0|  0|   8|           1|           8|
    |select_ln1649_256_fu_660_p3  |    select|   0|  0|   8|           1|           8|
    |select_ln1649_257_fu_722_p3  |    select|   0|  0|   8|           1|           8|
    |select_ln1649_fu_164_p3      |    select|   0|  0|   8|           1|           8|
    |select_ln346_249_fu_218_p3   |    select|   0|  0|   8|           1|           2|
    |select_ln346_250_fu_280_p3   |    select|   0|  0|   8|           1|           2|
    |select_ln346_251_fu_342_p3   |    select|   0|  0|   8|           1|           2|
    |select_ln346_252_fu_404_p3   |    select|   0|  0|   8|           1|           2|
    |select_ln346_253_fu_466_p3   |    select|   0|  0|   8|           1|           2|
    |select_ln346_254_fu_528_p3   |    select|   0|  0|   8|           1|           2|
    |select_ln346_255_fu_590_p3   |    select|   0|  0|   8|           1|           2|
    |select_ln346_256_fu_652_p3   |    select|   0|  0|   8|           1|           2|
    |select_ln346_257_fu_714_p3   |    select|   0|  0|   8|           1|           2|
    |select_ln346_fu_156_p3       |    select|   0|  0|   8|           1|           2|
    +-----------------------------+----------+----+---+----+------------+------------+
    |Total                        |          |   0|  0| 432|         231|         191|
    +-----------------------------+----------+----+---+----+------------+------------+

    * Multiplexer: 
    +-------------+----+-----------+-----+-----------+
    |     Name    | LUT| Input Size| Bits| Total Bits|
    +-------------+----+-----------+-----+-----------+
    |ap_done      |   9|          2|    1|          2|
    |ap_return_0  |   9|          2|    8|         16|
    |ap_return_1  |   9|          2|    8|         16|
    |ap_return_2  |   9|          2|    8|         16|
    |ap_return_3  |   9|          2|    8|         16|
    |ap_return_4  |   9|          2|    8|         16|
    |ap_return_5  |   9|          2|    8|         16|
    |ap_return_6  |   9|          2|    8|         16|
    |ap_return_7  |   9|          2|    8|         16|
    |ap_return_8  |   9|          2|    8|         16|
    |ap_return_9  |   9|          2|    8|         16|
    +-------------+----+-----------+-----+-----------+
    |Total        |  99|         22|   81|        162|
    +-------------+----+-----------+-----+-----------+

    * Register: 
    +------------------+---+----+-----+-----------+
    |       Name       | FF| LUT| Bits| Const Bits|
    +------------------+---+----+-----+-----------+
    |ap_CS_fsm         |  1|   0|    1|          0|
    |ap_done_reg       |  1|   0|    1|          0|
    |ap_return_0_preg  |  8|   0|    8|          0|
    |ap_return_1_preg  |  8|   0|    8|          0|
    |ap_return_2_preg  |  8|   0|    8|          0|
    |ap_return_3_preg  |  8|   0|    8|          0|
    |ap_return_4_preg  |  8|   0|    8|          0|
    |ap_return_5_preg  |  8|   0|    8|          0|
    |ap_return_6_preg  |  8|   0|    8|          0|
    |ap_return_7_preg  |  8|   0|    8|          0|
    |ap_return_8_preg  |  8|   0|    8|          0|
    |ap_return_9_preg  |  8|   0|    8|          0|
    +------------------+---+----+-----+-----------+
    |Total             | 82|   0|   82|          0|
    +------------------+---+----+-----+-----------+



================================================================
== Interface
================================================================
* Summary: 
+-------------+-----+-----+------------+------------------------------------------------------------------------+--------------+
|  RTL Ports  | Dir | Bits|  Protocol  |                              Source Object                             |    C Type    |
+-------------+-----+-----+------------+------------------------------------------------------------------------+--------------+
|ap_clk       |   in|    1|  ap_ctrl_hs|  relu<ap_fixed<16, 6, 0, 0, 0>, ap_fixed<9, 4, 0, 0, 0>, relu_config14>|  return value|
|ap_rst       |   in|    1|  ap_ctrl_hs|  relu<ap_fixed<16, 6, 0, 0, 0>, ap_fixed<9, 4, 0, 0, 0>, relu_config14>|  return value|
|ap_start     |   in|    1|  ap_ctrl_hs|  relu<ap_fixed<16, 6, 0, 0, 0>, ap_fixed<9, 4, 0, 0, 0>, relu_config14>|  return value|
|ap_done      |  out|    1|  ap_ctrl_hs|  relu<ap_fixed<16, 6, 0, 0, 0>, ap_fixed<9, 4, 0, 0, 0>, relu_config14>|  return value|
|ap_continue  |   in|    1|  ap_ctrl_hs|  relu<ap_fixed<16, 6, 0, 0, 0>, ap_fixed<9, 4, 0, 0, 0>, relu_config14>|  return value|
|ap_idle      |  out|    1|  ap_ctrl_hs|  relu<ap_fixed<16, 6, 0, 0, 0>, ap_fixed<9, 4, 0, 0, 0>, relu_config14>|  return value|
|ap_ready     |  out|    1|  ap_ctrl_hs|  relu<ap_fixed<16, 6, 0, 0, 0>, ap_fixed<9, 4, 0, 0, 0>, relu_config14>|  return value|
|ap_return_0  |  out|    8|  ap_ctrl_hs|  relu<ap_fixed<16, 6, 0, 0, 0>, ap_fixed<9, 4, 0, 0, 0>, relu_config14>|  return value|
|ap_return_1  |  out|    8|  ap_ctrl_hs|  relu<ap_fixed<16, 6, 0, 0, 0>, ap_fixed<9, 4, 0, 0, 0>, relu_config14>|  return value|
|ap_return_2  |  out|    8|  ap_ctrl_hs|  relu<ap_fixed<16, 6, 0, 0, 0>, ap_fixed<9, 4, 0, 0, 0>, relu_config14>|  return value|
|ap_return_3  |  out|    8|  ap_ctrl_hs|  relu<ap_fixed<16, 6, 0, 0, 0>, ap_fixed<9, 4, 0, 0, 0>, relu_config14>|  return value|
|ap_return_4  |  out|    8|  ap_ctrl_hs|  relu<ap_fixed<16, 6, 0, 0, 0>, ap_fixed<9, 4, 0, 0, 0>, relu_config14>|  return value|
|ap_return_5  |  out|    8|  ap_ctrl_hs|  relu<ap_fixed<16, 6, 0, 0, 0>, ap_fixed<9, 4, 0, 0, 0>, relu_config14>|  return value|
|ap_return_6  |  out|    8|  ap_ctrl_hs|  relu<ap_fixed<16, 6, 0, 0, 0>, ap_fixed<9, 4, 0, 0, 0>, relu_config14>|  return value|
|ap_return_7  |  out|    8|  ap_ctrl_hs|  relu<ap_fixed<16, 6, 0, 0, 0>, ap_fixed<9, 4, 0, 0, 0>, relu_config14>|  return value|
|ap_return_8  |  out|    8|  ap_ctrl_hs|  relu<ap_fixed<16, 6, 0, 0, 0>, ap_fixed<9, 4, 0, 0, 0>, relu_config14>|  return value|
|ap_return_9  |  out|    8|  ap_ctrl_hs|  relu<ap_fixed<16, 6, 0, 0, 0>, ap_fixed<9, 4, 0, 0, 0>, relu_config14>|  return value|
|p_read       |   in|   13|     ap_none|                                                                  p_read|        scalar|
|p_read1      |   in|   13|     ap_none|                                                                 p_read1|        scalar|
|p_read2      |   in|   13|     ap_none|                                                                 p_read2|        scalar|
|p_read3      |   in|   13|     ap_none|                                                                 p_read3|        scalar|
|p_read4      |   in|   13|     ap_none|                                                                 p_read4|        scalar|
|p_read5      |   in|   13|     ap_none|                                                                 p_read5|        scalar|
|p_read6      |   in|   13|     ap_none|                                                                 p_read6|        scalar|
|p_read7      |   in|   13|     ap_none|                                                                 p_read7|        scalar|
|p_read8      |   in|   13|     ap_none|                                                                 p_read8|        scalar|
|p_read9      |   in|   13|     ap_none|                                                                 p_read9|        scalar|
+-------------+-----+-----+------------+------------------------------------------------------------------------+--------------+

