Mon Jun 19 05:15:27 2023: Running xcd server. This server was built by gradle.
Mon Jun 19 05:15:27 2023: Server was asked to start on port: '37122'
Mon Jun 19 05:15:27 2023: Server is using token UUID: 'd01448cb-796f-40ad-8a33-308af920391d'
Mon Jun 19 05:15:27 2023: SESSION_MGR: creating session with session uuid: '6d04a3e9-ade5-4ab9-8d63-1f78fcd2ec76' and name 'default'
Mon Jun 19 05:15:27 2023: Attempting to start server on port '37122'
Mon Jun 19 05:15:27 2023: XCD main fifo: created main fifo '/tmp/xcdmaind01448cb-796f-40ad-8a33-308af920391d', fd read = 14
Mon Jun 19 05:15:27 2023: Running Dispatch Server
Mon Jun 19 05:15:27 2023: Version 2.2.0
Mon Jun 19 05:15:36 2023: Dispatch Server: Accepted socket connection from client
Mon Jun 19 05:15:36 2023: Starting Socket connection
Mon Jun 19 05:15:36 2023: EXCHANGE_TOKEN received, server token: d01448cb-796f-40ad-8a33-308af920391d, passed token: d01448cb-796f-40ad-8a33-308af920391d
Mon Jun 19 05:15:36 2023: SESSION_MGR: creating session with session uuid: '3b6adb75-5b27-4717-a64b-63d5dc69ba69' and name 'vitis_hls'
Mon Jun 19 05:15:36 2023: KERNEL_SVC: creating session with uuid: '3b6adb75-5b27-4717-a64b-63d5dc69ba69' and name 'vitis_hls'
Mon Jun 19 05:15:36 2023: GUIDANCE_SMGR: creating guidance session with uuid: '3b6adb75-5b27-4717-a64b-63d5dc69ba69' and name 'vitis_hls'
Mon Jun 19 05:18:26 2023: STOP_SERVER received, server token: d01448cb-796f-40ad-8a33-308af920391d, passed token: d01448cb-796f-40ad-8a33-308af920391d
Mon Jun 19 05:18:26 2023: Socket received request to stop server.
Mon Jun 19 05:18:26 2023: Dispatch Server: do_await_stop
Mon Jun 19 05:18:26 2023: Dispatch Server: stopping mainFifo_
Mon Jun 19 05:18:26 2023: XCD main fifo: Stopping
Mon Jun 19 05:18:26 2023: XCD main fifo: do_read error code: Operation canceled
Mon Jun 19 05:18:26 2023: XCD main fifo: bytes_transferred: 0
Mon Jun 19 05:18:26 2023: SERVER: destructor for server bound to port 37122
Mon Jun 19 05:18:26 2023: XCD main fifo: Good unlink of /tmp/xcdmaind01448cb-796f-40ad-8a33-308af920391d
Mon Jun 19 05:18:26 2023: Server exiting with status 0.
Mon Jun 19 05:18:26 2023: Closing log file.
