

================================================================
== Vitis HLS Report for 'conv_1d_latency_cl_ap_fixed_9_3_5_3_0_ap_fixed_16_6_5_3_0_config2_s'
================================================================
* Date:           Mon Jun 19 05:17:13 2023

* Version:        2022.2 (Build 3670227 on Oct 13 2022)
* Project:        myproject_prj
* Solution:       solution1 (Vivado IP Flow Target)
* Product family: virtexuplus
* Target device:  xcvu9p-flga2104-2L-e


================================================================
== Performance Estimates
================================================================
+ Timing: 
    * Summary: 
    +--------+---------+----------+------------+
    |  Clock |  Target | Estimated| Uncertainty|
    +--------+---------+----------+------------+
    |ap_clk  |  5.00 ns|  4.365 ns|     0.62 ns|
    +--------+---------+----------+------------+

+ Latency: 
    * Summary: 
    +---------+---------+-----------+----------+-----+-----+---------+
    |  Latency (cycles) |  Latency (absolute)  |  Interval | Pipeline|
    |   min   |   max   |    min    |    max   | min | max |   Type  |
    +---------+---------+-----------+----------+-----+-----+---------+
    |       19|       20|  95.000 ns|  0.100 us|   19|   20|       no|
    +---------+---------+-----------+----------+-----+-----+---------+

    + Detail: 
        * Instance: 
        +-------------------------------+-------------+---------+---------+----------+----------+-----+-----+---------+
        |                               |             |  Latency (cycles) |  Latency (absolute) |  Interval | Pipeline|
        |            Instance           |    Module   |   min   |   max   |    min   |    max   | min | max |   Type  |
        +-------------------------------+-------------+---------+---------+----------+----------+-----+-----+---------+
        |call_ret_fill_buffer_fu_17409  |fill_buffer  |        0|        0|      0 ns|      0 ns|    1|    1|      yes|
        +-------------------------------+-------------+---------+---------+----------+----------+-----+-----+---------+

        * Loop: 
        +-----------------+---------+---------+----------+-----------+-----------+------+----------+
        |                 |  Latency (cycles) | Iteration|  Initiation Interval  | Trip |          |
        |    Loop Name    |   min   |   max   |  Latency |  achieved |   target  | Count| Pipelined|
        +-----------------+---------+---------+----------+-----------+-----------+------+----------+
        |- PartitionLoop  |       19|       19|         2|          2|          5|    10|       yes|
        +-----------------+---------+---------+----------+-----------+-----------+------+----------+



================================================================
== Utilization Estimates
================================================================
* Summary: 
+---------------------+---------+------+---------+---------+-----+
|         Name        | BRAM_18K|  DSP |    FF   |   LUT   | URAM|
+---------------------+---------+------+---------+---------+-----+
|DSP                  |        -|     -|        -|        -|    -|
|Expression           |        -|     -|        0|     2488|    -|
|FIFO                 |        -|     -|        -|        -|    -|
|Instance             |        -|     0|        0|     3915|    -|
|Memory               |        -|     -|        -|        -|    -|
|Multiplexer          |        -|     -|        -|      190|    -|
|Register             |        -|     -|     3469|        -|    -|
+---------------------+---------+------+---------+---------+-----+
|Total                |        0|     0|     3469|     6593|    0|
+---------------------+---------+------+---------+---------+-----+
|Available SLR        |     1440|  2280|   788160|   394080|  320|
+---------------------+---------+------+---------+---------+-----+
|Utilization SLR (%)  |        0|     0|       ~0|        1|    0|
+---------------------+---------+------+---------+---------+-----+
|Available            |     4320|  6840|  2364480|  1182240|  960|
+---------------------+---------+------+---------+---------+-----+
|Utilization (%)      |        0|     0|       ~0|       ~0|    0|
+---------------------+---------+------+---------+---------+-----+

+ Detail: 
    * Instance: 
    +-------------------------------+-------------------+---------+----+---+-----+-----+
    |            Instance           |       Module      | BRAM_18K| DSP| FF| LUT | URAM|
    +-------------------------------+-------------------+---------+----+---+-----+-----+
    |call_ret_fill_buffer_fu_17409  |fill_buffer        |        0|   0|  0|  975|    0|
    |mul_9s_6ns_15_1_1_U21          |mul_9s_6ns_15_1_1  |        0|   0|  0|   49|    0|
    |mul_9s_6ns_15_1_1_U35          |mul_9s_6ns_15_1_1  |        0|   0|  0|   49|    0|
    |mul_9s_6ns_15_1_1_U55          |mul_9s_6ns_15_1_1  |        0|   0|  0|   49|    0|
    |mul_9s_6ns_15_1_1_U58          |mul_9s_6ns_15_1_1  |        0|   0|  0|   49|    0|
    |mul_9s_6ns_15_1_1_U71          |mul_9s_6ns_15_1_1  |        0|   0|  0|   49|    0|
    |mul_9s_6ns_15_1_1_U74          |mul_9s_6ns_15_1_1  |        0|   0|  0|   49|    0|
    |mul_9s_6ns_15_1_1_U75          |mul_9s_6ns_15_1_1  |        0|   0|  0|   49|    0|
    |mul_9s_6s_15_1_1_U20           |mul_9s_6s_15_1_1   |        0|   0|  0|   49|    0|
    |mul_9s_6s_15_1_1_U32           |mul_9s_6s_15_1_1   |        0|   0|  0|   49|    0|
    |mul_9s_6s_15_1_1_U37           |mul_9s_6s_15_1_1   |        0|   0|  0|   49|    0|
    |mul_9s_6s_15_1_1_U38           |mul_9s_6s_15_1_1   |        0|   0|  0|   49|    0|
    |mul_9s_6s_15_1_1_U40           |mul_9s_6s_15_1_1   |        0|   0|  0|   49|    0|
    |mul_9s_6s_15_1_1_U48           |mul_9s_6s_15_1_1   |        0|   0|  0|   49|    0|
    |mul_9s_6s_15_1_1_U51           |mul_9s_6s_15_1_1   |        0|   0|  0|   49|    0|
    |mul_9s_6s_15_1_1_U54           |mul_9s_6s_15_1_1   |        0|   0|  0|   49|    0|
    |mul_9s_6s_15_1_1_U59           |mul_9s_6s_15_1_1   |        0|   0|  0|   49|    0|
    |mul_9s_6s_15_1_1_U60           |mul_9s_6s_15_1_1   |        0|   0|  0|   49|    0|
    |mul_9s_6s_15_1_1_U61           |mul_9s_6s_15_1_1   |        0|   0|  0|   49|    0|
    |mul_9s_6s_15_1_1_U63           |mul_9s_6s_15_1_1   |        0|   0|  0|   49|    0|
    |mul_9s_6s_15_1_1_U64           |mul_9s_6s_15_1_1   |        0|   0|  0|   49|    0|
    |mul_9s_6s_15_1_1_U68           |mul_9s_6s_15_1_1   |        0|   0|  0|   49|    0|
    |mul_9s_7ns_16_1_1_U19          |mul_9s_7ns_16_1_1  |        0|   0|  0|   49|    0|
    |mul_9s_7ns_16_1_1_U24          |mul_9s_7ns_16_1_1  |        0|   0|  0|   49|    0|
    |mul_9s_7ns_16_1_1_U28          |mul_9s_7ns_16_1_1  |        0|   0|  0|   49|    0|
    |mul_9s_7ns_16_1_1_U31          |mul_9s_7ns_16_1_1  |        0|   0|  0|   49|    0|
    |mul_9s_7ns_16_1_1_U42          |mul_9s_7ns_16_1_1  |        0|   0|  0|   49|    0|
    |mul_9s_7ns_16_1_1_U44          |mul_9s_7ns_16_1_1  |        0|   0|  0|   49|    0|
    |mul_9s_7ns_16_1_1_U45          |mul_9s_7ns_16_1_1  |        0|   0|  0|   49|    0|
    |mul_9s_7ns_16_1_1_U47          |mul_9s_7ns_16_1_1  |        0|   0|  0|   49|    0|
    |mul_9s_7ns_16_1_1_U53          |mul_9s_7ns_16_1_1  |        0|   0|  0|   49|    0|
    |mul_9s_7ns_16_1_1_U57          |mul_9s_7ns_16_1_1  |        0|   0|  0|   49|    0|
    |mul_9s_7s_15_1_1_U22           |mul_9s_7s_15_1_1   |        0|   0|  0|   49|    0|
    |mul_9s_7s_15_1_1_U41           |mul_9s_7s_15_1_1   |        0|   0|  0|   49|    0|
    |mul_9s_7s_16_1_1_U23           |mul_9s_7s_16_1_1   |        0|   0|  0|   49|    0|
    |mul_9s_7s_16_1_1_U27           |mul_9s_7s_16_1_1   |        0|   0|  0|   49|    0|
    |mul_9s_7s_16_1_1_U29           |mul_9s_7s_16_1_1   |        0|   0|  0|   49|    0|
    |mul_9s_7s_16_1_1_U33           |mul_9s_7s_16_1_1   |        0|   0|  0|   49|    0|
    |mul_9s_7s_16_1_1_U36           |mul_9s_7s_16_1_1   |        0|   0|  0|   49|    0|
    |mul_9s_7s_16_1_1_U56           |mul_9s_7s_16_1_1   |        0|   0|  0|   49|    0|
    |mul_9s_7s_16_1_1_U67           |mul_9s_7s_16_1_1   |        0|   0|  0|   49|    0|
    |mul_9s_8ns_16_1_1_U46          |mul_9s_8ns_16_1_1  |        0|   0|  0|   49|    0|
    |mul_9s_8ns_16_1_1_U66          |mul_9s_8ns_16_1_1  |        0|   0|  0|   49|    0|
    |mul_9s_8ns_16_1_1_U69          |mul_9s_8ns_16_1_1  |        0|   0|  0|   49|    0|
    |mul_9s_8ns_16_1_1_U72          |mul_9s_8ns_16_1_1  |        0|   0|  0|   49|    0|
    |mul_9s_8ns_16_1_1_U76          |mul_9s_8ns_16_1_1  |        0|   0|  0|   49|    0|
    |mul_9s_8ns_16_1_1_U77          |mul_9s_8ns_16_1_1  |        0|   0|  0|   49|    0|
    |mul_9s_8s_16_1_1_U18           |mul_9s_8s_16_1_1   |        0|   0|  0|   49|    0|
    |mul_9s_8s_16_1_1_U25           |mul_9s_8s_16_1_1   |        0|   0|  0|   49|    0|
    |mul_9s_8s_16_1_1_U30           |mul_9s_8s_16_1_1   |        0|   0|  0|   49|    0|
    |mul_9s_8s_16_1_1_U49           |mul_9s_8s_16_1_1   |        0|   0|  0|   49|    0|
    |mul_9s_8s_16_1_1_U50           |mul_9s_8s_16_1_1   |        0|   0|  0|   49|    0|
    |mul_9s_8s_16_1_1_U52           |mul_9s_8s_16_1_1   |        0|   0|  0|   49|    0|
    |mul_9s_8s_16_1_1_U65           |mul_9s_8s_16_1_1   |        0|   0|  0|   49|    0|
    |mul_9s_8s_16_1_1_U70           |mul_9s_8s_16_1_1   |        0|   0|  0|   49|    0|
    |mul_9s_9ns_16_1_1_U26          |mul_9s_9ns_16_1_1  |        0|   0|  0|   49|    0|
    |mul_9s_9ns_16_1_1_U39          |mul_9s_9ns_16_1_1  |        0|   0|  0|   49|    0|
    |mul_9s_9ns_16_1_1_U43          |mul_9s_9ns_16_1_1  |        0|   0|  0|   49|    0|
    |mul_9s_9ns_16_1_1_U62          |mul_9s_9ns_16_1_1  |        0|   0|  0|   49|    0|
    |mul_9s_9ns_16_1_1_U73          |mul_9s_9ns_16_1_1  |        0|   0|  0|   49|    0|
    |mul_9s_9s_16_1_1_U34           |mul_9s_9s_16_1_1   |        0|   0|  0|   49|    0|
    +-------------------------------+-------------------+---------+----+---+-----+-----+
    |Total                          |                   |        0|   0|  0| 3915|    0|
    +-------------------------------+-------------------+---------+----+---+-----+-----+

    * DSP: 
    N/A

    * Memory: 
    N/A

    * FIFO: 
    N/A

    * Expression: 
    +---------------------------+----------+----+---+----+------------+------------+
    |       Variable Name       | Operation| DSP| FF| LUT| Bitwidth P0| Bitwidth P1|
    +---------------------------+----------+----+---+----+------------+------------+
    |add_ln813_273_fu_19641_p2  |         +|   0|  0|  17|          12|          12|
    |add_ln813_274_fu_18776_p2  |         +|   0|  0|  17|          12|          12|
    |add_ln813_275_fu_18782_p2  |         +|   0|  0|  19|          12|           5|
    |add_ln813_276_fu_18788_p2  |         +|   0|  0|  17|          12|          12|
    |add_ln813_278_fu_18794_p2  |         +|   0|  0|  17|          12|           6|
    |add_ln813_280_fu_18806_p2  |         +|   0|  0|  17|          12|          12|
    |add_ln813_281_fu_18812_p2  |         +|   0|  0|  17|          12|           6|
    |add_ln813_282_fu_18818_p2  |         +|   0|  0|  17|          12|          12|
    |add_ln813_284_fu_18830_p2  |         +|   0|  0|  17|          12|          12|
    |add_ln813_285_fu_18836_p2  |         +|   0|  0|  17|          12|           5|
    |add_ln813_286_fu_18842_p2  |         +|   0|  0|  17|          12|          12|
    |add_ln813_288_fu_18854_p2  |         +|   0|  0|  19|          12|          12|
    |add_ln813_289_fu_18860_p2  |         +|   0|  0|  17|          12|          12|
    |add_ln813_290_fu_18866_p2  |         +|   0|  0|  17|          12|           6|
    |add_ln813_291_fu_18872_p2  |         +|   0|  0|  17|          12|          12|
    |add_ln813_293_fu_18884_p2  |         +|   0|  0|  17|          12|          12|
    |add_ln813_294_fu_18890_p2  |         +|   0|  0|  17|          12|           5|
    |add_ln813_295_fu_18896_p2  |         +|   0|  0|  17|          12|          12|
    |add_ln813_297_fu_18908_p2  |         +|   0|  0|  19|          12|          12|
    |add_ln813_298_fu_18914_p2  |         +|   0|  0|  19|          12|          12|
    |add_ln813_299_fu_19650_p2  |         +|   0|  0|  17|          12|          12|
    |add_ln813_300_fu_19654_p2  |         +|   0|  0|  17|          12|          12|
    |add_ln813_301_fu_19660_p2  |         +|   0|  0|  19|          12|           4|
    |add_ln813_302_fu_19666_p2  |         +|   0|  0|  17|          12|          12|
    |add_ln813_304_fu_18920_p2  |         +|   0|  0|  17|          12|          12|
    |add_ln813_305_fu_18926_p2  |         +|   0|  0|  17|          12|           6|
    |add_ln813_306_fu_18932_p2  |         +|   0|  0|  17|          12|          12|
    |add_ln813_308_fu_19678_p2  |         +|   0|  0|  19|          12|          12|
    |add_ln813_309_fu_19684_p2  |         +|   0|  0|  17|          12|          12|
    |add_ln813_310_fu_19689_p2  |         +|   0|  0|  17|          12|          12|
    |add_ln813_311_fu_19695_p2  |         +|   0|  0|  19|          12|           6|
    |add_ln813_312_fu_19701_p2  |         +|   0|  0|  17|          12|          12|
    |add_ln813_314_fu_19713_p2  |         +|   0|  0|  19|          12|          12|
    |add_ln813_315_fu_19718_p2  |         +|   0|  0|  17|          12|          12|
    |add_ln813_316_fu_19723_p2  |         +|   0|  0|  17|          12|          12|
    |add_ln813_317_fu_19729_p2  |         +|   0|  0|  18|          11|           7|
    |add_ln813_318_fu_19739_p2  |         +|   0|  0|  17|          12|          12|
    |add_ln813_320_fu_19751_p2  |         +|   0|  0|  18|          11|           5|
    |add_ln813_321_fu_19761_p2  |         +|   0|  0|  19|          12|          12|
    |add_ln813_322_fu_19766_p2  |         +|   0|  0|  17|          12|          12|
    |add_ln813_323_fu_19771_p2  |         +|   0|  0|  17|          12|          12|
    |add_ln813_324_fu_19776_p2  |         +|   0|  0|  19|          12|          12|
    |add_ln813_325_fu_19782_p2  |         +|   0|  0|  17|          12|          12|
    |add_ln813_327_fu_18944_p2  |         +|   0|  0|  19|          12|          12|
    |add_ln813_328_fu_18950_p2  |         +|   0|  0|  17|          12|          12|
    |add_ln813_329_fu_18956_p2  |         +|   0|  0|  17|          12|           6|
    |add_ln813_330_fu_18962_p2  |         +|   0|  0|  17|          12|          12|
    |add_ln813_332_fu_18974_p2  |         +|   0|  0|  19|          12|          12|
    |add_ln813_333_fu_19794_p2  |         +|   0|  0|  17|          12|          12|
    |add_ln813_334_fu_19798_p2  |         +|   0|  0|  17|          12|          12|
    |add_ln813_335_fu_19804_p2  |         +|   0|  0|  18|          11|           5|
    |add_ln813_336_fu_19814_p2  |         +|   0|  0|  17|          12|          12|
    |add_ln813_338_fu_19826_p2  |         +|   0|  0|  17|          12|          12|
    |add_ln813_339_fu_19830_p2  |         +|   0|  0|  17|          12|           7|
    |add_ln813_340_fu_19836_p2  |         +|   0|  0|  17|          12|          12|
    |add_ln813_342_fu_18980_p2  |         +|   0|  0|  19|          12|          12|
    |add_ln813_343_fu_19848_p2  |         +|   0|  0|  19|          12|          12|
    |add_ln813_344_fu_19854_p2  |         +|   0|  0|  17|          12|          12|
    |add_ln813_345_fu_18986_p2  |         +|   0|  0|  17|          12|          12|
    |add_ln813_346_fu_18992_p2  |         +|   0|  0|  17|          12|           5|
    |add_ln813_347_fu_18998_p2  |         +|   0|  0|  17|          12|          12|
    |add_ln813_348_fu_19004_p2  |         +|   0|  0|  17|          12|          12|
    |add_ln813_350_fu_19864_p2  |         +|   0|  0|  19|          12|          12|
    |add_ln813_351_fu_19869_p2  |         +|   0|  0|  19|          12|          12|
    |add_ln813_352_fu_19875_p2  |         +|   0|  0|  17|          12|          12|
    |add_ln813_353_fu_19881_p2  |         +|   0|  0|  17|          12|          12|
    |add_ln813_354_fu_19887_p2  |         +|   0|  0|  18|          11|           4|
    |add_ln813_355_fu_19897_p2  |         +|   0|  0|  19|          12|          12|
    |add_ln813_356_fu_19903_p2  |         +|   0|  0|  17|          12|          12|
    |add_ln813_358_fu_19915_p2  |         +|   0|  0|  17|          12|          12|
    |add_ln813_359_fu_19919_p2  |         +|   0|  0|  17|          12|           6|
    |add_ln813_360_fu_19925_p2  |         +|   0|  0|  17|          12|          12|
    |add_ln813_362_fu_19010_p2  |         +|   0|  0|  19|          12|          12|
    |add_ln813_363_fu_19937_p2  |         +|   0|  0|  17|          12|          12|
    |add_ln813_364_fu_19941_p2  |         +|   0|  0|  17|          12|           4|
    |add_ln813_365_fu_19947_p2  |         +|   0|  0|  17|          12|          12|
    |add_ln813_367_fu_19959_p2  |         +|   0|  0|  17|          12|          12|
    |add_ln813_368_fu_19964_p2  |         +|   0|  0|  18|          11|           3|
    |add_ln813_369_fu_19974_p2  |         +|   0|  0|  19|          12|          12|
    |add_ln813_371_fu_19986_p2  |         +|   0|  0|  17|          12|          12|
    |add_ln813_372_fu_19992_p2  |         +|   0|  0|  18|          11|           5|
    |add_ln813_fu_18770_p2      |         +|   0|  0|  19|          12|          12|
    |i_part_fu_20361_p2         |         +|   0|  0|  12|           4|           1|
    |r_V_104_fu_19061_p2        |         +|   0|  0|  22|          15|          15|
    |r_V_135_fu_19348_p2        |         +|   0|  0|  21|          14|          14|
    |x_V_24_fu_19645_p2         |         +|   0|  0|  17|          12|          12|
    |x_V_25_fu_19745_p2         |         +|   0|  0|  17|          12|          12|
    |x_V_26_fu_18848_p2         |         +|   0|  0|  17|          12|          12|
    |x_V_27_fu_19788_p2         |         +|   0|  0|  17|          12|          12|
    |x_V_28_fu_18968_p2         |         +|   0|  0|  17|          12|          12|
    |x_V_29_fu_19820_p2         |         +|   0|  0|  17|          12|          12|
    |x_V_30_fu_19842_p2         |         +|   0|  0|  17|          12|          12|
    |x_V_31_fu_18800_p2         |         +|   0|  0|  17|          12|          12|
    |x_V_32_fu_19859_p2         |         +|   0|  0|  17|          12|          12|
    |x_V_33_fu_19909_p2         |         +|   0|  0|  17|          12|          12|
    |x_V_34_fu_18878_p2         |         +|   0|  0|  17|          12|          12|
    |x_V_35_fu_18824_p2         |         +|   0|  0|  17|          12|          12|
    |x_V_36_fu_19931_p2         |         +|   0|  0|  17|          12|          12|
    |x_V_37_fu_19672_p2         |         +|   0|  0|  17|          12|          12|
    |x_V_38_fu_19953_p2         |         +|   0|  0|  17|          12|          12|
    |x_V_39_fu_18938_p2         |         +|   0|  0|  17|          12|          12|
    |x_V_40_fu_19980_p2         |         +|   0|  0|  17|          12|          12|
    |x_V_41_fu_20002_p2         |         +|   0|  0|  17|          12|          12|
    |x_V_42_fu_18902_p2         |         +|   0|  0|  17|          12|          12|
    |x_V_fu_19707_p2            |         +|   0|  0|  17|          12|          12|
    |r_V_105_fu_19087_p2        |         -|   0|  0|  16|          15|          15|
    |r_V_106_fu_19107_p2        |         -|   0|  0|  22|          15|          15|
    |r_V_107_fu_19138_p2        |         -|   0|  0|  22|          15|          15|
    |r_V_108_fu_19180_p2        |         -|   0|  0|  22|          15|          15|
    |r_V_115_fu_17758_p2        |         -|   0|  0|  23|          16|          16|
    |r_V_122_fu_17905_p2        |         -|   0|  0|  22|          15|          15|
    |r_V_125_fu_19243_p2        |         -|   0|  0|  22|          15|          15|
    |r_V_128_fu_19263_p2        |         -|   0|  0|  22|          15|          15|
    |r_V_131_fu_19300_p2        |         -|   0|  0|  16|          14|          14|
    |r_V_137_fu_18068_p2        |         -|   0|  0|  23|          16|          16|
    |r_V_140_fu_19390_p2        |         -|   0|  0|  22|          15|          15|
    |r_V_142_fu_18169_p2        |         -|   0|  0|  22|          15|          15|
    |r_V_144_fu_18213_p2        |         -|   0|  0|  16|          16|          16|
    |r_V_146_fu_18269_p2        |         -|   0|  0|  22|          15|          15|
    |r_V_151_fu_18420_p2        |         -|   0|  0|  23|          16|          16|
    |r_V_155_fu_19435_p2        |         -|   0|  0|  22|          15|          15|
    |r_V_158_fu_18537_p2        |         -|   0|  0|  16|          16|          16|
    |r_V_159_fu_18565_p2        |         -|   0|  0|  23|          16|          16|
    |r_V_162_fu_19486_p2        |         -|   0|  0|  22|          15|          15|
    |r_V_163_fu_19534_p2        |         -|   0|  0|  21|          14|          14|
    |r_V_166_fu_19554_p2        |         -|   0|  0|  21|          14|          14|
    |r_V_167_fu_19585_p2        |         -|   0|  0|  21|          14|          14|
    |r_V_169_fu_18690_p2        |         -|   0|  0|  16|          14|          14|
    |r_V_171_fu_18718_p2        |         -|   0|  0|  22|          15|          15|
    |r_V_173_fu_18750_p2        |         -|   0|  0|  22|          15|          15|
    |r_V_fu_19030_p2            |         -|   0|  0|  22|          15|          15|
    |sub_ln1273_16_fu_19294_p2  |         -|   0|  0|  16|           1|          14|
    |sub_ln1273_21_fu_18207_p2  |         -|   0|  0|  16|           1|          16|
    |sub_ln1273_25_fu_18531_p2  |         -|   0|  0|  16|           1|          16|
    |sub_ln1273_29_fu_19517_p2  |         -|   0|  0|  21|           1|          14|
    |sub_ln1273_33_fu_18668_p2  |         -|   0|  0|  16|           1|          14|
    |sub_ln1273_fu_19081_p2     |         -|   0|  0|  16|           1|          15|
    |icmp_ln34_fu_20367_p2      |      icmp|   0|  0|   9|           4|           4|
    +---------------------------+----------+----+---+----+------------+------------+
    |Total                      |          |   0|  0|2488|        1652|        1604|
    +---------------------------+----------+----+---+----+------------+------------+

    * Multiplexer: 
    +----------------------------------------+----+-----------+------+-----------+
    |                  Name                  | LUT| Input Size| Bits | Total Bits|
    +----------------------------------------+----+-----------+------+-----------+
    |ap_NS_fsm                               |  14|          3|     1|          3|
    |ap_done_int                             |   9|          2|     1|          2|
    |ap_phi_mux_do_init_phi_fu_2101_p6       |   9|          2|     1|          2|
    |ap_phi_mux_i_part16_phi_fu_2131_p6      |   9|          2|     4|          8|
    |ap_phi_mux_p_read17_phi_phi_fu_2146_p4  |  14|          3|  1350|       4050|
    |grp_fu_2159_p0                          |  14|          3|     9|         27|
    |grp_fu_2159_p1                          |  14|          3|     7|         21|
    |grp_fu_2172_p0                          |  14|          3|     9|         27|
    |grp_fu_2174_p0                          |  14|          3|     9|         27|
    |grp_fu_2178_p0                          |  14|          3|     9|         27|
    |grp_fu_2178_p1                          |  14|          3|     7|         21|
    |grp_fu_2188_p0                          |  14|          3|     9|         27|
    |grp_fu_2201_p0                          |  14|          3|     9|         27|
    |i_part16_reg_2127                       |   9|          2|     4|          8|
    |p_read17_phi_reg_2142                   |  14|          3|  1350|       4050|
    +----------------------------------------+----+-----------+------+-----------+
    |Total                                   | 190|         41|  2779|       8327|
    +----------------------------------------+----+-----------+------+-----------+

    * Register: 
    +---------------------------+------+----+------+-----------+
    |            Name           |  FF  | LUT| Bits | Const Bits|
    +---------------------------+------+----+------+-----------+
    |a_V_30_fu_634              |     9|   0|     9|          0|
    |a_V_31_fu_638              |     9|   0|     9|          0|
    |a_V_32_fu_642              |     9|   0|     9|          0|
    |a_V_33_fu_646              |     9|   0|     9|          0|
    |a_V_34_fu_650              |     9|   0|     9|          0|
    |a_V_35_fu_654              |     9|   0|     9|          0|
    |a_V_36_fu_658              |     9|   0|     9|          0|
    |a_V_37_fu_662              |     9|   0|     9|          0|
    |a_V_38_fu_666              |     9|   0|     9|          0|
    |a_V_39_fu_670              |     9|   0|     9|          0|
    |a_V_40_fu_674              |     9|   0|     9|          0|
    |a_V_41_fu_678              |     9|   0|     9|          0|
    |a_V_42_fu_682              |     9|   0|     9|          0|
    |a_V_43_fu_686              |     9|   0|     9|          0|
    |a_V_fu_630                 |     9|   0|     9|          0|
    |add_ln813_276_reg_20763    |    12|   0|    12|          0|
    |add_ln813_297_reg_20793    |    12|   0|    12|          0|
    |add_ln813_298_reg_20798    |    12|   0|    12|          0|
    |add_ln813_332_reg_20813    |    12|   0|    12|          0|
    |add_ln813_342_reg_20818    |    12|   0|    12|          0|
    |add_ln813_348_reg_20823    |    12|   0|    12|          0|
    |add_ln813_362_reg_20828    |    12|   0|    12|          0|
    |add_ln813_reg_20758        |    12|   0|    12|          0|
    |ap_CS_fsm                  |     2|   0|     2|          0|
    |ap_done_reg                |     1|   0|     1|          0|
    |data_buf_V_54_reg_20534    |     9|   0|     9|          0|
    |data_buf_V_55_reg_20541    |     9|   0|     9|          0|
    |data_buf_V_56_reg_20546    |     9|   0|     9|          0|
    |data_buf_V_57_reg_20551    |     9|   0|     9|          0|
    |data_buf_V_58_reg_20556    |     9|   0|     9|          0|
    |data_buf_V_59_reg_20565    |     9|   0|     9|          0|
    |data_buf_V_60_reg_20572    |     9|   0|     9|          0|
    |data_buf_V_61_reg_20577    |     9|   0|     9|          0|
    |data_buf_V_62_reg_20584    |     9|   0|     9|          0|
    |data_buf_V_63_reg_20589    |     9|   0|     9|          0|
    |data_buf_V_64_reg_20594    |     9|   0|     9|          0|
    |data_buf_V_65_reg_20601    |     9|   0|     9|          0|
    |data_buf_V_66_reg_20606    |     9|   0|     9|          0|
    |data_buf_V_67_reg_20617    |     9|   0|     9|          0|
    |data_buf_V_reg_20525       |     9|   0|     9|          0|
    |do_init_reg_2096           |     1|   0|     1|          0|
    |i_part16_reg_2127          |     4|   0|     4|          0|
    |p_read17_phi_reg_2142      |  1350|   0|  1350|          0|
    |p_read17_rewind_reg_2113   |  1350|   0|  1350|          0|
    |sext_ln818_19_reg_20683    |    12|   0|    12|          0|
    |sext_ln818_6_reg_20623     |    12|   0|    12|          0|
    |trunc_ln818_275_reg_20628  |    12|   0|    12|          0|
    |trunc_ln818_278_reg_20633  |    12|   0|    12|          0|
    |trunc_ln818_279_reg_20638  |    11|   0|    11|          0|
    |trunc_ln818_282_reg_20643  |    12|   0|    12|          0|
    |trunc_ln818_284_reg_20648  |    12|   0|    12|          0|
    |trunc_ln818_285_reg_20653  |    12|   0|    12|          0|
    |trunc_ln818_286_reg_20658  |    11|   0|    11|          0|
    |trunc_ln818_289_reg_20663  |    11|   0|    11|          0|
    |trunc_ln818_292_reg_20668  |    11|   0|    11|          0|
    |trunc_ln818_294_reg_20673  |    11|   0|    11|          0|
    |trunc_ln818_295_reg_20678  |    11|   0|    11|          0|
    |trunc_ln818_304_reg_20688  |    11|   0|    11|          0|
    |trunc_ln818_305_reg_20693  |    11|   0|    11|          0|
    |trunc_ln818_314_reg_20698  |    11|   0|    11|          0|
    |trunc_ln818_319_reg_20703  |    12|   0|    12|          0|
    |trunc_ln818_327_reg_20708  |    12|   0|    12|          0|
    |trunc_ln818_329_reg_20713  |    12|   0|    12|          0|
    |trunc_ln818_330_reg_20718  |    12|   0|    12|          0|
    |trunc_ln818_332_reg_20723  |    12|   0|    12|          0|
    |trunc_ln818_334_reg_20728  |    12|   0|    12|          0|
    |trunc_ln818_337_reg_20733  |    12|   0|    12|          0|
    |trunc_ln818_339_reg_20738  |    12|   0|    12|          0|
    |trunc_ln818_343_reg_20743  |    11|   0|    11|          0|
    |trunc_ln818_345_reg_20748  |    11|   0|    11|          0|
    |trunc_ln818_353_reg_20753  |    10|   0|    10|          0|
    |x_V_26_reg_20778           |    12|   0|    12|          0|
    |x_V_28_reg_20808           |    12|   0|    12|          0|
    |x_V_31_reg_20768           |    12|   0|    12|          0|
    |x_V_34_reg_20783           |    12|   0|    12|          0|
    |x_V_35_reg_20773           |    12|   0|    12|          0|
    |x_V_39_reg_20803           |    12|   0|    12|          0|
    |x_V_42_reg_20788           |    12|   0|    12|          0|
    +---------------------------+------+----+------+-----------+
    |Total                      |  3469|   0|  3469|          0|
    +---------------------------+------+----+------+-----------+



================================================================
== Interface
================================================================
* Summary: 
+----------------+-----+------+------------+--------------------------------------------------------------------------------+--------------+
|    RTL Ports   | Dir | Bits |  Protocol  |                                  Source Object                                 |    C Type    |
+----------------+-----+------+------------+--------------------------------------------------------------------------------+--------------+
|ap_clk          |   in|     1|  ap_ctrl_hs|  conv_1d_latency_cl<ap_fixed<9, 3, 5, 3, 0>, ap_fixed<16, 6, 5, 3, 0>, config2>|  return value|
|ap_rst          |   in|     1|  ap_ctrl_hs|  conv_1d_latency_cl<ap_fixed<9, 3, 5, 3, 0>, ap_fixed<16, 6, 5, 3, 0>, config2>|  return value|
|ap_start        |   in|     1|  ap_ctrl_hs|  conv_1d_latency_cl<ap_fixed<9, 3, 5, 3, 0>, ap_fixed<16, 6, 5, 3, 0>, config2>|  return value|
|ap_done         |  out|     1|  ap_ctrl_hs|  conv_1d_latency_cl<ap_fixed<9, 3, 5, 3, 0>, ap_fixed<16, 6, 5, 3, 0>, config2>|  return value|
|ap_idle         |  out|     1|  ap_ctrl_hs|  conv_1d_latency_cl<ap_fixed<9, 3, 5, 3, 0>, ap_fixed<16, 6, 5, 3, 0>, config2>|  return value|
|ap_ready        |  out|     1|  ap_ctrl_hs|  conv_1d_latency_cl<ap_fixed<9, 3, 5, 3, 0>, ap_fixed<16, 6, 5, 3, 0>, config2>|  return value|
|p_read          |   in|  1350|     ap_none|                                                                          p_read|        scalar|
|res_0           |  out|    14|      ap_vld|                                                                           res_0|       pointer|
|res_0_ap_vld    |  out|     1|      ap_vld|                                                                           res_0|       pointer|
|res_1           |  out|    14|      ap_vld|                                                                           res_1|       pointer|
|res_1_ap_vld    |  out|     1|      ap_vld|                                                                           res_1|       pointer|
|res_2           |  out|    14|      ap_vld|                                                                           res_2|       pointer|
|res_2_ap_vld    |  out|     1|      ap_vld|                                                                           res_2|       pointer|
|res_3           |  out|    14|      ap_vld|                                                                           res_3|       pointer|
|res_3_ap_vld    |  out|     1|      ap_vld|                                                                           res_3|       pointer|
|res_4           |  out|    14|      ap_vld|                                                                           res_4|       pointer|
|res_4_ap_vld    |  out|     1|      ap_vld|                                                                           res_4|       pointer|
|res_5           |  out|    14|      ap_vld|                                                                           res_5|       pointer|
|res_5_ap_vld    |  out|     1|      ap_vld|                                                                           res_5|       pointer|
|res_6           |  out|    14|      ap_vld|                                                                           res_6|       pointer|
|res_6_ap_vld    |  out|     1|      ap_vld|                                                                           res_6|       pointer|
|res_7           |  out|    14|      ap_vld|                                                                           res_7|       pointer|
|res_7_ap_vld    |  out|     1|      ap_vld|                                                                           res_7|       pointer|
|res_8           |  out|    14|      ap_vld|                                                                           res_8|       pointer|
|res_8_ap_vld    |  out|     1|      ap_vld|                                                                           res_8|       pointer|
|res_9           |  out|    14|      ap_vld|                                                                           res_9|       pointer|
|res_9_ap_vld    |  out|     1|      ap_vld|                                                                           res_9|       pointer|
|res_10          |  out|    14|      ap_vld|                                                                          res_10|       pointer|
|res_10_ap_vld   |  out|     1|      ap_vld|                                                                          res_10|       pointer|
|res_11          |  out|    14|      ap_vld|                                                                          res_11|       pointer|
|res_11_ap_vld   |  out|     1|      ap_vld|                                                                          res_11|       pointer|
|res_12          |  out|    14|      ap_vld|                                                                          res_12|       pointer|
|res_12_ap_vld   |  out|     1|      ap_vld|                                                                          res_12|       pointer|
|res_13          |  out|    14|      ap_vld|                                                                          res_13|       pointer|
|res_13_ap_vld   |  out|     1|      ap_vld|                                                                          res_13|       pointer|
|res_14          |  out|    14|      ap_vld|                                                                          res_14|       pointer|
|res_14_ap_vld   |  out|     1|      ap_vld|                                                                          res_14|       pointer|
|res_15          |  out|    14|      ap_vld|                                                                          res_15|       pointer|
|res_15_ap_vld   |  out|     1|      ap_vld|                                                                          res_15|       pointer|
|res_16          |  out|    14|      ap_vld|                                                                          res_16|       pointer|
|res_16_ap_vld   |  out|     1|      ap_vld|                                                                          res_16|       pointer|
|res_17          |  out|    14|      ap_vld|                                                                          res_17|       pointer|
|res_17_ap_vld   |  out|     1|      ap_vld|                                                                          res_17|       pointer|
|res_18          |  out|    14|      ap_vld|                                                                          res_18|       pointer|
|res_18_ap_vld   |  out|     1|      ap_vld|                                                                          res_18|       pointer|
|res_19          |  out|    14|      ap_vld|                                                                          res_19|       pointer|
|res_19_ap_vld   |  out|     1|      ap_vld|                                                                          res_19|       pointer|
|res_20          |  out|    14|      ap_vld|                                                                          res_20|       pointer|
|res_20_ap_vld   |  out|     1|      ap_vld|                                                                          res_20|       pointer|
|res_21          |  out|    14|      ap_vld|                                                                          res_21|       pointer|
|res_21_ap_vld   |  out|     1|      ap_vld|                                                                          res_21|       pointer|
|res_22          |  out|    14|      ap_vld|                                                                          res_22|       pointer|
|res_22_ap_vld   |  out|     1|      ap_vld|                                                                          res_22|       pointer|
|res_23          |  out|    14|      ap_vld|                                                                          res_23|       pointer|
|res_23_ap_vld   |  out|     1|      ap_vld|                                                                          res_23|       pointer|
|res_24          |  out|    14|      ap_vld|                                                                          res_24|       pointer|
|res_24_ap_vld   |  out|     1|      ap_vld|                                                                          res_24|       pointer|
|res_25          |  out|    14|      ap_vld|                                                                          res_25|       pointer|
|res_25_ap_vld   |  out|     1|      ap_vld|                                                                          res_25|       pointer|
|res_26          |  out|    14|      ap_vld|                                                                          res_26|       pointer|
|res_26_ap_vld   |  out|     1|      ap_vld|                                                                          res_26|       pointer|
|res_27          |  out|    14|      ap_vld|                                                                          res_27|       pointer|
|res_27_ap_vld   |  out|     1|      ap_vld|                                                                          res_27|       pointer|
|res_28          |  out|    14|      ap_vld|                                                                          res_28|       pointer|
|res_28_ap_vld   |  out|     1|      ap_vld|                                                                          res_28|       pointer|
|res_29          |  out|    14|      ap_vld|                                                                          res_29|       pointer|
|res_29_ap_vld   |  out|     1|      ap_vld|                                                                          res_29|       pointer|
|res_30          |  out|    14|      ap_vld|                                                                          res_30|       pointer|
|res_30_ap_vld   |  out|     1|      ap_vld|                                                                          res_30|       pointer|
|res_31          |  out|    14|      ap_vld|                                                                          res_31|       pointer|
|res_31_ap_vld   |  out|     1|      ap_vld|                                                                          res_31|       pointer|
|res_32          |  out|    14|      ap_vld|                                                                          res_32|       pointer|
|res_32_ap_vld   |  out|     1|      ap_vld|                                                                          res_32|       pointer|
|res_33          |  out|    14|      ap_vld|                                                                          res_33|       pointer|
|res_33_ap_vld   |  out|     1|      ap_vld|                                                                          res_33|       pointer|
|res_34          |  out|    14|      ap_vld|                                                                          res_34|       pointer|
|res_34_ap_vld   |  out|     1|      ap_vld|                                                                          res_34|       pointer|
|res_35          |  out|    14|      ap_vld|                                                                          res_35|       pointer|
|res_35_ap_vld   |  out|     1|      ap_vld|                                                                          res_35|       pointer|
|res_36          |  out|    14|      ap_vld|                                                                          res_36|       pointer|
|res_36_ap_vld   |  out|     1|      ap_vld|                                                                          res_36|       pointer|
|res_37          |  out|    14|      ap_vld|                                                                          res_37|       pointer|
|res_37_ap_vld   |  out|     1|      ap_vld|                                                                          res_37|       pointer|
|res_38          |  out|    14|      ap_vld|                                                                          res_38|       pointer|
|res_38_ap_vld   |  out|     1|      ap_vld|                                                                          res_38|       pointer|
|res_39          |  out|    14|      ap_vld|                                                                          res_39|       pointer|
|res_39_ap_vld   |  out|     1|      ap_vld|                                                                          res_39|       pointer|
|res_40          |  out|    14|      ap_vld|                                                                          res_40|       pointer|
|res_40_ap_vld   |  out|     1|      ap_vld|                                                                          res_40|       pointer|
|res_41          |  out|    14|      ap_vld|                                                                          res_41|       pointer|
|res_41_ap_vld   |  out|     1|      ap_vld|                                                                          res_41|       pointer|
|res_42          |  out|    14|      ap_vld|                                                                          res_42|       pointer|
|res_42_ap_vld   |  out|     1|      ap_vld|                                                                          res_42|       pointer|
|res_43          |  out|    14|      ap_vld|                                                                          res_43|       pointer|
|res_43_ap_vld   |  out|     1|      ap_vld|                                                                          res_43|       pointer|
|res_44          |  out|    14|      ap_vld|                                                                          res_44|       pointer|
|res_44_ap_vld   |  out|     1|      ap_vld|                                                                          res_44|       pointer|
|res_45          |  out|    14|      ap_vld|                                                                          res_45|       pointer|
|res_45_ap_vld   |  out|     1|      ap_vld|                                                                          res_45|       pointer|
|res_46          |  out|    14|      ap_vld|                                                                          res_46|       pointer|
|res_46_ap_vld   |  out|     1|      ap_vld|                                                                          res_46|       pointer|
|res_47          |  out|    14|      ap_vld|                                                                          res_47|       pointer|
|res_47_ap_vld   |  out|     1|      ap_vld|                                                                          res_47|       pointer|
|res_48          |  out|    14|      ap_vld|                                                                          res_48|       pointer|
|res_48_ap_vld   |  out|     1|      ap_vld|                                                                          res_48|       pointer|
|res_49          |  out|    14|      ap_vld|                                                                          res_49|       pointer|
|res_49_ap_vld   |  out|     1|      ap_vld|                                                                          res_49|       pointer|
|res_50          |  out|    14|      ap_vld|                                                                          res_50|       pointer|
|res_50_ap_vld   |  out|     1|      ap_vld|                                                                          res_50|       pointer|
|res_51          |  out|    14|      ap_vld|                                                                          res_51|       pointer|
|res_51_ap_vld   |  out|     1|      ap_vld|                                                                          res_51|       pointer|
|res_52          |  out|    14|      ap_vld|                                                                          res_52|       pointer|
|res_52_ap_vld   |  out|     1|      ap_vld|                                                                          res_52|       pointer|
|res_53          |  out|    14|      ap_vld|                                                                          res_53|       pointer|
|res_53_ap_vld   |  out|     1|      ap_vld|                                                                          res_53|       pointer|
|res_54          |  out|    14|      ap_vld|                                                                          res_54|       pointer|
|res_54_ap_vld   |  out|     1|      ap_vld|                                                                          res_54|       pointer|
|res_55          |  out|    14|      ap_vld|                                                                          res_55|       pointer|
|res_55_ap_vld   |  out|     1|      ap_vld|                                                                          res_55|       pointer|
|res_56          |  out|    14|      ap_vld|                                                                          res_56|       pointer|
|res_56_ap_vld   |  out|     1|      ap_vld|                                                                          res_56|       pointer|
|res_57          |  out|    14|      ap_vld|                                                                          res_57|       pointer|
|res_57_ap_vld   |  out|     1|      ap_vld|                                                                          res_57|       pointer|
|res_58          |  out|    14|      ap_vld|                                                                          res_58|       pointer|
|res_58_ap_vld   |  out|     1|      ap_vld|                                                                          res_58|       pointer|
|res_59          |  out|    14|      ap_vld|                                                                          res_59|       pointer|
|res_59_ap_vld   |  out|     1|      ap_vld|                                                                          res_59|       pointer|
|res_60          |  out|    14|      ap_vld|                                                                          res_60|       pointer|
|res_60_ap_vld   |  out|     1|      ap_vld|                                                                          res_60|       pointer|
|res_61          |  out|    14|      ap_vld|                                                                          res_61|       pointer|
|res_61_ap_vld   |  out|     1|      ap_vld|                                                                          res_61|       pointer|
|res_62          |  out|    14|      ap_vld|                                                                          res_62|       pointer|
|res_62_ap_vld   |  out|     1|      ap_vld|                                                                          res_62|       pointer|
|res_63          |  out|    14|      ap_vld|                                                                          res_63|       pointer|
|res_63_ap_vld   |  out|     1|      ap_vld|                                                                          res_63|       pointer|
|res_64          |  out|    14|      ap_vld|                                                                          res_64|       pointer|
|res_64_ap_vld   |  out|     1|      ap_vld|                                                                          res_64|       pointer|
|res_65          |  out|    14|      ap_vld|                                                                          res_65|       pointer|
|res_65_ap_vld   |  out|     1|      ap_vld|                                                                          res_65|       pointer|
|res_66          |  out|    14|      ap_vld|                                                                          res_66|       pointer|
|res_66_ap_vld   |  out|     1|      ap_vld|                                                                          res_66|       pointer|
|res_67          |  out|    14|      ap_vld|                                                                          res_67|       pointer|
|res_67_ap_vld   |  out|     1|      ap_vld|                                                                          res_67|       pointer|
|res_68          |  out|    14|      ap_vld|                                                                          res_68|       pointer|
|res_68_ap_vld   |  out|     1|      ap_vld|                                                                          res_68|       pointer|
|res_69          |  out|    14|      ap_vld|                                                                          res_69|       pointer|
|res_69_ap_vld   |  out|     1|      ap_vld|                                                                          res_69|       pointer|
|res_70          |  out|    14|      ap_vld|                                                                          res_70|       pointer|
|res_70_ap_vld   |  out|     1|      ap_vld|                                                                          res_70|       pointer|
|res_71          |  out|    14|      ap_vld|                                                                          res_71|       pointer|
|res_71_ap_vld   |  out|     1|      ap_vld|                                                                          res_71|       pointer|
|res_72          |  out|    14|      ap_vld|                                                                          res_72|       pointer|
|res_72_ap_vld   |  out|     1|      ap_vld|                                                                          res_72|       pointer|
|res_73          |  out|    14|      ap_vld|                                                                          res_73|       pointer|
|res_73_ap_vld   |  out|     1|      ap_vld|                                                                          res_73|       pointer|
|res_74          |  out|    14|      ap_vld|                                                                          res_74|       pointer|
|res_74_ap_vld   |  out|     1|      ap_vld|                                                                          res_74|       pointer|
|res_75          |  out|    14|      ap_vld|                                                                          res_75|       pointer|
|res_75_ap_vld   |  out|     1|      ap_vld|                                                                          res_75|       pointer|
|res_76          |  out|    14|      ap_vld|                                                                          res_76|       pointer|
|res_76_ap_vld   |  out|     1|      ap_vld|                                                                          res_76|       pointer|
|res_77          |  out|    14|      ap_vld|                                                                          res_77|       pointer|
|res_77_ap_vld   |  out|     1|      ap_vld|                                                                          res_77|       pointer|
|res_78          |  out|    14|      ap_vld|                                                                          res_78|       pointer|
|res_78_ap_vld   |  out|     1|      ap_vld|                                                                          res_78|       pointer|
|res_79          |  out|    14|      ap_vld|                                                                          res_79|       pointer|
|res_79_ap_vld   |  out|     1|      ap_vld|                                                                          res_79|       pointer|
|res_80          |  out|    14|      ap_vld|                                                                          res_80|       pointer|
|res_80_ap_vld   |  out|     1|      ap_vld|                                                                          res_80|       pointer|
|res_81          |  out|    14|      ap_vld|                                                                          res_81|       pointer|
|res_81_ap_vld   |  out|     1|      ap_vld|                                                                          res_81|       pointer|
|res_82          |  out|    14|      ap_vld|                                                                          res_82|       pointer|
|res_82_ap_vld   |  out|     1|      ap_vld|                                                                          res_82|       pointer|
|res_83          |  out|    14|      ap_vld|                                                                          res_83|       pointer|
|res_83_ap_vld   |  out|     1|      ap_vld|                                                                          res_83|       pointer|
|res_84          |  out|    14|      ap_vld|                                                                          res_84|       pointer|
|res_84_ap_vld   |  out|     1|      ap_vld|                                                                          res_84|       pointer|
|res_85          |  out|    14|      ap_vld|                                                                          res_85|       pointer|
|res_85_ap_vld   |  out|     1|      ap_vld|                                                                          res_85|       pointer|
|res_86          |  out|    14|      ap_vld|                                                                          res_86|       pointer|
|res_86_ap_vld   |  out|     1|      ap_vld|                                                                          res_86|       pointer|
|res_87          |  out|    14|      ap_vld|                                                                          res_87|       pointer|
|res_87_ap_vld   |  out|     1|      ap_vld|                                                                          res_87|       pointer|
|res_88          |  out|    14|      ap_vld|                                                                          res_88|       pointer|
|res_88_ap_vld   |  out|     1|      ap_vld|                                                                          res_88|       pointer|
|res_89          |  out|    14|      ap_vld|                                                                          res_89|       pointer|
|res_89_ap_vld   |  out|     1|      ap_vld|                                                                          res_89|       pointer|
|res_90          |  out|    14|      ap_vld|                                                                          res_90|       pointer|
|res_90_ap_vld   |  out|     1|      ap_vld|                                                                          res_90|       pointer|
|res_91          |  out|    14|      ap_vld|                                                                          res_91|       pointer|
|res_91_ap_vld   |  out|     1|      ap_vld|                                                                          res_91|       pointer|
|res_92          |  out|    14|      ap_vld|                                                                          res_92|       pointer|
|res_92_ap_vld   |  out|     1|      ap_vld|                                                                          res_92|       pointer|
|res_93          |  out|    14|      ap_vld|                                                                          res_93|       pointer|
|res_93_ap_vld   |  out|     1|      ap_vld|                                                                          res_93|       pointer|
|res_94          |  out|    14|      ap_vld|                                                                          res_94|       pointer|
|res_94_ap_vld   |  out|     1|      ap_vld|                                                                          res_94|       pointer|
|res_95          |  out|    14|      ap_vld|                                                                          res_95|       pointer|
|res_95_ap_vld   |  out|     1|      ap_vld|                                                                          res_95|       pointer|
|res_96          |  out|    14|      ap_vld|                                                                          res_96|       pointer|
|res_96_ap_vld   |  out|     1|      ap_vld|                                                                          res_96|       pointer|
|res_97          |  out|    14|      ap_vld|                                                                          res_97|       pointer|
|res_97_ap_vld   |  out|     1|      ap_vld|                                                                          res_97|       pointer|
|res_98          |  out|    14|      ap_vld|                                                                          res_98|       pointer|
|res_98_ap_vld   |  out|     1|      ap_vld|                                                                          res_98|       pointer|
|res_99          |  out|    14|      ap_vld|                                                                          res_99|       pointer|
|res_99_ap_vld   |  out|     1|      ap_vld|                                                                          res_99|       pointer|
|res_100         |  out|    14|      ap_vld|                                                                         res_100|       pointer|
|res_100_ap_vld  |  out|     1|      ap_vld|                                                                         res_100|       pointer|
|res_101         |  out|    14|      ap_vld|                                                                         res_101|       pointer|
|res_101_ap_vld  |  out|     1|      ap_vld|                                                                         res_101|       pointer|
|res_102         |  out|    14|      ap_vld|                                                                         res_102|       pointer|
|res_102_ap_vld  |  out|     1|      ap_vld|                                                                         res_102|       pointer|
|res_103         |  out|    14|      ap_vld|                                                                         res_103|       pointer|
|res_103_ap_vld  |  out|     1|      ap_vld|                                                                         res_103|       pointer|
|res_104         |  out|    14|      ap_vld|                                                                         res_104|       pointer|
|res_104_ap_vld  |  out|     1|      ap_vld|                                                                         res_104|       pointer|
|res_105         |  out|    14|      ap_vld|                                                                         res_105|       pointer|
|res_105_ap_vld  |  out|     1|      ap_vld|                                                                         res_105|       pointer|
|res_106         |  out|    14|      ap_vld|                                                                         res_106|       pointer|
|res_106_ap_vld  |  out|     1|      ap_vld|                                                                         res_106|       pointer|
|res_107         |  out|    14|      ap_vld|                                                                         res_107|       pointer|
|res_107_ap_vld  |  out|     1|      ap_vld|                                                                         res_107|       pointer|
|res_108         |  out|    14|      ap_vld|                                                                         res_108|       pointer|
|res_108_ap_vld  |  out|     1|      ap_vld|                                                                         res_108|       pointer|
|res_109         |  out|    14|      ap_vld|                                                                         res_109|       pointer|
|res_109_ap_vld  |  out|     1|      ap_vld|                                                                         res_109|       pointer|
|res_110         |  out|    14|      ap_vld|                                                                         res_110|       pointer|
|res_110_ap_vld  |  out|     1|      ap_vld|                                                                         res_110|       pointer|
|res_111         |  out|    14|      ap_vld|                                                                         res_111|       pointer|
|res_111_ap_vld  |  out|     1|      ap_vld|                                                                         res_111|       pointer|
|res_112         |  out|    14|      ap_vld|                                                                         res_112|       pointer|
|res_112_ap_vld  |  out|     1|      ap_vld|                                                                         res_112|       pointer|
|res_113         |  out|    14|      ap_vld|                                                                         res_113|       pointer|
|res_113_ap_vld  |  out|     1|      ap_vld|                                                                         res_113|       pointer|
|res_114         |  out|    14|      ap_vld|                                                                         res_114|       pointer|
|res_114_ap_vld  |  out|     1|      ap_vld|                                                                         res_114|       pointer|
|res_115         |  out|    14|      ap_vld|                                                                         res_115|       pointer|
|res_115_ap_vld  |  out|     1|      ap_vld|                                                                         res_115|       pointer|
|res_116         |  out|    14|      ap_vld|                                                                         res_116|       pointer|
|res_116_ap_vld  |  out|     1|      ap_vld|                                                                         res_116|       pointer|
|res_117         |  out|    14|      ap_vld|                                                                         res_117|       pointer|
|res_117_ap_vld  |  out|     1|      ap_vld|                                                                         res_117|       pointer|
|res_118         |  out|    14|      ap_vld|                                                                         res_118|       pointer|
|res_118_ap_vld  |  out|     1|      ap_vld|                                                                         res_118|       pointer|
|res_119         |  out|    14|      ap_vld|                                                                         res_119|       pointer|
|res_119_ap_vld  |  out|     1|      ap_vld|                                                                         res_119|       pointer|
|res_120         |  out|    14|      ap_vld|                                                                         res_120|       pointer|
|res_120_ap_vld  |  out|     1|      ap_vld|                                                                         res_120|       pointer|
|res_121         |  out|    14|      ap_vld|                                                                         res_121|       pointer|
|res_121_ap_vld  |  out|     1|      ap_vld|                                                                         res_121|       pointer|
|res_122         |  out|    14|      ap_vld|                                                                         res_122|       pointer|
|res_122_ap_vld  |  out|     1|      ap_vld|                                                                         res_122|       pointer|
|res_123         |  out|    14|      ap_vld|                                                                         res_123|       pointer|
|res_123_ap_vld  |  out|     1|      ap_vld|                                                                         res_123|       pointer|
|res_124         |  out|    14|      ap_vld|                                                                         res_124|       pointer|
|res_124_ap_vld  |  out|     1|      ap_vld|                                                                         res_124|       pointer|
|res_125         |  out|    14|      ap_vld|                                                                         res_125|       pointer|
|res_125_ap_vld  |  out|     1|      ap_vld|                                                                         res_125|       pointer|
|res_126         |  out|    14|      ap_vld|                                                                         res_126|       pointer|
|res_126_ap_vld  |  out|     1|      ap_vld|                                                                         res_126|       pointer|
|res_127         |  out|    14|      ap_vld|                                                                         res_127|       pointer|
|res_127_ap_vld  |  out|     1|      ap_vld|                                                                         res_127|       pointer|
|res_128         |  out|    14|      ap_vld|                                                                         res_128|       pointer|
|res_128_ap_vld  |  out|     1|      ap_vld|                                                                         res_128|       pointer|
|res_129         |  out|    14|      ap_vld|                                                                         res_129|       pointer|
|res_129_ap_vld  |  out|     1|      ap_vld|                                                                         res_129|       pointer|
|res_130         |  out|    14|      ap_vld|                                                                         res_130|       pointer|
|res_130_ap_vld  |  out|     1|      ap_vld|                                                                         res_130|       pointer|
|res_131         |  out|    14|      ap_vld|                                                                         res_131|       pointer|
|res_131_ap_vld  |  out|     1|      ap_vld|                                                                         res_131|       pointer|
|res_132         |  out|    14|      ap_vld|                                                                         res_132|       pointer|
|res_132_ap_vld  |  out|     1|      ap_vld|                                                                         res_132|       pointer|
|res_133         |  out|    14|      ap_vld|                                                                         res_133|       pointer|
|res_133_ap_vld  |  out|     1|      ap_vld|                                                                         res_133|       pointer|
|res_134         |  out|    14|      ap_vld|                                                                         res_134|       pointer|
|res_134_ap_vld  |  out|     1|      ap_vld|                                                                         res_134|       pointer|
|res_135         |  out|    14|      ap_vld|                                                                         res_135|       pointer|
|res_135_ap_vld  |  out|     1|      ap_vld|                                                                         res_135|       pointer|
|res_136         |  out|    14|      ap_vld|                                                                         res_136|       pointer|
|res_136_ap_vld  |  out|     1|      ap_vld|                                                                         res_136|       pointer|
|res_137         |  out|    14|      ap_vld|                                                                         res_137|       pointer|
|res_137_ap_vld  |  out|     1|      ap_vld|                                                                         res_137|       pointer|
|res_138         |  out|    14|      ap_vld|                                                                         res_138|       pointer|
|res_138_ap_vld  |  out|     1|      ap_vld|                                                                         res_138|       pointer|
|res_139         |  out|    14|      ap_vld|                                                                         res_139|       pointer|
|res_139_ap_vld  |  out|     1|      ap_vld|                                                                         res_139|       pointer|
|res_140         |  out|    14|      ap_vld|                                                                         res_140|       pointer|
|res_140_ap_vld  |  out|     1|      ap_vld|                                                                         res_140|       pointer|
|res_141         |  out|    14|      ap_vld|                                                                         res_141|       pointer|
|res_141_ap_vld  |  out|     1|      ap_vld|                                                                         res_141|       pointer|
|res_142         |  out|    14|      ap_vld|                                                                         res_142|       pointer|
|res_142_ap_vld  |  out|     1|      ap_vld|                                                                         res_142|       pointer|
|res_143         |  out|    14|      ap_vld|                                                                         res_143|       pointer|
|res_143_ap_vld  |  out|     1|      ap_vld|                                                                         res_143|       pointer|
|res_144         |  out|    14|      ap_vld|                                                                         res_144|       pointer|
|res_144_ap_vld  |  out|     1|      ap_vld|                                                                         res_144|       pointer|
|res_145         |  out|    14|      ap_vld|                                                                         res_145|       pointer|
|res_145_ap_vld  |  out|     1|      ap_vld|                                                                         res_145|       pointer|
|res_146         |  out|    14|      ap_vld|                                                                         res_146|       pointer|
|res_146_ap_vld  |  out|     1|      ap_vld|                                                                         res_146|       pointer|
|res_147         |  out|    14|      ap_vld|                                                                         res_147|       pointer|
|res_147_ap_vld  |  out|     1|      ap_vld|                                                                         res_147|       pointer|
|res_148         |  out|    14|      ap_vld|                                                                         res_148|       pointer|
|res_148_ap_vld  |  out|     1|      ap_vld|                                                                         res_148|       pointer|
|res_149         |  out|    14|      ap_vld|                                                                         res_149|       pointer|
|res_149_ap_vld  |  out|     1|      ap_vld|                                                                         res_149|       pointer|
|res_150         |  out|    14|      ap_vld|                                                                         res_150|       pointer|
|res_150_ap_vld  |  out|     1|      ap_vld|                                                                         res_150|       pointer|
|res_151         |  out|    14|      ap_vld|                                                                         res_151|       pointer|
|res_151_ap_vld  |  out|     1|      ap_vld|                                                                         res_151|       pointer|
|res_152         |  out|    14|      ap_vld|                                                                         res_152|       pointer|
|res_152_ap_vld  |  out|     1|      ap_vld|                                                                         res_152|       pointer|
|res_153         |  out|    14|      ap_vld|                                                                         res_153|       pointer|
|res_153_ap_vld  |  out|     1|      ap_vld|                                                                         res_153|       pointer|
|res_154         |  out|    14|      ap_vld|                                                                         res_154|       pointer|
|res_154_ap_vld  |  out|     1|      ap_vld|                                                                         res_154|       pointer|
|res_155         |  out|    14|      ap_vld|                                                                         res_155|       pointer|
|res_155_ap_vld  |  out|     1|      ap_vld|                                                                         res_155|       pointer|
|res_156         |  out|    14|      ap_vld|                                                                         res_156|       pointer|
|res_156_ap_vld  |  out|     1|      ap_vld|                                                                         res_156|       pointer|
|res_157         |  out|    14|      ap_vld|                                                                         res_157|       pointer|
|res_157_ap_vld  |  out|     1|      ap_vld|                                                                         res_157|       pointer|
|res_158         |  out|    14|      ap_vld|                                                                         res_158|       pointer|
|res_158_ap_vld  |  out|     1|      ap_vld|                                                                         res_158|       pointer|
|res_159         |  out|    14|      ap_vld|                                                                         res_159|       pointer|
|res_159_ap_vld  |  out|     1|      ap_vld|                                                                         res_159|       pointer|
|res_160         |  out|    14|      ap_vld|                                                                         res_160|       pointer|
|res_160_ap_vld  |  out|     1|      ap_vld|                                                                         res_160|       pointer|
|res_161         |  out|    14|      ap_vld|                                                                         res_161|       pointer|
|res_161_ap_vld  |  out|     1|      ap_vld|                                                                         res_161|       pointer|
|res_162         |  out|    14|      ap_vld|                                                                         res_162|       pointer|
|res_162_ap_vld  |  out|     1|      ap_vld|                                                                         res_162|       pointer|
|res_163         |  out|    14|      ap_vld|                                                                         res_163|       pointer|
|res_163_ap_vld  |  out|     1|      ap_vld|                                                                         res_163|       pointer|
|res_164         |  out|    14|      ap_vld|                                                                         res_164|       pointer|
|res_164_ap_vld  |  out|     1|      ap_vld|                                                                         res_164|       pointer|
|res_165         |  out|    14|      ap_vld|                                                                         res_165|       pointer|
|res_165_ap_vld  |  out|     1|      ap_vld|                                                                         res_165|       pointer|
|res_166         |  out|    14|      ap_vld|                                                                         res_166|       pointer|
|res_166_ap_vld  |  out|     1|      ap_vld|                                                                         res_166|       pointer|
|res_167         |  out|    14|      ap_vld|                                                                         res_167|       pointer|
|res_167_ap_vld  |  out|     1|      ap_vld|                                                                         res_167|       pointer|
|res_168         |  out|    14|      ap_vld|                                                                         res_168|       pointer|
|res_168_ap_vld  |  out|     1|      ap_vld|                                                                         res_168|       pointer|
|res_169         |  out|    14|      ap_vld|                                                                         res_169|       pointer|
|res_169_ap_vld  |  out|     1|      ap_vld|                                                                         res_169|       pointer|
|res_170         |  out|    14|      ap_vld|                                                                         res_170|       pointer|
|res_170_ap_vld  |  out|     1|      ap_vld|                                                                         res_170|       pointer|
|res_171         |  out|    14|      ap_vld|                                                                         res_171|       pointer|
|res_171_ap_vld  |  out|     1|      ap_vld|                                                                         res_171|       pointer|
|res_172         |  out|    14|      ap_vld|                                                                         res_172|       pointer|
|res_172_ap_vld  |  out|     1|      ap_vld|                                                                         res_172|       pointer|
|res_173         |  out|    14|      ap_vld|                                                                         res_173|       pointer|
|res_173_ap_vld  |  out|     1|      ap_vld|                                                                         res_173|       pointer|
|res_174         |  out|    14|      ap_vld|                                                                         res_174|       pointer|
|res_174_ap_vld  |  out|     1|      ap_vld|                                                                         res_174|       pointer|
|res_175         |  out|    14|      ap_vld|                                                                         res_175|       pointer|
|res_175_ap_vld  |  out|     1|      ap_vld|                                                                         res_175|       pointer|
|res_176         |  out|    14|      ap_vld|                                                                         res_176|       pointer|
|res_176_ap_vld  |  out|     1|      ap_vld|                                                                         res_176|       pointer|
|res_177         |  out|    14|      ap_vld|                                                                         res_177|       pointer|
|res_177_ap_vld  |  out|     1|      ap_vld|                                                                         res_177|       pointer|
|res_178         |  out|    14|      ap_vld|                                                                         res_178|       pointer|
|res_178_ap_vld  |  out|     1|      ap_vld|                                                                         res_178|       pointer|
|res_179         |  out|    14|      ap_vld|                                                                         res_179|       pointer|
|res_179_ap_vld  |  out|     1|      ap_vld|                                                                         res_179|       pointer|
|res_180         |  out|    14|      ap_vld|                                                                         res_180|       pointer|
|res_180_ap_vld  |  out|     1|      ap_vld|                                                                         res_180|       pointer|
|res_181         |  out|    14|      ap_vld|                                                                         res_181|       pointer|
|res_181_ap_vld  |  out|     1|      ap_vld|                                                                         res_181|       pointer|
|res_182         |  out|    14|      ap_vld|                                                                         res_182|       pointer|
|res_182_ap_vld  |  out|     1|      ap_vld|                                                                         res_182|       pointer|
|res_183         |  out|    14|      ap_vld|                                                                         res_183|       pointer|
|res_183_ap_vld  |  out|     1|      ap_vld|                                                                         res_183|       pointer|
|res_184         |  out|    14|      ap_vld|                                                                         res_184|       pointer|
|res_184_ap_vld  |  out|     1|      ap_vld|                                                                         res_184|       pointer|
|res_185         |  out|    14|      ap_vld|                                                                         res_185|       pointer|
|res_185_ap_vld  |  out|     1|      ap_vld|                                                                         res_185|       pointer|
|res_186         |  out|    14|      ap_vld|                                                                         res_186|       pointer|
|res_186_ap_vld  |  out|     1|      ap_vld|                                                                         res_186|       pointer|
|res_187         |  out|    14|      ap_vld|                                                                         res_187|       pointer|
|res_187_ap_vld  |  out|     1|      ap_vld|                                                                         res_187|       pointer|
|res_188         |  out|    14|      ap_vld|                                                                         res_188|       pointer|
|res_188_ap_vld  |  out|     1|      ap_vld|                                                                         res_188|       pointer|
|res_189         |  out|    14|      ap_vld|                                                                         res_189|       pointer|
|res_189_ap_vld  |  out|     1|      ap_vld|                                                                         res_189|       pointer|
|res_190         |  out|    14|      ap_vld|                                                                         res_190|       pointer|
|res_190_ap_vld  |  out|     1|      ap_vld|                                                                         res_190|       pointer|
|res_191         |  out|    14|      ap_vld|                                                                         res_191|       pointer|
|res_191_ap_vld  |  out|     1|      ap_vld|                                                                         res_191|       pointer|
|res_192         |  out|    14|      ap_vld|                                                                         res_192|       pointer|
|res_192_ap_vld  |  out|     1|      ap_vld|                                                                         res_192|       pointer|
|res_193         |  out|    14|      ap_vld|                                                                         res_193|       pointer|
|res_193_ap_vld  |  out|     1|      ap_vld|                                                                         res_193|       pointer|
|res_194         |  out|    14|      ap_vld|                                                                         res_194|       pointer|
|res_194_ap_vld  |  out|     1|      ap_vld|                                                                         res_194|       pointer|
|res_195         |  out|    14|      ap_vld|                                                                         res_195|       pointer|
|res_195_ap_vld  |  out|     1|      ap_vld|                                                                         res_195|       pointer|
|res_196         |  out|    14|      ap_vld|                                                                         res_196|       pointer|
|res_196_ap_vld  |  out|     1|      ap_vld|                                                                         res_196|       pointer|
|res_197         |  out|    14|      ap_vld|                                                                         res_197|       pointer|
|res_197_ap_vld  |  out|     1|      ap_vld|                                                                         res_197|       pointer|
|res_198         |  out|    14|      ap_vld|                                                                         res_198|       pointer|
|res_198_ap_vld  |  out|     1|      ap_vld|                                                                         res_198|       pointer|
|res_199         |  out|    14|      ap_vld|                                                                         res_199|       pointer|
|res_199_ap_vld  |  out|     1|      ap_vld|                                                                         res_199|       pointer|
+----------------+-----+------+------------+--------------------------------------------------------------------------------+--------------+

