

================================================================
== Vitis HLS Report for 'fill_buffer_1'
================================================================
* Date:           Mon Jun 19 05:17:30 2023

* Version:        2022.2 (Build 3670227 on Oct 13 2022)
* Project:        myproject_prj
* Solution:       solution1 (Vivado IP Flow Target)
* Product family: virtexuplus
* Target device:  xcvu9p-flga2104-2L-e


================================================================
== Performance Estimates
================================================================
+ Timing: 
    * Summary: 
    +--------+---------+----------+------------+
    |  Clock |  Target | Estimated| Uncertainty|
    +--------+---------+----------+------------+
    |ap_clk  |  5.00 ns|  1.868 ns|     0.62 ns|
    +--------+---------+----------+------------+

+ Latency: 
    * Summary: 
    +---------+---------+----------+----------+-----+-----+---------+
    |  Latency (cycles) |  Latency (absolute) |  Interval | Pipeline|
    |   min   |   max   |    min   |    max   | min | max |   Type  |
    +---------+---------+----------+----------+-----+-----+---------+
    |        0|        0|      0 ns|      0 ns|    1|    1|      yes|
    +---------+---------+----------+----------+-----+-----+---------+

    + Detail: 
        * Instance: 
        N/A

        * Loop: 
        N/A



================================================================
== Utilization Estimates
================================================================
* Summary: 
+---------------------+---------+------+---------+---------+-----+
|         Name        | BRAM_18K|  DSP |    FF   |   LUT   | URAM|
+---------------------+---------+------+---------+---------+-----+
|DSP                  |        -|     -|        -|        -|    -|
|Expression           |        -|     -|        0|     1746|    -|
|FIFO                 |        -|     -|        -|        -|    -|
|Instance             |        -|     -|        -|        -|    -|
|Memory               |        -|     -|        -|        -|    -|
|Multiplexer          |        -|     -|        -|        -|    -|
|Register             |        -|     -|        -|        -|    -|
+---------------------+---------+------+---------+---------+-----+
|Total                |        0|     0|        0|     1746|    0|
+---------------------+---------+------+---------+---------+-----+
|Available SLR        |     1440|  2280|   788160|   394080|  320|
+---------------------+---------+------+---------+---------+-----+
|Utilization SLR (%)  |        0|     0|        0|       ~0|    0|
+---------------------+---------+------+---------+---------+-----+
|Available            |     4320|  6840|  2364480|  1182240|  960|
+---------------------+---------+------+---------+---------+-----+
|Utilization (%)      |        0|     0|        0|       ~0|    0|
+---------------------+---------+------+---------+---------+-----+

+ Detail: 
    * Instance: 
    N/A

    * DSP: 
    N/A

    * Memory: 
    N/A

    * FIFO: 
    N/A

    * Expression: 
    +-----------------------------+----------+----+---+----+------------+------------+
    |        Variable Name        | Operation| DSP| FF| LUT| Bitwidth P0| Bitwidth P1|
    +-----------------------------+----------+----+---+----+------------+------------+
    |icmp_ln87_1_fu_1802_p2       |      icmp|   0|  0|   9|           4|           1|
    |icmp_ln87_2_fu_1808_p2       |      icmp|   0|  0|   9|           4|           2|
    |icmp_ln87_3_fu_1814_p2       |      icmp|   0|  0|   9|           4|           2|
    |icmp_ln87_4_fu_1820_p2       |      icmp|   0|  0|   9|           4|           3|
    |icmp_ln87_5_fu_1826_p2       |      icmp|   0|  0|   9|           4|           3|
    |icmp_ln87_6_fu_1832_p2       |      icmp|   0|  0|   9|           4|           3|
    |icmp_ln87_7_fu_1838_p2       |      icmp|   0|  0|   9|           4|           3|
    |icmp_ln87_8_fu_1844_p2       |      icmp|   0|  0|   9|           4|           5|
    |icmp_ln87_9_fu_1850_p2       |      icmp|   0|  0|   9|           4|           4|
    |icmp_ln87_fu_1796_p2         |      icmp|   0|  0|   9|           4|           1|
    |or_ln127_1_fu_1878_p2        |        or|   0|  0|   2|           1|           1|
    |or_ln127_2_fu_1892_p2        |        or|   0|  0|   2|           1|           1|
    |or_ln127_3_fu_1906_p2        |        or|   0|  0|   2|           1|           1|
    |or_ln127_4_fu_1924_p2        |        or|   0|  0|   2|           1|           1|
    |or_ln127_5_fu_1938_p2        |        or|   0|  0|   2|           1|           1|
    |or_ln127_6_fu_1952_p2        |        or|   0|  0|   2|           1|           1|
    |or_ln127_7_fu_1978_p2        |        or|   0|  0|   2|           1|           1|
    |or_ln127_fu_1864_p2          |        or|   0|  0|   2|           1|           1|
    |select_ln127_100_fu_2784_p3  |    select|   0|  0|   8|           1|           8|
    |select_ln127_101_fu_2792_p3  |    select|   0|  0|   8|           1|           8|
    |select_ln127_102_fu_2800_p3  |    select|   0|  0|   8|           1|           8|
    |select_ln127_103_fu_2808_p3  |    select|   0|  0|   8|           1|           8|
    |select_ln127_104_fu_2816_p3  |    select|   0|  0|   8|           1|           8|
    |select_ln127_105_fu_2828_p3  |    select|   0|  0|   8|           1|           8|
    |select_ln127_106_fu_2836_p3  |    select|   0|  0|   8|           1|           8|
    |select_ln127_107_fu_2844_p3  |    select|   0|  0|   9|           1|           9|
    |select_ln127_108_fu_2852_p3  |    select|   0|  0|   8|           1|           8|
    |select_ln127_109_fu_2864_p3  |    select|   0|  0|   9|           1|           9|
    |select_ln127_10_fu_1992_p3   |    select|   0|  0|   8|           1|           8|
    |select_ln127_110_fu_2872_p3  |    select|   0|  0|   8|           1|           8|
    |select_ln127_111_fu_2880_p3  |    select|   0|  0|   8|           1|           8|
    |select_ln127_112_fu_2888_p3  |    select|   0|  0|   8|           1|           8|
    |select_ln127_113_fu_2896_p3  |    select|   0|  0|   8|           1|           8|
    |select_ln127_114_fu_2904_p3  |    select|   0|  0|   8|           1|           8|
    |select_ln127_115_fu_2916_p3  |    select|   0|  0|   8|           1|           8|
    |select_ln127_116_fu_2924_p3  |    select|   0|  0|   8|           1|           8|
    |select_ln127_117_fu_2932_p3  |    select|   0|  0|   9|           1|           9|
    |select_ln127_118_fu_2940_p3  |    select|   0|  0|   8|           1|           8|
    |select_ln127_119_fu_2952_p3  |    select|   0|  0|   9|           1|           9|
    |select_ln127_11_fu_2000_p3   |    select|   0|  0|   8|           1|           8|
    |select_ln127_120_fu_2960_p3  |    select|   0|  0|   8|           1|           8|
    |select_ln127_121_fu_2968_p3  |    select|   0|  0|   8|           1|           8|
    |select_ln127_122_fu_2976_p3  |    select|   0|  0|   8|           1|           8|
    |select_ln127_123_fu_2984_p3  |    select|   0|  0|   8|           1|           8|
    |select_ln127_124_fu_2992_p3  |    select|   0|  0|   8|           1|           8|
    |select_ln127_125_fu_3004_p3  |    select|   0|  0|   8|           1|           8|
    |select_ln127_126_fu_3012_p3  |    select|   0|  0|   8|           1|           8|
    |select_ln127_127_fu_3020_p3  |    select|   0|  0|   9|           1|           9|
    |select_ln127_128_fu_3028_p3  |    select|   0|  0|   8|           1|           8|
    |select_ln127_129_fu_3040_p3  |    select|   0|  0|   9|           1|           9|
    |select_ln127_12_fu_2008_p3   |    select|   0|  0|   8|           1|           8|
    |select_ln127_130_fu_3048_p3  |    select|   0|  0|   8|           1|           8|
    |select_ln127_131_fu_3056_p3  |    select|   0|  0|   8|           1|           8|
    |select_ln127_132_fu_3064_p3  |    select|   0|  0|   8|           1|           8|
    |select_ln127_133_fu_3072_p3  |    select|   0|  0|   8|           1|           8|
    |select_ln127_134_fu_3080_p3  |    select|   0|  0|   8|           1|           8|
    |select_ln127_135_fu_3092_p3  |    select|   0|  0|   8|           1|           8|
    |select_ln127_136_fu_3100_p3  |    select|   0|  0|   8|           1|           8|
    |select_ln127_137_fu_3108_p3  |    select|   0|  0|   9|           1|           9|
    |select_ln127_138_fu_3116_p3  |    select|   0|  0|   8|           1|           8|
    |select_ln127_139_fu_3128_p3  |    select|   0|  0|   9|           1|           9|
    |select_ln127_13_fu_2016_p3   |    select|   0|  0|   8|           1|           8|
    |select_ln127_140_fu_3136_p3  |    select|   0|  0|   8|           1|           8|
    |select_ln127_141_fu_3144_p3  |    select|   0|  0|   8|           1|           8|
    |select_ln127_142_fu_3152_p3  |    select|   0|  0|   8|           1|           8|
    |select_ln127_143_fu_3160_p3  |    select|   0|  0|   8|           1|           8|
    |select_ln127_144_fu_3168_p3  |    select|   0|  0|   8|           1|           8|
    |select_ln127_145_fu_3180_p3  |    select|   0|  0|   8|           1|           8|
    |select_ln127_146_fu_3188_p3  |    select|   0|  0|   8|           1|           8|
    |select_ln127_147_fu_3196_p3  |    select|   0|  0|   9|           1|           9|
    |select_ln127_148_fu_3204_p3  |    select|   0|  0|   8|           1|           8|
    |select_ln127_149_fu_3216_p3  |    select|   0|  0|   9|           1|           9|
    |select_ln127_14_fu_2024_p3   |    select|   0|  0|   8|           1|           8|
    |select_ln127_150_fu_3224_p3  |    select|   0|  0|   8|           1|           8|
    |select_ln127_151_fu_3232_p3  |    select|   0|  0|   8|           1|           8|
    |select_ln127_152_fu_3240_p3  |    select|   0|  0|   8|           1|           8|
    |select_ln127_153_fu_3248_p3  |    select|   0|  0|   8|           1|           8|
    |select_ln127_154_fu_3256_p3  |    select|   0|  0|   8|           1|           8|
    |select_ln127_155_fu_3268_p3  |    select|   0|  0|   8|           1|           8|
    |select_ln127_156_fu_3276_p3  |    select|   0|  0|   8|           1|           8|
    |select_ln127_157_fu_3284_p3  |    select|   0|  0|   9|           1|           9|
    |select_ln127_158_fu_3292_p3  |    select|   0|  0|   8|           1|           8|
    |select_ln127_159_fu_3304_p3  |    select|   0|  0|   9|           1|           9|
    |select_ln127_15_fu_2036_p3   |    select|   0|  0|   8|           1|           8|
    |select_ln127_160_fu_3312_p3  |    select|   0|  0|   8|           1|           8|
    |select_ln127_161_fu_3320_p3  |    select|   0|  0|   8|           1|           8|
    |select_ln127_162_fu_3328_p3  |    select|   0|  0|   8|           1|           8|
    |select_ln127_163_fu_3336_p3  |    select|   0|  0|   8|           1|           8|
    |select_ln127_164_fu_3344_p3  |    select|   0|  0|   8|           1|           8|
    |select_ln127_165_fu_3356_p3  |    select|   0|  0|   8|           1|           8|
    |select_ln127_166_fu_3364_p3  |    select|   0|  0|   8|           1|           8|
    |select_ln127_167_fu_3372_p3  |    select|   0|  0|   9|           1|           9|
    |select_ln127_168_fu_3380_p3  |    select|   0|  0|   8|           1|           8|
    |select_ln127_169_fu_3392_p3  |    select|   0|  0|   9|           1|           9|
    |select_ln127_16_fu_2044_p3   |    select|   0|  0|   8|           1|           8|
    |select_ln127_170_fu_3400_p3  |    select|   0|  0|   8|           1|           8|
    |select_ln127_171_fu_3408_p3  |    select|   0|  0|   8|           1|           8|
    |select_ln127_172_fu_3416_p3  |    select|   0|  0|   8|           1|           8|
    |select_ln127_173_fu_3424_p3  |    select|   0|  0|   8|           1|           8|
    |select_ln127_174_fu_3432_p3  |    select|   0|  0|   8|           1|           8|
    |select_ln127_175_fu_3444_p3  |    select|   0|  0|   8|           1|           8|
    |select_ln127_176_fu_3452_p3  |    select|   0|  0|   8|           1|           8|
    |select_ln127_177_fu_3460_p3  |    select|   0|  0|   9|           1|           9|
    |select_ln127_178_fu_3468_p3  |    select|   0|  0|   8|           1|           8|
    |select_ln127_179_fu_3480_p3  |    select|   0|  0|   9|           1|           9|
    |select_ln127_17_fu_2052_p3   |    select|   0|  0|   9|           1|           9|
    |select_ln127_180_fu_3488_p3  |    select|   0|  0|   8|           1|           8|
    |select_ln127_181_fu_3496_p3  |    select|   0|  0|   8|           1|           8|
    |select_ln127_182_fu_3504_p3  |    select|   0|  0|   8|           1|           8|
    |select_ln127_183_fu_3512_p3  |    select|   0|  0|   8|           1|           8|
    |select_ln127_184_fu_3520_p3  |    select|   0|  0|   8|           1|           8|
    |select_ln127_185_fu_3532_p3  |    select|   0|  0|   8|           1|           8|
    |select_ln127_186_fu_3540_p3  |    select|   0|  0|   8|           1|           8|
    |select_ln127_187_fu_3548_p3  |    select|   0|  0|   9|           1|           9|
    |select_ln127_188_fu_3556_p3  |    select|   0|  0|   8|           1|           8|
    |select_ln127_189_fu_3568_p3  |    select|   0|  0|   9|           1|           9|
    |select_ln127_18_fu_2060_p3   |    select|   0|  0|   8|           1|           8|
    |select_ln127_190_fu_3576_p3  |    select|   0|  0|   8|           1|           8|
    |select_ln127_191_fu_3584_p3  |    select|   0|  0|   8|           1|           8|
    |select_ln127_192_fu_3592_p3  |    select|   0|  0|   8|           1|           8|
    |select_ln127_193_fu_3600_p3  |    select|   0|  0|   8|           1|           8|
    |select_ln127_194_fu_3608_p3  |    select|   0|  0|   8|           1|           8|
    |select_ln127_195_fu_3620_p3  |    select|   0|  0|   8|           1|           8|
    |select_ln127_196_fu_3628_p3  |    select|   0|  0|   8|           1|           8|
    |select_ln127_197_fu_3636_p3  |    select|   0|  0|   9|           1|           9|
    |select_ln127_198_fu_3644_p3  |    select|   0|  0|   8|           1|           8|
    |select_ln127_199_fu_3656_p3  |    select|   0|  0|   9|           1|           9|
    |select_ln127_19_fu_2072_p3   |    select|   0|  0|   9|           1|           9|
    |select_ln127_1_fu_1870_p3    |    select|   0|  0|   8|           1|           8|
    |select_ln127_20_fu_2080_p3   |    select|   0|  0|   8|           1|           8|
    |select_ln127_21_fu_2088_p3   |    select|   0|  0|   8|           1|           8|
    |select_ln127_22_fu_2096_p3   |    select|   0|  0|   8|           1|           8|
    |select_ln127_23_fu_2104_p3   |    select|   0|  0|   8|           1|           8|
    |select_ln127_24_fu_2112_p3   |    select|   0|  0|   8|           1|           8|
    |select_ln127_25_fu_2124_p3   |    select|   0|  0|   8|           1|           8|
    |select_ln127_26_fu_2132_p3   |    select|   0|  0|   8|           1|           8|
    |select_ln127_27_fu_2140_p3   |    select|   0|  0|   9|           1|           9|
    |select_ln127_28_fu_2148_p3   |    select|   0|  0|   8|           1|           8|
    |select_ln127_29_fu_2160_p3   |    select|   0|  0|   9|           1|           9|
    |select_ln127_2_fu_1884_p3    |    select|   0|  0|   8|           1|           8|
    |select_ln127_30_fu_2168_p3   |    select|   0|  0|   8|           1|           8|
    |select_ln127_31_fu_2176_p3   |    select|   0|  0|   8|           1|           8|
    |select_ln127_32_fu_2184_p3   |    select|   0|  0|   8|           1|           8|
    |select_ln127_33_fu_2192_p3   |    select|   0|  0|   8|           1|           8|
    |select_ln127_34_fu_2200_p3   |    select|   0|  0|   8|           1|           8|
    |select_ln127_35_fu_2212_p3   |    select|   0|  0|   8|           1|           8|
    |select_ln127_36_fu_2220_p3   |    select|   0|  0|   8|           1|           8|
    |select_ln127_37_fu_2228_p3   |    select|   0|  0|   9|           1|           9|
    |select_ln127_38_fu_2236_p3   |    select|   0|  0|   8|           1|           8|
    |select_ln127_39_fu_2248_p3   |    select|   0|  0|   9|           1|           9|
    |select_ln127_3_fu_1898_p3    |    select|   0|  0|   8|           1|           8|
    |select_ln127_40_fu_2256_p3   |    select|   0|  0|   8|           1|           8|
    |select_ln127_41_fu_2264_p3   |    select|   0|  0|   8|           1|           8|
    |select_ln127_42_fu_2272_p3   |    select|   0|  0|   8|           1|           8|
    |select_ln127_43_fu_2280_p3   |    select|   0|  0|   8|           1|           8|
    |select_ln127_44_fu_2288_p3   |    select|   0|  0|   8|           1|           8|
    |select_ln127_45_fu_2300_p3   |    select|   0|  0|   8|           1|           8|
    |select_ln127_46_fu_2308_p3   |    select|   0|  0|   8|           1|           8|
    |select_ln127_47_fu_2316_p3   |    select|   0|  0|   9|           1|           9|
    |select_ln127_48_fu_2324_p3   |    select|   0|  0|   8|           1|           8|
    |select_ln127_49_fu_2336_p3   |    select|   0|  0|   9|           1|           9|
    |select_ln127_4_fu_1912_p3    |    select|   0|  0|   8|           1|           8|
    |select_ln127_50_fu_2344_p3   |    select|   0|  0|   8|           1|           8|
    |select_ln127_51_fu_2352_p3   |    select|   0|  0|   8|           1|           8|
    |select_ln127_52_fu_2360_p3   |    select|   0|  0|   8|           1|           8|
    |select_ln127_53_fu_2368_p3   |    select|   0|  0|   8|           1|           8|
    |select_ln127_54_fu_2376_p3   |    select|   0|  0|   8|           1|           8|
    |select_ln127_55_fu_2388_p3   |    select|   0|  0|   8|           1|           8|
    |select_ln127_56_fu_2396_p3   |    select|   0|  0|   8|           1|           8|
    |select_ln127_57_fu_2404_p3   |    select|   0|  0|   9|           1|           9|
    |select_ln127_58_fu_2412_p3   |    select|   0|  0|   8|           1|           8|
    |select_ln127_59_fu_2424_p3   |    select|   0|  0|   9|           1|           9|
    |select_ln127_5_fu_1930_p3    |    select|   0|  0|   8|           1|           8|
    |select_ln127_60_fu_2432_p3   |    select|   0|  0|   8|           1|           8|
    |select_ln127_61_fu_2440_p3   |    select|   0|  0|   8|           1|           8|
    |select_ln127_62_fu_2448_p3   |    select|   0|  0|   8|           1|           8|
    |select_ln127_63_fu_2456_p3   |    select|   0|  0|   8|           1|           8|
    |select_ln127_64_fu_2464_p3   |    select|   0|  0|   8|           1|           8|
    |select_ln127_65_fu_2476_p3   |    select|   0|  0|   8|           1|           8|
    |select_ln127_66_fu_2484_p3   |    select|   0|  0|   8|           1|           8|
    |select_ln127_67_fu_2492_p3   |    select|   0|  0|   9|           1|           9|
    |select_ln127_68_fu_2500_p3   |    select|   0|  0|   8|           1|           8|
    |select_ln127_69_fu_2512_p3   |    select|   0|  0|   9|           1|           9|
    |select_ln127_6_fu_1944_p3    |    select|   0|  0|   8|           1|           8|
    |select_ln127_70_fu_2520_p3   |    select|   0|  0|   8|           1|           8|
    |select_ln127_71_fu_2528_p3   |    select|   0|  0|   8|           1|           8|
    |select_ln127_72_fu_2536_p3   |    select|   0|  0|   8|           1|           8|
    |select_ln127_73_fu_2544_p3   |    select|   0|  0|   8|           1|           8|
    |select_ln127_74_fu_2552_p3   |    select|   0|  0|   8|           1|           8|
    |select_ln127_75_fu_2564_p3   |    select|   0|  0|   8|           1|           8|
    |select_ln127_76_fu_2572_p3   |    select|   0|  0|   8|           1|           8|
    |select_ln127_77_fu_2580_p3   |    select|   0|  0|   9|           1|           9|
    |select_ln127_78_fu_2588_p3   |    select|   0|  0|   8|           1|           8|
    |select_ln127_79_fu_2600_p3   |    select|   0|  0|   9|           1|           9|
    |select_ln127_7_fu_1958_p3    |    select|   0|  0|   9|           1|           9|
    |select_ln127_80_fu_2608_p3   |    select|   0|  0|   8|           1|           8|
    |select_ln127_81_fu_2616_p3   |    select|   0|  0|   8|           1|           8|
    |select_ln127_82_fu_2624_p3   |    select|   0|  0|   8|           1|           8|
    |select_ln127_83_fu_2632_p3   |    select|   0|  0|   8|           1|           8|
    |select_ln127_84_fu_2640_p3   |    select|   0|  0|   8|           1|           8|
    |select_ln127_85_fu_2652_p3   |    select|   0|  0|   8|           1|           8|
    |select_ln127_86_fu_2660_p3   |    select|   0|  0|   8|           1|           8|
    |select_ln127_87_fu_2668_p3   |    select|   0|  0|   9|           1|           9|
    |select_ln127_88_fu_2676_p3   |    select|   0|  0|   8|           1|           8|
    |select_ln127_89_fu_2688_p3   |    select|   0|  0|   9|           1|           9|
    |select_ln127_8_fu_1966_p3    |    select|   0|  0|   8|           1|           8|
    |select_ln127_90_fu_2696_p3   |    select|   0|  0|   8|           1|           8|
    |select_ln127_91_fu_2704_p3   |    select|   0|  0|   8|           1|           8|
    |select_ln127_92_fu_2712_p3   |    select|   0|  0|   8|           1|           8|
    |select_ln127_93_fu_2720_p3   |    select|   0|  0|   8|           1|           8|
    |select_ln127_94_fu_2728_p3   |    select|   0|  0|   8|           1|           8|
    |select_ln127_95_fu_2740_p3   |    select|   0|  0|   8|           1|           8|
    |select_ln127_96_fu_2748_p3   |    select|   0|  0|   8|           1|           8|
    |select_ln127_97_fu_2756_p3   |    select|   0|  0|   9|           1|           9|
    |select_ln127_98_fu_2764_p3   |    select|   0|  0|   8|           1|           8|
    |select_ln127_99_fu_2776_p3   |    select|   0|  0|   9|           1|           9|
    |select_ln127_9_fu_1984_p3    |    select|   0|  0|   9|           1|           9|
    |select_ln127_fu_1856_p3      |    select|   0|  0|   8|           1|           8|
    +-----------------------------+----------+----+---+----+------------+------------+
    |Total                        |          |   0|  0|1746|         248|        1675|
    +-----------------------------+----------+----+---+----+------------+------------+

    * Multiplexer: 
    N/A

    * Register: 
    N/A



================================================================
== Interface
================================================================
* Summary: 
+--------------+-----+-----+------------+---------------+--------------+
|   RTL Ports  | Dir | Bits|  Protocol  | Source Object |    C Type    |
+--------------+-----+-----+------------+---------------+--------------+
|ap_ready      |  out|    1|  ap_ctrl_hs|  fill_buffer.1|  return value|
|ap_return_0   |  out|    9|  ap_ctrl_hs|  fill_buffer.1|  return value|
|ap_return_1   |  out|    9|  ap_ctrl_hs|  fill_buffer.1|  return value|
|ap_return_2   |  out|    9|  ap_ctrl_hs|  fill_buffer.1|  return value|
|ap_return_3   |  out|    9|  ap_ctrl_hs|  fill_buffer.1|  return value|
|ap_return_4   |  out|    9|  ap_ctrl_hs|  fill_buffer.1|  return value|
|ap_return_5   |  out|    9|  ap_ctrl_hs|  fill_buffer.1|  return value|
|ap_return_6   |  out|    9|  ap_ctrl_hs|  fill_buffer.1|  return value|
|ap_return_7   |  out|    9|  ap_ctrl_hs|  fill_buffer.1|  return value|
|ap_return_8   |  out|    9|  ap_ctrl_hs|  fill_buffer.1|  return value|
|ap_return_9   |  out|    9|  ap_ctrl_hs|  fill_buffer.1|  return value|
|ap_return_10  |  out|    9|  ap_ctrl_hs|  fill_buffer.1|  return value|
|ap_return_11  |  out|    9|  ap_ctrl_hs|  fill_buffer.1|  return value|
|ap_return_12  |  out|    9|  ap_ctrl_hs|  fill_buffer.1|  return value|
|ap_return_13  |  out|    9|  ap_ctrl_hs|  fill_buffer.1|  return value|
|ap_return_14  |  out|    9|  ap_ctrl_hs|  fill_buffer.1|  return value|
|ap_return_15  |  out|    9|  ap_ctrl_hs|  fill_buffer.1|  return value|
|ap_return_16  |  out|    9|  ap_ctrl_hs|  fill_buffer.1|  return value|
|ap_return_17  |  out|    9|  ap_ctrl_hs|  fill_buffer.1|  return value|
|ap_return_18  |  out|    9|  ap_ctrl_hs|  fill_buffer.1|  return value|
|ap_return_19  |  out|    9|  ap_ctrl_hs|  fill_buffer.1|  return value|
|p_read        |   in|    8|     ap_none|         p_read|        scalar|
|p_read1       |   in|    8|     ap_none|        p_read1|        scalar|
|p_read2       |   in|    8|     ap_none|        p_read2|        scalar|
|p_read3       |   in|    8|     ap_none|        p_read3|        scalar|
|p_read4       |   in|    8|     ap_none|        p_read4|        scalar|
|p_read5       |   in|    8|     ap_none|        p_read5|        scalar|
|p_read6       |   in|    8|     ap_none|        p_read6|        scalar|
|p_read7       |   in|    8|     ap_none|        p_read7|        scalar|
|p_read8       |   in|    8|     ap_none|        p_read8|        scalar|
|p_read9       |   in|    8|     ap_none|        p_read9|        scalar|
|p_read10      |   in|    8|     ap_none|       p_read10|        scalar|
|p_read11      |   in|    8|     ap_none|       p_read11|        scalar|
|p_read12      |   in|    8|     ap_none|       p_read12|        scalar|
|p_read13      |   in|    8|     ap_none|       p_read13|        scalar|
|p_read14      |   in|    8|     ap_none|       p_read14|        scalar|
|p_read15      |   in|    8|     ap_none|       p_read15|        scalar|
|p_read16      |   in|    8|     ap_none|       p_read16|        scalar|
|p_read17      |   in|    8|     ap_none|       p_read17|        scalar|
|p_read18      |   in|    8|     ap_none|       p_read18|        scalar|
|p_read19      |   in|    8|     ap_none|       p_read19|        scalar|
|p_read20      |   in|    8|     ap_none|       p_read20|        scalar|
|p_read21      |   in|    8|     ap_none|       p_read21|        scalar|
|p_read22      |   in|    8|     ap_none|       p_read22|        scalar|
|p_read23      |   in|    8|     ap_none|       p_read23|        scalar|
|p_read24      |   in|    8|     ap_none|       p_read24|        scalar|
|p_read25      |   in|    8|     ap_none|       p_read25|        scalar|
|p_read26      |   in|    8|     ap_none|       p_read26|        scalar|
|p_read27      |   in|    8|     ap_none|       p_read27|        scalar|
|p_read28      |   in|    8|     ap_none|       p_read28|        scalar|
|p_read29      |   in|    8|     ap_none|       p_read29|        scalar|
|p_read30      |   in|    8|     ap_none|       p_read30|        scalar|
|p_read31      |   in|    8|     ap_none|       p_read31|        scalar|
|p_read32      |   in|    8|     ap_none|       p_read32|        scalar|
|p_read33      |   in|    8|     ap_none|       p_read33|        scalar|
|p_read34      |   in|    8|     ap_none|       p_read34|        scalar|
|p_read35      |   in|    8|     ap_none|       p_read35|        scalar|
|p_read36      |   in|    8|     ap_none|       p_read36|        scalar|
|p_read37      |   in|    8|     ap_none|       p_read37|        scalar|
|p_read38      |   in|    8|     ap_none|       p_read38|        scalar|
|p_read39      |   in|    8|     ap_none|       p_read39|        scalar|
|p_read40      |   in|    8|     ap_none|       p_read40|        scalar|
|p_read41      |   in|    8|     ap_none|       p_read41|        scalar|
|p_read42      |   in|    8|     ap_none|       p_read42|        scalar|
|p_read43      |   in|    8|     ap_none|       p_read43|        scalar|
|p_read44      |   in|    8|     ap_none|       p_read44|        scalar|
|p_read45      |   in|    8|     ap_none|       p_read45|        scalar|
|p_read46      |   in|    8|     ap_none|       p_read46|        scalar|
|p_read47      |   in|    8|     ap_none|       p_read47|        scalar|
|p_read48      |   in|    8|     ap_none|       p_read48|        scalar|
|p_read49      |   in|    8|     ap_none|       p_read49|        scalar|
|p_read50      |   in|    8|     ap_none|       p_read50|        scalar|
|p_read51      |   in|    8|     ap_none|       p_read51|        scalar|
|p_read52      |   in|    8|     ap_none|       p_read52|        scalar|
|p_read53      |   in|    8|     ap_none|       p_read53|        scalar|
|p_read54      |   in|    8|     ap_none|       p_read54|        scalar|
|p_read55      |   in|    8|     ap_none|       p_read55|        scalar|
|p_read56      |   in|    8|     ap_none|       p_read56|        scalar|
|p_read57      |   in|    8|     ap_none|       p_read57|        scalar|
|p_read58      |   in|    8|     ap_none|       p_read58|        scalar|
|p_read59      |   in|    8|     ap_none|       p_read59|        scalar|
|p_read60      |   in|    8|     ap_none|       p_read60|        scalar|
|p_read61      |   in|    8|     ap_none|       p_read61|        scalar|
|p_read62      |   in|    8|     ap_none|       p_read62|        scalar|
|p_read63      |   in|    8|     ap_none|       p_read63|        scalar|
|p_read64      |   in|    8|     ap_none|       p_read64|        scalar|
|p_read65      |   in|    8|     ap_none|       p_read65|        scalar|
|p_read66      |   in|    8|     ap_none|       p_read66|        scalar|
|p_read67      |   in|    8|     ap_none|       p_read67|        scalar|
|p_read68      |   in|    8|     ap_none|       p_read68|        scalar|
|p_read69      |   in|    8|     ap_none|       p_read69|        scalar|
|p_read70      |   in|    8|     ap_none|       p_read70|        scalar|
|p_read71      |   in|    8|     ap_none|       p_read71|        scalar|
|p_read72      |   in|    8|     ap_none|       p_read72|        scalar|
|p_read73      |   in|    8|     ap_none|       p_read73|        scalar|
|p_read74      |   in|    8|     ap_none|       p_read74|        scalar|
|p_read75      |   in|    8|     ap_none|       p_read75|        scalar|
|p_read76      |   in|    8|     ap_none|       p_read76|        scalar|
|p_read77      |   in|    8|     ap_none|       p_read77|        scalar|
|p_read78      |   in|    8|     ap_none|       p_read78|        scalar|
|p_read79      |   in|    8|     ap_none|       p_read79|        scalar|
|p_read80      |   in|    8|     ap_none|       p_read80|        scalar|
|p_read81      |   in|    8|     ap_none|       p_read81|        scalar|
|p_read82      |   in|    8|     ap_none|       p_read82|        scalar|
|p_read83      |   in|    8|     ap_none|       p_read83|        scalar|
|p_read84      |   in|    8|     ap_none|       p_read84|        scalar|
|p_read85      |   in|    8|     ap_none|       p_read85|        scalar|
|p_read86      |   in|    8|     ap_none|       p_read86|        scalar|
|p_read87      |   in|    8|     ap_none|       p_read87|        scalar|
|p_read88      |   in|    8|     ap_none|       p_read88|        scalar|
|p_read89      |   in|    8|     ap_none|       p_read89|        scalar|
|p_read90      |   in|    8|     ap_none|       p_read90|        scalar|
|p_read91      |   in|    8|     ap_none|       p_read91|        scalar|
|p_read92      |   in|    8|     ap_none|       p_read92|        scalar|
|p_read93      |   in|    8|     ap_none|       p_read93|        scalar|
|p_read94      |   in|    8|     ap_none|       p_read94|        scalar|
|p_read95      |   in|    8|     ap_none|       p_read95|        scalar|
|p_read96      |   in|    8|     ap_none|       p_read96|        scalar|
|p_read97      |   in|    8|     ap_none|       p_read97|        scalar|
|p_read98      |   in|    8|     ap_none|       p_read98|        scalar|
|p_read99      |   in|    8|     ap_none|       p_read99|        scalar|
|p_read100     |   in|    8|     ap_none|      p_read100|        scalar|
|p_read101     |   in|    8|     ap_none|      p_read101|        scalar|
|p_read102     |   in|    8|     ap_none|      p_read102|        scalar|
|p_read103     |   in|    8|     ap_none|      p_read103|        scalar|
|p_read104     |   in|    8|     ap_none|      p_read104|        scalar|
|p_read105     |   in|    8|     ap_none|      p_read105|        scalar|
|p_read106     |   in|    8|     ap_none|      p_read106|        scalar|
|p_read107     |   in|    8|     ap_none|      p_read107|        scalar|
|p_read108     |   in|    8|     ap_none|      p_read108|        scalar|
|p_read109     |   in|    8|     ap_none|      p_read109|        scalar|
|p_read110     |   in|    8|     ap_none|      p_read110|        scalar|
|p_read111     |   in|    8|     ap_none|      p_read111|        scalar|
|p_read112     |   in|    8|     ap_none|      p_read112|        scalar|
|p_read113     |   in|    8|     ap_none|      p_read113|        scalar|
|p_read114     |   in|    8|     ap_none|      p_read114|        scalar|
|p_read115     |   in|    8|     ap_none|      p_read115|        scalar|
|p_read116     |   in|    8|     ap_none|      p_read116|        scalar|
|p_read117     |   in|    8|     ap_none|      p_read117|        scalar|
|p_read118     |   in|    8|     ap_none|      p_read118|        scalar|
|p_read119     |   in|    8|     ap_none|      p_read119|        scalar|
|p_read120     |   in|    8|     ap_none|      p_read120|        scalar|
|p_read121     |   in|    8|     ap_none|      p_read121|        scalar|
|p_read122     |   in|    8|     ap_none|      p_read122|        scalar|
|p_read123     |   in|    8|     ap_none|      p_read123|        scalar|
|p_read124     |   in|    8|     ap_none|      p_read124|        scalar|
|p_read125     |   in|    8|     ap_none|      p_read125|        scalar|
|p_read126     |   in|    8|     ap_none|      p_read126|        scalar|
|p_read127     |   in|    8|     ap_none|      p_read127|        scalar|
|p_read128     |   in|    8|     ap_none|      p_read128|        scalar|
|p_read129     |   in|    8|     ap_none|      p_read129|        scalar|
|p_read130     |   in|    8|     ap_none|      p_read130|        scalar|
|p_read131     |   in|    8|     ap_none|      p_read131|        scalar|
|p_read132     |   in|    8|     ap_none|      p_read132|        scalar|
|p_read133     |   in|    8|     ap_none|      p_read133|        scalar|
|p_read134     |   in|    8|     ap_none|      p_read134|        scalar|
|p_read135     |   in|    8|     ap_none|      p_read135|        scalar|
|p_read136     |   in|    8|     ap_none|      p_read136|        scalar|
|p_read137     |   in|    8|     ap_none|      p_read137|        scalar|
|p_read138     |   in|    8|     ap_none|      p_read138|        scalar|
|p_read139     |   in|    8|     ap_none|      p_read139|        scalar|
|p_read140     |   in|    8|     ap_none|      p_read140|        scalar|
|p_read141     |   in|    8|     ap_none|      p_read141|        scalar|
|p_read142     |   in|    8|     ap_none|      p_read142|        scalar|
|p_read143     |   in|    8|     ap_none|      p_read143|        scalar|
|p_read144     |   in|    8|     ap_none|      p_read144|        scalar|
|p_read145     |   in|    8|     ap_none|      p_read145|        scalar|
|p_read146     |   in|    8|     ap_none|      p_read146|        scalar|
|p_read147     |   in|    8|     ap_none|      p_read147|        scalar|
|p_read148     |   in|    8|     ap_none|      p_read148|        scalar|
|p_read149     |   in|    8|     ap_none|      p_read149|        scalar|
|p_read150     |   in|    8|     ap_none|      p_read150|        scalar|
|p_read151     |   in|    8|     ap_none|      p_read151|        scalar|
|p_read152     |   in|    8|     ap_none|      p_read152|        scalar|
|p_read153     |   in|    8|     ap_none|      p_read153|        scalar|
|p_read154     |   in|    8|     ap_none|      p_read154|        scalar|
|p_read155     |   in|    8|     ap_none|      p_read155|        scalar|
|p_read156     |   in|    8|     ap_none|      p_read156|        scalar|
|p_read157     |   in|    8|     ap_none|      p_read157|        scalar|
|p_read158     |   in|    8|     ap_none|      p_read158|        scalar|
|p_read159     |   in|    8|     ap_none|      p_read159|        scalar|
|p_read160     |   in|    8|     ap_none|      p_read160|        scalar|
|p_read161     |   in|    8|     ap_none|      p_read161|        scalar|
|p_read162     |   in|    8|     ap_none|      p_read162|        scalar|
|p_read163     |   in|    8|     ap_none|      p_read163|        scalar|
|p_read164     |   in|    8|     ap_none|      p_read164|        scalar|
|p_read165     |   in|    8|     ap_none|      p_read165|        scalar|
|p_read166     |   in|    8|     ap_none|      p_read166|        scalar|
|p_read167     |   in|    8|     ap_none|      p_read167|        scalar|
|p_read168     |   in|    8|     ap_none|      p_read168|        scalar|
|p_read169     |   in|    8|     ap_none|      p_read169|        scalar|
|p_read170     |   in|    8|     ap_none|      p_read170|        scalar|
|p_read171     |   in|    8|     ap_none|      p_read171|        scalar|
|p_read172     |   in|    8|     ap_none|      p_read172|        scalar|
|p_read173     |   in|    8|     ap_none|      p_read173|        scalar|
|p_read174     |   in|    8|     ap_none|      p_read174|        scalar|
|p_read175     |   in|    8|     ap_none|      p_read175|        scalar|
|p_read176     |   in|    8|     ap_none|      p_read176|        scalar|
|p_read177     |   in|    8|     ap_none|      p_read177|        scalar|
|p_read178     |   in|    8|     ap_none|      p_read178|        scalar|
|p_read179     |   in|    8|     ap_none|      p_read179|        scalar|
|p_read180     |   in|    8|     ap_none|      p_read180|        scalar|
|p_read181     |   in|    8|     ap_none|      p_read181|        scalar|
|p_read182     |   in|    8|     ap_none|      p_read182|        scalar|
|p_read183     |   in|    8|     ap_none|      p_read183|        scalar|
|p_read184     |   in|    8|     ap_none|      p_read184|        scalar|
|p_read185     |   in|    8|     ap_none|      p_read185|        scalar|
|p_read186     |   in|    8|     ap_none|      p_read186|        scalar|
|p_read187     |   in|    8|     ap_none|      p_read187|        scalar|
|p_read188     |   in|    8|     ap_none|      p_read188|        scalar|
|p_read189     |   in|    8|     ap_none|      p_read189|        scalar|
|p_read190     |   in|    8|     ap_none|      p_read190|        scalar|
|p_read191     |   in|    8|     ap_none|      p_read191|        scalar|
|p_read192     |   in|    8|     ap_none|      p_read192|        scalar|
|p_read193     |   in|    8|     ap_none|      p_read193|        scalar|
|p_read194     |   in|    8|     ap_none|      p_read194|        scalar|
|p_read195     |   in|    8|     ap_none|      p_read195|        scalar|
|p_read196     |   in|    8|     ap_none|      p_read196|        scalar|
|p_read197     |   in|    8|     ap_none|      p_read197|        scalar|
|p_read198     |   in|    8|     ap_none|      p_read198|        scalar|
|p_read199     |   in|    8|     ap_none|      p_read199|        scalar|
|p_read200     |   in|    9|     ap_none|      p_read200|        scalar|
|p_read201     |   in|    9|     ap_none|      p_read201|        scalar|
|p_read202     |   in|    9|     ap_none|      p_read202|        scalar|
|p_read203     |   in|    9|     ap_none|      p_read203|        scalar|
|p_read204     |   in|    9|     ap_none|      p_read204|        scalar|
|p_read205     |   in|    9|     ap_none|      p_read205|        scalar|
|p_read206     |   in|    9|     ap_none|      p_read206|        scalar|
|p_read207     |   in|    9|     ap_none|      p_read207|        scalar|
|p_read208     |   in|    9|     ap_none|      p_read208|        scalar|
|p_read209     |   in|    9|     ap_none|      p_read209|        scalar|
|p_read210     |   in|    9|     ap_none|      p_read210|        scalar|
|p_read211     |   in|    9|     ap_none|      p_read211|        scalar|
|p_read212     |   in|    9|     ap_none|      p_read212|        scalar|
|p_read213     |   in|    9|     ap_none|      p_read213|        scalar|
|p_read214     |   in|    9|     ap_none|      p_read214|        scalar|
|p_read215     |   in|    9|     ap_none|      p_read215|        scalar|
|p_read216     |   in|    9|     ap_none|      p_read216|        scalar|
|p_read217     |   in|    9|     ap_none|      p_read217|        scalar|
|p_read218     |   in|    9|     ap_none|      p_read218|        scalar|
|p_read219     |   in|    9|     ap_none|      p_read219|        scalar|
|partition     |   in|    4|     ap_none|      partition|        scalar|
+--------------+-----+-----+------------+---------------+--------------+

