

================================================================
== Vitis HLS Report for 'linear_ap_fixed_9_3_5_3_0_ap_fixed_16_6_0_0_0_linear_config13_s'
================================================================
* Date:           Mon Jun 19 05:17:45 2023

* Version:        2022.2 (Build 3670227 on Oct 13 2022)
* Project:        myproject_prj
* Solution:       solution1 (Vivado IP Flow Target)
* Product family: virtexuplus
* Target device:  xcvu9p-flga2104-2L-e


================================================================
== Performance Estimates
================================================================
+ Timing: 
    * Summary: 
    +--------+---------+----------+------------+
    |  Clock |  Target | Estimated| Uncertainty|
    +--------+---------+----------+------------+
    |ap_clk  |  5.00 ns|  1.429 ns|     0.62 ns|
    +--------+---------+----------+------------+

+ Latency: 
    * Summary: 
    +---------+---------+----------+----------+-----+-----+---------+
    |  Latency (cycles) |  Latency (absolute) |  Interval | Pipeline|
    |   min   |   max   |    min   |    max   | min | max |   Type  |
    +---------+---------+----------+----------+-----+-----+---------+
    |        0|        0|      0 ns|      0 ns|    1|    1|      yes|
    +---------+---------+----------+----------+-----+-----+---------+

    + Detail: 
        * Instance: 
        N/A

        * Loop: 
        N/A



================================================================
== Utilization Estimates
================================================================
* Summary: 
+---------------------+---------+------+---------+---------+-----+
|         Name        | BRAM_18K|  DSP |    FF   |   LUT   | URAM|
+---------------------+---------+------+---------+---------+-----+
|DSP                  |        -|     -|        -|        -|    -|
|Expression           |        -|     -|        0|        2|    -|
|FIFO                 |        -|     -|        -|        -|    -|
|Instance             |        -|     -|        -|        -|    -|
|Memory               |        -|     -|        -|        -|    -|
|Multiplexer          |        -|     -|        -|       99|    -|
|Register             |        -|     -|       92|        -|    -|
+---------------------+---------+------+---------+---------+-----+
|Total                |        0|     0|       92|      101|    0|
+---------------------+---------+------+---------+---------+-----+
|Available SLR        |     1440|  2280|   788160|   394080|  320|
+---------------------+---------+------+---------+---------+-----+
|Utilization SLR (%)  |        0|     0|       ~0|       ~0|    0|
+---------------------+---------+------+---------+---------+-----+
|Available            |     4320|  6840|  2364480|  1182240|  960|
+---------------------+---------+------+---------+---------+-----+
|Utilization (%)      |        0|     0|       ~0|       ~0|    0|
+---------------------+---------+------+---------+---------+-----+

+ Detail: 
    * Instance: 
    N/A

    * DSP: 
    N/A

    * Memory: 
    N/A

    * FIFO: 
    N/A

    * Expression: 
    +-----------------+----------+----+---+----+------------+------------+
    |  Variable Name  | Operation| DSP| FF| LUT| Bitwidth P0| Bitwidth P1|
    +-----------------+----------+----+---+----+------------+------------+
    |ap_block_state1  |        or|   0|  0|   2|           1|           1|
    +-----------------+----------+----+---+----+------------+------------+
    |Total            |          |   0|  0|   2|           1|           1|
    +-----------------+----------+----+---+----+------------+------------+

    * Multiplexer: 
    +-------------+----+-----------+-----+-----------+
    |     Name    | LUT| Input Size| Bits| Total Bits|
    +-------------+----+-----------+-----+-----------+
    |ap_done      |   9|          2|    1|          2|
    |ap_return_0  |   9|          2|    9|         18|
    |ap_return_1  |   9|          2|    9|         18|
    |ap_return_2  |   9|          2|    9|         18|
    |ap_return_3  |   9|          2|    9|         18|
    |ap_return_4  |   9|          2|    9|         18|
    |ap_return_5  |   9|          2|    9|         18|
    |ap_return_6  |   9|          2|    9|         18|
    |ap_return_7  |   9|          2|    9|         18|
    |ap_return_8  |   9|          2|    9|         18|
    |ap_return_9  |   9|          2|    9|         18|
    +-------------+----+-----------+-----+-----------+
    |Total        |  99|         22|   91|        182|
    +-------------+----+-----------+-----+-----------+

    * Register: 
    +------------------+---+----+-----+-----------+
    |       Name       | FF| LUT| Bits| Const Bits|
    +------------------+---+----+-----+-----------+
    |ap_CS_fsm         |  1|   0|    1|          0|
    |ap_done_reg       |  1|   0|    1|          0|
    |ap_return_0_preg  |  9|   0|   13|          4|
    |ap_return_1_preg  |  9|   0|   13|          4|
    |ap_return_2_preg  |  9|   0|   13|          4|
    |ap_return_3_preg  |  9|   0|   13|          4|
    |ap_return_4_preg  |  9|   0|   13|          4|
    |ap_return_5_preg  |  9|   0|   13|          4|
    |ap_return_6_preg  |  9|   0|   13|          4|
    |ap_return_7_preg  |  9|   0|   13|          4|
    |ap_return_8_preg  |  9|   0|   13|          4|
    |ap_return_9_preg  |  9|   0|   13|          4|
    +------------------+---+----+-----+-----------+
    |Total             | 92|   0|  132|         40|
    +------------------+---+----+-----+-----------+



================================================================
== Interface
================================================================
* Summary: 
+-------------+-----+-----+------------+----------------------------------------------------------------------------+--------------+
|  RTL Ports  | Dir | Bits|  Protocol  |                                Source Object                               |    C Type    |
+-------------+-----+-----+------------+----------------------------------------------------------------------------+--------------+
|ap_clk       |   in|    1|  ap_ctrl_hs|  linear<ap_fixed<9, 3, 5, 3, 0>, ap_fixed<16, 6, 0, 0, 0>, linear_config13>|  return value|
|ap_rst       |   in|    1|  ap_ctrl_hs|  linear<ap_fixed<9, 3, 5, 3, 0>, ap_fixed<16, 6, 0, 0, 0>, linear_config13>|  return value|
|ap_start     |   in|    1|  ap_ctrl_hs|  linear<ap_fixed<9, 3, 5, 3, 0>, ap_fixed<16, 6, 0, 0, 0>, linear_config13>|  return value|
|ap_done      |  out|    1|  ap_ctrl_hs|  linear<ap_fixed<9, 3, 5, 3, 0>, ap_fixed<16, 6, 0, 0, 0>, linear_config13>|  return value|
|ap_continue  |   in|    1|  ap_ctrl_hs|  linear<ap_fixed<9, 3, 5, 3, 0>, ap_fixed<16, 6, 0, 0, 0>, linear_config13>|  return value|
|ap_idle      |  out|    1|  ap_ctrl_hs|  linear<ap_fixed<9, 3, 5, 3, 0>, ap_fixed<16, 6, 0, 0, 0>, linear_config13>|  return value|
|ap_ready     |  out|    1|  ap_ctrl_hs|  linear<ap_fixed<9, 3, 5, 3, 0>, ap_fixed<16, 6, 0, 0, 0>, linear_config13>|  return value|
|ap_return_0  |  out|   13|  ap_ctrl_hs|  linear<ap_fixed<9, 3, 5, 3, 0>, ap_fixed<16, 6, 0, 0, 0>, linear_config13>|  return value|
|ap_return_1  |  out|   13|  ap_ctrl_hs|  linear<ap_fixed<9, 3, 5, 3, 0>, ap_fixed<16, 6, 0, 0, 0>, linear_config13>|  return value|
|ap_return_2  |  out|   13|  ap_ctrl_hs|  linear<ap_fixed<9, 3, 5, 3, 0>, ap_fixed<16, 6, 0, 0, 0>, linear_config13>|  return value|
|ap_return_3  |  out|   13|  ap_ctrl_hs|  linear<ap_fixed<9, 3, 5, 3, 0>, ap_fixed<16, 6, 0, 0, 0>, linear_config13>|  return value|
|ap_return_4  |  out|   13|  ap_ctrl_hs|  linear<ap_fixed<9, 3, 5, 3, 0>, ap_fixed<16, 6, 0, 0, 0>, linear_config13>|  return value|
|ap_return_5  |  out|   13|  ap_ctrl_hs|  linear<ap_fixed<9, 3, 5, 3, 0>, ap_fixed<16, 6, 0, 0, 0>, linear_config13>|  return value|
|ap_return_6  |  out|   13|  ap_ctrl_hs|  linear<ap_fixed<9, 3, 5, 3, 0>, ap_fixed<16, 6, 0, 0, 0>, linear_config13>|  return value|
|ap_return_7  |  out|   13|  ap_ctrl_hs|  linear<ap_fixed<9, 3, 5, 3, 0>, ap_fixed<16, 6, 0, 0, 0>, linear_config13>|  return value|
|ap_return_8  |  out|   13|  ap_ctrl_hs|  linear<ap_fixed<9, 3, 5, 3, 0>, ap_fixed<16, 6, 0, 0, 0>, linear_config13>|  return value|
|ap_return_9  |  out|   13|  ap_ctrl_hs|  linear<ap_fixed<9, 3, 5, 3, 0>, ap_fixed<16, 6, 0, 0, 0>, linear_config13>|  return value|
|p_read       |   in|    9|     ap_none|                                                                      p_read|        scalar|
|p_read1      |   in|    9|     ap_none|                                                                     p_read1|        scalar|
|p_read2      |   in|    9|     ap_none|                                                                     p_read2|        scalar|
|p_read3      |   in|    9|     ap_none|                                                                     p_read3|        scalar|
|p_read4      |   in|    9|     ap_none|                                                                     p_read4|        scalar|
|p_read5      |   in|    9|     ap_none|                                                                     p_read5|        scalar|
|p_read6      |   in|    9|     ap_none|                                                                     p_read6|        scalar|
|p_read7      |   in|    9|     ap_none|                                                                     p_read7|        scalar|
|p_read8      |   in|    9|     ap_none|                                                                     p_read8|        scalar|
|p_read9      |   in|    9|     ap_none|                                                                     p_read9|        scalar|
+-------------+-----+-----+------------+----------------------------------------------------------------------------+--------------+

