

================================================================
== Vitis HLS Report for 'linear_ap_fixed_16_6_5_3_0_ap_fixed_16_6_0_0_0_linear_config6_s'
================================================================
* Date:           Mon Jun 19 05:17:34 2023

* Version:        2022.2 (Build 3670227 on Oct 13 2022)
* Project:        myproject_prj
* Solution:       solution1 (Vivado IP Flow Target)
* Product family: virtexuplus
* Target device:  xcvu9p-flga2104-2L-e


================================================================
== Performance Estimates
================================================================
+ Timing: 
    * Summary: 
    +--------+---------+----------+------------+
    |  Clock |  Target | Estimated| Uncertainty|
    +--------+---------+----------+------------+
    |ap_clk  |  5.00 ns|  1.429 ns|     0.62 ns|
    +--------+---------+----------+------------+

+ Latency: 
    * Summary: 
    +---------+---------+----------+----------+-----+-----+---------+
    |  Latency (cycles) |  Latency (absolute) |  Interval | Pipeline|
    |   min   |   max   |    min   |    max   | min | max |   Type  |
    +---------+---------+----------+----------+-----+-----+---------+
    |        0|        0|      0 ns|      0 ns|    1|    1|      yes|
    +---------+---------+----------+----------+-----+-----+---------+

    + Detail: 
        * Instance: 
        N/A

        * Loop: 
        N/A



================================================================
== Utilization Estimates
================================================================
* Summary: 
+---------------------+---------+------+---------+---------+-----+
|         Name        | BRAM_18K|  DSP |    FF   |   LUT   | URAM|
+---------------------+---------+------+---------+---------+-----+
|DSP                  |        -|     -|        -|        -|    -|
|Expression           |        -|     -|        0|        2|    -|
|FIFO                 |        -|     -|        -|        -|    -|
|Instance             |        -|     -|        -|        -|    -|
|Memory               |        -|     -|        -|        -|    -|
|Multiplexer          |        -|     -|        -|      459|    -|
|Register             |        -|     -|      702|        -|    -|
+---------------------+---------+------+---------+---------+-----+
|Total                |        0|     0|      702|      461|    0|
+---------------------+---------+------+---------+---------+-----+
|Available SLR        |     1440|  2280|   788160|   394080|  320|
+---------------------+---------+------+---------+---------+-----+
|Utilization SLR (%)  |        0|     0|       ~0|       ~0|    0|
+---------------------+---------+------+---------+---------+-----+
|Available            |     4320|  6840|  2364480|  1182240|  960|
+---------------------+---------+------+---------+---------+-----+
|Utilization (%)      |        0|     0|       ~0|       ~0|    0|
+---------------------+---------+------+---------+---------+-----+

+ Detail: 
    * Instance: 
    N/A

    * DSP: 
    N/A

    * Memory: 
    N/A

    * FIFO: 
    N/A

    * Expression: 
    +-----------------+----------+----+---+----+------------+------------+
    |  Variable Name  | Operation| DSP| FF| LUT| Bitwidth P0| Bitwidth P1|
    +-----------------+----------+----+---+----+------------+------------+
    |ap_block_state1  |        or|   0|  0|   2|           1|           1|
    +-----------------+----------+----+---+----+------------+------------+
    |Total            |          |   0|  0|   2|           1|           1|
    +-----------------+----------+----+---+----+------------+------------+

    * Multiplexer: 
    +--------------+----+-----------+-----+-----------+
    |     Name     | LUT| Input Size| Bits| Total Bits|
    +--------------+----+-----------+-----+-----------+
    |ap_done       |   9|          2|    1|          2|
    |ap_return_0   |   9|          2|   14|         28|
    |ap_return_1   |   9|          2|   14|         28|
    |ap_return_10  |   9|          2|   14|         28|
    |ap_return_11  |   9|          2|   14|         28|
    |ap_return_12  |   9|          2|   14|         28|
    |ap_return_13  |   9|          2|   14|         28|
    |ap_return_14  |   9|          2|   14|         28|
    |ap_return_15  |   9|          2|   14|         28|
    |ap_return_16  |   9|          2|   14|         28|
    |ap_return_17  |   9|          2|   14|         28|
    |ap_return_18  |   9|          2|   14|         28|
    |ap_return_19  |   9|          2|   14|         28|
    |ap_return_2   |   9|          2|   14|         28|
    |ap_return_20  |   9|          2|   14|         28|
    |ap_return_21  |   9|          2|   14|         28|
    |ap_return_22  |   9|          2|   14|         28|
    |ap_return_23  |   9|          2|   14|         28|
    |ap_return_24  |   9|          2|   14|         28|
    |ap_return_25  |   9|          2|   14|         28|
    |ap_return_26  |   9|          2|   14|         28|
    |ap_return_27  |   9|          2|   14|         28|
    |ap_return_28  |   9|          2|   14|         28|
    |ap_return_29  |   9|          2|   14|         28|
    |ap_return_3   |   9|          2|   14|         28|
    |ap_return_30  |   9|          2|   14|         28|
    |ap_return_31  |   9|          2|   14|         28|
    |ap_return_32  |   9|          2|   14|         28|
    |ap_return_33  |   9|          2|   14|         28|
    |ap_return_34  |   9|          2|   14|         28|
    |ap_return_35  |   9|          2|   14|         28|
    |ap_return_36  |   9|          2|   14|         28|
    |ap_return_37  |   9|          2|   14|         28|
    |ap_return_38  |   9|          2|   14|         28|
    |ap_return_39  |   9|          2|   14|         28|
    |ap_return_4   |   9|          2|   14|         28|
    |ap_return_40  |   9|          2|   14|         28|
    |ap_return_41  |   9|          2|   14|         28|
    |ap_return_42  |   9|          2|   14|         28|
    |ap_return_43  |   9|          2|   14|         28|
    |ap_return_44  |   9|          2|   14|         28|
    |ap_return_45  |   9|          2|   14|         28|
    |ap_return_46  |   9|          2|   14|         28|
    |ap_return_47  |   9|          2|   14|         28|
    |ap_return_48  |   9|          2|   14|         28|
    |ap_return_49  |   9|          2|   14|         28|
    |ap_return_5   |   9|          2|   14|         28|
    |ap_return_6   |   9|          2|   14|         28|
    |ap_return_7   |   9|          2|   14|         28|
    |ap_return_8   |   9|          2|   14|         28|
    |ap_return_9   |   9|          2|   14|         28|
    +--------------+----+-----------+-----+-----------+
    |Total         | 459|        102|  701|       1402|
    +--------------+----+-----------+-----+-----------+

    * Register: 
    +-------------------+----+----+-----+-----------+
    |        Name       | FF | LUT| Bits| Const Bits|
    +-------------------+----+----+-----+-----------+
    |ap_CS_fsm          |   1|   0|    1|          0|
    |ap_done_reg        |   1|   0|    1|          0|
    |ap_return_0_preg   |  14|   0|   14|          0|
    |ap_return_10_preg  |  14|   0|   14|          0|
    |ap_return_11_preg  |  14|   0|   14|          0|
    |ap_return_12_preg  |  14|   0|   14|          0|
    |ap_return_13_preg  |  14|   0|   14|          0|
    |ap_return_14_preg  |  14|   0|   14|          0|
    |ap_return_15_preg  |  14|   0|   14|          0|
    |ap_return_16_preg  |  14|   0|   14|          0|
    |ap_return_17_preg  |  14|   0|   14|          0|
    |ap_return_18_preg  |  14|   0|   14|          0|
    |ap_return_19_preg  |  14|   0|   14|          0|
    |ap_return_1_preg   |  14|   0|   14|          0|
    |ap_return_20_preg  |  14|   0|   14|          0|
    |ap_return_21_preg  |  14|   0|   14|          0|
    |ap_return_22_preg  |  14|   0|   14|          0|
    |ap_return_23_preg  |  14|   0|   14|          0|
    |ap_return_24_preg  |  14|   0|   14|          0|
    |ap_return_25_preg  |  14|   0|   14|          0|
    |ap_return_26_preg  |  14|   0|   14|          0|
    |ap_return_27_preg  |  14|   0|   14|          0|
    |ap_return_28_preg  |  14|   0|   14|          0|
    |ap_return_29_preg  |  14|   0|   14|          0|
    |ap_return_2_preg   |  14|   0|   14|          0|
    |ap_return_30_preg  |  14|   0|   14|          0|
    |ap_return_31_preg  |  14|   0|   14|          0|
    |ap_return_32_preg  |  14|   0|   14|          0|
    |ap_return_33_preg  |  14|   0|   14|          0|
    |ap_return_34_preg  |  14|   0|   14|          0|
    |ap_return_35_preg  |  14|   0|   14|          0|
    |ap_return_36_preg  |  14|   0|   14|          0|
    |ap_return_37_preg  |  14|   0|   14|          0|
    |ap_return_38_preg  |  14|   0|   14|          0|
    |ap_return_39_preg  |  14|   0|   14|          0|
    |ap_return_3_preg   |  14|   0|   14|          0|
    |ap_return_40_preg  |  14|   0|   14|          0|
    |ap_return_41_preg  |  14|   0|   14|          0|
    |ap_return_42_preg  |  14|   0|   14|          0|
    |ap_return_43_preg  |  14|   0|   14|          0|
    |ap_return_44_preg  |  14|   0|   14|          0|
    |ap_return_45_preg  |  14|   0|   14|          0|
    |ap_return_46_preg  |  14|   0|   14|          0|
    |ap_return_47_preg  |  14|   0|   14|          0|
    |ap_return_48_preg  |  14|   0|   14|          0|
    |ap_return_49_preg  |  14|   0|   14|          0|
    |ap_return_4_preg   |  14|   0|   14|          0|
    |ap_return_5_preg   |  14|   0|   14|          0|
    |ap_return_6_preg   |  14|   0|   14|          0|
    |ap_return_7_preg   |  14|   0|   14|          0|
    |ap_return_8_preg   |  14|   0|   14|          0|
    |ap_return_9_preg   |  14|   0|   14|          0|
    +-------------------+----+----+-----+-----------+
    |Total              | 702|   0|  702|          0|
    +-------------------+----+----+-----+-----------+



================================================================
== Interface
================================================================
* Summary: 
+--------------+-----+-----+------------+----------------------------------------------------------------------------+--------------+
|   RTL Ports  | Dir | Bits|  Protocol  |                                Source Object                               |    C Type    |
+--------------+-----+-----+------------+----------------------------------------------------------------------------+--------------+
|ap_clk        |   in|    1|  ap_ctrl_hs|  linear<ap_fixed<16, 6, 5, 3, 0>, ap_fixed<16, 6, 0, 0, 0>, linear_config6>|  return value|
|ap_rst        |   in|    1|  ap_ctrl_hs|  linear<ap_fixed<16, 6, 5, 3, 0>, ap_fixed<16, 6, 0, 0, 0>, linear_config6>|  return value|
|ap_start      |   in|    1|  ap_ctrl_hs|  linear<ap_fixed<16, 6, 5, 3, 0>, ap_fixed<16, 6, 0, 0, 0>, linear_config6>|  return value|
|ap_done       |  out|    1|  ap_ctrl_hs|  linear<ap_fixed<16, 6, 5, 3, 0>, ap_fixed<16, 6, 0, 0, 0>, linear_config6>|  return value|
|ap_continue   |   in|    1|  ap_ctrl_hs|  linear<ap_fixed<16, 6, 5, 3, 0>, ap_fixed<16, 6, 0, 0, 0>, linear_config6>|  return value|
|ap_ce         |   in|    1|  ap_ctrl_hs|  linear<ap_fixed<16, 6, 5, 3, 0>, ap_fixed<16, 6, 0, 0, 0>, linear_config6>|  return value|
|ap_idle       |  out|    1|  ap_ctrl_hs|  linear<ap_fixed<16, 6, 5, 3, 0>, ap_fixed<16, 6, 0, 0, 0>, linear_config6>|  return value|
|ap_ready      |  out|    1|  ap_ctrl_hs|  linear<ap_fixed<16, 6, 5, 3, 0>, ap_fixed<16, 6, 0, 0, 0>, linear_config6>|  return value|
|ap_return_0   |  out|   14|  ap_ctrl_hs|  linear<ap_fixed<16, 6, 5, 3, 0>, ap_fixed<16, 6, 0, 0, 0>, linear_config6>|  return value|
|ap_return_1   |  out|   14|  ap_ctrl_hs|  linear<ap_fixed<16, 6, 5, 3, 0>, ap_fixed<16, 6, 0, 0, 0>, linear_config6>|  return value|
|ap_return_2   |  out|   14|  ap_ctrl_hs|  linear<ap_fixed<16, 6, 5, 3, 0>, ap_fixed<16, 6, 0, 0, 0>, linear_config6>|  return value|
|ap_return_3   |  out|   14|  ap_ctrl_hs|  linear<ap_fixed<16, 6, 5, 3, 0>, ap_fixed<16, 6, 0, 0, 0>, linear_config6>|  return value|
|ap_return_4   |  out|   14|  ap_ctrl_hs|  linear<ap_fixed<16, 6, 5, 3, 0>, ap_fixed<16, 6, 0, 0, 0>, linear_config6>|  return value|
|ap_return_5   |  out|   14|  ap_ctrl_hs|  linear<ap_fixed<16, 6, 5, 3, 0>, ap_fixed<16, 6, 0, 0, 0>, linear_config6>|  return value|
|ap_return_6   |  out|   14|  ap_ctrl_hs|  linear<ap_fixed<16, 6, 5, 3, 0>, ap_fixed<16, 6, 0, 0, 0>, linear_config6>|  return value|
|ap_return_7   |  out|   14|  ap_ctrl_hs|  linear<ap_fixed<16, 6, 5, 3, 0>, ap_fixed<16, 6, 0, 0, 0>, linear_config6>|  return value|
|ap_return_8   |  out|   14|  ap_ctrl_hs|  linear<ap_fixed<16, 6, 5, 3, 0>, ap_fixed<16, 6, 0, 0, 0>, linear_config6>|  return value|
|ap_return_9   |  out|   14|  ap_ctrl_hs|  linear<ap_fixed<16, 6, 5, 3, 0>, ap_fixed<16, 6, 0, 0, 0>, linear_config6>|  return value|
|ap_return_10  |  out|   14|  ap_ctrl_hs|  linear<ap_fixed<16, 6, 5, 3, 0>, ap_fixed<16, 6, 0, 0, 0>, linear_config6>|  return value|
|ap_return_11  |  out|   14|  ap_ctrl_hs|  linear<ap_fixed<16, 6, 5, 3, 0>, ap_fixed<16, 6, 0, 0, 0>, linear_config6>|  return value|
|ap_return_12  |  out|   14|  ap_ctrl_hs|  linear<ap_fixed<16, 6, 5, 3, 0>, ap_fixed<16, 6, 0, 0, 0>, linear_config6>|  return value|
|ap_return_13  |  out|   14|  ap_ctrl_hs|  linear<ap_fixed<16, 6, 5, 3, 0>, ap_fixed<16, 6, 0, 0, 0>, linear_config6>|  return value|
|ap_return_14  |  out|   14|  ap_ctrl_hs|  linear<ap_fixed<16, 6, 5, 3, 0>, ap_fixed<16, 6, 0, 0, 0>, linear_config6>|  return value|
|ap_return_15  |  out|   14|  ap_ctrl_hs|  linear<ap_fixed<16, 6, 5, 3, 0>, ap_fixed<16, 6, 0, 0, 0>, linear_config6>|  return value|
|ap_return_16  |  out|   14|  ap_ctrl_hs|  linear<ap_fixed<16, 6, 5, 3, 0>, ap_fixed<16, 6, 0, 0, 0>, linear_config6>|  return value|
|ap_return_17  |  out|   14|  ap_ctrl_hs|  linear<ap_fixed<16, 6, 5, 3, 0>, ap_fixed<16, 6, 0, 0, 0>, linear_config6>|  return value|
|ap_return_18  |  out|   14|  ap_ctrl_hs|  linear<ap_fixed<16, 6, 5, 3, 0>, ap_fixed<16, 6, 0, 0, 0>, linear_config6>|  return value|
|ap_return_19  |  out|   14|  ap_ctrl_hs|  linear<ap_fixed<16, 6, 5, 3, 0>, ap_fixed<16, 6, 0, 0, 0>, linear_config6>|  return value|
|ap_return_20  |  out|   14|  ap_ctrl_hs|  linear<ap_fixed<16, 6, 5, 3, 0>, ap_fixed<16, 6, 0, 0, 0>, linear_config6>|  return value|
|ap_return_21  |  out|   14|  ap_ctrl_hs|  linear<ap_fixed<16, 6, 5, 3, 0>, ap_fixed<16, 6, 0, 0, 0>, linear_config6>|  return value|
|ap_return_22  |  out|   14|  ap_ctrl_hs|  linear<ap_fixed<16, 6, 5, 3, 0>, ap_fixed<16, 6, 0, 0, 0>, linear_config6>|  return value|
|ap_return_23  |  out|   14|  ap_ctrl_hs|  linear<ap_fixed<16, 6, 5, 3, 0>, ap_fixed<16, 6, 0, 0, 0>, linear_config6>|  return value|
|ap_return_24  |  out|   14|  ap_ctrl_hs|  linear<ap_fixed<16, 6, 5, 3, 0>, ap_fixed<16, 6, 0, 0, 0>, linear_config6>|  return value|
|ap_return_25  |  out|   14|  ap_ctrl_hs|  linear<ap_fixed<16, 6, 5, 3, 0>, ap_fixed<16, 6, 0, 0, 0>, linear_config6>|  return value|
|ap_return_26  |  out|   14|  ap_ctrl_hs|  linear<ap_fixed<16, 6, 5, 3, 0>, ap_fixed<16, 6, 0, 0, 0>, linear_config6>|  return value|
|ap_return_27  |  out|   14|  ap_ctrl_hs|  linear<ap_fixed<16, 6, 5, 3, 0>, ap_fixed<16, 6, 0, 0, 0>, linear_config6>|  return value|
|ap_return_28  |  out|   14|  ap_ctrl_hs|  linear<ap_fixed<16, 6, 5, 3, 0>, ap_fixed<16, 6, 0, 0, 0>, linear_config6>|  return value|
|ap_return_29  |  out|   14|  ap_ctrl_hs|  linear<ap_fixed<16, 6, 5, 3, 0>, ap_fixed<16, 6, 0, 0, 0>, linear_config6>|  return value|
|ap_return_30  |  out|   14|  ap_ctrl_hs|  linear<ap_fixed<16, 6, 5, 3, 0>, ap_fixed<16, 6, 0, 0, 0>, linear_config6>|  return value|
|ap_return_31  |  out|   14|  ap_ctrl_hs|  linear<ap_fixed<16, 6, 5, 3, 0>, ap_fixed<16, 6, 0, 0, 0>, linear_config6>|  return value|
|ap_return_32  |  out|   14|  ap_ctrl_hs|  linear<ap_fixed<16, 6, 5, 3, 0>, ap_fixed<16, 6, 0, 0, 0>, linear_config6>|  return value|
|ap_return_33  |  out|   14|  ap_ctrl_hs|  linear<ap_fixed<16, 6, 5, 3, 0>, ap_fixed<16, 6, 0, 0, 0>, linear_config6>|  return value|
|ap_return_34  |  out|   14|  ap_ctrl_hs|  linear<ap_fixed<16, 6, 5, 3, 0>, ap_fixed<16, 6, 0, 0, 0>, linear_config6>|  return value|
|ap_return_35  |  out|   14|  ap_ctrl_hs|  linear<ap_fixed<16, 6, 5, 3, 0>, ap_fixed<16, 6, 0, 0, 0>, linear_config6>|  return value|
|ap_return_36  |  out|   14|  ap_ctrl_hs|  linear<ap_fixed<16, 6, 5, 3, 0>, ap_fixed<16, 6, 0, 0, 0>, linear_config6>|  return value|
|ap_return_37  |  out|   14|  ap_ctrl_hs|  linear<ap_fixed<16, 6, 5, 3, 0>, ap_fixed<16, 6, 0, 0, 0>, linear_config6>|  return value|
|ap_return_38  |  out|   14|  ap_ctrl_hs|  linear<ap_fixed<16, 6, 5, 3, 0>, ap_fixed<16, 6, 0, 0, 0>, linear_config6>|  return value|
|ap_return_39  |  out|   14|  ap_ctrl_hs|  linear<ap_fixed<16, 6, 5, 3, 0>, ap_fixed<16, 6, 0, 0, 0>, linear_config6>|  return value|
|ap_return_40  |  out|   14|  ap_ctrl_hs|  linear<ap_fixed<16, 6, 5, 3, 0>, ap_fixed<16, 6, 0, 0, 0>, linear_config6>|  return value|
|ap_return_41  |  out|   14|  ap_ctrl_hs|  linear<ap_fixed<16, 6, 5, 3, 0>, ap_fixed<16, 6, 0, 0, 0>, linear_config6>|  return value|
|ap_return_42  |  out|   14|  ap_ctrl_hs|  linear<ap_fixed<16, 6, 5, 3, 0>, ap_fixed<16, 6, 0, 0, 0>, linear_config6>|  return value|
|ap_return_43  |  out|   14|  ap_ctrl_hs|  linear<ap_fixed<16, 6, 5, 3, 0>, ap_fixed<16, 6, 0, 0, 0>, linear_config6>|  return value|
|ap_return_44  |  out|   14|  ap_ctrl_hs|  linear<ap_fixed<16, 6, 5, 3, 0>, ap_fixed<16, 6, 0, 0, 0>, linear_config6>|  return value|
|ap_return_45  |  out|   14|  ap_ctrl_hs|  linear<ap_fixed<16, 6, 5, 3, 0>, ap_fixed<16, 6, 0, 0, 0>, linear_config6>|  return value|
|ap_return_46  |  out|   14|  ap_ctrl_hs|  linear<ap_fixed<16, 6, 5, 3, 0>, ap_fixed<16, 6, 0, 0, 0>, linear_config6>|  return value|
|ap_return_47  |  out|   14|  ap_ctrl_hs|  linear<ap_fixed<16, 6, 5, 3, 0>, ap_fixed<16, 6, 0, 0, 0>, linear_config6>|  return value|
|ap_return_48  |  out|   14|  ap_ctrl_hs|  linear<ap_fixed<16, 6, 5, 3, 0>, ap_fixed<16, 6, 0, 0, 0>, linear_config6>|  return value|
|ap_return_49  |  out|   14|  ap_ctrl_hs|  linear<ap_fixed<16, 6, 5, 3, 0>, ap_fixed<16, 6, 0, 0, 0>, linear_config6>|  return value|
|p_read        |   in|   14|     ap_none|                                                                      p_read|        scalar|
|p_read1       |   in|   14|     ap_none|                                                                     p_read1|        scalar|
|p_read2       |   in|   14|     ap_none|                                                                     p_read2|        scalar|
|p_read3       |   in|   14|     ap_none|                                                                     p_read3|        scalar|
|p_read4       |   in|   14|     ap_none|                                                                     p_read4|        scalar|
|p_read5       |   in|   14|     ap_none|                                                                     p_read5|        scalar|
|p_read6       |   in|   14|     ap_none|                                                                     p_read6|        scalar|
|p_read7       |   in|   14|     ap_none|                                                                     p_read7|        scalar|
|p_read8       |   in|   14|     ap_none|                                                                     p_read8|        scalar|
|p_read9       |   in|   14|     ap_none|                                                                     p_read9|        scalar|
|p_read10      |   in|   14|     ap_none|                                                                    p_read10|        scalar|
|p_read11      |   in|   14|     ap_none|                                                                    p_read11|        scalar|
|p_read12      |   in|   14|     ap_none|                                                                    p_read12|        scalar|
|p_read13      |   in|   14|     ap_none|                                                                    p_read13|        scalar|
|p_read14      |   in|   14|     ap_none|                                                                    p_read14|        scalar|
|p_read15      |   in|   14|     ap_none|                                                                    p_read15|        scalar|
|p_read16      |   in|   14|     ap_none|                                                                    p_read16|        scalar|
|p_read17      |   in|   14|     ap_none|                                                                    p_read17|        scalar|
|p_read18      |   in|   14|     ap_none|                                                                    p_read18|        scalar|
|p_read19      |   in|   14|     ap_none|                                                                    p_read19|        scalar|
|p_read20      |   in|   14|     ap_none|                                                                    p_read20|        scalar|
|p_read21      |   in|   14|     ap_none|                                                                    p_read21|        scalar|
|p_read22      |   in|   14|     ap_none|                                                                    p_read22|        scalar|
|p_read23      |   in|   14|     ap_none|                                                                    p_read23|        scalar|
|p_read24      |   in|   14|     ap_none|                                                                    p_read24|        scalar|
|p_read25      |   in|   14|     ap_none|                                                                    p_read25|        scalar|
|p_read26      |   in|   14|     ap_none|                                                                    p_read26|        scalar|
|p_read27      |   in|   14|     ap_none|                                                                    p_read27|        scalar|
|p_read28      |   in|   14|     ap_none|                                                                    p_read28|        scalar|
|p_read29      |   in|   14|     ap_none|                                                                    p_read29|        scalar|
|p_read30      |   in|   14|     ap_none|                                                                    p_read30|        scalar|
|p_read31      |   in|   14|     ap_none|                                                                    p_read31|        scalar|
|p_read32      |   in|   14|     ap_none|                                                                    p_read32|        scalar|
|p_read33      |   in|   14|     ap_none|                                                                    p_read33|        scalar|
|p_read34      |   in|   14|     ap_none|                                                                    p_read34|        scalar|
|p_read35      |   in|   14|     ap_none|                                                                    p_read35|        scalar|
|p_read36      |   in|   14|     ap_none|                                                                    p_read36|        scalar|
|p_read37      |   in|   14|     ap_none|                                                                    p_read37|        scalar|
|p_read38      |   in|   14|     ap_none|                                                                    p_read38|        scalar|
|p_read39      |   in|   14|     ap_none|                                                                    p_read39|        scalar|
|p_read40      |   in|   14|     ap_none|                                                                    p_read40|        scalar|
|p_read41      |   in|   14|     ap_none|                                                                    p_read41|        scalar|
|p_read42      |   in|   14|     ap_none|                                                                    p_read42|        scalar|
|p_read43      |   in|   14|     ap_none|                                                                    p_read43|        scalar|
|p_read44      |   in|   14|     ap_none|                                                                    p_read44|        scalar|
|p_read45      |   in|   14|     ap_none|                                                                    p_read45|        scalar|
|p_read46      |   in|   14|     ap_none|                                                                    p_read46|        scalar|
|p_read47      |   in|   14|     ap_none|                                                                    p_read47|        scalar|
|p_read48      |   in|   14|     ap_none|                                                                    p_read48|        scalar|
|p_read49      |   in|   14|     ap_none|                                                                    p_read49|        scalar|
+--------------+-----+-----+------------+----------------------------------------------------------------------------+--------------+

