

================================================================
== Vitis HLS Report for 'relu_ap_fixed_16_6_0_0_0_ap_fixed_9_4_0_0_0_relu_config7_s'
================================================================
* Date:           Mon Jun 19 05:17:34 2023

* Version:        2022.2 (Build 3670227 on Oct 13 2022)
* Project:        myproject_prj
* Solution:       solution1 (Vivado IP Flow Target)
* Product family: virtexuplus
* Target device:  xcvu9p-flga2104-2L-e


================================================================
== Performance Estimates
================================================================
+ Timing: 
    * Summary: 
    +--------+---------+----------+------------+
    |  Clock |  Target | Estimated| Uncertainty|
    +--------+---------+----------+------------+
    |ap_clk  |  5.00 ns|  2.437 ns|     0.62 ns|
    +--------+---------+----------+------------+

+ Latency: 
    * Summary: 
    +---------+---------+----------+----------+-----+-----+---------+
    |  Latency (cycles) |  Latency (absolute) |  Interval | Pipeline|
    |   min   |   max   |    min   |    max   | min | max |   Type  |
    +---------+---------+----------+----------+-----+-----+---------+
    |        0|        0|      0 ns|      0 ns|    1|    1|      yes|
    +---------+---------+----------+----------+-----+-----+---------+

    + Detail: 
        * Instance: 
        N/A

        * Loop: 
        N/A



================================================================
== Utilization Estimates
================================================================
* Summary: 
+---------------------+---------+------+---------+---------+-----+
|         Name        | BRAM_18K|  DSP |    FF   |   LUT   | URAM|
+---------------------+---------+------+---------+---------+-----+
|DSP                  |        -|     -|        -|        -|    -|
|Expression           |        -|     -|        0|     3052|    -|
|FIFO                 |        -|     -|        -|        -|    -|
|Instance             |        -|     -|        -|        -|    -|
|Memory               |        -|     -|        -|        -|    -|
|Multiplexer          |        -|     -|        -|      459|    -|
|Register             |        -|     -|      402|        -|    -|
+---------------------+---------+------+---------+---------+-----+
|Total                |        0|     0|      402|     3511|    0|
+---------------------+---------+------+---------+---------+-----+
|Available SLR        |     1440|  2280|   788160|   394080|  320|
+---------------------+---------+------+---------+---------+-----+
|Utilization SLR (%)  |        0|     0|       ~0|       ~0|    0|
+---------------------+---------+------+---------+---------+-----+
|Available            |     4320|  6840|  2364480|  1182240|  960|
+---------------------+---------+------+---------+---------+-----+
|Utilization (%)      |        0|     0|       ~0|       ~0|    0|
+---------------------+---------+------+---------+---------+-----+

+ Detail: 
    * Instance: 
    N/A

    * DSP: 
    N/A

    * Memory: 
    N/A

    * FIFO: 
    N/A

    * Expression: 
    +-----------------------------+----------+----+---+----+------------+------------+
    |        Variable Name        | Operation| DSP| FF| LUT| Bitwidth P0| Bitwidth P1|
    +-----------------------------+----------+----+---+----+------------+------------+
    |add_ln856_10_fu_1336_p2      |         +|   0|  0|  15|           8|           8|
    |add_ln856_11_fu_1422_p2      |         +|   0|  0|  15|           8|           8|
    |add_ln856_12_fu_1508_p2      |         +|   0|  0|  15|           8|           8|
    |add_ln856_13_fu_1594_p2      |         +|   0|  0|  15|           8|           8|
    |add_ln856_14_fu_1680_p2      |         +|   0|  0|  15|           8|           8|
    |add_ln856_15_fu_1766_p2      |         +|   0|  0|  15|           8|           8|
    |add_ln856_16_fu_1852_p2      |         +|   0|  0|  15|           8|           8|
    |add_ln856_17_fu_1938_p2      |         +|   0|  0|  15|           8|           8|
    |add_ln856_18_fu_2024_p2      |         +|   0|  0|  15|           8|           8|
    |add_ln856_19_fu_2110_p2      |         +|   0|  0|  15|           8|           8|
    |add_ln856_1_fu_562_p2        |         +|   0|  0|  15|           8|           8|
    |add_ln856_20_fu_2196_p2      |         +|   0|  0|  15|           8|           8|
    |add_ln856_21_fu_2282_p2      |         +|   0|  0|  15|           8|           8|
    |add_ln856_22_fu_2368_p2      |         +|   0|  0|  15|           8|           8|
    |add_ln856_23_fu_2454_p2      |         +|   0|  0|  15|           8|           8|
    |add_ln856_24_fu_2540_p2      |         +|   0|  0|  15|           8|           8|
    |add_ln856_25_fu_2626_p2      |         +|   0|  0|  15|           8|           8|
    |add_ln856_26_fu_2712_p2      |         +|   0|  0|  15|           8|           8|
    |add_ln856_27_fu_2798_p2      |         +|   0|  0|  15|           8|           8|
    |add_ln856_28_fu_2884_p2      |         +|   0|  0|  15|           8|           8|
    |add_ln856_29_fu_2970_p2      |         +|   0|  0|  15|           8|           8|
    |add_ln856_2_fu_648_p2        |         +|   0|  0|  15|           8|           8|
    |add_ln856_30_fu_3056_p2      |         +|   0|  0|  15|           8|           8|
    |add_ln856_31_fu_3142_p2      |         +|   0|  0|  15|           8|           8|
    |add_ln856_32_fu_3228_p2      |         +|   0|  0|  15|           8|           8|
    |add_ln856_33_fu_3314_p2      |         +|   0|  0|  15|           8|           8|
    |add_ln856_34_fu_3400_p2      |         +|   0|  0|  15|           8|           8|
    |add_ln856_35_fu_3486_p2      |         +|   0|  0|  15|           8|           8|
    |add_ln856_36_fu_3572_p2      |         +|   0|  0|  15|           8|           8|
    |add_ln856_37_fu_3658_p2      |         +|   0|  0|  15|           8|           8|
    |add_ln856_38_fu_3744_p2      |         +|   0|  0|  15|           8|           8|
    |add_ln856_39_fu_3830_p2      |         +|   0|  0|  15|           8|           8|
    |add_ln856_3_fu_734_p2        |         +|   0|  0|  15|           8|           8|
    |add_ln856_40_fu_3916_p2      |         +|   0|  0|  15|           8|           8|
    |add_ln856_41_fu_4002_p2      |         +|   0|  0|  15|           8|           8|
    |add_ln856_42_fu_4088_p2      |         +|   0|  0|  15|           8|           8|
    |add_ln856_43_fu_4174_p2      |         +|   0|  0|  15|           8|           8|
    |add_ln856_44_fu_4260_p2      |         +|   0|  0|  15|           8|           8|
    |add_ln856_45_fu_4346_p2      |         +|   0|  0|  15|           8|           8|
    |add_ln856_46_fu_4432_p2      |         +|   0|  0|  15|           8|           8|
    |add_ln856_47_fu_4518_p2      |         +|   0|  0|  15|           8|           8|
    |add_ln856_48_fu_4604_p2      |         +|   0|  0|  15|           8|           8|
    |add_ln856_49_fu_4690_p2      |         +|   0|  0|  15|           8|           8|
    |add_ln856_4_fu_820_p2        |         +|   0|  0|  15|           8|           8|
    |add_ln856_5_fu_906_p2        |         +|   0|  0|  15|           8|           8|
    |add_ln856_6_fu_992_p2        |         +|   0|  0|  15|           8|           8|
    |add_ln856_7_fu_1078_p2       |         +|   0|  0|  15|           8|           8|
    |add_ln856_8_fu_1164_p2       |         +|   0|  0|  15|           8|           8|
    |add_ln856_9_fu_1250_p2       |         +|   0|  0|  15|           8|           8|
    |add_ln856_fu_476_p2          |         +|   0|  0|  15|           8|           8|
    |p_Val2_100_fu_4684_p2        |         +|   0|  0|  16|           9|           9|
    |p_Val2_10_fu_814_p2          |         +|   0|  0|  16|           9|           9|
    |p_Val2_12_fu_900_p2          |         +|   0|  0|  16|           9|           9|
    |p_Val2_14_fu_986_p2          |         +|   0|  0|  16|           9|           9|
    |p_Val2_16_fu_1072_p2         |         +|   0|  0|  16|           9|           9|
    |p_Val2_18_fu_1158_p2         |         +|   0|  0|  16|           9|           9|
    |p_Val2_20_fu_1244_p2         |         +|   0|  0|  16|           9|           9|
    |p_Val2_22_fu_1330_p2         |         +|   0|  0|  16|           9|           9|
    |p_Val2_24_fu_1416_p2         |         +|   0|  0|  16|           9|           9|
    |p_Val2_26_fu_1502_p2         |         +|   0|  0|  16|           9|           9|
    |p_Val2_28_fu_1588_p2         |         +|   0|  0|  16|           9|           9|
    |p_Val2_2_fu_470_p2           |         +|   0|  0|  16|           9|           9|
    |p_Val2_30_fu_1674_p2         |         +|   0|  0|  16|           9|           9|
    |p_Val2_32_fu_1760_p2         |         +|   0|  0|  16|           9|           9|
    |p_Val2_34_fu_1846_p2         |         +|   0|  0|  16|           9|           9|
    |p_Val2_36_fu_1932_p2         |         +|   0|  0|  16|           9|           9|
    |p_Val2_38_fu_2018_p2         |         +|   0|  0|  16|           9|           9|
    |p_Val2_40_fu_2104_p2         |         +|   0|  0|  16|           9|           9|
    |p_Val2_42_fu_2190_p2         |         +|   0|  0|  16|           9|           9|
    |p_Val2_44_fu_2276_p2         |         +|   0|  0|  16|           9|           9|
    |p_Val2_46_fu_2362_p2         |         +|   0|  0|  16|           9|           9|
    |p_Val2_48_fu_2448_p2         |         +|   0|  0|  16|           9|           9|
    |p_Val2_4_fu_556_p2           |         +|   0|  0|  16|           9|           9|
    |p_Val2_50_fu_2534_p2         |         +|   0|  0|  16|           9|           9|
    |p_Val2_52_fu_2620_p2         |         +|   0|  0|  16|           9|           9|
    |p_Val2_54_fu_2706_p2         |         +|   0|  0|  16|           9|           9|
    |p_Val2_56_fu_2792_p2         |         +|   0|  0|  16|           9|           9|
    |p_Val2_58_fu_2878_p2         |         +|   0|  0|  16|           9|           9|
    |p_Val2_60_fu_2964_p2         |         +|   0|  0|  16|           9|           9|
    |p_Val2_62_fu_3050_p2         |         +|   0|  0|  16|           9|           9|
    |p_Val2_64_fu_3136_p2         |         +|   0|  0|  16|           9|           9|
    |p_Val2_66_fu_3222_p2         |         +|   0|  0|  16|           9|           9|
    |p_Val2_68_fu_3308_p2         |         +|   0|  0|  16|           9|           9|
    |p_Val2_6_fu_642_p2           |         +|   0|  0|  16|           9|           9|
    |p_Val2_70_fu_3394_p2         |         +|   0|  0|  16|           9|           9|
    |p_Val2_72_fu_3480_p2         |         +|   0|  0|  16|           9|           9|
    |p_Val2_74_fu_3566_p2         |         +|   0|  0|  16|           9|           9|
    |p_Val2_76_fu_3652_p2         |         +|   0|  0|  16|           9|           9|
    |p_Val2_78_fu_3738_p2         |         +|   0|  0|  16|           9|           9|
    |p_Val2_80_fu_3824_p2         |         +|   0|  0|  16|           9|           9|
    |p_Val2_82_fu_3910_p2         |         +|   0|  0|  16|           9|           9|
    |p_Val2_84_fu_3996_p2         |         +|   0|  0|  16|           9|           9|
    |p_Val2_86_fu_4082_p2         |         +|   0|  0|  16|           9|           9|
    |p_Val2_88_fu_4168_p2         |         +|   0|  0|  16|           9|           9|
    |p_Val2_8_fu_728_p2           |         +|   0|  0|  16|           9|           9|
    |p_Val2_90_fu_4254_p2         |         +|   0|  0|  16|           9|           9|
    |p_Val2_92_fu_4340_p2         |         +|   0|  0|  16|           9|           9|
    |p_Val2_94_fu_4426_p2         |         +|   0|  0|  16|           9|           9|
    |p_Val2_96_fu_4512_p2         |         +|   0|  0|  16|           9|           9|
    |p_Val2_98_fu_4598_p2         |         +|   0|  0|  16|           9|           9|
    |icmp_ln1649_10_fu_1294_p2    |      icmp|   0|  0|  12|          14|           1|
    |icmp_ln1649_11_fu_1380_p2    |      icmp|   0|  0|  12|          14|           1|
    |icmp_ln1649_12_fu_1466_p2    |      icmp|   0|  0|  12|          14|           1|
    |icmp_ln1649_13_fu_1552_p2    |      icmp|   0|  0|  12|          14|           1|
    |icmp_ln1649_14_fu_1638_p2    |      icmp|   0|  0|  12|          14|           1|
    |icmp_ln1649_15_fu_1724_p2    |      icmp|   0|  0|  12|          14|           1|
    |icmp_ln1649_16_fu_1810_p2    |      icmp|   0|  0|  12|          14|           1|
    |icmp_ln1649_17_fu_1896_p2    |      icmp|   0|  0|  12|          14|           1|
    |icmp_ln1649_18_fu_1982_p2    |      icmp|   0|  0|  12|          14|           1|
    |icmp_ln1649_19_fu_2068_p2    |      icmp|   0|  0|  12|          14|           1|
    |icmp_ln1649_1_fu_520_p2      |      icmp|   0|  0|  12|          14|           1|
    |icmp_ln1649_20_fu_2154_p2    |      icmp|   0|  0|  12|          14|           1|
    |icmp_ln1649_21_fu_2240_p2    |      icmp|   0|  0|  12|          14|           1|
    |icmp_ln1649_22_fu_2326_p2    |      icmp|   0|  0|  12|          14|           1|
    |icmp_ln1649_23_fu_2412_p2    |      icmp|   0|  0|  12|          14|           1|
    |icmp_ln1649_24_fu_2498_p2    |      icmp|   0|  0|  12|          14|           1|
    |icmp_ln1649_25_fu_2584_p2    |      icmp|   0|  0|  12|          14|           1|
    |icmp_ln1649_26_fu_2670_p2    |      icmp|   0|  0|  12|          14|           1|
    |icmp_ln1649_27_fu_2756_p2    |      icmp|   0|  0|  12|          14|           1|
    |icmp_ln1649_28_fu_2842_p2    |      icmp|   0|  0|  12|          14|           1|
    |icmp_ln1649_29_fu_2928_p2    |      icmp|   0|  0|  12|          14|           1|
    |icmp_ln1649_2_fu_606_p2      |      icmp|   0|  0|  12|          14|           1|
    |icmp_ln1649_30_fu_3014_p2    |      icmp|   0|  0|  12|          14|           1|
    |icmp_ln1649_31_fu_3100_p2    |      icmp|   0|  0|  12|          14|           1|
    |icmp_ln1649_32_fu_3186_p2    |      icmp|   0|  0|  12|          14|           1|
    |icmp_ln1649_33_fu_3272_p2    |      icmp|   0|  0|  12|          14|           1|
    |icmp_ln1649_34_fu_3358_p2    |      icmp|   0|  0|  12|          14|           1|
    |icmp_ln1649_35_fu_3444_p2    |      icmp|   0|  0|  12|          14|           1|
    |icmp_ln1649_36_fu_3530_p2    |      icmp|   0|  0|  12|          14|           1|
    |icmp_ln1649_37_fu_3616_p2    |      icmp|   0|  0|  12|          14|           1|
    |icmp_ln1649_38_fu_3702_p2    |      icmp|   0|  0|  12|          14|           1|
    |icmp_ln1649_39_fu_3788_p2    |      icmp|   0|  0|  12|          14|           1|
    |icmp_ln1649_3_fu_692_p2      |      icmp|   0|  0|  12|          14|           1|
    |icmp_ln1649_40_fu_3874_p2    |      icmp|   0|  0|  12|          14|           1|
    |icmp_ln1649_41_fu_3960_p2    |      icmp|   0|  0|  12|          14|           1|
    |icmp_ln1649_42_fu_4046_p2    |      icmp|   0|  0|  12|          14|           1|
    |icmp_ln1649_43_fu_4132_p2    |      icmp|   0|  0|  12|          14|           1|
    |icmp_ln1649_44_fu_4218_p2    |      icmp|   0|  0|  12|          14|           1|
    |icmp_ln1649_45_fu_4304_p2    |      icmp|   0|  0|  12|          14|           1|
    |icmp_ln1649_46_fu_4390_p2    |      icmp|   0|  0|  12|          14|           1|
    |icmp_ln1649_47_fu_4476_p2    |      icmp|   0|  0|  12|          14|           1|
    |icmp_ln1649_48_fu_4562_p2    |      icmp|   0|  0|  12|          14|           1|
    |icmp_ln1649_49_fu_4648_p2    |      icmp|   0|  0|  12|          14|           1|
    |icmp_ln1649_4_fu_778_p2      |      icmp|   0|  0|  12|          14|           1|
    |icmp_ln1649_5_fu_864_p2      |      icmp|   0|  0|  12|          14|           1|
    |icmp_ln1649_6_fu_950_p2      |      icmp|   0|  0|  12|          14|           1|
    |icmp_ln1649_7_fu_1036_p2     |      icmp|   0|  0|  12|          14|           1|
    |icmp_ln1649_8_fu_1122_p2     |      icmp|   0|  0|  12|          14|           1|
    |icmp_ln1649_9_fu_1208_p2     |      icmp|   0|  0|  12|          14|           1|
    |icmp_ln1649_fu_434_p2        |      icmp|   0|  0|  12|          14|           1|
    |ap_block_state1              |        or|   0|  0|   2|           1|           1|
    |overflow_10_fu_1358_p2       |        or|   0|  0|   2|           1|           1|
    |overflow_11_fu_1444_p2       |        or|   0|  0|   2|           1|           1|
    |overflow_12_fu_1530_p2       |        or|   0|  0|   2|           1|           1|
    |overflow_13_fu_1616_p2       |        or|   0|  0|   2|           1|           1|
    |overflow_14_fu_1702_p2       |        or|   0|  0|   2|           1|           1|
    |overflow_15_fu_1788_p2       |        or|   0|  0|   2|           1|           1|
    |overflow_16_fu_1874_p2       |        or|   0|  0|   2|           1|           1|
    |overflow_17_fu_1960_p2       |        or|   0|  0|   2|           1|           1|
    |overflow_18_fu_2046_p2       |        or|   0|  0|   2|           1|           1|
    |overflow_19_fu_2132_p2       |        or|   0|  0|   2|           1|           1|
    |overflow_1_fu_584_p2         |        or|   0|  0|   2|           1|           1|
    |overflow_20_fu_2218_p2       |        or|   0|  0|   2|           1|           1|
    |overflow_21_fu_2304_p2       |        or|   0|  0|   2|           1|           1|
    |overflow_22_fu_2390_p2       |        or|   0|  0|   2|           1|           1|
    |overflow_23_fu_2476_p2       |        or|   0|  0|   2|           1|           1|
    |overflow_24_fu_2562_p2       |        or|   0|  0|   2|           1|           1|
    |overflow_25_fu_2648_p2       |        or|   0|  0|   2|           1|           1|
    |overflow_26_fu_2734_p2       |        or|   0|  0|   2|           1|           1|
    |overflow_27_fu_2820_p2       |        or|   0|  0|   2|           1|           1|
    |overflow_28_fu_2906_p2       |        or|   0|  0|   2|           1|           1|
    |overflow_29_fu_2992_p2       |        or|   0|  0|   2|           1|           1|
    |overflow_2_fu_670_p2         |        or|   0|  0|   2|           1|           1|
    |overflow_30_fu_3078_p2       |        or|   0|  0|   2|           1|           1|
    |overflow_31_fu_3164_p2       |        or|   0|  0|   2|           1|           1|
    |overflow_32_fu_3250_p2       |        or|   0|  0|   2|           1|           1|
    |overflow_33_fu_3336_p2       |        or|   0|  0|   2|           1|           1|
    |overflow_34_fu_3422_p2       |        or|   0|  0|   2|           1|           1|
    |overflow_35_fu_3508_p2       |        or|   0|  0|   2|           1|           1|
    |overflow_36_fu_3594_p2       |        or|   0|  0|   2|           1|           1|
    |overflow_37_fu_3680_p2       |        or|   0|  0|   2|           1|           1|
    |overflow_38_fu_3766_p2       |        or|   0|  0|   2|           1|           1|
    |overflow_39_fu_3852_p2       |        or|   0|  0|   2|           1|           1|
    |overflow_3_fu_756_p2         |        or|   0|  0|   2|           1|           1|
    |overflow_40_fu_3938_p2       |        or|   0|  0|   2|           1|           1|
    |overflow_41_fu_4024_p2       |        or|   0|  0|   2|           1|           1|
    |overflow_42_fu_4110_p2       |        or|   0|  0|   2|           1|           1|
    |overflow_43_fu_4196_p2       |        or|   0|  0|   2|           1|           1|
    |overflow_44_fu_4282_p2       |        or|   0|  0|   2|           1|           1|
    |overflow_45_fu_4368_p2       |        or|   0|  0|   2|           1|           1|
    |overflow_46_fu_4454_p2       |        or|   0|  0|   2|           1|           1|
    |overflow_47_fu_4540_p2       |        or|   0|  0|   2|           1|           1|
    |overflow_48_fu_4626_p2       |        or|   0|  0|   2|           1|           1|
    |overflow_49_fu_4712_p2       |        or|   0|  0|   2|           1|           1|
    |overflow_4_fu_842_p2         |        or|   0|  0|   2|           1|           1|
    |overflow_5_fu_928_p2         |        or|   0|  0|   2|           1|           1|
    |overflow_6_fu_1014_p2        |        or|   0|  0|   2|           1|           1|
    |overflow_7_fu_1100_p2        |        or|   0|  0|   2|           1|           1|
    |overflow_8_fu_1186_p2        |        or|   0|  0|   2|           1|           1|
    |overflow_9_fu_1272_p2        |        or|   0|  0|   2|           1|           1|
    |overflow_fu_498_p2           |        or|   0|  0|   2|           1|           1|
    |select_ln1649_10_fu_1372_p3  |    select|   0|  0|   8|           1|           8|
    |select_ln1649_11_fu_1458_p3  |    select|   0|  0|   8|           1|           8|
    |select_ln1649_12_fu_1544_p3  |    select|   0|  0|   8|           1|           8|
    |select_ln1649_13_fu_1630_p3  |    select|   0|  0|   8|           1|           8|
    |select_ln1649_14_fu_1716_p3  |    select|   0|  0|   8|           1|           8|
    |select_ln1649_15_fu_1802_p3  |    select|   0|  0|   8|           1|           8|
    |select_ln1649_16_fu_1888_p3  |    select|   0|  0|   8|           1|           8|
    |select_ln1649_17_fu_1974_p3  |    select|   0|  0|   8|           1|           8|
    |select_ln1649_18_fu_2060_p3  |    select|   0|  0|   8|           1|           8|
    |select_ln1649_19_fu_2146_p3  |    select|   0|  0|   8|           1|           8|
    |select_ln1649_1_fu_598_p3    |    select|   0|  0|   8|           1|           8|
    |select_ln1649_20_fu_2232_p3  |    select|   0|  0|   8|           1|           8|
    |select_ln1649_21_fu_2318_p3  |    select|   0|  0|   8|           1|           8|
    |select_ln1649_22_fu_2404_p3  |    select|   0|  0|   8|           1|           8|
    |select_ln1649_23_fu_2490_p3  |    select|   0|  0|   8|           1|           8|
    |select_ln1649_24_fu_2576_p3  |    select|   0|  0|   8|           1|           8|
    |select_ln1649_25_fu_2662_p3  |    select|   0|  0|   8|           1|           8|
    |select_ln1649_26_fu_2748_p3  |    select|   0|  0|   8|           1|           8|
    |select_ln1649_27_fu_2834_p3  |    select|   0|  0|   8|           1|           8|
    |select_ln1649_28_fu_2920_p3  |    select|   0|  0|   8|           1|           8|
    |select_ln1649_29_fu_3006_p3  |    select|   0|  0|   8|           1|           8|
    |select_ln1649_2_fu_684_p3    |    select|   0|  0|   8|           1|           8|
    |select_ln1649_30_fu_3092_p3  |    select|   0|  0|   8|           1|           8|
    |select_ln1649_31_fu_3178_p3  |    select|   0|  0|   8|           1|           8|
    |select_ln1649_32_fu_3264_p3  |    select|   0|  0|   8|           1|           8|
    |select_ln1649_33_fu_3350_p3  |    select|   0|  0|   8|           1|           8|
    |select_ln1649_34_fu_3436_p3  |    select|   0|  0|   8|           1|           8|
    |select_ln1649_35_fu_3522_p3  |    select|   0|  0|   8|           1|           8|
    |select_ln1649_36_fu_3608_p3  |    select|   0|  0|   8|           1|           8|
    |select_ln1649_37_fu_3694_p3  |    select|   0|  0|   8|           1|           8|
    |select_ln1649_38_fu_3780_p3  |    select|   0|  0|   8|           1|           8|
    |select_ln1649_39_fu_3866_p3  |    select|   0|  0|   8|           1|           8|
    |select_ln1649_3_fu_770_p3    |    select|   0|  0|   8|           1|           8|
    |select_ln1649_40_fu_3952_p3  |    select|   0|  0|   8|           1|           8|
    |select_ln1649_41_fu_4038_p3  |    select|   0|  0|   8|           1|           8|
    |select_ln1649_42_fu_4124_p3  |    select|   0|  0|   8|           1|           8|
    |select_ln1649_43_fu_4210_p3  |    select|   0|  0|   8|           1|           8|
    |select_ln1649_44_fu_4296_p3  |    select|   0|  0|   8|           1|           8|
    |select_ln1649_45_fu_4382_p3  |    select|   0|  0|   8|           1|           8|
    |select_ln1649_46_fu_4468_p3  |    select|   0|  0|   8|           1|           8|
    |select_ln1649_47_fu_4554_p3  |    select|   0|  0|   8|           1|           8|
    |select_ln1649_48_fu_4640_p3  |    select|   0|  0|   8|           1|           8|
    |select_ln1649_49_fu_4726_p3  |    select|   0|  0|   8|           1|           8|
    |select_ln1649_4_fu_856_p3    |    select|   0|  0|   8|           1|           8|
    |select_ln1649_5_fu_942_p3    |    select|   0|  0|   8|           1|           8|
    |select_ln1649_6_fu_1028_p3   |    select|   0|  0|   8|           1|           8|
    |select_ln1649_7_fu_1114_p3   |    select|   0|  0|   8|           1|           8|
    |select_ln1649_8_fu_1200_p3   |    select|   0|  0|   8|           1|           8|
    |select_ln1649_9_fu_1286_p3   |    select|   0|  0|   8|           1|           8|
    |select_ln1649_fu_512_p3      |    select|   0|  0|   8|           1|           8|
    |select_ln346_10_fu_1364_p3   |    select|   0|  0|   8|           1|           2|
    |select_ln346_11_fu_1450_p3   |    select|   0|  0|   8|           1|           2|
    |select_ln346_12_fu_1536_p3   |    select|   0|  0|   8|           1|           2|
    |select_ln346_13_fu_1622_p3   |    select|   0|  0|   8|           1|           2|
    |select_ln346_14_fu_1708_p3   |    select|   0|  0|   8|           1|           2|
    |select_ln346_15_fu_1794_p3   |    select|   0|  0|   8|           1|           2|
    |select_ln346_16_fu_1880_p3   |    select|   0|  0|   8|           1|           2|
    |select_ln346_17_fu_1966_p3   |    select|   0|  0|   8|           1|           2|
    |select_ln346_18_fu_2052_p3   |    select|   0|  0|   8|           1|           2|
    |select_ln346_19_fu_2138_p3   |    select|   0|  0|   8|           1|           2|
    |select_ln346_1_fu_590_p3     |    select|   0|  0|   8|           1|           2|
    |select_ln346_20_fu_2224_p3   |    select|   0|  0|   8|           1|           2|
    |select_ln346_21_fu_2310_p3   |    select|   0|  0|   8|           1|           2|
    |select_ln346_22_fu_2396_p3   |    select|   0|  0|   8|           1|           2|
    |select_ln346_23_fu_2482_p3   |    select|   0|  0|   8|           1|           2|
    |select_ln346_24_fu_2568_p3   |    select|   0|  0|   8|           1|           2|
    |select_ln346_25_fu_2654_p3   |    select|   0|  0|   8|           1|           2|
    |select_ln346_26_fu_2740_p3   |    select|   0|  0|   8|           1|           2|
    |select_ln346_27_fu_2826_p3   |    select|   0|  0|   8|           1|           2|
    |select_ln346_28_fu_2912_p3   |    select|   0|  0|   8|           1|           2|
    |select_ln346_29_fu_2998_p3   |    select|   0|  0|   8|           1|           2|
    |select_ln346_2_fu_676_p3     |    select|   0|  0|   8|           1|           2|
    |select_ln346_30_fu_3084_p3   |    select|   0|  0|   8|           1|           2|
    |select_ln346_31_fu_3170_p3   |    select|   0|  0|   8|           1|           2|
    |select_ln346_32_fu_3256_p3   |    select|   0|  0|   8|           1|           2|
    |select_ln346_33_fu_3342_p3   |    select|   0|  0|   8|           1|           2|
    |select_ln346_34_fu_3428_p3   |    select|   0|  0|   8|           1|           2|
    |select_ln346_35_fu_3514_p3   |    select|   0|  0|   8|           1|           2|
    |select_ln346_36_fu_3600_p3   |    select|   0|  0|   8|           1|           2|
    |select_ln346_37_fu_3686_p3   |    select|   0|  0|   8|           1|           2|
    |select_ln346_38_fu_3772_p3   |    select|   0|  0|   8|           1|           2|
    |select_ln346_39_fu_3858_p3   |    select|   0|  0|   8|           1|           2|
    |select_ln346_3_fu_762_p3     |    select|   0|  0|   8|           1|           2|
    |select_ln346_40_fu_3944_p3   |    select|   0|  0|   8|           1|           2|
    |select_ln346_41_fu_4030_p3   |    select|   0|  0|   8|           1|           2|
    |select_ln346_42_fu_4116_p3   |    select|   0|  0|   8|           1|           2|
    |select_ln346_43_fu_4202_p3   |    select|   0|  0|   8|           1|           2|
    |select_ln346_44_fu_4288_p3   |    select|   0|  0|   8|           1|           2|
    |select_ln346_45_fu_4374_p3   |    select|   0|  0|   8|           1|           2|
    |select_ln346_46_fu_4460_p3   |    select|   0|  0|   8|           1|           2|
    |select_ln346_47_fu_4546_p3   |    select|   0|  0|   8|           1|           2|
    |select_ln346_48_fu_4632_p3   |    select|   0|  0|   8|           1|           2|
    |select_ln346_49_fu_4718_p3   |    select|   0|  0|   8|           1|           2|
    |select_ln346_4_fu_848_p3     |    select|   0|  0|   8|           1|           2|
    |select_ln346_5_fu_934_p3     |    select|   0|  0|   8|           1|           2|
    |select_ln346_6_fu_1020_p3    |    select|   0|  0|   8|           1|           2|
    |select_ln346_7_fu_1106_p3    |    select|   0|  0|   8|           1|           2|
    |select_ln346_8_fu_1192_p3    |    select|   0|  0|   8|           1|           2|
    |select_ln346_9_fu_1278_p3    |    select|   0|  0|   8|           1|           2|
    |select_ln346_fu_504_p3       |    select|   0|  0|   8|           1|           2|
    +-----------------------------+----------+----+---+----+------------+------------+
    |Total                        |          |   0|  0|3052|        1701|        1451|
    +-----------------------------+----------+----+---+----+------------+------------+

    * Multiplexer: 
    +--------------+----+-----------+-----+-----------+
    |     Name     | LUT| Input Size| Bits| Total Bits|
    +--------------+----+-----------+-----+-----------+
    |ap_done       |   9|          2|    1|          2|
    |ap_return_0   |   9|          2|    8|         16|
    |ap_return_1   |   9|          2|    8|         16|
    |ap_return_10  |   9|          2|    8|         16|
    |ap_return_11  |   9|          2|    8|         16|
    |ap_return_12  |   9|          2|    8|         16|
    |ap_return_13  |   9|          2|    8|         16|
    |ap_return_14  |   9|          2|    8|         16|
    |ap_return_15  |   9|          2|    8|         16|
    |ap_return_16  |   9|          2|    8|         16|
    |ap_return_17  |   9|          2|    8|         16|
    |ap_return_18  |   9|          2|    8|         16|
    |ap_return_19  |   9|          2|    8|         16|
    |ap_return_2   |   9|          2|    8|         16|
    |ap_return_20  |   9|          2|    8|         16|
    |ap_return_21  |   9|          2|    8|         16|
    |ap_return_22  |   9|          2|    8|         16|
    |ap_return_23  |   9|          2|    8|         16|
    |ap_return_24  |   9|          2|    8|         16|
    |ap_return_25  |   9|          2|    8|         16|
    |ap_return_26  |   9|          2|    8|         16|
    |ap_return_27  |   9|          2|    8|         16|
    |ap_return_28  |   9|          2|    8|         16|
    |ap_return_29  |   9|          2|    8|         16|
    |ap_return_3   |   9|          2|    8|         16|
    |ap_return_30  |   9|          2|    8|         16|
    |ap_return_31  |   9|          2|    8|         16|
    |ap_return_32  |   9|          2|    8|         16|
    |ap_return_33  |   9|          2|    8|         16|
    |ap_return_34  |   9|          2|    8|         16|
    |ap_return_35  |   9|          2|    8|         16|
    |ap_return_36  |   9|          2|    8|         16|
    |ap_return_37  |   9|          2|    8|         16|
    |ap_return_38  |   9|          2|    8|         16|
    |ap_return_39  |   9|          2|    8|         16|
    |ap_return_4   |   9|          2|    8|         16|
    |ap_return_40  |   9|          2|    8|         16|
    |ap_return_41  |   9|          2|    8|         16|
    |ap_return_42  |   9|          2|    8|         16|
    |ap_return_43  |   9|          2|    8|         16|
    |ap_return_44  |   9|          2|    8|         16|
    |ap_return_45  |   9|          2|    8|         16|
    |ap_return_46  |   9|          2|    8|         16|
    |ap_return_47  |   9|          2|    8|         16|
    |ap_return_48  |   9|          2|    8|         16|
    |ap_return_49  |   9|          2|    8|         16|
    |ap_return_5   |   9|          2|    8|         16|
    |ap_return_6   |   9|          2|    8|         16|
    |ap_return_7   |   9|          2|    8|         16|
    |ap_return_8   |   9|          2|    8|         16|
    |ap_return_9   |   9|          2|    8|         16|
    +--------------+----+-----------+-----+-----------+
    |Total         | 459|        102|  401|        802|
    +--------------+----+-----------+-----+-----------+

    * Register: 
    +-------------------+---+----+-----+-----------+
    |        Name       | FF| LUT| Bits| Const Bits|
    +-------------------+---+----+-----+-----------+
    |ap_CS_fsm          |  1|   0|    1|          0|
    |ap_done_reg        |  1|   0|    1|          0|
    |ap_return_0_preg   |  8|   0|    8|          0|
    |ap_return_10_preg  |  8|   0|    8|          0|
    |ap_return_11_preg  |  8|   0|    8|          0|
    |ap_return_12_preg  |  8|   0|    8|          0|
    |ap_return_13_preg  |  8|   0|    8|          0|
    |ap_return_14_preg  |  8|   0|    8|          0|
    |ap_return_15_preg  |  8|   0|    8|          0|
    |ap_return_16_preg  |  8|   0|    8|          0|
    |ap_return_17_preg  |  8|   0|    8|          0|
    |ap_return_18_preg  |  8|   0|    8|          0|
    |ap_return_19_preg  |  8|   0|    8|          0|
    |ap_return_1_preg   |  8|   0|    8|          0|
    |ap_return_20_preg  |  8|   0|    8|          0|
    |ap_return_21_preg  |  8|   0|    8|          0|
    |ap_return_22_preg  |  8|   0|    8|          0|
    |ap_return_23_preg  |  8|   0|    8|          0|
    |ap_return_24_preg  |  8|   0|    8|          0|
    |ap_return_25_preg  |  8|   0|    8|          0|
    |ap_return_26_preg  |  8|   0|    8|          0|
    |ap_return_27_preg  |  8|   0|    8|          0|
    |ap_return_28_preg  |  8|   0|    8|          0|
    |ap_return_29_preg  |  8|   0|    8|          0|
    |ap_return_2_preg   |  8|   0|    8|          0|
    |ap_return_30_preg  |  8|   0|    8|          0|
    |ap_return_31_preg  |  8|   0|    8|          0|
    |ap_return_32_preg  |  8|   0|    8|          0|
    |ap_return_33_preg  |  8|   0|    8|          0|
    |ap_return_34_preg  |  8|   0|    8|          0|
    |ap_return_35_preg  |  8|   0|    8|          0|
    |ap_return_36_preg  |  8|   0|    8|          0|
    |ap_return_37_preg  |  8|   0|    8|          0|
    |ap_return_38_preg  |  8|   0|    8|          0|
    |ap_return_39_preg  |  8|   0|    8|          0|
    |ap_return_3_preg   |  8|   0|    8|          0|
    |ap_return_40_preg  |  8|   0|    8|          0|
    |ap_return_41_preg  |  8|   0|    8|          0|
    |ap_return_42_preg  |  8|   0|    8|          0|
    |ap_return_43_preg  |  8|   0|    8|          0|
    |ap_return_44_preg  |  8|   0|    8|          0|
    |ap_return_45_preg  |  8|   0|    8|          0|
    |ap_return_46_preg  |  8|   0|    8|          0|
    |ap_return_47_preg  |  8|   0|    8|          0|
    |ap_return_48_preg  |  8|   0|    8|          0|
    |ap_return_49_preg  |  8|   0|    8|          0|
    |ap_return_4_preg   |  8|   0|    8|          0|
    |ap_return_5_preg   |  8|   0|    8|          0|
    |ap_return_6_preg   |  8|   0|    8|          0|
    |ap_return_7_preg   |  8|   0|    8|          0|
    |ap_return_8_preg   |  8|   0|    8|          0|
    |ap_return_9_preg   |  8|   0|    8|          0|
    +-------------------+---+----+-----+-----------+
    |Total              |402|   0|  402|          0|
    +-------------------+---+----+-----+-----------+



================================================================
== Interface
================================================================
* Summary: 
+--------------+-----+-----+------------+-----------------------------------------------------------------------+--------------+
|   RTL Ports  | Dir | Bits|  Protocol  |                             Source Object                             |    C Type    |
+--------------+-----+-----+------------+-----------------------------------------------------------------------+--------------+
|ap_clk        |   in|    1|  ap_ctrl_hs|  relu<ap_fixed<16, 6, 0, 0, 0>, ap_fixed<9, 4, 0, 0, 0>, relu_config7>|  return value|
|ap_rst        |   in|    1|  ap_ctrl_hs|  relu<ap_fixed<16, 6, 0, 0, 0>, ap_fixed<9, 4, 0, 0, 0>, relu_config7>|  return value|
|ap_start      |   in|    1|  ap_ctrl_hs|  relu<ap_fixed<16, 6, 0, 0, 0>, ap_fixed<9, 4, 0, 0, 0>, relu_config7>|  return value|
|ap_done       |  out|    1|  ap_ctrl_hs|  relu<ap_fixed<16, 6, 0, 0, 0>, ap_fixed<9, 4, 0, 0, 0>, relu_config7>|  return value|
|ap_continue   |   in|    1|  ap_ctrl_hs|  relu<ap_fixed<16, 6, 0, 0, 0>, ap_fixed<9, 4, 0, 0, 0>, relu_config7>|  return value|
|ap_ce         |   in|    1|  ap_ctrl_hs|  relu<ap_fixed<16, 6, 0, 0, 0>, ap_fixed<9, 4, 0, 0, 0>, relu_config7>|  return value|
|ap_idle       |  out|    1|  ap_ctrl_hs|  relu<ap_fixed<16, 6, 0, 0, 0>, ap_fixed<9, 4, 0, 0, 0>, relu_config7>|  return value|
|ap_ready      |  out|    1|  ap_ctrl_hs|  relu<ap_fixed<16, 6, 0, 0, 0>, ap_fixed<9, 4, 0, 0, 0>, relu_config7>|  return value|
|ap_return_0   |  out|    8|  ap_ctrl_hs|  relu<ap_fixed<16, 6, 0, 0, 0>, ap_fixed<9, 4, 0, 0, 0>, relu_config7>|  return value|
|ap_return_1   |  out|    8|  ap_ctrl_hs|  relu<ap_fixed<16, 6, 0, 0, 0>, ap_fixed<9, 4, 0, 0, 0>, relu_config7>|  return value|
|ap_return_2   |  out|    8|  ap_ctrl_hs|  relu<ap_fixed<16, 6, 0, 0, 0>, ap_fixed<9, 4, 0, 0, 0>, relu_config7>|  return value|
|ap_return_3   |  out|    8|  ap_ctrl_hs|  relu<ap_fixed<16, 6, 0, 0, 0>, ap_fixed<9, 4, 0, 0, 0>, relu_config7>|  return value|
|ap_return_4   |  out|    8|  ap_ctrl_hs|  relu<ap_fixed<16, 6, 0, 0, 0>, ap_fixed<9, 4, 0, 0, 0>, relu_config7>|  return value|
|ap_return_5   |  out|    8|  ap_ctrl_hs|  relu<ap_fixed<16, 6, 0, 0, 0>, ap_fixed<9, 4, 0, 0, 0>, relu_config7>|  return value|
|ap_return_6   |  out|    8|  ap_ctrl_hs|  relu<ap_fixed<16, 6, 0, 0, 0>, ap_fixed<9, 4, 0, 0, 0>, relu_config7>|  return value|
|ap_return_7   |  out|    8|  ap_ctrl_hs|  relu<ap_fixed<16, 6, 0, 0, 0>, ap_fixed<9, 4, 0, 0, 0>, relu_config7>|  return value|
|ap_return_8   |  out|    8|  ap_ctrl_hs|  relu<ap_fixed<16, 6, 0, 0, 0>, ap_fixed<9, 4, 0, 0, 0>, relu_config7>|  return value|
|ap_return_9   |  out|    8|  ap_ctrl_hs|  relu<ap_fixed<16, 6, 0, 0, 0>, ap_fixed<9, 4, 0, 0, 0>, relu_config7>|  return value|
|ap_return_10  |  out|    8|  ap_ctrl_hs|  relu<ap_fixed<16, 6, 0, 0, 0>, ap_fixed<9, 4, 0, 0, 0>, relu_config7>|  return value|
|ap_return_11  |  out|    8|  ap_ctrl_hs|  relu<ap_fixed<16, 6, 0, 0, 0>, ap_fixed<9, 4, 0, 0, 0>, relu_config7>|  return value|
|ap_return_12  |  out|    8|  ap_ctrl_hs|  relu<ap_fixed<16, 6, 0, 0, 0>, ap_fixed<9, 4, 0, 0, 0>, relu_config7>|  return value|
|ap_return_13  |  out|    8|  ap_ctrl_hs|  relu<ap_fixed<16, 6, 0, 0, 0>, ap_fixed<9, 4, 0, 0, 0>, relu_config7>|  return value|
|ap_return_14  |  out|    8|  ap_ctrl_hs|  relu<ap_fixed<16, 6, 0, 0, 0>, ap_fixed<9, 4, 0, 0, 0>, relu_config7>|  return value|
|ap_return_15  |  out|    8|  ap_ctrl_hs|  relu<ap_fixed<16, 6, 0, 0, 0>, ap_fixed<9, 4, 0, 0, 0>, relu_config7>|  return value|
|ap_return_16  |  out|    8|  ap_ctrl_hs|  relu<ap_fixed<16, 6, 0, 0, 0>, ap_fixed<9, 4, 0, 0, 0>, relu_config7>|  return value|
|ap_return_17  |  out|    8|  ap_ctrl_hs|  relu<ap_fixed<16, 6, 0, 0, 0>, ap_fixed<9, 4, 0, 0, 0>, relu_config7>|  return value|
|ap_return_18  |  out|    8|  ap_ctrl_hs|  relu<ap_fixed<16, 6, 0, 0, 0>, ap_fixed<9, 4, 0, 0, 0>, relu_config7>|  return value|
|ap_return_19  |  out|    8|  ap_ctrl_hs|  relu<ap_fixed<16, 6, 0, 0, 0>, ap_fixed<9, 4, 0, 0, 0>, relu_config7>|  return value|
|ap_return_20  |  out|    8|  ap_ctrl_hs|  relu<ap_fixed<16, 6, 0, 0, 0>, ap_fixed<9, 4, 0, 0, 0>, relu_config7>|  return value|
|ap_return_21  |  out|    8|  ap_ctrl_hs|  relu<ap_fixed<16, 6, 0, 0, 0>, ap_fixed<9, 4, 0, 0, 0>, relu_config7>|  return value|
|ap_return_22  |  out|    8|  ap_ctrl_hs|  relu<ap_fixed<16, 6, 0, 0, 0>, ap_fixed<9, 4, 0, 0, 0>, relu_config7>|  return value|
|ap_return_23  |  out|    8|  ap_ctrl_hs|  relu<ap_fixed<16, 6, 0, 0, 0>, ap_fixed<9, 4, 0, 0, 0>, relu_config7>|  return value|
|ap_return_24  |  out|    8|  ap_ctrl_hs|  relu<ap_fixed<16, 6, 0, 0, 0>, ap_fixed<9, 4, 0, 0, 0>, relu_config7>|  return value|
|ap_return_25  |  out|    8|  ap_ctrl_hs|  relu<ap_fixed<16, 6, 0, 0, 0>, ap_fixed<9, 4, 0, 0, 0>, relu_config7>|  return value|
|ap_return_26  |  out|    8|  ap_ctrl_hs|  relu<ap_fixed<16, 6, 0, 0, 0>, ap_fixed<9, 4, 0, 0, 0>, relu_config7>|  return value|
|ap_return_27  |  out|    8|  ap_ctrl_hs|  relu<ap_fixed<16, 6, 0, 0, 0>, ap_fixed<9, 4, 0, 0, 0>, relu_config7>|  return value|
|ap_return_28  |  out|    8|  ap_ctrl_hs|  relu<ap_fixed<16, 6, 0, 0, 0>, ap_fixed<9, 4, 0, 0, 0>, relu_config7>|  return value|
|ap_return_29  |  out|    8|  ap_ctrl_hs|  relu<ap_fixed<16, 6, 0, 0, 0>, ap_fixed<9, 4, 0, 0, 0>, relu_config7>|  return value|
|ap_return_30  |  out|    8|  ap_ctrl_hs|  relu<ap_fixed<16, 6, 0, 0, 0>, ap_fixed<9, 4, 0, 0, 0>, relu_config7>|  return value|
|ap_return_31  |  out|    8|  ap_ctrl_hs|  relu<ap_fixed<16, 6, 0, 0, 0>, ap_fixed<9, 4, 0, 0, 0>, relu_config7>|  return value|
|ap_return_32  |  out|    8|  ap_ctrl_hs|  relu<ap_fixed<16, 6, 0, 0, 0>, ap_fixed<9, 4, 0, 0, 0>, relu_config7>|  return value|
|ap_return_33  |  out|    8|  ap_ctrl_hs|  relu<ap_fixed<16, 6, 0, 0, 0>, ap_fixed<9, 4, 0, 0, 0>, relu_config7>|  return value|
|ap_return_34  |  out|    8|  ap_ctrl_hs|  relu<ap_fixed<16, 6, 0, 0, 0>, ap_fixed<9, 4, 0, 0, 0>, relu_config7>|  return value|
|ap_return_35  |  out|    8|  ap_ctrl_hs|  relu<ap_fixed<16, 6, 0, 0, 0>, ap_fixed<9, 4, 0, 0, 0>, relu_config7>|  return value|
|ap_return_36  |  out|    8|  ap_ctrl_hs|  relu<ap_fixed<16, 6, 0, 0, 0>, ap_fixed<9, 4, 0, 0, 0>, relu_config7>|  return value|
|ap_return_37  |  out|    8|  ap_ctrl_hs|  relu<ap_fixed<16, 6, 0, 0, 0>, ap_fixed<9, 4, 0, 0, 0>, relu_config7>|  return value|
|ap_return_38  |  out|    8|  ap_ctrl_hs|  relu<ap_fixed<16, 6, 0, 0, 0>, ap_fixed<9, 4, 0, 0, 0>, relu_config7>|  return value|
|ap_return_39  |  out|    8|  ap_ctrl_hs|  relu<ap_fixed<16, 6, 0, 0, 0>, ap_fixed<9, 4, 0, 0, 0>, relu_config7>|  return value|
|ap_return_40  |  out|    8|  ap_ctrl_hs|  relu<ap_fixed<16, 6, 0, 0, 0>, ap_fixed<9, 4, 0, 0, 0>, relu_config7>|  return value|
|ap_return_41  |  out|    8|  ap_ctrl_hs|  relu<ap_fixed<16, 6, 0, 0, 0>, ap_fixed<9, 4, 0, 0, 0>, relu_config7>|  return value|
|ap_return_42  |  out|    8|  ap_ctrl_hs|  relu<ap_fixed<16, 6, 0, 0, 0>, ap_fixed<9, 4, 0, 0, 0>, relu_config7>|  return value|
|ap_return_43  |  out|    8|  ap_ctrl_hs|  relu<ap_fixed<16, 6, 0, 0, 0>, ap_fixed<9, 4, 0, 0, 0>, relu_config7>|  return value|
|ap_return_44  |  out|    8|  ap_ctrl_hs|  relu<ap_fixed<16, 6, 0, 0, 0>, ap_fixed<9, 4, 0, 0, 0>, relu_config7>|  return value|
|ap_return_45  |  out|    8|  ap_ctrl_hs|  relu<ap_fixed<16, 6, 0, 0, 0>, ap_fixed<9, 4, 0, 0, 0>, relu_config7>|  return value|
|ap_return_46  |  out|    8|  ap_ctrl_hs|  relu<ap_fixed<16, 6, 0, 0, 0>, ap_fixed<9, 4, 0, 0, 0>, relu_config7>|  return value|
|ap_return_47  |  out|    8|  ap_ctrl_hs|  relu<ap_fixed<16, 6, 0, 0, 0>, ap_fixed<9, 4, 0, 0, 0>, relu_config7>|  return value|
|ap_return_48  |  out|    8|  ap_ctrl_hs|  relu<ap_fixed<16, 6, 0, 0, 0>, ap_fixed<9, 4, 0, 0, 0>, relu_config7>|  return value|
|ap_return_49  |  out|    8|  ap_ctrl_hs|  relu<ap_fixed<16, 6, 0, 0, 0>, ap_fixed<9, 4, 0, 0, 0>, relu_config7>|  return value|
|p_read        |   in|   14|     ap_none|                                                                 p_read|        scalar|
|p_read1       |   in|   14|     ap_none|                                                                p_read1|        scalar|
|p_read2       |   in|   14|     ap_none|                                                                p_read2|        scalar|
|p_read3       |   in|   14|     ap_none|                                                                p_read3|        scalar|
|p_read4       |   in|   14|     ap_none|                                                                p_read4|        scalar|
|p_read5       |   in|   14|     ap_none|                                                                p_read5|        scalar|
|p_read6       |   in|   14|     ap_none|                                                                p_read6|        scalar|
|p_read7       |   in|   14|     ap_none|                                                                p_read7|        scalar|
|p_read8       |   in|   14|     ap_none|                                                                p_read8|        scalar|
|p_read9       |   in|   14|     ap_none|                                                                p_read9|        scalar|
|p_read10      |   in|   14|     ap_none|                                                               p_read10|        scalar|
|p_read11      |   in|   14|     ap_none|                                                               p_read11|        scalar|
|p_read12      |   in|   14|     ap_none|                                                               p_read12|        scalar|
|p_read13      |   in|   14|     ap_none|                                                               p_read13|        scalar|
|p_read14      |   in|   14|     ap_none|                                                               p_read14|        scalar|
|p_read15      |   in|   14|     ap_none|                                                               p_read15|        scalar|
|p_read16      |   in|   14|     ap_none|                                                               p_read16|        scalar|
|p_read17      |   in|   14|     ap_none|                                                               p_read17|        scalar|
|p_read18      |   in|   14|     ap_none|                                                               p_read18|        scalar|
|p_read19      |   in|   14|     ap_none|                                                               p_read19|        scalar|
|p_read20      |   in|   14|     ap_none|                                                               p_read20|        scalar|
|p_read21      |   in|   14|     ap_none|                                                               p_read21|        scalar|
|p_read22      |   in|   14|     ap_none|                                                               p_read22|        scalar|
|p_read23      |   in|   14|     ap_none|                                                               p_read23|        scalar|
|p_read24      |   in|   14|     ap_none|                                                               p_read24|        scalar|
|p_read25      |   in|   14|     ap_none|                                                               p_read25|        scalar|
|p_read26      |   in|   14|     ap_none|                                                               p_read26|        scalar|
|p_read27      |   in|   14|     ap_none|                                                               p_read27|        scalar|
|p_read28      |   in|   14|     ap_none|                                                               p_read28|        scalar|
|p_read29      |   in|   14|     ap_none|                                                               p_read29|        scalar|
|p_read30      |   in|   14|     ap_none|                                                               p_read30|        scalar|
|p_read31      |   in|   14|     ap_none|                                                               p_read31|        scalar|
|p_read32      |   in|   14|     ap_none|                                                               p_read32|        scalar|
|p_read33      |   in|   14|     ap_none|                                                               p_read33|        scalar|
|p_read34      |   in|   14|     ap_none|                                                               p_read34|        scalar|
|p_read35      |   in|   14|     ap_none|                                                               p_read35|        scalar|
|p_read36      |   in|   14|     ap_none|                                                               p_read36|        scalar|
|p_read37      |   in|   14|     ap_none|                                                               p_read37|        scalar|
|p_read38      |   in|   14|     ap_none|                                                               p_read38|        scalar|
|p_read39      |   in|   14|     ap_none|                                                               p_read39|        scalar|
|p_read40      |   in|   14|     ap_none|                                                               p_read40|        scalar|
|p_read41      |   in|   14|     ap_none|                                                               p_read41|        scalar|
|p_read42      |   in|   14|     ap_none|                                                               p_read42|        scalar|
|p_read43      |   in|   14|     ap_none|                                                               p_read43|        scalar|
|p_read44      |   in|   14|     ap_none|                                                               p_read44|        scalar|
|p_read45      |   in|   14|     ap_none|                                                               p_read45|        scalar|
|p_read46      |   in|   14|     ap_none|                                                               p_read46|        scalar|
|p_read47      |   in|   14|     ap_none|                                                               p_read47|        scalar|
|p_read48      |   in|   14|     ap_none|                                                               p_read48|        scalar|
|p_read49      |   in|   14|     ap_none|                                                               p_read49|        scalar|
+--------------+-----+-----+------------+-----------------------------------------------------------------------+--------------+

