

================================================================
== Vitis HLS Report for 'dense_latency_ap_ufixed_9_0_0_0_0_ap_fixed_16_6_5_3_0_config12_s'
================================================================
* Date:           Thu Aug 17 12:48:53 2023

* Version:        2022.2 (Build 3670227 on Oct 13 2022)
* Project:        btag_nn_prj
* Solution:       solution1 (Vivado IP Flow Target)
* Product family: virtexuplus
* Target device:  xcvu9p-flga2104-2L-e


================================================================
== Performance Estimates
================================================================
+ Timing: 
    * Summary: 
    +--------+---------+----------+------------+
    |  Clock |  Target | Estimated| Uncertainty|
    +--------+---------+----------+------------+
    |ap_clk  |  2.80 ns|  2.248 ns|     0.35 ns|
    +--------+---------+----------+------------+

+ Latency: 
    * Summary: 
    +---------+---------+----------+----------+-----+-----+---------+
    |  Latency (cycles) |  Latency (absolute) |  Interval | Pipeline|
    |   min   |   max   |    min   |    max   | min | max |   Type  |
    +---------+---------+----------+----------+-----+-----+---------+
    |        2|        2|  5.600 ns|  5.600 ns|    1|    1|      yes|
    +---------+---------+----------+----------+-----+-----+---------+

    + Detail: 
        * Instance: 
        N/A

        * Loop: 
        N/A



================================================================
== Utilization Estimates
================================================================
* Summary: 
+---------------------+---------+------+---------+---------+-----+
|         Name        | BRAM_18K|  DSP |    FF   |   LUT   | URAM|
+---------------------+---------+------+---------+---------+-----+
|DSP                  |        -|     -|        -|        -|    -|
|Expression           |        -|     -|        0|      547|    -|
|FIFO                 |        -|     -|        -|        -|    -|
|Instance             |        -|     0|        0|      735|    -|
|Memory               |        -|     -|        -|        -|    -|
|Multiplexer          |        -|     -|        -|       36|    -|
|Register             |        -|     -|      363|        -|    -|
+---------------------+---------+------+---------+---------+-----+
|Total                |        0|     0|      363|     1318|    0|
+---------------------+---------+------+---------+---------+-----+
|Available SLR        |     1440|  2280|   788160|   394080|  320|
+---------------------+---------+------+---------+---------+-----+
|Utilization SLR (%)  |        0|     0|       ~0|       ~0|    0|
+---------------------+---------+------+---------+---------+-----+
|Available            |     4320|  6840|  2364480|  1182240|  960|
+---------------------+---------+------+---------+---------+-----+
|Utilization (%)      |        0|     0|       ~0|       ~0|    0|
+---------------------+---------+------+---------+---------+-----+

+ Detail: 
    * Instance: 
    +--------------------------+--------------------+---------+----+---+----+-----+
    |         Instance         |       Module       | BRAM_18K| DSP| FF| LUT| URAM|
    +--------------------------+--------------------+---------+----+---+----+-----+
    |mul_9ns_6ns_14_1_1_U1846  |mul_9ns_6ns_14_1_1  |        0|   0|  0|  49|    0|
    |mul_9ns_6ns_14_1_1_U1852  |mul_9ns_6ns_14_1_1  |        0|   0|  0|  49|    0|
    |mul_9ns_6ns_14_1_1_U1853  |mul_9ns_6ns_14_1_1  |        0|   0|  0|  49|    0|
    |mul_9ns_6s_15_1_1_U1842   |mul_9ns_6s_15_1_1   |        0|   0|  0|  49|    0|
    |mul_9ns_6s_15_1_1_U1843   |mul_9ns_6s_15_1_1   |        0|   0|  0|  49|    0|
    |mul_9ns_6s_15_1_1_U1854   |mul_9ns_6s_15_1_1   |        0|   0|  0|  49|    0|
    |mul_9ns_7ns_15_1_1_U1847  |mul_9ns_7ns_15_1_1  |        0|   0|  0|  49|    0|
    |mul_9ns_7ns_15_1_1_U1849  |mul_9ns_7ns_15_1_1  |        0|   0|  0|  49|    0|
    |mul_9ns_7ns_15_1_1_U1850  |mul_9ns_7ns_15_1_1  |        0|   0|  0|  49|    0|
    |mul_9ns_7ns_15_1_1_U1851  |mul_9ns_7ns_15_1_1  |        0|   0|  0|  49|    0|
    |mul_9ns_7s_16_1_1_U1844   |mul_9ns_7s_16_1_1   |        0|   0|  0|  49|    0|
    |mul_9ns_7s_16_1_1_U1845   |mul_9ns_7s_16_1_1   |        0|   0|  0|  49|    0|
    |mul_9ns_7s_16_1_1_U1848   |mul_9ns_7s_16_1_1   |        0|   0|  0|  49|    0|
    |mul_9ns_7s_16_1_1_U1855   |mul_9ns_7s_16_1_1   |        0|   0|  0|  49|    0|
    |mul_9ns_8s_17_1_1_U1856   |mul_9ns_8s_17_1_1   |        0|   0|  0|  49|    0|
    +--------------------------+--------------------+---------+----+---+----+-----+
    |Total                     |                    |        0|   0|  0| 735|    0|
    +--------------------------+--------------------+---------+----+---+----+-----+

    * DSP: 
    N/A

    * Memory: 
    N/A

    * FIFO: 
    N/A

    * Expression: 
    +---------------------------+----------+----+---+----+------------+------------+
    |       Variable Name       | Operation| DSP| FF| LUT| Bitwidth P0| Bitwidth P1|
    +---------------------------+----------+----+---+----+------------+------------+
    |add_ln813_664_fu_4959_p2   |         +|   0|  0|  19|          12|          12|
    |add_ln813_665_fu_4969_p2   |         +|   0|  0|  20|          13|          13|
    |add_ln813_666_fu_4787_p2   |         +|   0|  0|  18|          11|          11|
    |add_ln813_667_fu_4982_p2   |         +|   0|  0|  20|          13|          13|
    |add_ln813_668_fu_4992_p2   |         +|   0|  0|  16|          14|          14|
    |add_ln813_669_fu_4998_p2   |         +|   0|  0|  16|          14|          14|
    |add_ln813_670_fu_4793_p2   |         +|   0|  0|  17|          10|          10|
    |add_ln813_671_fu_5011_p2   |         +|   0|  0|  17|          12|          12|
    |add_ln813_672_fu_5017_p2   |         +|   0|  0|  17|          12|          12|
    |add_ln813_673_fu_4799_p2   |         +|   0|  0|  19|          12|          12|
    |add_ln813_674_fu_5030_p2   |         +|   0|  0|  17|          13|          13|
    |add_ln813_675_fu_5036_p2   |         +|   0|  0|  17|          13|          13|
    |add_ln813_676_fu_4805_p2   |         +|   0|  0|  20|          13|          13|
    |add_ln813_677_fu_5049_p2   |         +|   0|  0|  21|          14|          14|
    |add_ln813_678_fu_4811_p2   |         +|   0|  0|  17|          10|           8|
    |add_ln813_679_fu_4821_p2   |         +|   0|  0|  18|          11|          11|
    |add_ln813_680_fu_5062_p2   |         +|   0|  0|  19|          12|          12|
    |add_ln813_681_fu_5072_p2   |         +|   0|  0|  17|          13|          13|
    |add_ln813_682_fu_5078_p2   |         +|   0|  0|  17|          13|          13|
    |add_ln813_683_fu_4827_p2   |         +|   0|  0|  19|          12|          12|
    |add_ln813_684_fu_5091_p2   |         +|   0|  0|  16|          14|          14|
    |add_ln813_685_fu_5097_p2   |         +|   0|  0|  16|          14|          14|
    |add_ln813_fu_4781_p2       |         +|   0|  0|  16|           9|           7|
    |r_V_304_fu_4858_p2         |         -|   0|  0|  23|          16|          16|
    |r_V_306_fu_4563_p2         |         -|   0|  0|  22|          15|          15|
    |r_V_308_fu_4623_p2         |         -|   0|  0|  22|          15|          15|
    |r_V_313_fu_4747_p2         |         -|   0|  0|  22|          15|          15|
    |sub_ln818_67_fu_4915_p2    |         -|   0|  0|  23|          16|          16|
    |sub_ln818_fu_4526_p2       |         -|   0|  0|  22|          15|          15|
    |ap_block_pp0_stage0_11001  |        or|   0|  0|   2|           1|           1|
    |ap_enable_pp0              |       xor|   0|  0|   2|           1|           2|
    +---------------------------+----------+----+---+----+------------+------------+
    |Total                      |          |   0|  0| 547|         378|         375|
    +---------------------------+----------+----+---+----+------------+------------+

    * Multiplexer: 
    +-------------+----+-----------+-----+-----------+
    |     Name    | LUT| Input Size| Bits| Total Bits|
    +-------------+----+-----------+-----+-----------+
    |ap_done      |   9|          2|    1|          2|
    |ap_return_0  |   9|          2|   16|         32|
    |ap_return_1  |   9|          2|   16|         32|
    |ap_return_2  |   9|          2|   16|         32|
    +-------------+----+-----------+-----+-----------+
    |Total        |  36|          8|   49|         98|
    +-------------+----+-----------+-----+-----------+

    * Register: 
    +-----------------------------------+----+----+-----+-----------+
    |                Name               | FF | LUT| Bits| Const Bits|
    +-----------------------------------+----+----+-----+-----------+
    |add_ln813_666_reg_5251             |  11|   0|   11|          0|
    |add_ln813_670_reg_5256             |  10|   0|   10|          0|
    |add_ln813_673_reg_5261             |  12|   0|   12|          0|
    |add_ln813_676_reg_5266             |  13|   0|   13|          0|
    |add_ln813_679_reg_5271             |  11|   0|   11|          0|
    |add_ln813_683_reg_5276             |  12|   0|   12|          0|
    |add_ln813_reg_5246                 |   9|   0|    9|          0|
    |ap_CS_fsm                          |   1|   0|    1|          0|
    |ap_done_reg                        |   1|   0|    1|          0|
    |ap_enable_reg_pp0_iter1            |   1|   0|    1|          0|
    |ap_enable_reg_pp0_iter2            |   1|   0|    1|          0|
    |ap_return_0_preg                   |  16|   0|   16|          0|
    |ap_return_1_preg                   |  16|   0|   16|          0|
    |ap_return_2_preg                   |  16|   0|   16|          0|
    |lshr_ln818_667_cast_cast_reg_5216  |  10|   0|   10|          0|
    |lshr_ln818_705_cast_reg_5241       |  10|   0|   10|          0|
    |p_read1019_reg_5159                |   9|   0|    9|          0|
    |p_read11_reg_5205                  |   9|   0|    9|          0|
    |p_read1320_reg_5154                |   9|   0|    9|          0|
    |p_read1421_reg_5149                |   9|   0|    9|          0|
    |p_read1522_reg_5142                |   9|   0|    9|          0|
    |p_read1522_reg_5142_pp0_iter1_reg  |   9|   0|    9|          0|
    |p_read1623_reg_5135                |   9|   0|    9|          0|
    |p_read212_reg_5200                 |   9|   0|    9|          0|
    |p_read313_reg_5195                 |   9|   0|    9|          0|
    |p_read414_reg_5190                 |   9|   0|    9|          0|
    |p_read515_reg_5183                 |   9|   0|    9|          0|
    |p_read515_reg_5183_pp0_iter1_reg   |   9|   0|    9|          0|
    |p_read616_reg_5178                 |   9|   0|    9|          0|
    |p_read817_reg_5171                 |   9|   0|    9|          0|
    |p_read918_reg_5166                 |   9|   0|    9|          0|
    |p_read_710_reg_5125                |   9|   0|    9|          0|
    |p_read_710_reg_5125_pp0_iter1_reg  |   9|   0|    9|          0|
    |p_read_711_reg_5130                |   9|   0|    9|          0|
    |trunc_ln818_346_reg_5221           |  10|   0|   10|          0|
    |trunc_ln818_347_reg_5226           |  10|   0|   10|          0|
    |trunc_ln818_348_reg_5231           |  10|   0|   10|          0|
    |trunc_ln818_353_reg_5236           |  10|   0|   10|          0|
    |trunc_ln818_s_reg_5211             |  11|   0|   11|          0|
    +-----------------------------------+----+----+-----+-----------+
    |Total                              | 363|   0|  363|          0|
    +-----------------------------------+----+----+-----+-----------+



================================================================
== Interface
================================================================
* Summary: 
+-------------+-----+-----+------------+-----------------------------------------------------------------------------+--------------+
|  RTL Ports  | Dir | Bits|  Protocol  |                                Source Object                                |    C Type    |
+-------------+-----+-----+------------+-----------------------------------------------------------------------------+--------------+
|ap_clk       |   in|    1|  ap_ctrl_hs|  dense_latency<ap_ufixed<9, 0, 0, 0, 0>, ap_fixed<16, 6, 5, 3, 0>, config12>|  return value|
|ap_rst       |   in|    1|  ap_ctrl_hs|  dense_latency<ap_ufixed<9, 0, 0, 0, 0>, ap_fixed<16, 6, 5, 3, 0>, config12>|  return value|
|ap_start     |   in|    1|  ap_ctrl_hs|  dense_latency<ap_ufixed<9, 0, 0, 0, 0>, ap_fixed<16, 6, 5, 3, 0>, config12>|  return value|
|ap_done      |  out|    1|  ap_ctrl_hs|  dense_latency<ap_ufixed<9, 0, 0, 0, 0>, ap_fixed<16, 6, 5, 3, 0>, config12>|  return value|
|ap_continue  |   in|    1|  ap_ctrl_hs|  dense_latency<ap_ufixed<9, 0, 0, 0, 0>, ap_fixed<16, 6, 5, 3, 0>, config12>|  return value|
|ap_idle      |  out|    1|  ap_ctrl_hs|  dense_latency<ap_ufixed<9, 0, 0, 0, 0>, ap_fixed<16, 6, 5, 3, 0>, config12>|  return value|
|ap_ready     |  out|    1|  ap_ctrl_hs|  dense_latency<ap_ufixed<9, 0, 0, 0, 0>, ap_fixed<16, 6, 5, 3, 0>, config12>|  return value|
|ap_return_0  |  out|   16|  ap_ctrl_hs|  dense_latency<ap_ufixed<9, 0, 0, 0, 0>, ap_fixed<16, 6, 5, 3, 0>, config12>|  return value|
|ap_return_1  |  out|   16|  ap_ctrl_hs|  dense_latency<ap_ufixed<9, 0, 0, 0, 0>, ap_fixed<16, 6, 5, 3, 0>, config12>|  return value|
|ap_return_2  |  out|   16|  ap_ctrl_hs|  dense_latency<ap_ufixed<9, 0, 0, 0, 0>, ap_fixed<16, 6, 5, 3, 0>, config12>|  return value|
|p_read       |   in|    9|     ap_none|                                                                       p_read|        scalar|
|p_read2      |   in|    9|     ap_none|                                                                      p_read2|        scalar|
|p_read3      |   in|    9|     ap_none|                                                                      p_read3|        scalar|
|p_read4      |   in|    9|     ap_none|                                                                      p_read4|        scalar|
|p_read5      |   in|    9|     ap_none|                                                                      p_read5|        scalar|
|p_read6      |   in|    9|     ap_none|                                                                      p_read6|        scalar|
|p_read8      |   in|    9|     ap_none|                                                                      p_read8|        scalar|
|p_read9      |   in|    9|     ap_none|                                                                      p_read9|        scalar|
|p_read10     |   in|    9|     ap_none|                                                                     p_read10|        scalar|
|p_read13     |   in|    9|     ap_none|                                                                     p_read13|        scalar|
|p_read14     |   in|    9|     ap_none|                                                                     p_read14|        scalar|
|p_read15     |   in|    9|     ap_none|                                                                     p_read15|        scalar|
|p_read16     |   in|    9|     ap_none|                                                                     p_read16|        scalar|
|p_read17     |   in|    9|     ap_none|                                                                     p_read17|        scalar|
|p_read18     |   in|    9|     ap_none|                                                                     p_read18|        scalar|
+-------------+-----+-----+------------+-----------------------------------------------------------------------------+--------------+

