

================================================================
== Vitis HLS Report for 'fill_buffer_1'
================================================================
* Date:           Thu Aug 17 12:48:34 2023

* Version:        2022.2 (Build 3670227 on Oct 13 2022)
* Project:        btag_nn_prj
* Solution:       solution1 (Vivado IP Flow Target)
* Product family: virtexuplus
* Target device:  xcvu9p-flga2104-2L-e


================================================================
== Performance Estimates
================================================================
+ Timing: 
    * Summary: 
    +--------+---------+----------+------------+
    |  Clock |  Target | Estimated| Uncertainty|
    +--------+---------+----------+------------+
    |ap_clk  |  2.80 ns|      0 ns|     0.35 ns|
    +--------+---------+----------+------------+

+ Latency: 
    * Summary: 
    +---------+---------+----------+----------+-----+-----+---------+
    |  Latency (cycles) |  Latency (absolute) |  Interval | Pipeline|
    |   min   |   max   |    min   |    max   | min | max |   Type  |
    +---------+---------+----------+----------+-----+-----+---------+
    |        0|        0|      0 ns|      0 ns|    1|    1|      yes|
    +---------+---------+----------+----------+-----+-----+---------+

    + Detail: 
        * Instance: 
        N/A

        * Loop: 
        N/A



================================================================
== Utilization Estimates
================================================================
* Summary: 
+---------------------+---------+------+---------+---------+-----+
|         Name        | BRAM_18K|  DSP |    FF   |   LUT   | URAM|
+---------------------+---------+------+---------+---------+-----+
|DSP                  |        -|     -|        -|        -|    -|
|Expression           |        -|     -|        -|        -|    -|
|FIFO                 |        -|     -|        -|        -|    -|
|Instance             |        -|     -|        -|        -|    -|
|Memory               |        -|     -|        -|        -|    -|
|Multiplexer          |        -|     -|        -|        -|    -|
|Register             |        -|     -|        -|        -|    -|
+---------------------+---------+------+---------+---------+-----+
|Total                |        0|     0|        0|        0|    0|
+---------------------+---------+------+---------+---------+-----+
|Available SLR        |     1440|  2280|   788160|   394080|  320|
+---------------------+---------+------+---------+---------+-----+
|Utilization SLR (%)  |        0|     0|        0|        0|    0|
+---------------------+---------+------+---------+---------+-----+
|Available            |     4320|  6840|  2364480|  1182240|  960|
+---------------------+---------+------+---------+---------+-----+
|Utilization (%)      |        0|     0|        0|        0|    0|
+---------------------+---------+------+---------+---------+-----+

+ Detail: 
    * Instance: 
    N/A

    * DSP: 
    N/A

    * Memory: 
    N/A

    * FIFO: 
    N/A

    * Expression: 
    N/A

    * Multiplexer: 
    N/A

    * Register: 
    N/A



================================================================
== Interface
================================================================
* Summary: 
+---------------+-----+-----+------------+---------------+--------------+
|   RTL Ports   | Dir | Bits|  Protocol  | Source Object |    C Type    |
+---------------+-----+-----+------------+---------------+--------------+
|ap_ready       |  out|    1|  ap_ctrl_hs|  fill_buffer.1|  return value|
|ap_return_0    |  out|    9|  ap_ctrl_hs|  fill_buffer.1|  return value|
|ap_return_1    |  out|    9|  ap_ctrl_hs|  fill_buffer.1|  return value|
|ap_return_2    |  out|    9|  ap_ctrl_hs|  fill_buffer.1|  return value|
|ap_return_3    |  out|    9|  ap_ctrl_hs|  fill_buffer.1|  return value|
|ap_return_4    |  out|    9|  ap_ctrl_hs|  fill_buffer.1|  return value|
|ap_return_5    |  out|    9|  ap_ctrl_hs|  fill_buffer.1|  return value|
|ap_return_6    |  out|    9|  ap_ctrl_hs|  fill_buffer.1|  return value|
|ap_return_7    |  out|    9|  ap_ctrl_hs|  fill_buffer.1|  return value|
|ap_return_8    |  out|    9|  ap_ctrl_hs|  fill_buffer.1|  return value|
|ap_return_9    |  out|    9|  ap_ctrl_hs|  fill_buffer.1|  return value|
|ap_return_10   |  out|    9|  ap_ctrl_hs|  fill_buffer.1|  return value|
|ap_return_11   |  out|    9|  ap_ctrl_hs|  fill_buffer.1|  return value|
|ap_return_12   |  out|    9|  ap_ctrl_hs|  fill_buffer.1|  return value|
|ap_return_13   |  out|    9|  ap_ctrl_hs|  fill_buffer.1|  return value|
|ap_return_14   |  out|    9|  ap_ctrl_hs|  fill_buffer.1|  return value|
|ap_return_15   |  out|    9|  ap_ctrl_hs|  fill_buffer.1|  return value|
|ap_return_16   |  out|    9|  ap_ctrl_hs|  fill_buffer.1|  return value|
|ap_return_17   |  out|    9|  ap_ctrl_hs|  fill_buffer.1|  return value|
|ap_return_18   |  out|    9|  ap_ctrl_hs|  fill_buffer.1|  return value|
|ap_return_19   |  out|    9|  ap_ctrl_hs|  fill_buffer.1|  return value|
|ap_return_20   |  out|    9|  ap_ctrl_hs|  fill_buffer.1|  return value|
|ap_return_21   |  out|    9|  ap_ctrl_hs|  fill_buffer.1|  return value|
|ap_return_22   |  out|    9|  ap_ctrl_hs|  fill_buffer.1|  return value|
|ap_return_23   |  out|    9|  ap_ctrl_hs|  fill_buffer.1|  return value|
|ap_return_24   |  out|    9|  ap_ctrl_hs|  fill_buffer.1|  return value|
|ap_return_25   |  out|    9|  ap_ctrl_hs|  fill_buffer.1|  return value|
|ap_return_26   |  out|    9|  ap_ctrl_hs|  fill_buffer.1|  return value|
|ap_return_27   |  out|    9|  ap_ctrl_hs|  fill_buffer.1|  return value|
|ap_return_28   |  out|    9|  ap_ctrl_hs|  fill_buffer.1|  return value|
|ap_return_29   |  out|    9|  ap_ctrl_hs|  fill_buffer.1|  return value|
|ap_return_30   |  out|    9|  ap_ctrl_hs|  fill_buffer.1|  return value|
|ap_return_31   |  out|    9|  ap_ctrl_hs|  fill_buffer.1|  return value|
|ap_return_32   |  out|    9|  ap_ctrl_hs|  fill_buffer.1|  return value|
|ap_return_33   |  out|    9|  ap_ctrl_hs|  fill_buffer.1|  return value|
|ap_return_34   |  out|    9|  ap_ctrl_hs|  fill_buffer.1|  return value|
|ap_return_35   |  out|    9|  ap_ctrl_hs|  fill_buffer.1|  return value|
|ap_return_36   |  out|    9|  ap_ctrl_hs|  fill_buffer.1|  return value|
|ap_return_37   |  out|    9|  ap_ctrl_hs|  fill_buffer.1|  return value|
|ap_return_38   |  out|    9|  ap_ctrl_hs|  fill_buffer.1|  return value|
|ap_return_39   |  out|    9|  ap_ctrl_hs|  fill_buffer.1|  return value|
|ap_return_40   |  out|    9|  ap_ctrl_hs|  fill_buffer.1|  return value|
|ap_return_41   |  out|    9|  ap_ctrl_hs|  fill_buffer.1|  return value|
|ap_return_42   |  out|    9|  ap_ctrl_hs|  fill_buffer.1|  return value|
|ap_return_43   |  out|    9|  ap_ctrl_hs|  fill_buffer.1|  return value|
|ap_return_44   |  out|    9|  ap_ctrl_hs|  fill_buffer.1|  return value|
|ap_return_45   |  out|    9|  ap_ctrl_hs|  fill_buffer.1|  return value|
|ap_return_46   |  out|    9|  ap_ctrl_hs|  fill_buffer.1|  return value|
|ap_return_47   |  out|    9|  ap_ctrl_hs|  fill_buffer.1|  return value|
|ap_return_48   |  out|    9|  ap_ctrl_hs|  fill_buffer.1|  return value|
|ap_return_49   |  out|    9|  ap_ctrl_hs|  fill_buffer.1|  return value|
|ap_return_50   |  out|    9|  ap_ctrl_hs|  fill_buffer.1|  return value|
|ap_return_51   |  out|    9|  ap_ctrl_hs|  fill_buffer.1|  return value|
|ap_return_52   |  out|    9|  ap_ctrl_hs|  fill_buffer.1|  return value|
|ap_return_53   |  out|    9|  ap_ctrl_hs|  fill_buffer.1|  return value|
|ap_return_54   |  out|    9|  ap_ctrl_hs|  fill_buffer.1|  return value|
|ap_return_55   |  out|    9|  ap_ctrl_hs|  fill_buffer.1|  return value|
|ap_return_56   |  out|    9|  ap_ctrl_hs|  fill_buffer.1|  return value|
|ap_return_57   |  out|    9|  ap_ctrl_hs|  fill_buffer.1|  return value|
|ap_return_58   |  out|    9|  ap_ctrl_hs|  fill_buffer.1|  return value|
|ap_return_59   |  out|    9|  ap_ctrl_hs|  fill_buffer.1|  return value|
|ap_return_60   |  out|    9|  ap_ctrl_hs|  fill_buffer.1|  return value|
|ap_return_61   |  out|    9|  ap_ctrl_hs|  fill_buffer.1|  return value|
|ap_return_62   |  out|    9|  ap_ctrl_hs|  fill_buffer.1|  return value|
|ap_return_63   |  out|    9|  ap_ctrl_hs|  fill_buffer.1|  return value|
|ap_return_64   |  out|    9|  ap_ctrl_hs|  fill_buffer.1|  return value|
|ap_return_65   |  out|    9|  ap_ctrl_hs|  fill_buffer.1|  return value|
|ap_return_66   |  out|    9|  ap_ctrl_hs|  fill_buffer.1|  return value|
|ap_return_67   |  out|    9|  ap_ctrl_hs|  fill_buffer.1|  return value|
|ap_return_68   |  out|    9|  ap_ctrl_hs|  fill_buffer.1|  return value|
|ap_return_69   |  out|    9|  ap_ctrl_hs|  fill_buffer.1|  return value|
|ap_return_70   |  out|    9|  ap_ctrl_hs|  fill_buffer.1|  return value|
|ap_return_71   |  out|    9|  ap_ctrl_hs|  fill_buffer.1|  return value|
|ap_return_72   |  out|    9|  ap_ctrl_hs|  fill_buffer.1|  return value|
|ap_return_73   |  out|    9|  ap_ctrl_hs|  fill_buffer.1|  return value|
|ap_return_74   |  out|    9|  ap_ctrl_hs|  fill_buffer.1|  return value|
|ap_return_75   |  out|    9|  ap_ctrl_hs|  fill_buffer.1|  return value|
|ap_return_76   |  out|    9|  ap_ctrl_hs|  fill_buffer.1|  return value|
|ap_return_77   |  out|    9|  ap_ctrl_hs|  fill_buffer.1|  return value|
|ap_return_78   |  out|    9|  ap_ctrl_hs|  fill_buffer.1|  return value|
|ap_return_79   |  out|    9|  ap_ctrl_hs|  fill_buffer.1|  return value|
|ap_return_80   |  out|    9|  ap_ctrl_hs|  fill_buffer.1|  return value|
|ap_return_81   |  out|    9|  ap_ctrl_hs|  fill_buffer.1|  return value|
|ap_return_82   |  out|    9|  ap_ctrl_hs|  fill_buffer.1|  return value|
|ap_return_83   |  out|    9|  ap_ctrl_hs|  fill_buffer.1|  return value|
|ap_return_84   |  out|    9|  ap_ctrl_hs|  fill_buffer.1|  return value|
|ap_return_85   |  out|    9|  ap_ctrl_hs|  fill_buffer.1|  return value|
|ap_return_86   |  out|    9|  ap_ctrl_hs|  fill_buffer.1|  return value|
|ap_return_87   |  out|    9|  ap_ctrl_hs|  fill_buffer.1|  return value|
|ap_return_88   |  out|    9|  ap_ctrl_hs|  fill_buffer.1|  return value|
|ap_return_89   |  out|    9|  ap_ctrl_hs|  fill_buffer.1|  return value|
|ap_return_90   |  out|    9|  ap_ctrl_hs|  fill_buffer.1|  return value|
|ap_return_91   |  out|    9|  ap_ctrl_hs|  fill_buffer.1|  return value|
|ap_return_92   |  out|    9|  ap_ctrl_hs|  fill_buffer.1|  return value|
|ap_return_93   |  out|    9|  ap_ctrl_hs|  fill_buffer.1|  return value|
|ap_return_94   |  out|    9|  ap_ctrl_hs|  fill_buffer.1|  return value|
|ap_return_95   |  out|    9|  ap_ctrl_hs|  fill_buffer.1|  return value|
|ap_return_96   |  out|    9|  ap_ctrl_hs|  fill_buffer.1|  return value|
|ap_return_97   |  out|    9|  ap_ctrl_hs|  fill_buffer.1|  return value|
|ap_return_98   |  out|    9|  ap_ctrl_hs|  fill_buffer.1|  return value|
|ap_return_99   |  out|    9|  ap_ctrl_hs|  fill_buffer.1|  return value|
|ap_return_100  |  out|    9|  ap_ctrl_hs|  fill_buffer.1|  return value|
|ap_return_101  |  out|    9|  ap_ctrl_hs|  fill_buffer.1|  return value|
|ap_return_102  |  out|    9|  ap_ctrl_hs|  fill_buffer.1|  return value|
|ap_return_103  |  out|    9|  ap_ctrl_hs|  fill_buffer.1|  return value|
|ap_return_104  |  out|    9|  ap_ctrl_hs|  fill_buffer.1|  return value|
|ap_return_105  |  out|    9|  ap_ctrl_hs|  fill_buffer.1|  return value|
|ap_return_106  |  out|    9|  ap_ctrl_hs|  fill_buffer.1|  return value|
|ap_return_107  |  out|    9|  ap_ctrl_hs|  fill_buffer.1|  return value|
|ap_return_108  |  out|    9|  ap_ctrl_hs|  fill_buffer.1|  return value|
|ap_return_109  |  out|    9|  ap_ctrl_hs|  fill_buffer.1|  return value|
|ap_return_110  |  out|    9|  ap_ctrl_hs|  fill_buffer.1|  return value|
|ap_return_111  |  out|    9|  ap_ctrl_hs|  fill_buffer.1|  return value|
|ap_return_112  |  out|    9|  ap_ctrl_hs|  fill_buffer.1|  return value|
|ap_return_113  |  out|    9|  ap_ctrl_hs|  fill_buffer.1|  return value|
|ap_return_114  |  out|    9|  ap_ctrl_hs|  fill_buffer.1|  return value|
|ap_return_115  |  out|    9|  ap_ctrl_hs|  fill_buffer.1|  return value|
|ap_return_116  |  out|    9|  ap_ctrl_hs|  fill_buffer.1|  return value|
|ap_return_117  |  out|    9|  ap_ctrl_hs|  fill_buffer.1|  return value|
|ap_return_118  |  out|    9|  ap_ctrl_hs|  fill_buffer.1|  return value|
|ap_return_119  |  out|    9|  ap_ctrl_hs|  fill_buffer.1|  return value|
|ap_return_120  |  out|    9|  ap_ctrl_hs|  fill_buffer.1|  return value|
|ap_return_121  |  out|    9|  ap_ctrl_hs|  fill_buffer.1|  return value|
|ap_return_122  |  out|    9|  ap_ctrl_hs|  fill_buffer.1|  return value|
|ap_return_123  |  out|    9|  ap_ctrl_hs|  fill_buffer.1|  return value|
|ap_return_124  |  out|    9|  ap_ctrl_hs|  fill_buffer.1|  return value|
|ap_return_125  |  out|    9|  ap_ctrl_hs|  fill_buffer.1|  return value|
|ap_return_126  |  out|    9|  ap_ctrl_hs|  fill_buffer.1|  return value|
|ap_return_127  |  out|    9|  ap_ctrl_hs|  fill_buffer.1|  return value|
|ap_return_128  |  out|    9|  ap_ctrl_hs|  fill_buffer.1|  return value|
|ap_return_129  |  out|    9|  ap_ctrl_hs|  fill_buffer.1|  return value|
|ap_return_130  |  out|    9|  ap_ctrl_hs|  fill_buffer.1|  return value|
|ap_return_131  |  out|    9|  ap_ctrl_hs|  fill_buffer.1|  return value|
|ap_return_132  |  out|    9|  ap_ctrl_hs|  fill_buffer.1|  return value|
|ap_return_133  |  out|    9|  ap_ctrl_hs|  fill_buffer.1|  return value|
|ap_return_134  |  out|    9|  ap_ctrl_hs|  fill_buffer.1|  return value|
|ap_return_135  |  out|    9|  ap_ctrl_hs|  fill_buffer.1|  return value|
|ap_return_136  |  out|    9|  ap_ctrl_hs|  fill_buffer.1|  return value|
|ap_return_137  |  out|    9|  ap_ctrl_hs|  fill_buffer.1|  return value|
|ap_return_138  |  out|    9|  ap_ctrl_hs|  fill_buffer.1|  return value|
|ap_return_139  |  out|    9|  ap_ctrl_hs|  fill_buffer.1|  return value|
|ap_return_140  |  out|    9|  ap_ctrl_hs|  fill_buffer.1|  return value|
|ap_return_141  |  out|    9|  ap_ctrl_hs|  fill_buffer.1|  return value|
|ap_return_142  |  out|    9|  ap_ctrl_hs|  fill_buffer.1|  return value|
|ap_return_143  |  out|    9|  ap_ctrl_hs|  fill_buffer.1|  return value|
|ap_return_144  |  out|    9|  ap_ctrl_hs|  fill_buffer.1|  return value|
|ap_return_145  |  out|    9|  ap_ctrl_hs|  fill_buffer.1|  return value|
|ap_return_146  |  out|    9|  ap_ctrl_hs|  fill_buffer.1|  return value|
|ap_return_147  |  out|    9|  ap_ctrl_hs|  fill_buffer.1|  return value|
|ap_return_148  |  out|    9|  ap_ctrl_hs|  fill_buffer.1|  return value|
|ap_return_149  |  out|    9|  ap_ctrl_hs|  fill_buffer.1|  return value|
|ap_return_150  |  out|    9|  ap_ctrl_hs|  fill_buffer.1|  return value|
|ap_return_151  |  out|    9|  ap_ctrl_hs|  fill_buffer.1|  return value|
|ap_return_152  |  out|    9|  ap_ctrl_hs|  fill_buffer.1|  return value|
|ap_return_153  |  out|    9|  ap_ctrl_hs|  fill_buffer.1|  return value|
|ap_return_154  |  out|    9|  ap_ctrl_hs|  fill_buffer.1|  return value|
|ap_return_155  |  out|    9|  ap_ctrl_hs|  fill_buffer.1|  return value|
|ap_return_156  |  out|    9|  ap_ctrl_hs|  fill_buffer.1|  return value|
|ap_return_157  |  out|    9|  ap_ctrl_hs|  fill_buffer.1|  return value|
|ap_return_158  |  out|    9|  ap_ctrl_hs|  fill_buffer.1|  return value|
|ap_return_159  |  out|    9|  ap_ctrl_hs|  fill_buffer.1|  return value|
|ap_return_160  |  out|    9|  ap_ctrl_hs|  fill_buffer.1|  return value|
|ap_return_161  |  out|    9|  ap_ctrl_hs|  fill_buffer.1|  return value|
|ap_return_162  |  out|    9|  ap_ctrl_hs|  fill_buffer.1|  return value|
|ap_return_163  |  out|    9|  ap_ctrl_hs|  fill_buffer.1|  return value|
|ap_return_164  |  out|    9|  ap_ctrl_hs|  fill_buffer.1|  return value|
|ap_return_165  |  out|    9|  ap_ctrl_hs|  fill_buffer.1|  return value|
|ap_return_166  |  out|    9|  ap_ctrl_hs|  fill_buffer.1|  return value|
|ap_return_167  |  out|    9|  ap_ctrl_hs|  fill_buffer.1|  return value|
|ap_return_168  |  out|    9|  ap_ctrl_hs|  fill_buffer.1|  return value|
|ap_return_169  |  out|    9|  ap_ctrl_hs|  fill_buffer.1|  return value|
|ap_return_170  |  out|    9|  ap_ctrl_hs|  fill_buffer.1|  return value|
|ap_return_171  |  out|    9|  ap_ctrl_hs|  fill_buffer.1|  return value|
|ap_return_172  |  out|    9|  ap_ctrl_hs|  fill_buffer.1|  return value|
|ap_return_173  |  out|    9|  ap_ctrl_hs|  fill_buffer.1|  return value|
|ap_return_174  |  out|    9|  ap_ctrl_hs|  fill_buffer.1|  return value|
|ap_return_175  |  out|    9|  ap_ctrl_hs|  fill_buffer.1|  return value|
|ap_return_176  |  out|    9|  ap_ctrl_hs|  fill_buffer.1|  return value|
|ap_return_177  |  out|    9|  ap_ctrl_hs|  fill_buffer.1|  return value|
|ap_return_178  |  out|    9|  ap_ctrl_hs|  fill_buffer.1|  return value|
|ap_return_179  |  out|    9|  ap_ctrl_hs|  fill_buffer.1|  return value|
|p_read         |   in|    9|     ap_none|         p_read|        scalar|
|p_read1        |   in|    9|     ap_none|        p_read1|        scalar|
|p_read2        |   in|    9|     ap_none|        p_read2|        scalar|
|p_read3        |   in|    9|     ap_none|        p_read3|        scalar|
|p_read4        |   in|    9|     ap_none|        p_read4|        scalar|
|p_read5        |   in|    9|     ap_none|        p_read5|        scalar|
|p_read6        |   in|    9|     ap_none|        p_read6|        scalar|
|p_read7        |   in|    9|     ap_none|        p_read7|        scalar|
|p_read8        |   in|    9|     ap_none|        p_read8|        scalar|
|p_read10       |   in|    9|     ap_none|       p_read10|        scalar|
|p_read11       |   in|    9|     ap_none|       p_read11|        scalar|
|p_read12       |   in|    9|     ap_none|       p_read12|        scalar|
|p_read13       |   in|    9|     ap_none|       p_read13|        scalar|
|p_read14       |   in|    9|     ap_none|       p_read14|        scalar|
|p_read15       |   in|    9|     ap_none|       p_read15|        scalar|
|p_read16       |   in|    9|     ap_none|       p_read16|        scalar|
|p_read17       |   in|    9|     ap_none|       p_read17|        scalar|
|p_read19       |   in|    9|     ap_none|       p_read19|        scalar|
|p_read20       |   in|    9|     ap_none|       p_read20|        scalar|
|p_read21       |   in|    9|     ap_none|       p_read21|        scalar|
|p_read22       |   in|    9|     ap_none|       p_read22|        scalar|
|p_read23       |   in|    9|     ap_none|       p_read23|        scalar|
|p_read24       |   in|    9|     ap_none|       p_read24|        scalar|
|p_read25       |   in|    9|     ap_none|       p_read25|        scalar|
|p_read26       |   in|    9|     ap_none|       p_read26|        scalar|
|p_read27       |   in|    9|     ap_none|       p_read27|        scalar|
|p_read28       |   in|    9|     ap_none|       p_read28|        scalar|
|p_read30       |   in|    9|     ap_none|       p_read30|        scalar|
|p_read31       |   in|    9|     ap_none|       p_read31|        scalar|
|p_read32       |   in|    9|     ap_none|       p_read32|        scalar|
|p_read33       |   in|    9|     ap_none|       p_read33|        scalar|
|p_read34       |   in|    9|     ap_none|       p_read34|        scalar|
|p_read35       |   in|    9|     ap_none|       p_read35|        scalar|
|p_read36       |   in|    9|     ap_none|       p_read36|        scalar|
|p_read37       |   in|    9|     ap_none|       p_read37|        scalar|
|p_read39       |   in|    9|     ap_none|       p_read39|        scalar|
|p_read40       |   in|    9|     ap_none|       p_read40|        scalar|
|p_read41       |   in|    9|     ap_none|       p_read41|        scalar|
|p_read42       |   in|    9|     ap_none|       p_read42|        scalar|
|p_read43       |   in|    9|     ap_none|       p_read43|        scalar|
|p_read44       |   in|    9|     ap_none|       p_read44|        scalar|
|p_read45       |   in|    9|     ap_none|       p_read45|        scalar|
|p_read46       |   in|    9|     ap_none|       p_read46|        scalar|
|p_read47       |   in|    9|     ap_none|       p_read47|        scalar|
|p_read48       |   in|    9|     ap_none|       p_read48|        scalar|
|p_read50       |   in|    9|     ap_none|       p_read50|        scalar|
|p_read51       |   in|    9|     ap_none|       p_read51|        scalar|
|p_read52       |   in|    9|     ap_none|       p_read52|        scalar|
|p_read53       |   in|    9|     ap_none|       p_read53|        scalar|
|p_read54       |   in|    9|     ap_none|       p_read54|        scalar|
|p_read55       |   in|    9|     ap_none|       p_read55|        scalar|
|p_read56       |   in|    9|     ap_none|       p_read56|        scalar|
|p_read57       |   in|    9|     ap_none|       p_read57|        scalar|
|p_read59       |   in|    9|     ap_none|       p_read59|        scalar|
|p_read60       |   in|    9|     ap_none|       p_read60|        scalar|
|p_read61       |   in|    9|     ap_none|       p_read61|        scalar|
|p_read62       |   in|    9|     ap_none|       p_read62|        scalar|
|p_read63       |   in|    9|     ap_none|       p_read63|        scalar|
|p_read64       |   in|    9|     ap_none|       p_read64|        scalar|
|p_read65       |   in|    9|     ap_none|       p_read65|        scalar|
|p_read66       |   in|    9|     ap_none|       p_read66|        scalar|
|p_read67       |   in|    9|     ap_none|       p_read67|        scalar|
|p_read68       |   in|    9|     ap_none|       p_read68|        scalar|
|p_read70       |   in|    9|     ap_none|       p_read70|        scalar|
|p_read71       |   in|    9|     ap_none|       p_read71|        scalar|
|p_read72       |   in|    9|     ap_none|       p_read72|        scalar|
|p_read73       |   in|    9|     ap_none|       p_read73|        scalar|
|p_read74       |   in|    9|     ap_none|       p_read74|        scalar|
|p_read75       |   in|    9|     ap_none|       p_read75|        scalar|
|p_read76       |   in|    9|     ap_none|       p_read76|        scalar|
|p_read77       |   in|    9|     ap_none|       p_read77|        scalar|
|p_read79       |   in|    9|     ap_none|       p_read79|        scalar|
|p_read80       |   in|    9|     ap_none|       p_read80|        scalar|
|p_read81       |   in|    9|     ap_none|       p_read81|        scalar|
|p_read82       |   in|    9|     ap_none|       p_read82|        scalar|
|p_read83       |   in|    9|     ap_none|       p_read83|        scalar|
|p_read84       |   in|    9|     ap_none|       p_read84|        scalar|
|p_read85       |   in|    9|     ap_none|       p_read85|        scalar|
|p_read86       |   in|    9|     ap_none|       p_read86|        scalar|
|p_read87       |   in|    9|     ap_none|       p_read87|        scalar|
|p_read88       |   in|    9|     ap_none|       p_read88|        scalar|
|p_read90       |   in|    9|     ap_none|       p_read90|        scalar|
|p_read91       |   in|    9|     ap_none|       p_read91|        scalar|
|p_read92       |   in|    9|     ap_none|       p_read92|        scalar|
|p_read93       |   in|    9|     ap_none|       p_read93|        scalar|
|p_read94       |   in|    9|     ap_none|       p_read94|        scalar|
|p_read95       |   in|    9|     ap_none|       p_read95|        scalar|
|p_read96       |   in|    9|     ap_none|       p_read96|        scalar|
|p_read97       |   in|    9|     ap_none|       p_read97|        scalar|
|p_read99       |   in|    9|     ap_none|       p_read99|        scalar|
|p_read100      |   in|    9|     ap_none|      p_read100|        scalar|
|p_read101      |   in|    9|     ap_none|      p_read101|        scalar|
|p_read102      |   in|    9|     ap_none|      p_read102|        scalar|
|p_read103      |   in|    9|     ap_none|      p_read103|        scalar|
|p_read104      |   in|    9|     ap_none|      p_read104|        scalar|
|p_read105      |   in|    9|     ap_none|      p_read105|        scalar|
|p_read106      |   in|    9|     ap_none|      p_read106|        scalar|
|p_read107      |   in|    9|     ap_none|      p_read107|        scalar|
|p_read108      |   in|    9|     ap_none|      p_read108|        scalar|
|p_read110      |   in|    9|     ap_none|      p_read110|        scalar|
|p_read111      |   in|    9|     ap_none|      p_read111|        scalar|
|p_read112      |   in|    9|     ap_none|      p_read112|        scalar|
|p_read113      |   in|    9|     ap_none|      p_read113|        scalar|
|p_read114      |   in|    9|     ap_none|      p_read114|        scalar|
|p_read115      |   in|    9|     ap_none|      p_read115|        scalar|
|p_read116      |   in|    9|     ap_none|      p_read116|        scalar|
|p_read117      |   in|    9|     ap_none|      p_read117|        scalar|
|p_read119      |   in|    9|     ap_none|      p_read119|        scalar|
|p_read120      |   in|    9|     ap_none|      p_read120|        scalar|
|p_read121      |   in|    9|     ap_none|      p_read121|        scalar|
|p_read122      |   in|    9|     ap_none|      p_read122|        scalar|
|p_read123      |   in|    9|     ap_none|      p_read123|        scalar|
|p_read124      |   in|    9|     ap_none|      p_read124|        scalar|
|p_read125      |   in|    9|     ap_none|      p_read125|        scalar|
|p_read126      |   in|    9|     ap_none|      p_read126|        scalar|
|p_read127      |   in|    9|     ap_none|      p_read127|        scalar|
|p_read128      |   in|    9|     ap_none|      p_read128|        scalar|
|p_read130      |   in|    9|     ap_none|      p_read130|        scalar|
|p_read131      |   in|    9|     ap_none|      p_read131|        scalar|
|p_read132      |   in|    9|     ap_none|      p_read132|        scalar|
|p_read133      |   in|    9|     ap_none|      p_read133|        scalar|
|p_read134      |   in|    9|     ap_none|      p_read134|        scalar|
|p_read135      |   in|    9|     ap_none|      p_read135|        scalar|
|p_read136      |   in|    9|     ap_none|      p_read136|        scalar|
|p_read137      |   in|    9|     ap_none|      p_read137|        scalar|
|p_read139      |   in|    9|     ap_none|      p_read139|        scalar|
|p_read140      |   in|    9|     ap_none|      p_read140|        scalar|
|p_read141      |   in|    9|     ap_none|      p_read141|        scalar|
|p_read142      |   in|    9|     ap_none|      p_read142|        scalar|
|p_read143      |   in|    9|     ap_none|      p_read143|        scalar|
|p_read144      |   in|    9|     ap_none|      p_read144|        scalar|
|p_read145      |   in|    9|     ap_none|      p_read145|        scalar|
|p_read146      |   in|    9|     ap_none|      p_read146|        scalar|
|p_read147      |   in|    9|     ap_none|      p_read147|        scalar|
|p_read148      |   in|    9|     ap_none|      p_read148|        scalar|
|p_read150      |   in|    9|     ap_none|      p_read150|        scalar|
|p_read151      |   in|    9|     ap_none|      p_read151|        scalar|
|p_read152      |   in|    9|     ap_none|      p_read152|        scalar|
|p_read153      |   in|    9|     ap_none|      p_read153|        scalar|
|p_read154      |   in|    9|     ap_none|      p_read154|        scalar|
|p_read155      |   in|    9|     ap_none|      p_read155|        scalar|
|p_read156      |   in|    9|     ap_none|      p_read156|        scalar|
|p_read157      |   in|    9|     ap_none|      p_read157|        scalar|
|p_read159      |   in|    9|     ap_none|      p_read159|        scalar|
|p_read160      |   in|    9|     ap_none|      p_read160|        scalar|
|p_read161      |   in|    9|     ap_none|      p_read161|        scalar|
|p_read162      |   in|    9|     ap_none|      p_read162|        scalar|
|p_read163      |   in|    9|     ap_none|      p_read163|        scalar|
|p_read164      |   in|    9|     ap_none|      p_read164|        scalar|
|p_read165      |   in|    9|     ap_none|      p_read165|        scalar|
|p_read166      |   in|    9|     ap_none|      p_read166|        scalar|
|p_read167      |   in|    9|     ap_none|      p_read167|        scalar|
|p_read168      |   in|    9|     ap_none|      p_read168|        scalar|
|p_read170      |   in|    9|     ap_none|      p_read170|        scalar|
|p_read171      |   in|    9|     ap_none|      p_read171|        scalar|
|p_read172      |   in|    9|     ap_none|      p_read172|        scalar|
|p_read173      |   in|    9|     ap_none|      p_read173|        scalar|
|p_read174      |   in|    9|     ap_none|      p_read174|        scalar|
|p_read175      |   in|    9|     ap_none|      p_read175|        scalar|
|p_read176      |   in|    9|     ap_none|      p_read176|        scalar|
|p_read177      |   in|    9|     ap_none|      p_read177|        scalar|
|p_read179      |   in|    9|     ap_none|      p_read179|        scalar|
|p_read180      |   in|    9|     ap_none|      p_read180|        scalar|
|p_read181      |   in|    9|     ap_none|      p_read181|        scalar|
|p_read182      |   in|    9|     ap_none|      p_read182|        scalar|
|p_read183      |   in|    9|     ap_none|      p_read183|        scalar|
|p_read184      |   in|    9|     ap_none|      p_read184|        scalar|
|p_read185      |   in|    9|     ap_none|      p_read185|        scalar|
|p_read186      |   in|    9|     ap_none|      p_read186|        scalar|
|p_read187      |   in|    9|     ap_none|      p_read187|        scalar|
|p_read188      |   in|    9|     ap_none|      p_read188|        scalar|
|p_read190      |   in|    9|     ap_none|      p_read190|        scalar|
|p_read191      |   in|    9|     ap_none|      p_read191|        scalar|
|p_read192      |   in|    9|     ap_none|      p_read192|        scalar|
|p_read193      |   in|    9|     ap_none|      p_read193|        scalar|
|p_read194      |   in|    9|     ap_none|      p_read194|        scalar|
|p_read195      |   in|    9|     ap_none|      p_read195|        scalar|
|p_read196      |   in|    9|     ap_none|      p_read196|        scalar|
|p_read197      |   in|    9|     ap_none|      p_read197|        scalar|
|p_read199      |   in|    9|     ap_none|      p_read199|        scalar|
+---------------+-----+-----+------------+---------------+--------------+

