

================================================================
== Vitis HLS Report for 'linear_ap_fixed_16_6_5_3_0_ap_fixed_16_6_0_0_0_linear_config10_s'
================================================================
* Date:           Thu Aug 17 12:48:51 2023

* Version:        2022.2 (Build 3670227 on Oct 13 2022)
* Project:        btag_nn_prj
* Solution:       solution1 (Vivado IP Flow Target)
* Product family: virtexuplus
* Target device:  xcvu9p-flga2104-2L-e


================================================================
== Performance Estimates
================================================================
+ Timing: 
    * Summary: 
    +--------+---------+----------+------------+
    |  Clock |  Target | Estimated| Uncertainty|
    +--------+---------+----------+------------+
    |ap_clk  |  2.80 ns|  1.225 ns|     0.35 ns|
    +--------+---------+----------+------------+

+ Latency: 
    * Summary: 
    +---------+---------+----------+----------+-----+-----+---------+
    |  Latency (cycles) |  Latency (absolute) |  Interval | Pipeline|
    |   min   |   max   |    min   |    max   | min | max |   Type  |
    +---------+---------+----------+----------+-----+-----+---------+
    |        0|        0|      0 ns|      0 ns|    1|    1|      yes|
    +---------+---------+----------+----------+-----+-----+---------+

    + Detail: 
        * Instance: 
        N/A

        * Loop: 
        N/A



================================================================
== Utilization Estimates
================================================================
* Summary: 
+---------------------+---------+------+---------+---------+-----+
|         Name        | BRAM_18K|  DSP |    FF   |   LUT   | URAM|
+---------------------+---------+------+---------+---------+-----+
|DSP                  |        -|     -|        -|        -|    -|
|Expression           |        -|     -|        0|        2|    -|
|FIFO                 |        -|     -|        -|        -|    -|
|Instance             |        -|     -|        -|        -|    -|
|Memory               |        -|     -|        -|        -|    -|
|Multiplexer          |        -|     -|        -|      180|    -|
|Register             |        -|     -|      305|        -|    -|
+---------------------+---------+------+---------+---------+-----+
|Total                |        0|     0|      305|      182|    0|
+---------------------+---------+------+---------+---------+-----+
|Available SLR        |     1440|  2280|   788160|   394080|  320|
+---------------------+---------+------+---------+---------+-----+
|Utilization SLR (%)  |        0|     0|       ~0|       ~0|    0|
+---------------------+---------+------+---------+---------+-----+
|Available            |     4320|  6840|  2364480|  1182240|  960|
+---------------------+---------+------+---------+---------+-----+
|Utilization (%)      |        0|     0|       ~0|       ~0|    0|
+---------------------+---------+------+---------+---------+-----+

+ Detail: 
    * Instance: 
    N/A

    * DSP: 
    N/A

    * Memory: 
    N/A

    * FIFO: 
    N/A

    * Expression: 
    +-----------------+----------+----+---+----+------------+------------+
    |  Variable Name  | Operation| DSP| FF| LUT| Bitwidth P0| Bitwidth P1|
    +-----------------+----------+----+---+----+------------+------------+
    |ap_block_state1  |        or|   0|  0|   2|           1|           1|
    +-----------------+----------+----+---+----+------------+------------+
    |Total            |          |   0|  0|   2|           1|           1|
    +-----------------+----------+----+---+----+------------+------------+

    * Multiplexer: 
    +--------------+----+-----------+-----+-----------+
    |     Name     | LUT| Input Size| Bits| Total Bits|
    +--------------+----+-----------+-----+-----------+
    |ap_done       |   9|          2|    1|          2|
    |ap_return_0   |   9|          2|   16|         32|
    |ap_return_1   |   9|          2|   16|         32|
    |ap_return_10  |   9|          2|   16|         32|
    |ap_return_11  |   9|          2|   16|         32|
    |ap_return_12  |   9|          2|   16|         32|
    |ap_return_13  |   9|          2|   16|         32|
    |ap_return_14  |   9|          2|   16|         32|
    |ap_return_15  |   9|          2|   15|         30|
    |ap_return_16  |   9|          2|   16|         32|
    |ap_return_17  |   9|          2|   16|         32|
    |ap_return_18  |   9|          2|   16|         32|
    |ap_return_2   |   9|          2|   16|         32|
    |ap_return_3   |   9|          2|   16|         32|
    |ap_return_4   |   9|          2|   16|         32|
    |ap_return_5   |   9|          2|   16|         32|
    |ap_return_6   |   9|          2|   16|         32|
    |ap_return_7   |   9|          2|   16|         32|
    |ap_return_8   |   9|          2|   16|         32|
    |ap_return_9   |   9|          2|   16|         32|
    +--------------+----+-----------+-----+-----------+
    |Total         | 180|         40|  304|        608|
    +--------------+----+-----------+-----+-----------+

    * Register: 
    +-------------------+----+----+-----+-----------+
    |        Name       | FF | LUT| Bits| Const Bits|
    +-------------------+----+----+-----+-----------+
    |ap_CS_fsm          |   1|   0|    1|          0|
    |ap_done_reg        |   1|   0|    1|          0|
    |ap_return_0_preg   |  16|   0|   16|          0|
    |ap_return_10_preg  |  16|   0|   16|          0|
    |ap_return_11_preg  |  16|   0|   16|          0|
    |ap_return_12_preg  |  16|   0|   16|          0|
    |ap_return_13_preg  |  16|   0|   16|          0|
    |ap_return_14_preg  |  16|   0|   16|          0|
    |ap_return_15_preg  |  15|   0|   15|          0|
    |ap_return_16_preg  |  16|   0|   16|          0|
    |ap_return_17_preg  |  16|   0|   16|          0|
    |ap_return_18_preg  |  16|   0|   16|          0|
    |ap_return_1_preg   |  16|   0|   16|          0|
    |ap_return_2_preg   |  16|   0|   16|          0|
    |ap_return_3_preg   |  16|   0|   16|          0|
    |ap_return_4_preg   |  16|   0|   16|          0|
    |ap_return_5_preg   |  16|   0|   16|          0|
    |ap_return_6_preg   |  16|   0|   16|          0|
    |ap_return_7_preg   |  16|   0|   16|          0|
    |ap_return_8_preg   |  16|   0|   16|          0|
    |ap_return_9_preg   |  16|   0|   16|          0|
    +-------------------+----+----+-----+-----------+
    |Total              | 305|   0|  305|          0|
    +-------------------+----+----+-----+-----------+



================================================================
== Interface
================================================================
* Summary: 
+--------------+-----+-----+------------+-----------------------------------------------------------------------------+--------------+
|   RTL Ports  | Dir | Bits|  Protocol  |                                Source Object                                |    C Type    |
+--------------+-----+-----+------------+-----------------------------------------------------------------------------+--------------+
|ap_clk        |   in|    1|  ap_ctrl_hs|  linear<ap_fixed<16, 6, 5, 3, 0>, ap_fixed<16, 6, 0, 0, 0>, linear_config10>|  return value|
|ap_rst        |   in|    1|  ap_ctrl_hs|  linear<ap_fixed<16, 6, 5, 3, 0>, ap_fixed<16, 6, 0, 0, 0>, linear_config10>|  return value|
|ap_start      |   in|    1|  ap_ctrl_hs|  linear<ap_fixed<16, 6, 5, 3, 0>, ap_fixed<16, 6, 0, 0, 0>, linear_config10>|  return value|
|ap_done       |  out|    1|  ap_ctrl_hs|  linear<ap_fixed<16, 6, 5, 3, 0>, ap_fixed<16, 6, 0, 0, 0>, linear_config10>|  return value|
|ap_continue   |   in|    1|  ap_ctrl_hs|  linear<ap_fixed<16, 6, 5, 3, 0>, ap_fixed<16, 6, 0, 0, 0>, linear_config10>|  return value|
|ap_idle       |  out|    1|  ap_ctrl_hs|  linear<ap_fixed<16, 6, 5, 3, 0>, ap_fixed<16, 6, 0, 0, 0>, linear_config10>|  return value|
|ap_ready      |  out|    1|  ap_ctrl_hs|  linear<ap_fixed<16, 6, 5, 3, 0>, ap_fixed<16, 6, 0, 0, 0>, linear_config10>|  return value|
|ap_return_0   |  out|   16|  ap_ctrl_hs|  linear<ap_fixed<16, 6, 5, 3, 0>, ap_fixed<16, 6, 0, 0, 0>, linear_config10>|  return value|
|ap_return_1   |  out|   16|  ap_ctrl_hs|  linear<ap_fixed<16, 6, 5, 3, 0>, ap_fixed<16, 6, 0, 0, 0>, linear_config10>|  return value|
|ap_return_2   |  out|   16|  ap_ctrl_hs|  linear<ap_fixed<16, 6, 5, 3, 0>, ap_fixed<16, 6, 0, 0, 0>, linear_config10>|  return value|
|ap_return_3   |  out|   16|  ap_ctrl_hs|  linear<ap_fixed<16, 6, 5, 3, 0>, ap_fixed<16, 6, 0, 0, 0>, linear_config10>|  return value|
|ap_return_4   |  out|   16|  ap_ctrl_hs|  linear<ap_fixed<16, 6, 5, 3, 0>, ap_fixed<16, 6, 0, 0, 0>, linear_config10>|  return value|
|ap_return_5   |  out|   16|  ap_ctrl_hs|  linear<ap_fixed<16, 6, 5, 3, 0>, ap_fixed<16, 6, 0, 0, 0>, linear_config10>|  return value|
|ap_return_6   |  out|   16|  ap_ctrl_hs|  linear<ap_fixed<16, 6, 5, 3, 0>, ap_fixed<16, 6, 0, 0, 0>, linear_config10>|  return value|
|ap_return_7   |  out|   16|  ap_ctrl_hs|  linear<ap_fixed<16, 6, 5, 3, 0>, ap_fixed<16, 6, 0, 0, 0>, linear_config10>|  return value|
|ap_return_8   |  out|   16|  ap_ctrl_hs|  linear<ap_fixed<16, 6, 5, 3, 0>, ap_fixed<16, 6, 0, 0, 0>, linear_config10>|  return value|
|ap_return_9   |  out|   16|  ap_ctrl_hs|  linear<ap_fixed<16, 6, 5, 3, 0>, ap_fixed<16, 6, 0, 0, 0>, linear_config10>|  return value|
|ap_return_10  |  out|   16|  ap_ctrl_hs|  linear<ap_fixed<16, 6, 5, 3, 0>, ap_fixed<16, 6, 0, 0, 0>, linear_config10>|  return value|
|ap_return_11  |  out|   16|  ap_ctrl_hs|  linear<ap_fixed<16, 6, 5, 3, 0>, ap_fixed<16, 6, 0, 0, 0>, linear_config10>|  return value|
|ap_return_12  |  out|   16|  ap_ctrl_hs|  linear<ap_fixed<16, 6, 5, 3, 0>, ap_fixed<16, 6, 0, 0, 0>, linear_config10>|  return value|
|ap_return_13  |  out|   16|  ap_ctrl_hs|  linear<ap_fixed<16, 6, 5, 3, 0>, ap_fixed<16, 6, 0, 0, 0>, linear_config10>|  return value|
|ap_return_14  |  out|   16|  ap_ctrl_hs|  linear<ap_fixed<16, 6, 5, 3, 0>, ap_fixed<16, 6, 0, 0, 0>, linear_config10>|  return value|
|ap_return_15  |  out|   15|  ap_ctrl_hs|  linear<ap_fixed<16, 6, 5, 3, 0>, ap_fixed<16, 6, 0, 0, 0>, linear_config10>|  return value|
|ap_return_16  |  out|   16|  ap_ctrl_hs|  linear<ap_fixed<16, 6, 5, 3, 0>, ap_fixed<16, 6, 0, 0, 0>, linear_config10>|  return value|
|ap_return_17  |  out|   16|  ap_ctrl_hs|  linear<ap_fixed<16, 6, 5, 3, 0>, ap_fixed<16, 6, 0, 0, 0>, linear_config10>|  return value|
|ap_return_18  |  out|   16|  ap_ctrl_hs|  linear<ap_fixed<16, 6, 5, 3, 0>, ap_fixed<16, 6, 0, 0, 0>, linear_config10>|  return value|
|p_read        |   in|   16|     ap_none|                                                                       p_read|        scalar|
|p_read1       |   in|   16|     ap_none|                                                                      p_read1|        scalar|
|p_read2       |   in|   16|     ap_none|                                                                      p_read2|        scalar|
|p_read3       |   in|   16|     ap_none|                                                                      p_read3|        scalar|
|p_read4       |   in|   16|     ap_none|                                                                      p_read4|        scalar|
|p_read5       |   in|   16|     ap_none|                                                                      p_read5|        scalar|
|p_read6       |   in|   16|     ap_none|                                                                      p_read6|        scalar|
|p_read7       |   in|   16|     ap_none|                                                                      p_read7|        scalar|
|p_read8       |   in|   16|     ap_none|                                                                      p_read8|        scalar|
|p_read9       |   in|   16|     ap_none|                                                                      p_read9|        scalar|
|p_read10      |   in|   16|     ap_none|                                                                     p_read10|        scalar|
|p_read11      |   in|   16|     ap_none|                                                                     p_read11|        scalar|
|p_read13      |   in|   16|     ap_none|                                                                     p_read13|        scalar|
|p_read14      |   in|   16|     ap_none|                                                                     p_read14|        scalar|
|p_read15      |   in|   16|     ap_none|                                                                     p_read15|        scalar|
|p_read16      |   in|   15|     ap_none|                                                                     p_read16|        scalar|
|p_read17      |   in|   16|     ap_none|                                                                     p_read17|        scalar|
|p_read18      |   in|   16|     ap_none|                                                                     p_read18|        scalar|
|p_read19      |   in|   16|     ap_none|                                                                     p_read19|        scalar|
+--------------+-----+-----+------------+-----------------------------------------------------------------------------+--------------+

