

================================================================
== Vitis HLS Report for 'relu_ap_fixed_16_6_0_0_0_ap_ufixed_9_0_0_0_0_relu_config11_s'
================================================================
* Date:           Thu Aug 17 12:48:51 2023

* Version:        2022.2 (Build 3670227 on Oct 13 2022)
* Project:        btag_nn_prj
* Solution:       solution1 (Vivado IP Flow Target)
* Product family: virtexuplus
* Target device:  xcvu9p-flga2104-2L-e


================================================================
== Performance Estimates
================================================================
+ Timing: 
    * Summary: 
    +--------+---------+----------+------------+
    |  Clock |  Target | Estimated| Uncertainty|
    +--------+---------+----------+------------+
    |ap_clk  |  2.80 ns|  2.243 ns|     0.35 ns|
    +--------+---------+----------+------------+

+ Latency: 
    * Summary: 
    +---------+---------+----------+----------+-----+-----+---------+
    |  Latency (cycles) |  Latency (absolute) |  Interval | Pipeline|
    |   min   |   max   |    min   |    max   | min | max |   Type  |
    +---------+---------+----------+----------+-----+-----+---------+
    |        1|        1|  2.800 ns|  2.800 ns|    1|    1|      yes|
    +---------+---------+----------+----------+-----+-----+---------+

    + Detail: 
        * Instance: 
        N/A

        * Loop: 
        N/A



================================================================
== Utilization Estimates
================================================================
* Summary: 
+---------------------+---------+------+---------+---------+-----+
|         Name        | BRAM_18K|  DSP |    FF   |   LUT   | URAM|
+---------------------+---------+------+---------+---------+-----+
|DSP                  |        -|     -|        -|        -|    -|
|Expression           |        -|     -|        0|     1066|    -|
|FIFO                 |        -|     -|        -|        -|    -|
|Instance             |        -|     -|        -|        -|    -|
|Memory               |        -|     -|        -|        -|    -|
|Multiplexer          |        -|     -|        -|      144|    -|
|Register             |        -|     -|      288|        -|    -|
+---------------------+---------+------+---------+---------+-----+
|Total                |        0|     0|      288|     1210|    0|
+---------------------+---------+------+---------+---------+-----+
|Available SLR        |     1440|  2280|   788160|   394080|  320|
+---------------------+---------+------+---------+---------+-----+
|Utilization SLR (%)  |        0|     0|       ~0|       ~0|    0|
+---------------------+---------+------+---------+---------+-----+
|Available            |     4320|  6840|  2364480|  1182240|  960|
+---------------------+---------+------+---------+---------+-----+
|Utilization (%)      |        0|     0|       ~0|       ~0|    0|
+---------------------+---------+------+---------+---------+-----+

+ Detail: 
    * Instance: 
    N/A

    * DSP: 
    N/A

    * Memory: 
    N/A

    * FIFO: 
    N/A

    * Expression: 
    +---------------------------------+----------+----+---+----+------------+------------+
    |          Variable Name          | Operation| DSP| FF| LUT| Bitwidth P0| Bitwidth P1|
    +---------------------------------+----------+----+---+----+------------+------------+
    |p_Val2_464_fu_240_p2             |         +|   0|  0|  16|           9|           9|
    |p_Val2_466_fu_332_p2             |         +|   0|  0|  16|           9|           9|
    |p_Val2_468_fu_424_p2             |         +|   0|  0|  16|           9|           9|
    |p_Val2_470_fu_516_p2             |         +|   0|  0|  16|           9|           9|
    |p_Val2_472_fu_608_p2             |         +|   0|  0|  16|           9|           9|
    |p_Val2_474_fu_700_p2             |         +|   0|  0|  16|           9|           9|
    |p_Val2_476_fu_792_p2             |         +|   0|  0|  16|           9|           9|
    |p_Val2_478_fu_884_p2             |         +|   0|  0|  16|           9|           9|
    |p_Val2_480_fu_976_p2             |         +|   0|  0|  16|           9|           9|
    |p_Val2_482_fu_1068_p2            |         +|   0|  0|  16|           9|           9|
    |p_Val2_484_fu_1160_p2            |         +|   0|  0|  16|           9|           9|
    |p_Val2_486_fu_1252_p2            |         +|   0|  0|  16|           9|           9|
    |p_Val2_488_fu_1344_p2            |         +|   0|  0|  16|           9|           9|
    |p_Val2_490_fu_1436_p2            |         +|   0|  0|  16|           9|           9|
    |p_Val2_492_fu_1528_p2            |         +|   0|  0|  16|           9|           9|
    |Range1_all_ones_231_fu_348_p2    |      icmp|   0|  0|  10|           6|           2|
    |Range1_all_ones_232_fu_440_p2    |      icmp|   0|  0|  10|           6|           2|
    |Range1_all_ones_233_fu_532_p2    |      icmp|   0|  0|  10|           6|           2|
    |Range1_all_ones_234_fu_624_p2    |      icmp|   0|  0|  10|           6|           2|
    |Range1_all_ones_235_fu_716_p2    |      icmp|   0|  0|  10|           6|           2|
    |Range1_all_ones_236_fu_808_p2    |      icmp|   0|  0|  10|           6|           2|
    |Range1_all_ones_237_fu_900_p2    |      icmp|   0|  0|  10|           6|           2|
    |Range1_all_ones_238_fu_992_p2    |      icmp|   0|  0|  10|           6|           2|
    |Range1_all_ones_239_fu_1084_p2   |      icmp|   0|  0|  10|           6|           2|
    |Range1_all_ones_240_fu_1176_p2   |      icmp|   0|  0|  10|           6|           2|
    |Range1_all_ones_241_fu_1268_p2   |      icmp|   0|  0|   9|           5|           2|
    |Range1_all_ones_242_fu_1360_p2   |      icmp|   0|  0|  10|           6|           2|
    |Range1_all_ones_243_fu_1452_p2   |      icmp|   0|  0|  10|           6|           2|
    |Range1_all_ones_244_fu_1544_p2   |      icmp|   0|  0|  10|           6|           2|
    |Range1_all_ones_fu_256_p2        |      icmp|   0|  0|  10|           6|           2|
    |Range1_all_zeros_231_fu_354_p2   |      icmp|   0|  0|  10|           6|           1|
    |Range1_all_zeros_232_fu_446_p2   |      icmp|   0|  0|  10|           6|           1|
    |Range1_all_zeros_233_fu_538_p2   |      icmp|   0|  0|  10|           6|           1|
    |Range1_all_zeros_234_fu_630_p2   |      icmp|   0|  0|  10|           6|           1|
    |Range1_all_zeros_235_fu_722_p2   |      icmp|   0|  0|  10|           6|           1|
    |Range1_all_zeros_236_fu_814_p2   |      icmp|   0|  0|  10|           6|           1|
    |Range1_all_zeros_237_fu_906_p2   |      icmp|   0|  0|  10|           6|           1|
    |Range1_all_zeros_238_fu_998_p2   |      icmp|   0|  0|  10|           6|           1|
    |Range1_all_zeros_239_fu_1090_p2  |      icmp|   0|  0|  10|           6|           1|
    |Range1_all_zeros_240_fu_1182_p2  |      icmp|   0|  0|  10|           6|           1|
    |Range1_all_zeros_241_fu_1274_p2  |      icmp|   0|  0|   9|           5|           1|
    |Range1_all_zeros_242_fu_1366_p2  |      icmp|   0|  0|  10|           6|           1|
    |Range1_all_zeros_243_fu_1458_p2  |      icmp|   0|  0|  10|           6|           1|
    |Range1_all_zeros_244_fu_1550_p2  |      icmp|   0|  0|  10|           6|           1|
    |Range1_all_zeros_fu_262_p2       |      icmp|   0|  0|  10|           6|           1|
    |icmp_ln1649_231_fu_300_p2        |      icmp|   0|  0|  13|          16|           1|
    |icmp_ln1649_232_fu_392_p2        |      icmp|   0|  0|  13|          16|           1|
    |icmp_ln1649_233_fu_484_p2        |      icmp|   0|  0|  13|          16|           1|
    |icmp_ln1649_234_fu_576_p2        |      icmp|   0|  0|  13|          16|           1|
    |icmp_ln1649_235_fu_668_p2        |      icmp|   0|  0|  13|          16|           1|
    |icmp_ln1649_236_fu_760_p2        |      icmp|   0|  0|  13|          16|           1|
    |icmp_ln1649_237_fu_852_p2        |      icmp|   0|  0|  13|          16|           1|
    |icmp_ln1649_238_fu_944_p2        |      icmp|   0|  0|  13|          16|           1|
    |icmp_ln1649_239_fu_1036_p2       |      icmp|   0|  0|  13|          16|           1|
    |icmp_ln1649_240_fu_1128_p2       |      icmp|   0|  0|  13|          16|           1|
    |icmp_ln1649_241_fu_1220_p2       |      icmp|   0|  0|  12|          15|           1|
    |icmp_ln1649_242_fu_1312_p2       |      icmp|   0|  0|  13|          16|           1|
    |icmp_ln1649_243_fu_1404_p2       |      icmp|   0|  0|  13|          16|           1|
    |icmp_ln1649_244_fu_1496_p2       |      icmp|   0|  0|  13|          16|           1|
    |icmp_ln1649_fu_208_p2            |      icmp|   0|  0|  13|          16|           1|
    |ap_block_pp0_stage0_11001        |        or|   0|  0|   2|           1|           1|
    |deleted_zeros_231_fu_376_p3      |    select|   0|  0|   2|           1|           1|
    |deleted_zeros_232_fu_468_p3      |    select|   0|  0|   2|           1|           1|
    |deleted_zeros_233_fu_560_p3      |    select|   0|  0|   2|           1|           1|
    |deleted_zeros_234_fu_652_p3      |    select|   0|  0|   2|           1|           1|
    |deleted_zeros_235_fu_744_p3      |    select|   0|  0|   2|           1|           1|
    |deleted_zeros_236_fu_836_p3      |    select|   0|  0|   2|           1|           1|
    |deleted_zeros_237_fu_928_p3      |    select|   0|  0|   2|           1|           1|
    |deleted_zeros_238_fu_1020_p3     |    select|   0|  0|   2|           1|           1|
    |deleted_zeros_239_fu_1112_p3     |    select|   0|  0|   2|           1|           1|
    |deleted_zeros_240_fu_1204_p3     |    select|   0|  0|   2|           1|           1|
    |deleted_zeros_241_fu_1296_p3     |    select|   0|  0|   2|           1|           1|
    |deleted_zeros_242_fu_1388_p3     |    select|   0|  0|   2|           1|           1|
    |deleted_zeros_243_fu_1480_p3     |    select|   0|  0|   2|           1|           1|
    |deleted_zeros_244_fu_1572_p3     |    select|   0|  0|   2|           1|           1|
    |deleted_zeros_fu_284_p3          |    select|   0|  0|   2|           1|           1|
    |select_ln1649_231_fu_1594_p3     |    select|   0|  0|   9|           1|           9|
    |select_ln1649_232_fu_1600_p3     |    select|   0|  0|   9|           1|           9|
    |select_ln1649_233_fu_1606_p3     |    select|   0|  0|   9|           1|           9|
    |select_ln1649_234_fu_1612_p3     |    select|   0|  0|   9|           1|           9|
    |select_ln1649_235_fu_1618_p3     |    select|   0|  0|   9|           1|           9|
    |select_ln1649_236_fu_1624_p3     |    select|   0|  0|   9|           1|           9|
    |select_ln1649_237_fu_1630_p3     |    select|   0|  0|   9|           1|           9|
    |select_ln1649_238_fu_1636_p3     |    select|   0|  0|   9|           1|           9|
    |select_ln1649_239_fu_1642_p3     |    select|   0|  0|   9|           1|           9|
    |select_ln1649_240_fu_1648_p3     |    select|   0|  0|   9|           1|           9|
    |select_ln1649_241_fu_1654_p3     |    select|   0|  0|   9|           1|           9|
    |select_ln1649_242_fu_1660_p3     |    select|   0|  0|   9|           1|           9|
    |select_ln1649_243_fu_1666_p3     |    select|   0|  0|   9|           1|           9|
    |select_ln1649_244_fu_1672_p3     |    select|   0|  0|   9|           1|           9|
    |select_ln1649_fu_1588_p3         |    select|   0|  0|   9|           1|           9|
    |select_ln302_231_fu_384_p3       |    select|   0|  0|   9|           1|           9|
    |select_ln302_232_fu_476_p3       |    select|   0|  0|   9|           1|           9|
    |select_ln302_233_fu_568_p3       |    select|   0|  0|   9|           1|           9|
    |select_ln302_234_fu_660_p3       |    select|   0|  0|   9|           1|           9|
    |select_ln302_235_fu_752_p3       |    select|   0|  0|   9|           1|           9|
    |select_ln302_236_fu_844_p3       |    select|   0|  0|   9|           1|           9|
    |select_ln302_237_fu_936_p3       |    select|   0|  0|   9|           1|           9|
    |select_ln302_238_fu_1028_p3      |    select|   0|  0|   9|           1|           9|
    |select_ln302_239_fu_1120_p3      |    select|   0|  0|   9|           1|           9|
    |select_ln302_240_fu_1212_p3      |    select|   0|  0|   9|           1|           9|
    |select_ln302_241_fu_1304_p3      |    select|   0|  0|   9|           1|           9|
    |select_ln302_242_fu_1396_p3      |    select|   0|  0|   9|           1|           9|
    |select_ln302_243_fu_1488_p3      |    select|   0|  0|   9|           1|           9|
    |select_ln302_244_fu_1580_p3      |    select|   0|  0|   9|           1|           9|
    |select_ln302_fu_292_p3           |    select|   0|  0|   9|           1|           9|
    |select_ln888_231_fu_368_p3       |    select|   0|  0|   2|           1|           1|
    |select_ln888_232_fu_460_p3       |    select|   0|  0|   2|           1|           1|
    |select_ln888_233_fu_552_p3       |    select|   0|  0|   2|           1|           1|
    |select_ln888_234_fu_644_p3       |    select|   0|  0|   2|           1|           1|
    |select_ln888_235_fu_736_p3       |    select|   0|  0|   2|           1|           1|
    |select_ln888_236_fu_828_p3       |    select|   0|  0|   2|           1|           1|
    |select_ln888_237_fu_920_p3       |    select|   0|  0|   2|           1|           1|
    |select_ln888_238_fu_1012_p3      |    select|   0|  0|   2|           1|           1|
    |select_ln888_239_fu_1104_p3      |    select|   0|  0|   2|           1|           1|
    |select_ln888_240_fu_1196_p3      |    select|   0|  0|   2|           1|           1|
    |select_ln888_241_fu_1288_p3      |    select|   0|  0|   2|           1|           1|
    |select_ln888_242_fu_1380_p3      |    select|   0|  0|   2|           1|           1|
    |select_ln888_243_fu_1472_p3      |    select|   0|  0|   2|           1|           1|
    |select_ln888_244_fu_1564_p3      |    select|   0|  0|   2|           1|           1|
    |select_ln888_fu_276_p3           |    select|   0|  0|   2|           1|           1|
    |ap_enable_pp0                    |       xor|   0|  0|   2|           1|           2|
    +---------------------------------+----------+----+---+----+------------+------------+
    |Total                            |          |   0|  0|1066|         614|         498|
    +---------------------------------+----------+----+---+----+------------+------------+

    * Multiplexer: 
    +--------------+----+-----------+-----+-----------+
    |     Name     | LUT| Input Size| Bits| Total Bits|
    +--------------+----+-----------+-----+-----------+
    |ap_done       |   9|          2|    1|          2|
    |ap_return_0   |   9|          2|    9|         18|
    |ap_return_1   |   9|          2|    9|         18|
    |ap_return_10  |   9|          2|    9|         18|
    |ap_return_11  |   9|          2|    9|         18|
    |ap_return_12  |   9|          2|    9|         18|
    |ap_return_13  |   9|          2|    9|         18|
    |ap_return_14  |   9|          2|    9|         18|
    |ap_return_2   |   9|          2|    9|         18|
    |ap_return_3   |   9|          2|    9|         18|
    |ap_return_4   |   9|          2|    9|         18|
    |ap_return_5   |   9|          2|    9|         18|
    |ap_return_6   |   9|          2|    9|         18|
    |ap_return_7   |   9|          2|    9|         18|
    |ap_return_8   |   9|          2|    9|         18|
    |ap_return_9   |   9|          2|    9|         18|
    +--------------+----+-----------+-----+-----------+
    |Total         | 144|         32|  136|        272|
    +--------------+----+-----------+-----+-----------+

    * Register: 
    +---------------------------+---+----+-----+-----------+
    |            Name           | FF| LUT| Bits| Const Bits|
    +---------------------------+---+----+-----+-----------+
    |ap_CS_fsm                  |  1|   0|    1|          0|
    |ap_done_reg                |  1|   0|    1|          0|
    |ap_enable_reg_pp0_iter1    |  1|   0|    1|          0|
    |ap_return_0_preg           |  9|   0|    9|          0|
    |ap_return_10_preg          |  9|   0|    9|          0|
    |ap_return_11_preg          |  9|   0|    9|          0|
    |ap_return_12_preg          |  9|   0|    9|          0|
    |ap_return_13_preg          |  9|   0|    9|          0|
    |ap_return_14_preg          |  9|   0|    9|          0|
    |ap_return_1_preg           |  9|   0|    9|          0|
    |ap_return_2_preg           |  9|   0|    9|          0|
    |ap_return_3_preg           |  9|   0|    9|          0|
    |ap_return_4_preg           |  9|   0|    9|          0|
    |ap_return_5_preg           |  9|   0|    9|          0|
    |ap_return_6_preg           |  9|   0|    9|          0|
    |ap_return_7_preg           |  9|   0|    9|          0|
    |ap_return_8_preg           |  9|   0|    9|          0|
    |ap_return_9_preg           |  9|   0|    9|          0|
    |icmp_ln1649_231_reg_1778   |  1|   0|    1|          0|
    |icmp_ln1649_232_reg_1788   |  1|   0|    1|          0|
    |icmp_ln1649_233_reg_1798   |  1|   0|    1|          0|
    |icmp_ln1649_234_reg_1808   |  1|   0|    1|          0|
    |icmp_ln1649_235_reg_1818   |  1|   0|    1|          0|
    |icmp_ln1649_236_reg_1828   |  1|   0|    1|          0|
    |icmp_ln1649_237_reg_1838   |  1|   0|    1|          0|
    |icmp_ln1649_238_reg_1848   |  1|   0|    1|          0|
    |icmp_ln1649_239_reg_1858   |  1|   0|    1|          0|
    |icmp_ln1649_240_reg_1868   |  1|   0|    1|          0|
    |icmp_ln1649_241_reg_1878   |  1|   0|    1|          0|
    |icmp_ln1649_242_reg_1888   |  1|   0|    1|          0|
    |icmp_ln1649_243_reg_1898   |  1|   0|    1|          0|
    |icmp_ln1649_244_reg_1908   |  1|   0|    1|          0|
    |icmp_ln1649_reg_1768       |  1|   0|    1|          0|
    |select_ln302_231_reg_1783  |  9|   0|    9|          0|
    |select_ln302_232_reg_1793  |  9|   0|    9|          0|
    |select_ln302_233_reg_1803  |  9|   0|    9|          0|
    |select_ln302_234_reg_1813  |  9|   0|    9|          0|
    |select_ln302_235_reg_1823  |  9|   0|    9|          0|
    |select_ln302_236_reg_1833  |  9|   0|    9|          0|
    |select_ln302_237_reg_1843  |  9|   0|    9|          0|
    |select_ln302_238_reg_1853  |  9|   0|    9|          0|
    |select_ln302_239_reg_1863  |  9|   0|    9|          0|
    |select_ln302_240_reg_1873  |  9|   0|    9|          0|
    |select_ln302_241_reg_1883  |  9|   0|    9|          0|
    |select_ln302_242_reg_1893  |  9|   0|    9|          0|
    |select_ln302_243_reg_1903  |  9|   0|    9|          0|
    |select_ln302_244_reg_1913  |  9|   0|    9|          0|
    |select_ln302_reg_1773      |  9|   0|    9|          0|
    +---------------------------+---+----+-----+-----------+
    |Total                      |288|   0|  288|          0|
    +---------------------------+---+----+-----+-----------+



================================================================
== Interface
================================================================
* Summary: 
+--------------+-----+-----+------------+-------------------------------------------------------------------------+--------------+
|   RTL Ports  | Dir | Bits|  Protocol  |                              Source Object                              |    C Type    |
+--------------+-----+-----+------------+-------------------------------------------------------------------------+--------------+
|ap_clk        |   in|    1|  ap_ctrl_hs|  relu<ap_fixed<16, 6, 0, 0, 0>, ap_ufixed<9, 0, 0, 0, 0>, relu_config11>|  return value|
|ap_rst        |   in|    1|  ap_ctrl_hs|  relu<ap_fixed<16, 6, 0, 0, 0>, ap_ufixed<9, 0, 0, 0, 0>, relu_config11>|  return value|
|ap_start      |   in|    1|  ap_ctrl_hs|  relu<ap_fixed<16, 6, 0, 0, 0>, ap_ufixed<9, 0, 0, 0, 0>, relu_config11>|  return value|
|ap_done       |  out|    1|  ap_ctrl_hs|  relu<ap_fixed<16, 6, 0, 0, 0>, ap_ufixed<9, 0, 0, 0, 0>, relu_config11>|  return value|
|ap_continue   |   in|    1|  ap_ctrl_hs|  relu<ap_fixed<16, 6, 0, 0, 0>, ap_ufixed<9, 0, 0, 0, 0>, relu_config11>|  return value|
|ap_idle       |  out|    1|  ap_ctrl_hs|  relu<ap_fixed<16, 6, 0, 0, 0>, ap_ufixed<9, 0, 0, 0, 0>, relu_config11>|  return value|
|ap_ready      |  out|    1|  ap_ctrl_hs|  relu<ap_fixed<16, 6, 0, 0, 0>, ap_ufixed<9, 0, 0, 0, 0>, relu_config11>|  return value|
|ap_return_0   |  out|    9|  ap_ctrl_hs|  relu<ap_fixed<16, 6, 0, 0, 0>, ap_ufixed<9, 0, 0, 0, 0>, relu_config11>|  return value|
|ap_return_1   |  out|    9|  ap_ctrl_hs|  relu<ap_fixed<16, 6, 0, 0, 0>, ap_ufixed<9, 0, 0, 0, 0>, relu_config11>|  return value|
|ap_return_2   |  out|    9|  ap_ctrl_hs|  relu<ap_fixed<16, 6, 0, 0, 0>, ap_ufixed<9, 0, 0, 0, 0>, relu_config11>|  return value|
|ap_return_3   |  out|    9|  ap_ctrl_hs|  relu<ap_fixed<16, 6, 0, 0, 0>, ap_ufixed<9, 0, 0, 0, 0>, relu_config11>|  return value|
|ap_return_4   |  out|    9|  ap_ctrl_hs|  relu<ap_fixed<16, 6, 0, 0, 0>, ap_ufixed<9, 0, 0, 0, 0>, relu_config11>|  return value|
|ap_return_5   |  out|    9|  ap_ctrl_hs|  relu<ap_fixed<16, 6, 0, 0, 0>, ap_ufixed<9, 0, 0, 0, 0>, relu_config11>|  return value|
|ap_return_6   |  out|    9|  ap_ctrl_hs|  relu<ap_fixed<16, 6, 0, 0, 0>, ap_ufixed<9, 0, 0, 0, 0>, relu_config11>|  return value|
|ap_return_7   |  out|    9|  ap_ctrl_hs|  relu<ap_fixed<16, 6, 0, 0, 0>, ap_ufixed<9, 0, 0, 0, 0>, relu_config11>|  return value|
|ap_return_8   |  out|    9|  ap_ctrl_hs|  relu<ap_fixed<16, 6, 0, 0, 0>, ap_ufixed<9, 0, 0, 0, 0>, relu_config11>|  return value|
|ap_return_9   |  out|    9|  ap_ctrl_hs|  relu<ap_fixed<16, 6, 0, 0, 0>, ap_ufixed<9, 0, 0, 0, 0>, relu_config11>|  return value|
|ap_return_10  |  out|    9|  ap_ctrl_hs|  relu<ap_fixed<16, 6, 0, 0, 0>, ap_ufixed<9, 0, 0, 0, 0>, relu_config11>|  return value|
|ap_return_11  |  out|    9|  ap_ctrl_hs|  relu<ap_fixed<16, 6, 0, 0, 0>, ap_ufixed<9, 0, 0, 0, 0>, relu_config11>|  return value|
|ap_return_12  |  out|    9|  ap_ctrl_hs|  relu<ap_fixed<16, 6, 0, 0, 0>, ap_ufixed<9, 0, 0, 0, 0>, relu_config11>|  return value|
|ap_return_13  |  out|    9|  ap_ctrl_hs|  relu<ap_fixed<16, 6, 0, 0, 0>, ap_ufixed<9, 0, 0, 0, 0>, relu_config11>|  return value|
|ap_return_14  |  out|    9|  ap_ctrl_hs|  relu<ap_fixed<16, 6, 0, 0, 0>, ap_ufixed<9, 0, 0, 0, 0>, relu_config11>|  return value|
|p_read        |   in|   16|     ap_none|                                                                   p_read|        scalar|
|p_read1       |   in|   16|     ap_none|                                                                  p_read1|        scalar|
|p_read2       |   in|   16|     ap_none|                                                                  p_read2|        scalar|
|p_read3       |   in|   16|     ap_none|                                                                  p_read3|        scalar|
|p_read4       |   in|   16|     ap_none|                                                                  p_read4|        scalar|
|p_read5       |   in|   16|     ap_none|                                                                  p_read5|        scalar|
|p_read6       |   in|   16|     ap_none|                                                                  p_read6|        scalar|
|p_read7       |   in|   16|     ap_none|                                                                  p_read7|        scalar|
|p_read8       |   in|   16|     ap_none|                                                                  p_read8|        scalar|
|p_read9       |   in|   16|     ap_none|                                                                  p_read9|        scalar|
|p_read10      |   in|   16|     ap_none|                                                                 p_read10|        scalar|
|p_read11      |   in|   16|     ap_none|                                                                 p_read11|        scalar|
|p_read12      |   in|   16|     ap_none|                                                                 p_read12|        scalar|
|p_read13      |   in|   16|     ap_none|                                                                 p_read13|        scalar|
|p_read14      |   in|   16|     ap_none|                                                                 p_read14|        scalar|
|p_read15      |   in|   15|     ap_none|                                                                 p_read15|        scalar|
|p_read16      |   in|   16|     ap_none|                                                                 p_read16|        scalar|
|p_read17      |   in|   16|     ap_none|                                                                 p_read17|        scalar|
|p_read18      |   in|   16|     ap_none|                                                                 p_read18|        scalar|
+--------------+-----+-----+------------+-------------------------------------------------------------------------+--------------+

