

================================================================
== Vitis HLS Report for 'sigmoid_ap_fixed_16_6_0_0_0_ap_fixed_16_6_0_0_0_sigmoid_config17_s'
================================================================
* Date:           Thu Aug 17 12:48:54 2023

* Version:        2022.2 (Build 3670227 on Oct 13 2022)
* Project:        btag_nn_prj
* Solution:       solution1 (Vivado IP Flow Target)
* Product family: virtexuplus
* Target device:  xcvu9p-flga2104-2L-e


================================================================
== Performance Estimates
================================================================
+ Timing: 
    * Summary: 
    +--------+---------+----------+------------+
    |  Clock |  Target | Estimated| Uncertainty|
    +--------+---------+----------+------------+
    |ap_clk  |  2.80 ns|  2.215 ns|     0.35 ns|
    +--------+---------+----------+------------+

+ Latency: 
    * Summary: 
    +---------+---------+----------+----------+-----+-----+---------+
    |  Latency (cycles) |  Latency (absolute) |  Interval | Pipeline|
    |   min   |   max   |    min   |    max   | min | max |   Type  |
    +---------+---------+----------+----------+-----+-----+---------+
    |        2|        2|  5.600 ns|  5.600 ns|    1|    1|      yes|
    +---------+---------+----------+----------+-----+-----+---------+

    + Detail: 
        * Instance: 
        N/A

        * Loop: 
        N/A



================================================================
== Utilization Estimates
================================================================
* Summary: 
+---------------------+---------+------+---------+---------+-----+
|         Name        | BRAM_18K|  DSP |    FF   |   LUT   | URAM|
+---------------------+---------+------+---------+---------+-----+
|DSP                  |        -|     -|        -|        -|    -|
|Expression           |        -|     -|        0|       99|    -|
|FIFO                 |        -|     -|        -|        -|    -|
|Instance             |        -|     -|        -|        -|    -|
|Memory               |        1|     -|        0|        0|    -|
|Multiplexer          |        -|     -|        -|       18|    -|
|Register             |        -|     -|       38|        -|    -|
+---------------------+---------+------+---------+---------+-----+
|Total                |        1|     0|       38|      117|    0|
+---------------------+---------+------+---------+---------+-----+
|Available SLR        |     1440|  2280|   788160|   394080|  320|
+---------------------+---------+------+---------+---------+-----+
|Utilization SLR (%)  |       ~0|     0|       ~0|       ~0|    0|
+---------------------+---------+------+---------+---------+-----+
|Available            |     4320|  6840|  2364480|  1182240|  960|
+---------------------+---------+------+---------+---------+-----+
|Utilization (%)      |       ~0|     0|       ~0|       ~0|    0|
+---------------------+---------+------+---------+---------+-----+

+ Detail: 
    * Instance: 
    N/A

    * DSP: 
    N/A

    * Memory: 
    +-----------------+----------------------------------------------------------------------------------+---------+---+----+-----+------+-----+------+-------------+
    |      Memory     |                                      Module                                      | BRAM_18K| FF| LUT| URAM| Words| Bits| Banks| W*Bits*Banks|
    +-----------------+----------------------------------------------------------------------------------+---------+---+----+-----+------+-----+------+-------------+
    |sigmoid_table_U  |sigmoid_ap_fixed_16_6_0_0_0_ap_fixed_16_6_0_0_0_sigmoid_config17_s_sigmoid_tabkb  |        1|  0|   0|    0|  1024|   10|     1|        10240|
    +-----------------+----------------------------------------------------------------------------------+---------+---+----+-----+------+-----+------+-------------+
    |Total            |                                                                                  |        1|  0|   0|    0|  1024|   10|     1|        10240|
    +-----------------+----------------------------------------------------------------------------------+---------+---+----+-----+------+-----+------+-------------+

    * FIFO: 
    N/A

    * Expression: 
    +---------------------------+----------+----+---+----+------------+------------+
    |       Variable Name       | Operation| DSP| FF| LUT| Bitwidth P0| Bitwidth P1|
    +---------------------------+----------+----+---+----+------------+------------+
    |index_fu_135_p2            |         +|   0|  0|  18|          11|          10|
    |ret_V_fu_118_p2            |         +|   0|  0|  18|          11|           1|
    |icmp_ln1003_fu_112_p2      |      icmp|   0|  0|  11|          10|           1|
    |p_Result_s_fu_94_p2        |      icmp|   0|  0|  16|          24|           5|
    |ap_block_pp0_stage0_01001  |        or|   0|  0|   2|           1|           1|
    |index_1_fu_153_p3          |    select|   0|  0|  10|           1|           2|
    |ret_V_2_fu_129_p3          |    select|   0|  0|  11|           1|          11|
    |select_ln1002_fu_124_p3    |    select|   0|  0|  11|           1|          11|
    |ap_enable_pp0              |       xor|   0|  0|   2|           1|           2|
    +---------------------------+----------+----+---+----+------------+------------+
    |Total                      |          |   0|  0|  99|          61|          44|
    +---------------------------+----------+----+---+----+------------+------------+

    * Multiplexer: 
    +-------------+----+-----------+-----+-----------+
    |     Name    | LUT| Input Size| Bits| Total Bits|
    +-------------+----+-----------+-----+-----------+
    |ap_done      |   9|          2|    1|          2|
    |layer17_out  |   9|          2|   10|         20|
    +-------------+----+-----------+-----+-----------+
    |Total        |  18|          4|   11|         22|
    +-------------+----+-----------+-----+-----------+

    * Register: 
    +-------------------------+----+----+-----+-----------+
    |           Name          | FF | LUT| Bits| Const Bits|
    +-------------------------+----+----+-----+-----------+
    |ap_CS_fsm                |   1|   0|    1|          0|
    |ap_done_reg              |   1|   0|    1|          0|
    |ap_enable_reg_pp0_iter1  |   1|   0|    1|          0|
    |ap_enable_reg_pp0_iter2  |   1|   0|    1|          0|
    |icmp_ln1003_reg_182      |   1|   0|    1|          0|
    |layer17_out_preg         |  10|   0|   16|          6|
    |p_Result_s_reg_177       |   1|   0|    1|          0|
    |ret_V_reg_187            |  11|   0|   11|          0|
    |sext_ln1002_reg_171      |  11|   0|   11|          0|
    +-------------------------+----+----+-----+-----------+
    |Total                    |  38|   0|   44|          6|
    +-------------------------+----+----+-----+-----------+



================================================================
== Interface
================================================================
* Summary: 
+--------------------+-----+-----+------------+-------------------------------------------------------------------------------+--------------+
|      RTL Ports     | Dir | Bits|  Protocol  |                                 Source Object                                 |    C Type    |
+--------------------+-----+-----+------------+-------------------------------------------------------------------------------+--------------+
|ap_clk              |   in|    1|  ap_ctrl_hs|  sigmoid<ap_fixed<16, 6, 0, 0, 0>, ap_fixed<16, 6, 0, 0, 0>, sigmoid_config17>|  return value|
|ap_rst              |   in|    1|  ap_ctrl_hs|  sigmoid<ap_fixed<16, 6, 0, 0, 0>, ap_fixed<16, 6, 0, 0, 0>, sigmoid_config17>|  return value|
|ap_start            |   in|    1|  ap_ctrl_hs|  sigmoid<ap_fixed<16, 6, 0, 0, 0>, ap_fixed<16, 6, 0, 0, 0>, sigmoid_config17>|  return value|
|ap_done             |  out|    1|  ap_ctrl_hs|  sigmoid<ap_fixed<16, 6, 0, 0, 0>, ap_fixed<16, 6, 0, 0, 0>, sigmoid_config17>|  return value|
|ap_continue         |   in|    1|  ap_ctrl_hs|  sigmoid<ap_fixed<16, 6, 0, 0, 0>, ap_fixed<16, 6, 0, 0, 0>, sigmoid_config17>|  return value|
|ap_idle             |  out|    1|  ap_ctrl_hs|  sigmoid<ap_fixed<16, 6, 0, 0, 0>, ap_fixed<16, 6, 0, 0, 0>, sigmoid_config17>|  return value|
|ap_ready            |  out|    1|  ap_ctrl_hs|  sigmoid<ap_fixed<16, 6, 0, 0, 0>, ap_fixed<16, 6, 0, 0, 0>, sigmoid_config17>|  return value|
|p_read              |   in|   14|     ap_none|                                                                         p_read|        scalar|
|layer17_out         |  out|   16|      ap_vld|                                                                    layer17_out|       pointer|
|layer17_out_ap_vld  |  out|    1|      ap_vld|                                                                    layer17_out|       pointer|
+--------------------+-----+-----+------------+-------------------------------------------------------------------------------+--------------+

