Mon Jun 19 04:04:45 2023: Running xcd server. This server was built by gradle.
Mon Jun 19 04:04:45 2023: Server was asked to start on port: '40363'
Mon Jun 19 04:04:45 2023: Server is using token UUID: 'd1508b8b-af8b-4dfc-80f1-9dee55e43266'
Mon Jun 19 04:04:45 2023: SESSION_MGR: creating session with session uuid: '6d04a3e9-ade5-4ab9-8d63-1f78fcd2ec76' and name 'default'
Mon Jun 19 04:04:45 2023: Attempting to start server on port '40363'
Mon Jun 19 04:04:45 2023: XCD main fifo: created main fifo '/tmp/xcdmaind1508b8b-af8b-4dfc-80f1-9dee55e43266', fd read = 14
Mon Jun 19 04:04:45 2023: Running Dispatch Server
Mon Jun 19 04:04:45 2023: Version 2.2.0
Mon Jun 19 04:04:54 2023: Dispatch Server: Accepted socket connection from client
Mon Jun 19 04:04:54 2023: Starting Socket connection
Mon Jun 19 04:04:54 2023: EXCHANGE_TOKEN received, server token: d1508b8b-af8b-4dfc-80f1-9dee55e43266, passed token: d1508b8b-af8b-4dfc-80f1-9dee55e43266
Mon Jun 19 04:04:54 2023: SESSION_MGR: creating session with session uuid: '021acdb5-3758-4a38-90a7-c06ffba21a84' and name 'vitis_hls'
Mon Jun 19 04:04:54 2023: KERNEL_SVC: creating session with uuid: '021acdb5-3758-4a38-90a7-c06ffba21a84' and name 'vitis_hls'
Mon Jun 19 04:04:54 2023: GUIDANCE_SMGR: creating guidance session with uuid: '021acdb5-3758-4a38-90a7-c06ffba21a84' and name 'vitis_hls'
Mon Jun 19 04:07:57 2023: STOP_SERVER received, server token: d1508b8b-af8b-4dfc-80f1-9dee55e43266, passed token: d1508b8b-af8b-4dfc-80f1-9dee55e43266
Mon Jun 19 04:07:57 2023: Socket received request to stop server.
Mon Jun 19 04:07:57 2023: Dispatch Server: do_await_stop
Mon Jun 19 04:07:57 2023: Dispatch Server: stopping mainFifo_
Mon Jun 19 04:07:57 2023: XCD main fifo: Stopping
Mon Jun 19 04:07:57 2023: XCD main fifo: do_read error code: Operation canceled
Mon Jun 19 04:07:57 2023: XCD main fifo: bytes_transferred: 0
Mon Jun 19 04:07:57 2023: SERVER: destructor for server bound to port 40363
Mon Jun 19 04:07:57 2023: XCD main fifo: Good unlink of /tmp/xcdmaind1508b8b-af8b-4dfc-80f1-9dee55e43266
Mon Jun 19 04:07:57 2023: Server exiting with status 0.
Mon Jun 19 04:07:57 2023: Closing log file.
