/data/dhoang/Btag_L1/quantization_pruning/qModel9/hls4ml_prj/btag_nn_prj/solution1/.autopilot/db/btag_nn.pp.0.cpp:28015:7: warning: Added loop label VITIS_LOOP_1211_1:   [xilinx-label-all-loops]
      for (i = 0; i < __N - 1; ++i) {
      ^~~
      VITIS_LOOP_1211_1: 
/data/dhoang/Btag_L1/quantization_pruning/qModel9/hls4ml_prj/btag_nn_prj/solution1/.autopilot/db/btag_nn.pp.0.cpp:28015:7: note: FIX-IT applied suggested code changes
/data/dhoang/Btag_L1/quantization_pruning/qModel9/hls4ml_prj/btag_nn_prj/solution1/.autopilot/db/btag_nn.pp.0.cpp:28989:5: warning: Added loop label VITIS_LOOP_676_1:   [xilinx-label-all-loops]
    for (unsigned i = low; i != high; ++i) {
    ^~~
    VITIS_LOOP_676_1: 
/data/dhoang/Btag_L1/quantization_pruning/qModel9/hls4ml_prj/btag_nn_prj/solution1/.autopilot/db/btag_nn.pp.0.cpp:28989:5: note: FIX-IT applied suggested code changes
/data/dhoang/Btag_L1/quantization_pruning/qModel9/hls4ml_prj/btag_nn_prj/solution1/.autopilot/db/btag_nn.pp.0.cpp:29003:5: warning: Added loop label VITIS_LOOP_690_1:   [xilinx-label-all-loops]
    for (unsigned i = low; i != high; ++i) {
    ^~~
    VITIS_LOOP_690_1: 
/data/dhoang/Btag_L1/quantization_pruning/qModel9/hls4ml_prj/btag_nn_prj/solution1/.autopilot/db/btag_nn.pp.0.cpp:29003:5: note: FIX-IT applied suggested code changes
/data/dhoang/Btag_L1/quantization_pruning/qModel9/hls4ml_prj/btag_nn_prj/solution1/.autopilot/db/btag_nn.pp.0.cpp:29017:5: warning: Added loop label VITIS_LOOP_704_1:   [xilinx-label-all-loops]
    for (unsigned i = low; i != high; ++i) {
    ^~~
    VITIS_LOOP_704_1: 
/data/dhoang/Btag_L1/quantization_pruning/qModel9/hls4ml_prj/btag_nn_prj/solution1/.autopilot/db/btag_nn.pp.0.cpp:29017:5: note: FIX-IT applied suggested code changes
/data/dhoang/Btag_L1/quantization_pruning/qModel9/hls4ml_prj/btag_nn_prj/solution1/.autopilot/db/btag_nn.pp.0.cpp:30616:7: warning: Added loop label VITIS_LOOP_1245_1:   [xilinx-label-all-loops]
      for (i = 0; i < __N - 1; ++i) {
      ^~~
      VITIS_LOOP_1245_1: 
/data/dhoang/Btag_L1/quantization_pruning/qModel9/hls4ml_prj/btag_nn_prj/solution1/.autopilot/db/btag_nn.pp.0.cpp:30616:7: note: FIX-IT applied suggested code changes
/data/dhoang/Btag_L1/quantization_pruning/qModel9/hls4ml_prj/btag_nn_prj/solution1/.autopilot/db/btag_nn.pp.0.cpp:32601:9: warning: Added loop label VITIS_LOOP_27_1:   [xilinx-label-all-loops]
        for (unsigned i = 0; i < N; i++) {
        ^~~
        VITIS_LOOP_27_1: 
/data/dhoang/Btag_L1/quantization_pruning/qModel9/hls4ml_prj/btag_nn_prj/solution1/.autopilot/db/btag_nn.pp.0.cpp:32601:9: note: FIX-IT applied suggested code changes
/data/dhoang/Btag_L1/quantization_pruning/qModel9/hls4ml_prj/btag_nn_prj/solution1/.autopilot/db/btag_nn.pp.0.cpp:53915:5: warning: Added loop label VITIS_LOOP_265_1:   [xilinx-label-all-loops]
    for (typename std::vector<src_T>::const_iterator i = in_begin; i != in_end; ++i) {
    ^~~
    VITIS_LOOP_265_1: 
/data/dhoang/Btag_L1/quantization_pruning/qModel9/hls4ml_prj/btag_nn_prj/solution1/.autopilot/db/btag_nn.pp.0.cpp:53915:5: note: FIX-IT applied suggested code changes
/data/dhoang/Btag_L1/quantization_pruning/qModel9/hls4ml_prj/btag_nn_prj/solution1/.autopilot/db/btag_nn.pp.0.cpp:53925:5: warning: Added loop label VITIS_LOOP_275_1:   [xilinx-label-all-loops]
    for (auto i = 0; i < SIZE; i++)
    ^~~
    VITIS_LOOP_275_1: 
/data/dhoang/Btag_L1/quantization_pruning/qModel9/hls4ml_prj/btag_nn_prj/solution1/.autopilot/db/btag_nn.pp.0.cpp:53925:5: note: FIX-IT applied suggested code changes
/data/dhoang/Btag_L1/quantization_pruning/qModel9/hls4ml_prj/btag_nn_prj/solution1/.autopilot/db/btag_nn.pp.0.cpp:53936:5: warning: Added loop label VITIS_LOOP_286_1:   [xilinx-label-all-loops]
    for (int i = 0; i < SIZE; i++) {
    ^~~
    VITIS_LOOP_286_1: 
/data/dhoang/Btag_L1/quantization_pruning/qModel9/hls4ml_prj/btag_nn_prj/solution1/.autopilot/db/btag_nn.pp.0.cpp:53936:5: note: FIX-IT applied suggested code changes
/data/dhoang/Btag_L1/quantization_pruning/qModel9/hls4ml_prj/btag_nn_prj/solution1/.autopilot/db/btag_nn.pp.0.cpp:53943:5: warning: Added loop label VITIS_LOOP_293_1:   [xilinx-label-all-loops]
    for (int i = 0; i < SIZE / res_T::size; i++) {
    ^~~
    VITIS_LOOP_293_1: 
/data/dhoang/Btag_L1/quantization_pruning/qModel9/hls4ml_prj/btag_nn_prj/solution1/.autopilot/db/btag_nn.pp.0.cpp:53943:5: note: FIX-IT applied suggested code changes
/data/dhoang/Btag_L1/quantization_pruning/qModel9/hls4ml_prj/btag_nn_prj/solution1/.autopilot/db/btag_nn.pp.0.cpp:53945:9: warning: Added loop label VITIS_LOOP_295_2:   [xilinx-label-all-loops]
        for (int j = 0; j < res_T::size; j++) {
        ^~~
        VITIS_LOOP_295_2: 
/data/dhoang/Btag_L1/quantization_pruning/qModel9/hls4ml_prj/btag_nn_prj/solution1/.autopilot/db/btag_nn.pp.0.cpp:53945:9: note: FIX-IT applied suggested code changes
/data/dhoang/Btag_L1/quantization_pruning/qModel9/hls4ml_prj/btag_nn_prj/solution1/.autopilot/db/btag_nn.pp.0.cpp:53957:5: warning: Added loop label VITIS_LOOP_307_1:   [xilinx-label-all-loops]
    for (int i = 0; i < SIZE / data_T::size; i++) {
    ^~~
    VITIS_LOOP_307_1: 
/data/dhoang/Btag_L1/quantization_pruning/qModel9/hls4ml_prj/btag_nn_prj/solution1/.autopilot/db/btag_nn.pp.0.cpp:53957:5: note: FIX-IT applied suggested code changes
/data/dhoang/Btag_L1/quantization_pruning/qModel9/hls4ml_prj/btag_nn_prj/solution1/.autopilot/db/btag_nn.pp.0.cpp:53959:9: warning: Added loop label VITIS_LOOP_309_2:   [xilinx-label-all-loops]
        for (int j = 0; j < data_T::size; j++) {
        ^~~
        VITIS_LOOP_309_2: 
/data/dhoang/Btag_L1/quantization_pruning/qModel9/hls4ml_prj/btag_nn_prj/solution1/.autopilot/db/btag_nn.pp.0.cpp:53959:9: note: FIX-IT applied suggested code changes
/data/dhoang/Btag_L1/quantization_pruning/qModel9/hls4ml_prj/btag_nn_prj/solution1/.autopilot/db/btag_nn.pp.0.cpp:53974:5: warning: Added loop label VITIS_LOOP_324_1:   [xilinx-label-all-loops]
    for (int ii = 0; ii < nrows; ii++) {
    ^~~
    VITIS_LOOP_324_1: 
/data/dhoang/Btag_L1/quantization_pruning/qModel9/hls4ml_prj/btag_nn_prj/solution1/.autopilot/db/btag_nn.pp.0.cpp:53974:5: note: FIX-IT applied suggested code changes
/data/dhoang/Btag_L1/quantization_pruning/qModel9/hls4ml_prj/btag_nn_prj/solution1/.autopilot/db/btag_nn.pp.0.cpp:53994:5: warning: Added loop label VITIS_LOOP_344_1:   [xilinx-label-all-loops]
    for (int ii = 0; ii < nrows; ii++) {
    ^~~
    VITIS_LOOP_344_1: 
/data/dhoang/Btag_L1/quantization_pruning/qModel9/hls4ml_prj/btag_nn_prj/solution1/.autopilot/db/btag_nn.pp.0.cpp:53994:5: note: FIX-IT applied suggested code changes
/data/dhoang/Btag_L1/quantization_pruning/qModel9/hls4ml_prj/btag_nn_prj/solution1/.autopilot/db/btag_nn.pp.0.cpp:53995:9: warning: Added loop label VITIS_LOOP_345_2:   [xilinx-label-all-loops]
        for (int jj = 0; jj < ncols; jj++) {
        ^~~
        VITIS_LOOP_345_2: 
/data/dhoang/Btag_L1/quantization_pruning/qModel9/hls4ml_prj/btag_nn_prj/solution1/.autopilot/db/btag_nn.pp.0.cpp:53995:9: note: FIX-IT applied suggested code changes
/data/dhoang/Btag_L1/quantization_pruning/qModel9/hls4ml_prj/btag_nn_prj/solution1/.autopilot/db/btag_nn.pp.0.cpp:54010:5: warning: Added loop label VITIS_LOOP_360_1:   [xilinx-label-all-loops]
    for (int ii = 0; ii < N_IN; ii++) {
    ^~~
    VITIS_LOOP_360_1: 
/data/dhoang/Btag_L1/quantization_pruning/qModel9/hls4ml_prj/btag_nn_prj/solution1/.autopilot/db/btag_nn.pp.0.cpp:54010:5: note: FIX-IT applied suggested code changes
/data/dhoang/Btag_L1/quantization_pruning/qModel9/hls4ml_prj/btag_nn_prj/solution1/.autopilot/db/btag_nn.pp.0.cpp:54017:5: warning: Added loop label VITIS_LOOP_367_1:   [xilinx-label-all-loops]
    for (int ii = 0; ii < N_IN; ii++) {
    ^~~
    VITIS_LOOP_367_1: 
/data/dhoang/Btag_L1/quantization_pruning/qModel9/hls4ml_prj/btag_nn_prj/solution1/.autopilot/db/btag_nn.pp.0.cpp:54017:5: note: FIX-IT applied suggested code changes
/data/dhoang/Btag_L1/quantization_pruning/qModel9/hls4ml_prj/btag_nn_prj/solution1/.autopilot/db/btag_nn.pp.0.cpp:54187:2: warning: Added loop label VITIS_LOOP_31_1:   [xilinx-label-all-loops]
 for (int ii = 0; ii < CONFIG_T::n_in; ii++) {
 ^~~
 VITIS_LOOP_31_1: 
/data/dhoang/Btag_L1/quantization_pruning/qModel9/hls4ml_prj/btag_nn_prj/solution1/.autopilot/db/btag_nn.pp.0.cpp:54187:2: note: FIX-IT applied suggested code changes
/data/dhoang/Btag_L1/quantization_pruning/qModel9/hls4ml_prj/btag_nn_prj/solution1/.autopilot/db/btag_nn.pp.0.cpp:54199:5: warning: Added loop label VITIS_LOOP_43_1:   [xilinx-label-all-loops]
    for (int ii = 0; ii < CONFIG_T::n_in; ii++) {
    ^~~
    VITIS_LOOP_43_1: 
/data/dhoang/Btag_L1/quantization_pruning/qModel9/hls4ml_prj/btag_nn_prj/solution1/.autopilot/db/btag_nn.pp.0.cpp:54199:5: note: FIX-IT applied suggested code changes
/data/dhoang/Btag_L1/quantization_pruning/qModel9/hls4ml_prj/btag_nn_prj/solution1/.autopilot/db/btag_nn.pp.0.cpp:54213:5: warning: Added loop label VITIS_LOOP_57_1:   [xilinx-label-all-loops]
    for (int ii = 0; ii < CONFIG_T::n_in; ii++) {
    ^~~
    VITIS_LOOP_57_1: 
/data/dhoang/Btag_L1/quantization_pruning/qModel9/hls4ml_prj/btag_nn_prj/solution1/.autopilot/db/btag_nn.pp.0.cpp:54213:5: note: FIX-IT applied suggested code changes
/data/dhoang/Btag_L1/quantization_pruning/qModel9/hls4ml_prj/btag_nn_prj/solution1/.autopilot/db/btag_nn.pp.0.cpp:54240:5: warning: Added loop label VITIS_LOOP_84_1:   [xilinx-label-all-loops]
    for (int ii = 0; ii < N_TABLE; ii++) {
    ^~~
    VITIS_LOOP_84_1: 
/data/dhoang/Btag_L1/quantization_pruning/qModel9/hls4ml_prj/btag_nn_prj/solution1/.autopilot/db/btag_nn.pp.0.cpp:54240:5: note: FIX-IT applied suggested code changes
/data/dhoang/Btag_L1/quantization_pruning/qModel9/hls4ml_prj/btag_nn_prj/solution1/.autopilot/db/btag_nn.pp.0.cpp:54270:5: warning: Added loop label VITIS_LOOP_114_1:   [xilinx-label-all-loops]
    for (int ii = 0; ii < CONFIG_T::n_in; ii++) {
    ^~~
    VITIS_LOOP_114_1: 
/data/dhoang/Btag_L1/quantization_pruning/qModel9/hls4ml_prj/btag_nn_prj/solution1/.autopilot/db/btag_nn.pp.0.cpp:54270:5: note: FIX-IT applied suggested code changes
/data/dhoang/Btag_L1/quantization_pruning/qModel9/hls4ml_prj/btag_nn_prj/solution1/.autopilot/db/btag_nn.pp.0.cpp:54307:5: warning: Added loop label VITIS_LOOP_151_1:   [xilinx-label-all-loops]
    for (unsigned i = 0; i < CONFIG_T::table_size; i++) {
    ^~~
    VITIS_LOOP_151_1: 
/data/dhoang/Btag_L1/quantization_pruning/qModel9/hls4ml_prj/btag_nn_prj/solution1/.autopilot/db/btag_nn.pp.0.cpp:54307:5: note: FIX-IT applied suggested code changes
/data/dhoang/Btag_L1/quantization_pruning/qModel9/hls4ml_prj/btag_nn_prj/solution1/.autopilot/db/btag_nn.pp.0.cpp:54318:5: warning: Added loop label VITIS_LOOP_162_1:   [xilinx-label-all-loops]
    for (unsigned i = 0; i < CONFIG_T::table_size; i++) {
    ^~~
    VITIS_LOOP_162_1: 
/data/dhoang/Btag_L1/quantization_pruning/qModel9/hls4ml_prj/btag_nn_prj/solution1/.autopilot/db/btag_nn.pp.0.cpp:54318:5: note: FIX-IT applied suggested code changes
/data/dhoang/Btag_L1/quantization_pruning/qModel9/hls4ml_prj/btag_nn_prj/solution1/.autopilot/db/btag_nn.pp.0.cpp:54351:5: warning: Added loop label VITIS_LOOP_195_1:   [xilinx-label-all-loops]
    for (unsigned i = 0; i < CONFIG_T::n_in; i++) {
    ^~~
    VITIS_LOOP_195_1: 
/data/dhoang/Btag_L1/quantization_pruning/qModel9/hls4ml_prj/btag_nn_prj/solution1/.autopilot/db/btag_nn.pp.0.cpp:54351:5: note: FIX-IT applied suggested code changes
/data/dhoang/Btag_L1/quantization_pruning/qModel9/hls4ml_prj/btag_nn_prj/solution1/.autopilot/db/btag_nn.pp.0.cpp:54365:5: warning: Added loop label VITIS_LOOP_209_2:   [xilinx-label-all-loops]
    for (unsigned i = 0; i < CONFIG_T::n_in; i++) {
    ^~~
    VITIS_LOOP_209_2: 
/data/dhoang/Btag_L1/quantization_pruning/qModel9/hls4ml_prj/btag_nn_prj/solution1/.autopilot/db/btag_nn.pp.0.cpp:54365:5: note: FIX-IT applied suggested code changes
/data/dhoang/Btag_L1/quantization_pruning/qModel9/hls4ml_prj/btag_nn_prj/solution1/.autopilot/db/btag_nn.pp.0.cpp:54399:5: warning: Added loop label VITIS_LOOP_243_1:   [xilinx-label-all-loops]
    for (unsigned i = 0; i < CONFIG_T::n_in; i++) {
    ^~~
    VITIS_LOOP_243_1: 
/data/dhoang/Btag_L1/quantization_pruning/qModel9/hls4ml_prj/btag_nn_prj/solution1/.autopilot/db/btag_nn.pp.0.cpp:54399:5: note: FIX-IT applied suggested code changes
/data/dhoang/Btag_L1/quantization_pruning/qModel9/hls4ml_prj/btag_nn_prj/solution1/.autopilot/db/btag_nn.pp.0.cpp:54408:5: warning: Added loop label VITIS_LOOP_252_2:   [xilinx-label-all-loops]
    for (unsigned i = 0; i < CONFIG_T::n_in; i++) {
    ^~~
    VITIS_LOOP_252_2: 
/data/dhoang/Btag_L1/quantization_pruning/qModel9/hls4ml_prj/btag_nn_prj/solution1/.autopilot/db/btag_nn.pp.0.cpp:54408:5: note: FIX-IT applied suggested code changes
/data/dhoang/Btag_L1/quantization_pruning/qModel9/hls4ml_prj/btag_nn_prj/solution1/.autopilot/db/btag_nn.pp.0.cpp:54422:5: warning: Added loop label VITIS_LOOP_266_3:   [xilinx-label-all-loops]
    for (unsigned i = 0; i < CONFIG_T::n_in; i++) {
    ^~~
    VITIS_LOOP_266_3: 
/data/dhoang/Btag_L1/quantization_pruning/qModel9/hls4ml_prj/btag_nn_prj/solution1/.autopilot/db/btag_nn.pp.0.cpp:54422:5: note: FIX-IT applied suggested code changes
/data/dhoang/Btag_L1/quantization_pruning/qModel9/hls4ml_prj/btag_nn_prj/solution1/.autopilot/db/btag_nn.pp.0.cpp:54429:5: warning: Added loop label VITIS_LOOP_273_1:   [xilinx-label-all-loops]
    for (int ii = 0; ii < N_TABLE; ii++) {
    ^~~
    VITIS_LOOP_273_1: 
/data/dhoang/Btag_L1/quantization_pruning/qModel9/hls4ml_prj/btag_nn_prj/solution1/.autopilot/db/btag_nn.pp.0.cpp:54429:5: note: FIX-IT applied suggested code changes
/data/dhoang/Btag_L1/quantization_pruning/qModel9/hls4ml_prj/btag_nn_prj/solution1/.autopilot/db/btag_nn.pp.0.cpp:54442:5: warning: Added loop label VITIS_LOOP_286_1:   [xilinx-label-all-loops]
    for (int ii = 0; ii < N_TABLE; ii++) {
    ^~~
    VITIS_LOOP_286_1: 
/data/dhoang/Btag_L1/quantization_pruning/qModel9/hls4ml_prj/btag_nn_prj/solution1/.autopilot/db/btag_nn.pp.0.cpp:54442:5: note: FIX-IT applied suggested code changes
/data/dhoang/Btag_L1/quantization_pruning/qModel9/hls4ml_prj/btag_nn_prj/solution1/.autopilot/db/btag_nn.pp.0.cpp:54479:5: warning: Added loop label VITIS_LOOP_323_1:   [xilinx-label-all-loops]
    for (int ii = 0; ii < CONFIG_T::n_in; ii++) {
    ^~~
    VITIS_LOOP_323_1: 
/data/dhoang/Btag_L1/quantization_pruning/qModel9/hls4ml_prj/btag_nn_prj/solution1/.autopilot/db/btag_nn.pp.0.cpp:54479:5: note: FIX-IT applied suggested code changes
/data/dhoang/Btag_L1/quantization_pruning/qModel9/hls4ml_prj/btag_nn_prj/solution1/.autopilot/db/btag_nn.pp.0.cpp:54484:5: warning: Added loop label VITIS_LOOP_328_2:   [xilinx-label-all-loops]
    for (int ii = 0; ii < CONFIG_T::n_in; ii++) {
    ^~~
    VITIS_LOOP_328_2: 
/data/dhoang/Btag_L1/quantization_pruning/qModel9/hls4ml_prj/btag_nn_prj/solution1/.autopilot/db/btag_nn.pp.0.cpp:54484:5: note: FIX-IT applied suggested code changes
/data/dhoang/Btag_L1/quantization_pruning/qModel9/hls4ml_prj/btag_nn_prj/solution1/.autopilot/db/btag_nn.pp.0.cpp:54485:9: warning: Added loop label VITIS_LOOP_329_3:   [xilinx-label-all-loops]
        for (int jj = 0; jj < CONFIG_T::n_in; jj++) {
        ^~~
        VITIS_LOOP_329_3: 
/data/dhoang/Btag_L1/quantization_pruning/qModel9/hls4ml_prj/btag_nn_prj/solution1/.autopilot/db/btag_nn.pp.0.cpp:54485:9: note: FIX-IT applied suggested code changes
/data/dhoang/Btag_L1/quantization_pruning/qModel9/hls4ml_prj/btag_nn_prj/solution1/.autopilot/db/btag_nn.pp.0.cpp:54502:5: warning: Added loop label VITIS_LOOP_346_4:   [xilinx-label-all-loops]
    for (int ii = 0; ii < CONFIG_T::n_in; ii++) {
    ^~~
    VITIS_LOOP_346_4: 
/data/dhoang/Btag_L1/quantization_pruning/qModel9/hls4ml_prj/btag_nn_prj/solution1/.autopilot/db/btag_nn.pp.0.cpp:54502:5: note: FIX-IT applied suggested code changes
/data/dhoang/Btag_L1/quantization_pruning/qModel9/hls4ml_prj/btag_nn_prj/solution1/.autopilot/db/btag_nn.pp.0.cpp:54515:5: warning: Added loop label VITIS_LOOP_359_1:   [xilinx-label-all-loops]
    for (int i = 0; i < CONFIG_T::n_in; i++) {
    ^~~
    VITIS_LOOP_359_1: 
/data/dhoang/Btag_L1/quantization_pruning/qModel9/hls4ml_prj/btag_nn_prj/solution1/.autopilot/db/btag_nn.pp.0.cpp:54515:5: note: FIX-IT applied suggested code changes
/data/dhoang/Btag_L1/quantization_pruning/qModel9/hls4ml_prj/btag_nn_prj/solution1/.autopilot/db/btag_nn.pp.0.cpp:54523:5: warning: Added loop label VITIS_LOOP_367_2:   [xilinx-label-all-loops]
    for (int i = 1; i < CONFIG_T::n_in; i++) {
    ^~~
    VITIS_LOOP_367_2: 
/data/dhoang/Btag_L1/quantization_pruning/qModel9/hls4ml_prj/btag_nn_prj/solution1/.autopilot/db/btag_nn.pp.0.cpp:54523:5: note: FIX-IT applied suggested code changes
/data/dhoang/Btag_L1/quantization_pruning/qModel9/hls4ml_prj/btag_nn_prj/solution1/.autopilot/db/btag_nn.pp.0.cpp:54558:5: warning: Added loop label VITIS_LOOP_402_1:   [xilinx-label-all-loops]
    for (int ii = 0; ii < N_TABLE; ii++) {
    ^~~
    VITIS_LOOP_402_1: 
/data/dhoang/Btag_L1/quantization_pruning/qModel9/hls4ml_prj/btag_nn_prj/solution1/.autopilot/db/btag_nn.pp.0.cpp:54558:5: note: FIX-IT applied suggested code changes
/data/dhoang/Btag_L1/quantization_pruning/qModel9/hls4ml_prj/btag_nn_prj/solution1/.autopilot/db/btag_nn.pp.0.cpp:54588:5: warning: Added loop label VITIS_LOOP_432_1:   [xilinx-label-all-loops]
    for (int ii = 0; ii < CONFIG_T::n_in; ii++) {
    ^~~
    VITIS_LOOP_432_1: 
/data/dhoang/Btag_L1/quantization_pruning/qModel9/hls4ml_prj/btag_nn_prj/solution1/.autopilot/db/btag_nn.pp.0.cpp:54588:5: note: FIX-IT applied suggested code changes
/data/dhoang/Btag_L1/quantization_pruning/qModel9/hls4ml_prj/btag_nn_prj/solution1/.autopilot/db/btag_nn.pp.0.cpp:54607:2: warning: Added loop label VITIS_LOOP_451_1:   [xilinx-label-all-loops]
 for (int ii = 0; ii < CONFIG_T::n_in; ii++) {
 ^~~
 VITIS_LOOP_451_1: 
/data/dhoang/Btag_L1/quantization_pruning/qModel9/hls4ml_prj/btag_nn_prj/solution1/.autopilot/db/btag_nn.pp.0.cpp:54607:2: note: FIX-IT applied suggested code changes
/data/dhoang/Btag_L1/quantization_pruning/qModel9/hls4ml_prj/btag_nn_prj/solution1/.autopilot/db/btag_nn.pp.0.cpp:54623:5: warning: Added loop label VITIS_LOOP_467_1:   [xilinx-label-all-loops]
    for (int ii = 0; ii < CONFIG_T::n_in; ii++) {
    ^~~
    VITIS_LOOP_467_1: 
/data/dhoang/Btag_L1/quantization_pruning/qModel9/hls4ml_prj/btag_nn_prj/solution1/.autopilot/db/btag_nn.pp.0.cpp:54623:5: note: FIX-IT applied suggested code changes
/data/dhoang/Btag_L1/quantization_pruning/qModel9/hls4ml_prj/btag_nn_prj/solution1/.autopilot/db/btag_nn.pp.0.cpp:54641:5: warning: Added loop label VITIS_LOOP_485_1:   [xilinx-label-all-loops]
    for (int ii = 0; ii < CONFIG_T::n_in; ii++) {
    ^~~
    VITIS_LOOP_485_1: 
/data/dhoang/Btag_L1/quantization_pruning/qModel9/hls4ml_prj/btag_nn_prj/solution1/.autopilot/db/btag_nn.pp.0.cpp:54641:5: note: FIX-IT applied suggested code changes
/data/dhoang/Btag_L1/quantization_pruning/qModel9/hls4ml_prj/btag_nn_prj/solution1/.autopilot/db/btag_nn.pp.0.cpp:54658:5: warning: Added loop label VITIS_LOOP_502_1:   [xilinx-label-all-loops]
    for (int ii = 0; ii < CONFIG_T::n_in; ii++) {
    ^~~
    VITIS_LOOP_502_1: 
/data/dhoang/Btag_L1/quantization_pruning/qModel9/hls4ml_prj/btag_nn_prj/solution1/.autopilot/db/btag_nn.pp.0.cpp:54658:5: note: FIX-IT applied suggested code changes
/data/dhoang/Btag_L1/quantization_pruning/qModel9/hls4ml_prj/btag_nn_prj/solution1/.autopilot/db/btag_nn.pp.0.cpp:54675:5: warning: Added loop label VITIS_LOOP_519_1:   [xilinx-label-all-loops]
    for (int ii = 0; ii < N_TABLE; ii++) {
    ^~~
    VITIS_LOOP_519_1: 
/data/dhoang/Btag_L1/quantization_pruning/qModel9/hls4ml_prj/btag_nn_prj/solution1/.autopilot/db/btag_nn.pp.0.cpp:54675:5: note: FIX-IT applied suggested code changes
/data/dhoang/Btag_L1/quantization_pruning/qModel9/hls4ml_prj/btag_nn_prj/solution1/.autopilot/db/btag_nn.pp.0.cpp:54705:5: warning: Added loop label VITIS_LOOP_549_1:   [xilinx-label-all-loops]
    for (int ii = 0; ii < CONFIG_T::n_in; ii++) {
    ^~~
    VITIS_LOOP_549_1: 
/data/dhoang/Btag_L1/quantization_pruning/qModel9/hls4ml_prj/btag_nn_prj/solution1/.autopilot/db/btag_nn.pp.0.cpp:54705:5: note: FIX-IT applied suggested code changes
/data/dhoang/Btag_L1/quantization_pruning/qModel9/hls4ml_prj/btag_nn_prj/solution1/.autopilot/db/btag_nn.pp.0.cpp:54724:5: warning: Added loop label VITIS_LOOP_568_1:   [xilinx-label-all-loops]
    for (int ii = 0; ii < N_TABLE; ii++) {
    ^~~
    VITIS_LOOP_568_1: 
/data/dhoang/Btag_L1/quantization_pruning/qModel9/hls4ml_prj/btag_nn_prj/solution1/.autopilot/db/btag_nn.pp.0.cpp:54724:5: note: FIX-IT applied suggested code changes
/data/dhoang/Btag_L1/quantization_pruning/qModel9/hls4ml_prj/btag_nn_prj/solution1/.autopilot/db/btag_nn.pp.0.cpp:54754:5: warning: Added loop label VITIS_LOOP_598_1:   [xilinx-label-all-loops]
    for (int ii = 0; ii < CONFIG_T::n_in; ii++) {
    ^~~
    VITIS_LOOP_598_1: 
/data/dhoang/Btag_L1/quantization_pruning/qModel9/hls4ml_prj/btag_nn_prj/solution1/.autopilot/db/btag_nn.pp.0.cpp:54754:5: note: FIX-IT applied suggested code changes
/data/dhoang/Btag_L1/quantization_pruning/qModel9/hls4ml_prj/btag_nn_prj/solution1/.autopilot/db/btag_nn.pp.0.cpp:54773:5: warning: Added loop label VITIS_LOOP_617_1:   [xilinx-label-all-loops]
    for (int ii = 0; ii < N_TABLE; ii++) {
    ^~~
    VITIS_LOOP_617_1: 
/data/dhoang/Btag_L1/quantization_pruning/qModel9/hls4ml_prj/btag_nn_prj/solution1/.autopilot/db/btag_nn.pp.0.cpp:54773:5: note: FIX-IT applied suggested code changes
/data/dhoang/Btag_L1/quantization_pruning/qModel9/hls4ml_prj/btag_nn_prj/solution1/.autopilot/db/btag_nn.pp.0.cpp:54803:5: warning: Added loop label VITIS_LOOP_647_1:   [xilinx-label-all-loops]
    for (int ii = 0; ii < CONFIG_T::n_in; ii++) {
    ^~~
    VITIS_LOOP_647_1: 
/data/dhoang/Btag_L1/quantization_pruning/qModel9/hls4ml_prj/btag_nn_prj/solution1/.autopilot/db/btag_nn.pp.0.cpp:54803:5: note: FIX-IT applied suggested code changes
/data/dhoang/Btag_L1/quantization_pruning/qModel9/hls4ml_prj/btag_nn_prj/solution1/.autopilot/db/btag_nn.pp.0.cpp:54830:5: warning: Added loop label VITIS_LOOP_674_1:   [xilinx-label-all-loops]
    for (int ii = 0; ii < N_TABLE; ii++) {
    ^~~
    VITIS_LOOP_674_1: 
/data/dhoang/Btag_L1/quantization_pruning/qModel9/hls4ml_prj/btag_nn_prj/solution1/.autopilot/db/btag_nn.pp.0.cpp:54830:5: note: FIX-IT applied suggested code changes
/data/dhoang/Btag_L1/quantization_pruning/qModel9/hls4ml_prj/btag_nn_prj/solution1/.autopilot/db/btag_nn.pp.0.cpp:54859:5: warning: Added loop label VITIS_LOOP_703_1:   [xilinx-label-all-loops]
    for (int ii = 0; ii < CONFIG_T::n_in; ii++) {
    ^~~
    VITIS_LOOP_703_1: 
/data/dhoang/Btag_L1/quantization_pruning/qModel9/hls4ml_prj/btag_nn_prj/solution1/.autopilot/db/btag_nn.pp.0.cpp:54859:5: note: FIX-IT applied suggested code changes
/data/dhoang/Btag_L1/quantization_pruning/qModel9/hls4ml_prj/btag_nn_prj/solution1/.autopilot/db/btag_nn.pp.0.cpp:54880:5: warning: Added loop label VITIS_LOOP_724_1:   [xilinx-label-all-loops]
    for (int ii = 0; ii < CONFIG_T::n_in; ii++) {
    ^~~
    VITIS_LOOP_724_1: 
/data/dhoang/Btag_L1/quantization_pruning/qModel9/hls4ml_prj/btag_nn_prj/solution1/.autopilot/db/btag_nn.pp.0.cpp:54880:5: note: FIX-IT applied suggested code changes
/data/dhoang/Btag_L1/quantization_pruning/qModel9/hls4ml_prj/btag_nn_prj/solution1/.autopilot/db/btag_nn.pp.0.cpp:54898:5: warning: Added loop label VITIS_LOOP_742_1:   [xilinx-label-all-loops]
    for (int ii = 0; ii < CONFIG_T::n_in; ii++) {
    ^~~
    VITIS_LOOP_742_1: 
/data/dhoang/Btag_L1/quantization_pruning/qModel9/hls4ml_prj/btag_nn_prj/solution1/.autopilot/db/btag_nn.pp.0.cpp:54898:5: note: FIX-IT applied suggested code changes
/data/dhoang/Btag_L1/quantization_pruning/qModel9/hls4ml_prj/btag_nn_prj/solution1/.autopilot/db/btag_nn.pp.0.cpp:54918:5: warning: Added loop label VITIS_LOOP_762_1:   [xilinx-label-all-loops]
    for (int ii = 0; ii < CONFIG_T::n_in; ii++) {
    ^~~
    VITIS_LOOP_762_1: 
/data/dhoang/Btag_L1/quantization_pruning/qModel9/hls4ml_prj/btag_nn_prj/solution1/.autopilot/db/btag_nn.pp.0.cpp:54918:5: note: FIX-IT applied suggested code changes
/data/dhoang/Btag_L1/quantization_pruning/qModel9/hls4ml_prj/btag_nn_prj/solution1/.autopilot/db/btag_nn.pp.0.cpp:55014:9: warning: Added loop label VITIS_LOOP_73_1:   [xilinx-label-all-loops]
        for (int i = 0; i < N / data_T::size; i++) {
        ^~~
        VITIS_LOOP_73_1: 
/data/dhoang/Btag_L1/quantization_pruning/qModel9/hls4ml_prj/btag_nn_prj/solution1/.autopilot/db/btag_nn.pp.0.cpp:55014:9: note: FIX-IT applied suggested code changes
/data/dhoang/Btag_L1/quantization_pruning/qModel9/hls4ml_prj/btag_nn_prj/solution1/.autopilot/db/btag_nn.pp.0.cpp:55021:13: warning: Added loop label VITIS_LOOP_80_2:   [xilinx-label-all-loops]
            for (int j = 0; j < data_T::size; j++) {
            ^~~
            VITIS_LOOP_80_2: 
/data/dhoang/Btag_L1/quantization_pruning/qModel9/hls4ml_prj/btag_nn_prj/solution1/.autopilot/db/btag_nn.pp.0.cpp:55021:13: note: FIX-IT applied suggested code changes
/data/dhoang/Btag_L1/quantization_pruning/qModel9/hls4ml_prj/btag_nn_prj/solution1/.autopilot/db/btag_nn.pp.0.cpp:55030:9: warning: Added loop label VITIS_LOOP_89_3:   [xilinx-label-all-loops]
        for (int i = 0; i < N / data_T::size; i++) {
        ^~~
        VITIS_LOOP_89_3: 
/data/dhoang/Btag_L1/quantization_pruning/qModel9/hls4ml_prj/btag_nn_prj/solution1/.autopilot/db/btag_nn.pp.0.cpp:55030:9: note: FIX-IT applied suggested code changes
/data/dhoang/Btag_L1/quantization_pruning/qModel9/hls4ml_prj/btag_nn_prj/solution1/.autopilot/db/btag_nn.pp.0.cpp:55039:13: warning: Added loop label VITIS_LOOP_98_4:   [xilinx-label-all-loops]
            for (int j = 0; j < pack_diff; j++) {
            ^~~
            VITIS_LOOP_98_4: 
/data/dhoang/Btag_L1/quantization_pruning/qModel9/hls4ml_prj/btag_nn_prj/solution1/.autopilot/db/btag_nn.pp.0.cpp:55039:13: note: FIX-IT applied suggested code changes
/data/dhoang/Btag_L1/quantization_pruning/qModel9/hls4ml_prj/btag_nn_prj/solution1/.autopilot/db/btag_nn.pp.0.cpp:55043:17: warning: Added loop label VITIS_LOOP_102_5:   [xilinx-label-all-loops]
                for (int k = 0; k < res_T::size; k++) {
                ^~~
                VITIS_LOOP_102_5: 
/data/dhoang/Btag_L1/quantization_pruning/qModel9/hls4ml_prj/btag_nn_prj/solution1/.autopilot/db/btag_nn.pp.0.cpp:55043:17: note: FIX-IT applied suggested code changes
/data/dhoang/Btag_L1/quantization_pruning/qModel9/hls4ml_prj/btag_nn_prj/solution1/.autopilot/db/btag_nn.pp.0.cpp:55054:9: warning: Added loop label VITIS_LOOP_113_6:   [xilinx-label-all-loops]
        for (int i = 0; i < N / data_T::size; i++) {
        ^~~
        VITIS_LOOP_113_6: 
/data/dhoang/Btag_L1/quantization_pruning/qModel9/hls4ml_prj/btag_nn_prj/solution1/.autopilot/db/btag_nn.pp.0.cpp:55054:9: note: FIX-IT applied suggested code changes
/data/dhoang/Btag_L1/quantization_pruning/qModel9/hls4ml_prj/btag_nn_prj/solution1/.autopilot/db/btag_nn.pp.0.cpp:55058:13: warning: Added loop label VITIS_LOOP_117_7:   [xilinx-label-all-loops]
            for (int j = 0; j < data_T::size; j++) {
            ^~~
            VITIS_LOOP_117_7: 
/data/dhoang/Btag_L1/quantization_pruning/qModel9/hls4ml_prj/btag_nn_prj/solution1/.autopilot/db/btag_nn.pp.0.cpp:55058:13: note: FIX-IT applied suggested code changes
/data/dhoang/Btag_L1/quantization_pruning/qModel9/hls4ml_prj/btag_nn_prj/solution1/.autopilot/db/btag_nn.pp.0.cpp:55082:9: warning: Added loop label VITIS_LOOP_141_1:   [xilinx-label-all-loops]
        for (int j = 0; j < n_dupl; j++) {
        ^~~
        VITIS_LOOP_141_1: 
/data/dhoang/Btag_L1/quantization_pruning/qModel9/hls4ml_prj/btag_nn_prj/solution1/.autopilot/db/btag_nn.pp.0.cpp:55082:9: note: FIX-IT applied suggested code changes
/data/dhoang/Btag_L1/quantization_pruning/qModel9/hls4ml_prj/btag_nn_prj/solution1/.autopilot/db/btag_nn.pp.0.cpp:55086:13: warning: Added loop label VITIS_LOOP_145_2:   [xilinx-label-all-loops]
            for (int k = 0; k < res_T::size; k++) {
            ^~~
            VITIS_LOOP_145_2: 
/data/dhoang/Btag_L1/quantization_pruning/qModel9/hls4ml_prj/btag_nn_prj/solution1/.autopilot/db/btag_nn.pp.0.cpp:55086:13: note: FIX-IT applied suggested code changes
/data/dhoang/Btag_L1/quantization_pruning/qModel9/hls4ml_prj/btag_nn_prj/solution1/.autopilot/db/btag_nn.pp.0.cpp:55105:9: warning: Added loop label VITIS_LOOP_164_1:   [xilinx-label-all-loops]
        for (int k = 0; k < res_T::size; k++) {
        ^~~
        VITIS_LOOP_164_1: 
/data/dhoang/Btag_L1/quantization_pruning/qModel9/hls4ml_prj/btag_nn_prj/solution1/.autopilot/db/btag_nn.pp.0.cpp:55105:9: note: FIX-IT applied suggested code changes
/data/dhoang/Btag_L1/quantization_pruning/qModel9/hls4ml_prj/btag_nn_prj/solution1/.autopilot/db/btag_nn.pp.0.cpp:55128:2: warning: Added loop label VITIS_LOOP_187_1:   [xilinx-label-all-loops]
 for (int i = 0; i < CONFIG_T::height * CONFIG_T::width / data_T::size; i++) {
 ^~~
 VITIS_LOOP_187_1: 
/data/dhoang/Btag_L1/quantization_pruning/qModel9/hls4ml_prj/btag_nn_prj/solution1/.autopilot/db/btag_nn.pp.0.cpp:55128:2: note: FIX-IT applied suggested code changes
/data/dhoang/Btag_L1/quantization_pruning/qModel9/hls4ml_prj/btag_nn_prj/solution1/.autopilot/db/btag_nn.pp.0.cpp:55131:9: warning: Added loop label VITIS_LOOP_190_2:   [xilinx-label-all-loops]
        for (int j = 0; j < data_T::size; j++) {
        ^~~
        VITIS_LOOP_190_2: 
/data/dhoang/Btag_L1/quantization_pruning/qModel9/hls4ml_prj/btag_nn_prj/solution1/.autopilot/db/btag_nn.pp.0.cpp:55131:9: note: FIX-IT applied suggested code changes
/data/dhoang/Btag_L1/quantization_pruning/qModel9/hls4ml_prj/btag_nn_prj/solution1/.autopilot/db/btag_nn.pp.0.cpp:55136:5: warning: Added loop label VITIS_LOOP_195_3:   [xilinx-label-all-loops]
    for (int i = 0; i < CONFIG_T::height * CONFIG_T::width / res_T::size; i++) {
    ^~~
    VITIS_LOOP_195_3: 
/data/dhoang/Btag_L1/quantization_pruning/qModel9/hls4ml_prj/btag_nn_prj/solution1/.autopilot/db/btag_nn.pp.0.cpp:55136:5: note: FIX-IT applied suggested code changes
/data/dhoang/Btag_L1/quantization_pruning/qModel9/hls4ml_prj/btag_nn_prj/solution1/.autopilot/db/btag_nn.pp.0.cpp:55140:9: warning: Added loop label VITIS_LOOP_199_4:   [xilinx-label-all-loops]
        for (int j = 0; j < res_T::size; j++) {
        ^~~
        VITIS_LOOP_199_4: 
/data/dhoang/Btag_L1/quantization_pruning/qModel9/hls4ml_prj/btag_nn_prj/solution1/.autopilot/db/btag_nn.pp.0.cpp:55140:9: note: FIX-IT applied suggested code changes
/data/dhoang/Btag_L1/quantization_pruning/qModel9/hls4ml_prj/btag_nn_prj/solution1/.autopilot/db/btag_nn.pp.0.cpp:55354:9: warning: Added loop label VITIS_LOOP_213_1:   [xilinx-label-all-loops]
        for (unsigned j = 0; j < data_T::size; j++) {
        ^~~
        VITIS_LOOP_213_1: 
/data/dhoang/Btag_L1/quantization_pruning/qModel9/hls4ml_prj/btag_nn_prj/solution1/.autopilot/db/btag_nn.pp.0.cpp:55354:9: note: FIX-IT applied suggested code changes
/data/dhoang/Btag_L1/quantization_pruning/qModel9/hls4ml_prj/btag_nn_prj/solution1/.autopilot/db/btag_nn.pp.0.cpp:55363:9: warning: Added loop label VITIS_LOOP_222_2:   [xilinx-label-all-loops]
        for (unsigned j = 0; j < data_T::size; j++) {
        ^~~
        VITIS_LOOP_222_2: 
/data/dhoang/Btag_L1/quantization_pruning/qModel9/hls4ml_prj/btag_nn_prj/solution1/.autopilot/db/btag_nn.pp.0.cpp:55363:9: note: FIX-IT applied suggested code changes
/data/dhoang/Btag_L1/quantization_pruning/qModel9/hls4ml_prj/btag_nn_prj/solution1/.autopilot/db/btag_nn.pp.0.cpp:55469:5: warning: Added loop label VITIS_LOOP_328_1:   [xilinx-label-all-loops]
    for (int i = 0; i < CONFIG_T::n_in / res_T::size; i++) {
    ^~~
    VITIS_LOOP_328_1: 
/data/dhoang/Btag_L1/quantization_pruning/qModel9/hls4ml_prj/btag_nn_prj/solution1/.autopilot/db/btag_nn.pp.0.cpp:55469:5: note: FIX-IT applied suggested code changes
/data/dhoang/Btag_L1/quantization_pruning/qModel9/hls4ml_prj/btag_nn_prj/solution1/.autopilot/db/btag_nn.pp.0.cpp:55474:9: warning: Added loop label VITIS_LOOP_333_2:   [xilinx-label-all-loops]
        for (int i = 0; i < res_T::size; i++) {
        ^~~
        VITIS_LOOP_333_2: 
/data/dhoang/Btag_L1/quantization_pruning/qModel9/hls4ml_prj/btag_nn_prj/solution1/.autopilot/db/btag_nn.pp.0.cpp:55474:9: note: FIX-IT applied suggested code changes
/data/dhoang/Btag_L1/quantization_pruning/qModel9/hls4ml_prj/btag_nn_prj/solution1/.autopilot/db/btag_nn.pp.0.cpp:55482:9: warning: Added loop label VITIS_LOOP_341_3:   [xilinx-label-all-loops]
        for (int i = 1; i < res_T::size; i++) {
        ^~~
        VITIS_LOOP_341_3: 
/data/dhoang/Btag_L1/quantization_pruning/qModel9/hls4ml_prj/btag_nn_prj/solution1/.autopilot/db/btag_nn.pp.0.cpp:55482:9: note: FIX-IT applied suggested code changes
/data/dhoang/Btag_L1/quantization_pruning/qModel9/hls4ml_prj/btag_nn_prj/solution1/.autopilot/db/btag_nn.pp.0.cpp:56819:9: warning: Added loop label VITIS_LOOP_62_1:   [xilinx-label-all-loops]
        for (unsigned i = 0; i < __SHIFT_DEPTH__; ++i)
        ^~~
        VITIS_LOOP_62_1: 
/data/dhoang/Btag_L1/quantization_pruning/qModel9/hls4ml_prj/btag_nn_prj/solution1/.autopilot/db/btag_nn.pp.0.cpp:56819:9: note: FIX-IT applied suggested code changes
/data/dhoang/Btag_L1/quantization_pruning/qModel9/hls4ml_prj/btag_nn_prj/solution1/.autopilot/db/btag_nn.pp.0.cpp:56826:9: warning: Added loop label VITIS_LOOP_69_1:   [xilinx-label-all-loops]
        for (unsigned i = 0; i < __SHIFT_DEPTH__; ++i)
        ^~~
        VITIS_LOOP_69_1: 
/data/dhoang/Btag_L1/quantization_pruning/qModel9/hls4ml_prj/btag_nn_prj/solution1/.autopilot/db/btag_nn.pp.0.cpp:56826:9: note: FIX-IT applied suggested code changes
/data/dhoang/Btag_L1/quantization_pruning/qModel9/hls4ml_prj/btag_nn_prj/solution1/.autopilot/db/btag_nn.pp.0.cpp:57298:5: warning: Added loop label VITIS_LOOP_14_1:   [xilinx-label-all-loops]
    for (unsigned k = 0; k < CONFIG_T::n_out; k++) {
    ^~~
    VITIS_LOOP_14_1: 
/data/dhoang/Btag_L1/quantization_pruning/qModel9/hls4ml_prj/btag_nn_prj/solution1/.autopilot/db/btag_nn.pp.0.cpp:57298:5: note: FIX-IT applied suggested code changes
/data/dhoang/Btag_L1/quantization_pruning/qModel9/hls4ml_prj/btag_nn_prj/solution1/.autopilot/db/btag_nn.pp.0.cpp:57358:9: warning: Added loop label VITIS_LOOP_74_1:   [xilinx-label-all-loops]
        for (int im = 0; im < CONFIG_T::n_out; im++) {
        ^~~
        VITIS_LOOP_74_1: 
/data/dhoang/Btag_L1/quantization_pruning/qModel9/hls4ml_prj/btag_nn_prj/solution1/.autopilot/db/btag_nn.pp.0.cpp:57358:9: note: FIX-IT applied suggested code changes
