

================================================================
== Vitis HLS Report for 'fill_buffer'
================================================================
* Date:           Thu Aug 17 12:46:13 2023

* Version:        2022.2 (Build 3670227 on Oct 13 2022)
* Project:        btag_nn_prj
* Solution:       solution1 (Vivado IP Flow Target)
* Product family: virtexuplus
* Target device:  xcvu9p-flga2104-2L-e


================================================================
== Performance Estimates
================================================================
+ Timing: 
    * Summary: 
    +--------+---------+----------+------------+
    |  Clock |  Target | Estimated| Uncertainty|
    +--------+---------+----------+------------+
    |ap_clk  |  2.80 ns|      0 ns|     0.35 ns|
    +--------+---------+----------+------------+

+ Latency: 
    * Summary: 
    +---------+---------+----------+----------+-----+-----+---------+
    |  Latency (cycles) |  Latency (absolute) |  Interval | Pipeline|
    |   min   |   max   |    min   |    max   | min | max |   Type  |
    +---------+---------+----------+----------+-----+-----+---------+
    |        0|        0|      0 ns|      0 ns|    1|    1|      yes|
    +---------+---------+----------+----------+-----+-----+---------+

    + Detail: 
        * Instance: 
        N/A

        * Loop: 
        N/A

============================================================
+ Verbose Summary: Synthesis Manager
============================================================
InlineROM: 1
ExposeGlobal: 0
============================================================
+ Verbose Summary: CDFG Model
============================================================
IsTopModel: 0
ResetActiveHigh: 1
IsCombinational: 0
IsDatapathOnly: 0
HasWiredReturn: 1
HasMFsm: 2
HasVarLatency: 0
IsPipeline: 1
IsRtlPipelined: 0
IsInstanceOverlapped: 0
IsDontTouch: 0
HasImplIP: 0
IsGatedGlobalClock: 0

+ Individual pipeline summary: 
  * Pipeline-0: initiation interval (II) = 1, depth = 1


============================================================
+ Verbose Summary: Schedule
============================================================
* Number of FSM states : 1
* Pipeline : 1
  Pipeline-0 : II = 1, D = 1, States = { 1 }
* Dataflow Pipeline: 0

* FSM state transitions: 
1 --> 

* FSM state operations: 

State 1 <SV = 0> <Delay = 0.00>
ST_1 : Operation 2 [1/1] (0.00ns)   --->   "%p_read_695 = read i1350 @_ssdm_op_Read.ap_auto.i1350, i1350 %p_read" [firmware/nnet_utils/nnet_code_gen.h:38]   --->   Operation 2 'read' 'p_read_695' <Predicate = true> <Delay = 0.00>
ST_1 : Operation 3 [1/1] (0.00ns)   --->   "%trunc_ln38 = trunc i1350 %p_read_695" [firmware/nnet_utils/nnet_code_gen.h:38]   --->   Operation 3 'trunc' 'trunc_ln38' <Predicate = true> <Delay = 0.00>
ST_1 : Operation 4 [1/1] (0.00ns)   --->   "%buffer_0_s = partselect i9 @_ssdm_op_PartSelect.i9.i1350.i32.i32, i1350 %p_read_695, i32 9, i32 17" [firmware/nnet_utils/nnet_code_gen.h:38]   --->   Operation 4 'partselect' 'buffer_0_s' <Predicate = true> <Delay = 0.00>
ST_1 : Operation 5 [1/1] (0.00ns)   --->   "%buffer_0_1 = partselect i9 @_ssdm_op_PartSelect.i9.i1350.i32.i32, i1350 %p_read_695, i32 18, i32 26" [firmware/nnet_utils/nnet_code_gen.h:38]   --->   Operation 5 'partselect' 'buffer_0_1' <Predicate = true> <Delay = 0.00>
ST_1 : Operation 6 [1/1] (0.00ns)   --->   "%buffer_0_2 = partselect i9 @_ssdm_op_PartSelect.i9.i1350.i32.i32, i1350 %p_read_695, i32 27, i32 35" [firmware/nnet_utils/nnet_code_gen.h:38]   --->   Operation 6 'partselect' 'buffer_0_2' <Predicate = true> <Delay = 0.00>
ST_1 : Operation 7 [1/1] (0.00ns)   --->   "%buffer_0_3 = partselect i9 @_ssdm_op_PartSelect.i9.i1350.i32.i32, i1350 %p_read_695, i32 36, i32 44" [firmware/nnet_utils/nnet_code_gen.h:38]   --->   Operation 7 'partselect' 'buffer_0_3' <Predicate = true> <Delay = 0.00>
ST_1 : Operation 8 [1/1] (0.00ns)   --->   "%buffer_0_4 = partselect i9 @_ssdm_op_PartSelect.i9.i1350.i32.i32, i1350 %p_read_695, i32 45, i32 53" [firmware/nnet_utils/nnet_code_gen.h:38]   --->   Operation 8 'partselect' 'buffer_0_4' <Predicate = true> <Delay = 0.00>
ST_1 : Operation 9 [1/1] (0.00ns)   --->   "%buffer_0_5 = partselect i9 @_ssdm_op_PartSelect.i9.i1350.i32.i32, i1350 %p_read_695, i32 54, i32 62" [firmware/nnet_utils/nnet_code_gen.h:38]   --->   Operation 9 'partselect' 'buffer_0_5' <Predicate = true> <Delay = 0.00>
ST_1 : Operation 10 [1/1] (0.00ns)   --->   "%buffer_0_6 = partselect i9 @_ssdm_op_PartSelect.i9.i1350.i32.i32, i1350 %p_read_695, i32 63, i32 71" [firmware/nnet_utils/nnet_code_gen.h:38]   --->   Operation 10 'partselect' 'buffer_0_6' <Predicate = true> <Delay = 0.00>
ST_1 : Operation 11 [1/1] (0.00ns)   --->   "%buffer_0_7 = partselect i9 @_ssdm_op_PartSelect.i9.i1350.i32.i32, i1350 %p_read_695, i32 72, i32 80" [firmware/nnet_utils/nnet_code_gen.h:38]   --->   Operation 11 'partselect' 'buffer_0_7' <Predicate = true> <Delay = 0.00>
ST_1 : Operation 12 [1/1] (0.00ns)   --->   "%buffer_0_8 = partselect i9 @_ssdm_op_PartSelect.i9.i1350.i32.i32, i1350 %p_read_695, i32 81, i32 89" [firmware/nnet_utils/nnet_code_gen.h:38]   --->   Operation 12 'partselect' 'buffer_0_8' <Predicate = true> <Delay = 0.00>
ST_1 : Operation 13 [1/1] (0.00ns)   --->   "%buffer_0_9 = partselect i9 @_ssdm_op_PartSelect.i9.i1350.i32.i32, i1350 %p_read_695, i32 90, i32 98" [firmware/nnet_utils/nnet_code_gen.h:38]   --->   Operation 13 'partselect' 'buffer_0_9' <Predicate = true> <Delay = 0.00>
ST_1 : Operation 14 [1/1] (0.00ns)   --->   "%buffer_0_10 = partselect i9 @_ssdm_op_PartSelect.i9.i1350.i32.i32, i1350 %p_read_695, i32 99, i32 107" [firmware/nnet_utils/nnet_code_gen.h:38]   --->   Operation 14 'partselect' 'buffer_0_10' <Predicate = true> <Delay = 0.00>
ST_1 : Operation 15 [1/1] (0.00ns)   --->   "%buffer_0_11 = partselect i9 @_ssdm_op_PartSelect.i9.i1350.i32.i32, i1350 %p_read_695, i32 108, i32 116" [firmware/nnet_utils/nnet_code_gen.h:38]   --->   Operation 15 'partselect' 'buffer_0_11' <Predicate = true> <Delay = 0.00>
ST_1 : Operation 16 [1/1] (0.00ns)   --->   "%buffer_0_12 = partselect i9 @_ssdm_op_PartSelect.i9.i1350.i32.i32, i1350 %p_read_695, i32 117, i32 125" [firmware/nnet_utils/nnet_code_gen.h:38]   --->   Operation 16 'partselect' 'buffer_0_12' <Predicate = true> <Delay = 0.00>
ST_1 : Operation 17 [1/1] (0.00ns)   --->   "%buffer_0_13 = partselect i9 @_ssdm_op_PartSelect.i9.i1350.i32.i32, i1350 %p_read_695, i32 126, i32 134" [firmware/nnet_utils/nnet_code_gen.h:38]   --->   Operation 17 'partselect' 'buffer_0_13' <Predicate = true> <Delay = 0.00>
ST_1 : Operation 18 [1/1] (0.00ns)   --->   "%buffer_1_s = partselect i9 @_ssdm_op_PartSelect.i9.i1350.i32.i32, i1350 %p_read_695, i32 135, i32 143" [firmware/nnet_utils/nnet_code_gen.h:39]   --->   Operation 18 'partselect' 'buffer_1_s' <Predicate = true> <Delay = 0.00>
ST_1 : Operation 19 [1/1] (0.00ns)   --->   "%buffer_1_1 = partselect i9 @_ssdm_op_PartSelect.i9.i1350.i32.i32, i1350 %p_read_695, i32 144, i32 152" [firmware/nnet_utils/nnet_code_gen.h:39]   --->   Operation 19 'partselect' 'buffer_1_1' <Predicate = true> <Delay = 0.00>
ST_1 : Operation 20 [1/1] (0.00ns)   --->   "%buffer_1_2 = partselect i9 @_ssdm_op_PartSelect.i9.i1350.i32.i32, i1350 %p_read_695, i32 153, i32 161" [firmware/nnet_utils/nnet_code_gen.h:39]   --->   Operation 20 'partselect' 'buffer_1_2' <Predicate = true> <Delay = 0.00>
ST_1 : Operation 21 [1/1] (0.00ns)   --->   "%buffer_1_3 = partselect i9 @_ssdm_op_PartSelect.i9.i1350.i32.i32, i1350 %p_read_695, i32 162, i32 170" [firmware/nnet_utils/nnet_code_gen.h:39]   --->   Operation 21 'partselect' 'buffer_1_3' <Predicate = true> <Delay = 0.00>
ST_1 : Operation 22 [1/1] (0.00ns)   --->   "%buffer_1_4 = partselect i9 @_ssdm_op_PartSelect.i9.i1350.i32.i32, i1350 %p_read_695, i32 171, i32 179" [firmware/nnet_utils/nnet_code_gen.h:39]   --->   Operation 22 'partselect' 'buffer_1_4' <Predicate = true> <Delay = 0.00>
ST_1 : Operation 23 [1/1] (0.00ns)   --->   "%buffer_1_5 = partselect i9 @_ssdm_op_PartSelect.i9.i1350.i32.i32, i1350 %p_read_695, i32 180, i32 188" [firmware/nnet_utils/nnet_code_gen.h:39]   --->   Operation 23 'partselect' 'buffer_1_5' <Predicate = true> <Delay = 0.00>
ST_1 : Operation 24 [1/1] (0.00ns)   --->   "%buffer_1_6 = partselect i9 @_ssdm_op_PartSelect.i9.i1350.i32.i32, i1350 %p_read_695, i32 189, i32 197" [firmware/nnet_utils/nnet_code_gen.h:39]   --->   Operation 24 'partselect' 'buffer_1_6' <Predicate = true> <Delay = 0.00>
ST_1 : Operation 25 [1/1] (0.00ns)   --->   "%buffer_1_7 = partselect i9 @_ssdm_op_PartSelect.i9.i1350.i32.i32, i1350 %p_read_695, i32 198, i32 206" [firmware/nnet_utils/nnet_code_gen.h:39]   --->   Operation 25 'partselect' 'buffer_1_7' <Predicate = true> <Delay = 0.00>
ST_1 : Operation 26 [1/1] (0.00ns)   --->   "%buffer_1_8 = partselect i9 @_ssdm_op_PartSelect.i9.i1350.i32.i32, i1350 %p_read_695, i32 207, i32 215" [firmware/nnet_utils/nnet_code_gen.h:39]   --->   Operation 26 'partselect' 'buffer_1_8' <Predicate = true> <Delay = 0.00>
ST_1 : Operation 27 [1/1] (0.00ns)   --->   "%buffer_1_9 = partselect i9 @_ssdm_op_PartSelect.i9.i1350.i32.i32, i1350 %p_read_695, i32 216, i32 224" [firmware/nnet_utils/nnet_code_gen.h:39]   --->   Operation 27 'partselect' 'buffer_1_9' <Predicate = true> <Delay = 0.00>
ST_1 : Operation 28 [1/1] (0.00ns)   --->   "%buffer_1_10 = partselect i9 @_ssdm_op_PartSelect.i9.i1350.i32.i32, i1350 %p_read_695, i32 225, i32 233" [firmware/nnet_utils/nnet_code_gen.h:39]   --->   Operation 28 'partselect' 'buffer_1_10' <Predicate = true> <Delay = 0.00>
ST_1 : Operation 29 [1/1] (0.00ns)   --->   "%buffer_1_11 = partselect i9 @_ssdm_op_PartSelect.i9.i1350.i32.i32, i1350 %p_read_695, i32 234, i32 242" [firmware/nnet_utils/nnet_code_gen.h:39]   --->   Operation 29 'partselect' 'buffer_1_11' <Predicate = true> <Delay = 0.00>
ST_1 : Operation 30 [1/1] (0.00ns)   --->   "%buffer_1_12 = partselect i9 @_ssdm_op_PartSelect.i9.i1350.i32.i32, i1350 %p_read_695, i32 243, i32 251" [firmware/nnet_utils/nnet_code_gen.h:39]   --->   Operation 30 'partselect' 'buffer_1_12' <Predicate = true> <Delay = 0.00>
ST_1 : Operation 31 [1/1] (0.00ns)   --->   "%buffer_1_13 = partselect i9 @_ssdm_op_PartSelect.i9.i1350.i32.i32, i1350 %p_read_695, i32 252, i32 260" [firmware/nnet_utils/nnet_code_gen.h:39]   --->   Operation 31 'partselect' 'buffer_1_13' <Predicate = true> <Delay = 0.00>
ST_1 : Operation 32 [1/1] (0.00ns)   --->   "%buffer_1_14 = partselect i9 @_ssdm_op_PartSelect.i9.i1350.i32.i32, i1350 %p_read_695, i32 261, i32 269" [firmware/nnet_utils/nnet_code_gen.h:39]   --->   Operation 32 'partselect' 'buffer_1_14' <Predicate = true> <Delay = 0.00>
ST_1 : Operation 33 [1/1] (0.00ns)   --->   "%buffer_2_s = partselect i9 @_ssdm_op_PartSelect.i9.i1350.i32.i32, i1350 %p_read_695, i32 270, i32 278" [firmware/nnet_utils/nnet_code_gen.h:40]   --->   Operation 33 'partselect' 'buffer_2_s' <Predicate = true> <Delay = 0.00>
ST_1 : Operation 34 [1/1] (0.00ns)   --->   "%buffer_2_1 = partselect i9 @_ssdm_op_PartSelect.i9.i1350.i32.i32, i1350 %p_read_695, i32 279, i32 287" [firmware/nnet_utils/nnet_code_gen.h:40]   --->   Operation 34 'partselect' 'buffer_2_1' <Predicate = true> <Delay = 0.00>
ST_1 : Operation 35 [1/1] (0.00ns)   --->   "%buffer_2_2 = partselect i9 @_ssdm_op_PartSelect.i9.i1350.i32.i32, i1350 %p_read_695, i32 288, i32 296" [firmware/nnet_utils/nnet_code_gen.h:40]   --->   Operation 35 'partselect' 'buffer_2_2' <Predicate = true> <Delay = 0.00>
ST_1 : Operation 36 [1/1] (0.00ns)   --->   "%buffer_2_3 = partselect i9 @_ssdm_op_PartSelect.i9.i1350.i32.i32, i1350 %p_read_695, i32 297, i32 305" [firmware/nnet_utils/nnet_code_gen.h:40]   --->   Operation 36 'partselect' 'buffer_2_3' <Predicate = true> <Delay = 0.00>
ST_1 : Operation 37 [1/1] (0.00ns)   --->   "%buffer_2_4 = partselect i9 @_ssdm_op_PartSelect.i9.i1350.i32.i32, i1350 %p_read_695, i32 306, i32 314" [firmware/nnet_utils/nnet_code_gen.h:40]   --->   Operation 37 'partselect' 'buffer_2_4' <Predicate = true> <Delay = 0.00>
ST_1 : Operation 38 [1/1] (0.00ns)   --->   "%buffer_2_5 = partselect i9 @_ssdm_op_PartSelect.i9.i1350.i32.i32, i1350 %p_read_695, i32 315, i32 323" [firmware/nnet_utils/nnet_code_gen.h:40]   --->   Operation 38 'partselect' 'buffer_2_5' <Predicate = true> <Delay = 0.00>
ST_1 : Operation 39 [1/1] (0.00ns)   --->   "%buffer_2_6 = partselect i9 @_ssdm_op_PartSelect.i9.i1350.i32.i32, i1350 %p_read_695, i32 324, i32 332" [firmware/nnet_utils/nnet_code_gen.h:40]   --->   Operation 39 'partselect' 'buffer_2_6' <Predicate = true> <Delay = 0.00>
ST_1 : Operation 40 [1/1] (0.00ns)   --->   "%buffer_2_7 = partselect i9 @_ssdm_op_PartSelect.i9.i1350.i32.i32, i1350 %p_read_695, i32 333, i32 341" [firmware/nnet_utils/nnet_code_gen.h:40]   --->   Operation 40 'partselect' 'buffer_2_7' <Predicate = true> <Delay = 0.00>
ST_1 : Operation 41 [1/1] (0.00ns)   --->   "%buffer_2_8 = partselect i9 @_ssdm_op_PartSelect.i9.i1350.i32.i32, i1350 %p_read_695, i32 342, i32 350" [firmware/nnet_utils/nnet_code_gen.h:40]   --->   Operation 41 'partselect' 'buffer_2_8' <Predicate = true> <Delay = 0.00>
ST_1 : Operation 42 [1/1] (0.00ns)   --->   "%buffer_2_9 = partselect i9 @_ssdm_op_PartSelect.i9.i1350.i32.i32, i1350 %p_read_695, i32 351, i32 359" [firmware/nnet_utils/nnet_code_gen.h:40]   --->   Operation 42 'partselect' 'buffer_2_9' <Predicate = true> <Delay = 0.00>
ST_1 : Operation 43 [1/1] (0.00ns)   --->   "%buffer_2_10 = partselect i9 @_ssdm_op_PartSelect.i9.i1350.i32.i32, i1350 %p_read_695, i32 360, i32 368" [firmware/nnet_utils/nnet_code_gen.h:40]   --->   Operation 43 'partselect' 'buffer_2_10' <Predicate = true> <Delay = 0.00>
ST_1 : Operation 44 [1/1] (0.00ns)   --->   "%buffer_2_11 = partselect i9 @_ssdm_op_PartSelect.i9.i1350.i32.i32, i1350 %p_read_695, i32 369, i32 377" [firmware/nnet_utils/nnet_code_gen.h:40]   --->   Operation 44 'partselect' 'buffer_2_11' <Predicate = true> <Delay = 0.00>
ST_1 : Operation 45 [1/1] (0.00ns)   --->   "%buffer_2_12 = partselect i9 @_ssdm_op_PartSelect.i9.i1350.i32.i32, i1350 %p_read_695, i32 378, i32 386" [firmware/nnet_utils/nnet_code_gen.h:40]   --->   Operation 45 'partselect' 'buffer_2_12' <Predicate = true> <Delay = 0.00>
ST_1 : Operation 46 [1/1] (0.00ns)   --->   "%buffer_2_13 = partselect i9 @_ssdm_op_PartSelect.i9.i1350.i32.i32, i1350 %p_read_695, i32 387, i32 395" [firmware/nnet_utils/nnet_code_gen.h:40]   --->   Operation 46 'partselect' 'buffer_2_13' <Predicate = true> <Delay = 0.00>
ST_1 : Operation 47 [1/1] (0.00ns)   --->   "%buffer_2_14 = partselect i9 @_ssdm_op_PartSelect.i9.i1350.i32.i32, i1350 %p_read_695, i32 396, i32 404" [firmware/nnet_utils/nnet_code_gen.h:40]   --->   Operation 47 'partselect' 'buffer_2_14' <Predicate = true> <Delay = 0.00>
ST_1 : Operation 48 [1/1] (0.00ns)   --->   "%buffer_3_s = partselect i9 @_ssdm_op_PartSelect.i9.i1350.i32.i32, i1350 %p_read_695, i32 405, i32 413" [firmware/nnet_utils/nnet_code_gen.h:41]   --->   Operation 48 'partselect' 'buffer_3_s' <Predicate = true> <Delay = 0.00>
ST_1 : Operation 49 [1/1] (0.00ns)   --->   "%buffer_3_1 = partselect i9 @_ssdm_op_PartSelect.i9.i1350.i32.i32, i1350 %p_read_695, i32 414, i32 422" [firmware/nnet_utils/nnet_code_gen.h:41]   --->   Operation 49 'partselect' 'buffer_3_1' <Predicate = true> <Delay = 0.00>
ST_1 : Operation 50 [1/1] (0.00ns)   --->   "%buffer_3_2 = partselect i9 @_ssdm_op_PartSelect.i9.i1350.i32.i32, i1350 %p_read_695, i32 423, i32 431" [firmware/nnet_utils/nnet_code_gen.h:41]   --->   Operation 50 'partselect' 'buffer_3_2' <Predicate = true> <Delay = 0.00>
ST_1 : Operation 51 [1/1] (0.00ns)   --->   "%buffer_3_3 = partselect i9 @_ssdm_op_PartSelect.i9.i1350.i32.i32, i1350 %p_read_695, i32 432, i32 440" [firmware/nnet_utils/nnet_code_gen.h:41]   --->   Operation 51 'partselect' 'buffer_3_3' <Predicate = true> <Delay = 0.00>
ST_1 : Operation 52 [1/1] (0.00ns)   --->   "%buffer_3_4 = partselect i9 @_ssdm_op_PartSelect.i9.i1350.i32.i32, i1350 %p_read_695, i32 441, i32 449" [firmware/nnet_utils/nnet_code_gen.h:41]   --->   Operation 52 'partselect' 'buffer_3_4' <Predicate = true> <Delay = 0.00>
ST_1 : Operation 53 [1/1] (0.00ns)   --->   "%buffer_3_5 = partselect i9 @_ssdm_op_PartSelect.i9.i1350.i32.i32, i1350 %p_read_695, i32 450, i32 458" [firmware/nnet_utils/nnet_code_gen.h:41]   --->   Operation 53 'partselect' 'buffer_3_5' <Predicate = true> <Delay = 0.00>
ST_1 : Operation 54 [1/1] (0.00ns)   --->   "%buffer_3_6 = partselect i9 @_ssdm_op_PartSelect.i9.i1350.i32.i32, i1350 %p_read_695, i32 459, i32 467" [firmware/nnet_utils/nnet_code_gen.h:41]   --->   Operation 54 'partselect' 'buffer_3_6' <Predicate = true> <Delay = 0.00>
ST_1 : Operation 55 [1/1] (0.00ns)   --->   "%buffer_3_7 = partselect i9 @_ssdm_op_PartSelect.i9.i1350.i32.i32, i1350 %p_read_695, i32 468, i32 476" [firmware/nnet_utils/nnet_code_gen.h:41]   --->   Operation 55 'partselect' 'buffer_3_7' <Predicate = true> <Delay = 0.00>
ST_1 : Operation 56 [1/1] (0.00ns)   --->   "%buffer_3_8 = partselect i9 @_ssdm_op_PartSelect.i9.i1350.i32.i32, i1350 %p_read_695, i32 477, i32 485" [firmware/nnet_utils/nnet_code_gen.h:41]   --->   Operation 56 'partselect' 'buffer_3_8' <Predicate = true> <Delay = 0.00>
ST_1 : Operation 57 [1/1] (0.00ns)   --->   "%buffer_3_9 = partselect i9 @_ssdm_op_PartSelect.i9.i1350.i32.i32, i1350 %p_read_695, i32 486, i32 494" [firmware/nnet_utils/nnet_code_gen.h:41]   --->   Operation 57 'partselect' 'buffer_3_9' <Predicate = true> <Delay = 0.00>
ST_1 : Operation 58 [1/1] (0.00ns)   --->   "%buffer_3_10 = partselect i9 @_ssdm_op_PartSelect.i9.i1350.i32.i32, i1350 %p_read_695, i32 495, i32 503" [firmware/nnet_utils/nnet_code_gen.h:41]   --->   Operation 58 'partselect' 'buffer_3_10' <Predicate = true> <Delay = 0.00>
ST_1 : Operation 59 [1/1] (0.00ns)   --->   "%buffer_3_11 = partselect i9 @_ssdm_op_PartSelect.i9.i1350.i32.i32, i1350 %p_read_695, i32 504, i32 512" [firmware/nnet_utils/nnet_code_gen.h:41]   --->   Operation 59 'partselect' 'buffer_3_11' <Predicate = true> <Delay = 0.00>
ST_1 : Operation 60 [1/1] (0.00ns)   --->   "%buffer_3_12 = partselect i9 @_ssdm_op_PartSelect.i9.i1350.i32.i32, i1350 %p_read_695, i32 513, i32 521" [firmware/nnet_utils/nnet_code_gen.h:41]   --->   Operation 60 'partselect' 'buffer_3_12' <Predicate = true> <Delay = 0.00>
ST_1 : Operation 61 [1/1] (0.00ns)   --->   "%buffer_3_13 = partselect i9 @_ssdm_op_PartSelect.i9.i1350.i32.i32, i1350 %p_read_695, i32 522, i32 530" [firmware/nnet_utils/nnet_code_gen.h:41]   --->   Operation 61 'partselect' 'buffer_3_13' <Predicate = true> <Delay = 0.00>
ST_1 : Operation 62 [1/1] (0.00ns)   --->   "%buffer_3_14 = partselect i9 @_ssdm_op_PartSelect.i9.i1350.i32.i32, i1350 %p_read_695, i32 531, i32 539" [firmware/nnet_utils/nnet_code_gen.h:41]   --->   Operation 62 'partselect' 'buffer_3_14' <Predicate = true> <Delay = 0.00>
ST_1 : Operation 63 [1/1] (0.00ns)   --->   "%buffer_4_s = partselect i9 @_ssdm_op_PartSelect.i9.i1350.i32.i32, i1350 %p_read_695, i32 540, i32 548" [firmware/nnet_utils/nnet_code_gen.h:42]   --->   Operation 63 'partselect' 'buffer_4_s' <Predicate = true> <Delay = 0.00>
ST_1 : Operation 64 [1/1] (0.00ns)   --->   "%buffer_4_1 = partselect i9 @_ssdm_op_PartSelect.i9.i1350.i32.i32, i1350 %p_read_695, i32 549, i32 557" [firmware/nnet_utils/nnet_code_gen.h:42]   --->   Operation 64 'partselect' 'buffer_4_1' <Predicate = true> <Delay = 0.00>
ST_1 : Operation 65 [1/1] (0.00ns)   --->   "%buffer_4_2 = partselect i9 @_ssdm_op_PartSelect.i9.i1350.i32.i32, i1350 %p_read_695, i32 558, i32 566" [firmware/nnet_utils/nnet_code_gen.h:42]   --->   Operation 65 'partselect' 'buffer_4_2' <Predicate = true> <Delay = 0.00>
ST_1 : Operation 66 [1/1] (0.00ns)   --->   "%buffer_4_3 = partselect i9 @_ssdm_op_PartSelect.i9.i1350.i32.i32, i1350 %p_read_695, i32 567, i32 575" [firmware/nnet_utils/nnet_code_gen.h:42]   --->   Operation 66 'partselect' 'buffer_4_3' <Predicate = true> <Delay = 0.00>
ST_1 : Operation 67 [1/1] (0.00ns)   --->   "%buffer_4_4 = partselect i9 @_ssdm_op_PartSelect.i9.i1350.i32.i32, i1350 %p_read_695, i32 576, i32 584" [firmware/nnet_utils/nnet_code_gen.h:42]   --->   Operation 67 'partselect' 'buffer_4_4' <Predicate = true> <Delay = 0.00>
ST_1 : Operation 68 [1/1] (0.00ns)   --->   "%buffer_4_5 = partselect i9 @_ssdm_op_PartSelect.i9.i1350.i32.i32, i1350 %p_read_695, i32 585, i32 593" [firmware/nnet_utils/nnet_code_gen.h:42]   --->   Operation 68 'partselect' 'buffer_4_5' <Predicate = true> <Delay = 0.00>
ST_1 : Operation 69 [1/1] (0.00ns)   --->   "%buffer_4_6 = partselect i9 @_ssdm_op_PartSelect.i9.i1350.i32.i32, i1350 %p_read_695, i32 594, i32 602" [firmware/nnet_utils/nnet_code_gen.h:42]   --->   Operation 69 'partselect' 'buffer_4_6' <Predicate = true> <Delay = 0.00>
ST_1 : Operation 70 [1/1] (0.00ns)   --->   "%buffer_4_7 = partselect i9 @_ssdm_op_PartSelect.i9.i1350.i32.i32, i1350 %p_read_695, i32 603, i32 611" [firmware/nnet_utils/nnet_code_gen.h:42]   --->   Operation 70 'partselect' 'buffer_4_7' <Predicate = true> <Delay = 0.00>
ST_1 : Operation 71 [1/1] (0.00ns)   --->   "%buffer_4_8 = partselect i9 @_ssdm_op_PartSelect.i9.i1350.i32.i32, i1350 %p_read_695, i32 612, i32 620" [firmware/nnet_utils/nnet_code_gen.h:42]   --->   Operation 71 'partselect' 'buffer_4_8' <Predicate = true> <Delay = 0.00>
ST_1 : Operation 72 [1/1] (0.00ns)   --->   "%buffer_4_9 = partselect i9 @_ssdm_op_PartSelect.i9.i1350.i32.i32, i1350 %p_read_695, i32 621, i32 629" [firmware/nnet_utils/nnet_code_gen.h:42]   --->   Operation 72 'partselect' 'buffer_4_9' <Predicate = true> <Delay = 0.00>
ST_1 : Operation 73 [1/1] (0.00ns)   --->   "%buffer_4_10 = partselect i9 @_ssdm_op_PartSelect.i9.i1350.i32.i32, i1350 %p_read_695, i32 630, i32 638" [firmware/nnet_utils/nnet_code_gen.h:42]   --->   Operation 73 'partselect' 'buffer_4_10' <Predicate = true> <Delay = 0.00>
ST_1 : Operation 74 [1/1] (0.00ns)   --->   "%buffer_4_11 = partselect i9 @_ssdm_op_PartSelect.i9.i1350.i32.i32, i1350 %p_read_695, i32 639, i32 647" [firmware/nnet_utils/nnet_code_gen.h:42]   --->   Operation 74 'partselect' 'buffer_4_11' <Predicate = true> <Delay = 0.00>
ST_1 : Operation 75 [1/1] (0.00ns)   --->   "%buffer_4_12 = partselect i9 @_ssdm_op_PartSelect.i9.i1350.i32.i32, i1350 %p_read_695, i32 648, i32 656" [firmware/nnet_utils/nnet_code_gen.h:42]   --->   Operation 75 'partselect' 'buffer_4_12' <Predicate = true> <Delay = 0.00>
ST_1 : Operation 76 [1/1] (0.00ns)   --->   "%buffer_4_13 = partselect i9 @_ssdm_op_PartSelect.i9.i1350.i32.i32, i1350 %p_read_695, i32 657, i32 665" [firmware/nnet_utils/nnet_code_gen.h:42]   --->   Operation 76 'partselect' 'buffer_4_13' <Predicate = true> <Delay = 0.00>
ST_1 : Operation 77 [1/1] (0.00ns)   --->   "%buffer_4_14 = partselect i9 @_ssdm_op_PartSelect.i9.i1350.i32.i32, i1350 %p_read_695, i32 666, i32 674" [firmware/nnet_utils/nnet_code_gen.h:42]   --->   Operation 77 'partselect' 'buffer_4_14' <Predicate = true> <Delay = 0.00>
ST_1 : Operation 78 [1/1] (0.00ns)   --->   "%buffer_5_s = partselect i9 @_ssdm_op_PartSelect.i9.i1350.i32.i32, i1350 %p_read_695, i32 675, i32 683" [firmware/nnet_utils/nnet_code_gen.h:43]   --->   Operation 78 'partselect' 'buffer_5_s' <Predicate = true> <Delay = 0.00>
ST_1 : Operation 79 [1/1] (0.00ns)   --->   "%buffer_5_1 = partselect i9 @_ssdm_op_PartSelect.i9.i1350.i32.i32, i1350 %p_read_695, i32 684, i32 692" [firmware/nnet_utils/nnet_code_gen.h:43]   --->   Operation 79 'partselect' 'buffer_5_1' <Predicate = true> <Delay = 0.00>
ST_1 : Operation 80 [1/1] (0.00ns)   --->   "%buffer_5_2 = partselect i9 @_ssdm_op_PartSelect.i9.i1350.i32.i32, i1350 %p_read_695, i32 693, i32 701" [firmware/nnet_utils/nnet_code_gen.h:43]   --->   Operation 80 'partselect' 'buffer_5_2' <Predicate = true> <Delay = 0.00>
ST_1 : Operation 81 [1/1] (0.00ns)   --->   "%buffer_5_3 = partselect i9 @_ssdm_op_PartSelect.i9.i1350.i32.i32, i1350 %p_read_695, i32 702, i32 710" [firmware/nnet_utils/nnet_code_gen.h:43]   --->   Operation 81 'partselect' 'buffer_5_3' <Predicate = true> <Delay = 0.00>
ST_1 : Operation 82 [1/1] (0.00ns)   --->   "%buffer_5_4 = partselect i9 @_ssdm_op_PartSelect.i9.i1350.i32.i32, i1350 %p_read_695, i32 711, i32 719" [firmware/nnet_utils/nnet_code_gen.h:43]   --->   Operation 82 'partselect' 'buffer_5_4' <Predicate = true> <Delay = 0.00>
ST_1 : Operation 83 [1/1] (0.00ns)   --->   "%buffer_5_5 = partselect i9 @_ssdm_op_PartSelect.i9.i1350.i32.i32, i1350 %p_read_695, i32 720, i32 728" [firmware/nnet_utils/nnet_code_gen.h:43]   --->   Operation 83 'partselect' 'buffer_5_5' <Predicate = true> <Delay = 0.00>
ST_1 : Operation 84 [1/1] (0.00ns)   --->   "%buffer_5_6 = partselect i9 @_ssdm_op_PartSelect.i9.i1350.i32.i32, i1350 %p_read_695, i32 729, i32 737" [firmware/nnet_utils/nnet_code_gen.h:43]   --->   Operation 84 'partselect' 'buffer_5_6' <Predicate = true> <Delay = 0.00>
ST_1 : Operation 85 [1/1] (0.00ns)   --->   "%buffer_5_7 = partselect i9 @_ssdm_op_PartSelect.i9.i1350.i32.i32, i1350 %p_read_695, i32 738, i32 746" [firmware/nnet_utils/nnet_code_gen.h:43]   --->   Operation 85 'partselect' 'buffer_5_7' <Predicate = true> <Delay = 0.00>
ST_1 : Operation 86 [1/1] (0.00ns)   --->   "%buffer_5_8 = partselect i9 @_ssdm_op_PartSelect.i9.i1350.i32.i32, i1350 %p_read_695, i32 747, i32 755" [firmware/nnet_utils/nnet_code_gen.h:43]   --->   Operation 86 'partselect' 'buffer_5_8' <Predicate = true> <Delay = 0.00>
ST_1 : Operation 87 [1/1] (0.00ns)   --->   "%buffer_5_9 = partselect i9 @_ssdm_op_PartSelect.i9.i1350.i32.i32, i1350 %p_read_695, i32 756, i32 764" [firmware/nnet_utils/nnet_code_gen.h:43]   --->   Operation 87 'partselect' 'buffer_5_9' <Predicate = true> <Delay = 0.00>
ST_1 : Operation 88 [1/1] (0.00ns)   --->   "%buffer_5_10 = partselect i9 @_ssdm_op_PartSelect.i9.i1350.i32.i32, i1350 %p_read_695, i32 765, i32 773" [firmware/nnet_utils/nnet_code_gen.h:43]   --->   Operation 88 'partselect' 'buffer_5_10' <Predicate = true> <Delay = 0.00>
ST_1 : Operation 89 [1/1] (0.00ns)   --->   "%buffer_5_11 = partselect i9 @_ssdm_op_PartSelect.i9.i1350.i32.i32, i1350 %p_read_695, i32 774, i32 782" [firmware/nnet_utils/nnet_code_gen.h:43]   --->   Operation 89 'partselect' 'buffer_5_11' <Predicate = true> <Delay = 0.00>
ST_1 : Operation 90 [1/1] (0.00ns)   --->   "%buffer_5_12 = partselect i9 @_ssdm_op_PartSelect.i9.i1350.i32.i32, i1350 %p_read_695, i32 783, i32 791" [firmware/nnet_utils/nnet_code_gen.h:43]   --->   Operation 90 'partselect' 'buffer_5_12' <Predicate = true> <Delay = 0.00>
ST_1 : Operation 91 [1/1] (0.00ns)   --->   "%buffer_5_13 = partselect i9 @_ssdm_op_PartSelect.i9.i1350.i32.i32, i1350 %p_read_695, i32 792, i32 800" [firmware/nnet_utils/nnet_code_gen.h:43]   --->   Operation 91 'partselect' 'buffer_5_13' <Predicate = true> <Delay = 0.00>
ST_1 : Operation 92 [1/1] (0.00ns)   --->   "%buffer_5_14 = partselect i9 @_ssdm_op_PartSelect.i9.i1350.i32.i32, i1350 %p_read_695, i32 801, i32 809" [firmware/nnet_utils/nnet_code_gen.h:43]   --->   Operation 92 'partselect' 'buffer_5_14' <Predicate = true> <Delay = 0.00>
ST_1 : Operation 93 [1/1] (0.00ns)   --->   "%buffer_6_s = partselect i9 @_ssdm_op_PartSelect.i9.i1350.i32.i32, i1350 %p_read_695, i32 810, i32 818" [firmware/nnet_utils/nnet_code_gen.h:44]   --->   Operation 93 'partselect' 'buffer_6_s' <Predicate = true> <Delay = 0.00>
ST_1 : Operation 94 [1/1] (0.00ns)   --->   "%buffer_6_1 = partselect i9 @_ssdm_op_PartSelect.i9.i1350.i32.i32, i1350 %p_read_695, i32 819, i32 827" [firmware/nnet_utils/nnet_code_gen.h:44]   --->   Operation 94 'partselect' 'buffer_6_1' <Predicate = true> <Delay = 0.00>
ST_1 : Operation 95 [1/1] (0.00ns)   --->   "%buffer_6_2 = partselect i9 @_ssdm_op_PartSelect.i9.i1350.i32.i32, i1350 %p_read_695, i32 828, i32 836" [firmware/nnet_utils/nnet_code_gen.h:44]   --->   Operation 95 'partselect' 'buffer_6_2' <Predicate = true> <Delay = 0.00>
ST_1 : Operation 96 [1/1] (0.00ns)   --->   "%buffer_6_3 = partselect i9 @_ssdm_op_PartSelect.i9.i1350.i32.i32, i1350 %p_read_695, i32 837, i32 845" [firmware/nnet_utils/nnet_code_gen.h:44]   --->   Operation 96 'partselect' 'buffer_6_3' <Predicate = true> <Delay = 0.00>
ST_1 : Operation 97 [1/1] (0.00ns)   --->   "%buffer_6_4 = partselect i9 @_ssdm_op_PartSelect.i9.i1350.i32.i32, i1350 %p_read_695, i32 846, i32 854" [firmware/nnet_utils/nnet_code_gen.h:44]   --->   Operation 97 'partselect' 'buffer_6_4' <Predicate = true> <Delay = 0.00>
ST_1 : Operation 98 [1/1] (0.00ns)   --->   "%buffer_6_5 = partselect i9 @_ssdm_op_PartSelect.i9.i1350.i32.i32, i1350 %p_read_695, i32 855, i32 863" [firmware/nnet_utils/nnet_code_gen.h:44]   --->   Operation 98 'partselect' 'buffer_6_5' <Predicate = true> <Delay = 0.00>
ST_1 : Operation 99 [1/1] (0.00ns)   --->   "%buffer_6_6 = partselect i9 @_ssdm_op_PartSelect.i9.i1350.i32.i32, i1350 %p_read_695, i32 864, i32 872" [firmware/nnet_utils/nnet_code_gen.h:44]   --->   Operation 99 'partselect' 'buffer_6_6' <Predicate = true> <Delay = 0.00>
ST_1 : Operation 100 [1/1] (0.00ns)   --->   "%buffer_6_7 = partselect i9 @_ssdm_op_PartSelect.i9.i1350.i32.i32, i1350 %p_read_695, i32 873, i32 881" [firmware/nnet_utils/nnet_code_gen.h:44]   --->   Operation 100 'partselect' 'buffer_6_7' <Predicate = true> <Delay = 0.00>
ST_1 : Operation 101 [1/1] (0.00ns)   --->   "%buffer_6_8 = partselect i9 @_ssdm_op_PartSelect.i9.i1350.i32.i32, i1350 %p_read_695, i32 882, i32 890" [firmware/nnet_utils/nnet_code_gen.h:44]   --->   Operation 101 'partselect' 'buffer_6_8' <Predicate = true> <Delay = 0.00>
ST_1 : Operation 102 [1/1] (0.00ns)   --->   "%buffer_6_9 = partselect i9 @_ssdm_op_PartSelect.i9.i1350.i32.i32, i1350 %p_read_695, i32 891, i32 899" [firmware/nnet_utils/nnet_code_gen.h:44]   --->   Operation 102 'partselect' 'buffer_6_9' <Predicate = true> <Delay = 0.00>
ST_1 : Operation 103 [1/1] (0.00ns)   --->   "%buffer_6_10 = partselect i9 @_ssdm_op_PartSelect.i9.i1350.i32.i32, i1350 %p_read_695, i32 900, i32 908" [firmware/nnet_utils/nnet_code_gen.h:44]   --->   Operation 103 'partselect' 'buffer_6_10' <Predicate = true> <Delay = 0.00>
ST_1 : Operation 104 [1/1] (0.00ns)   --->   "%buffer_6_11 = partselect i9 @_ssdm_op_PartSelect.i9.i1350.i32.i32, i1350 %p_read_695, i32 909, i32 917" [firmware/nnet_utils/nnet_code_gen.h:44]   --->   Operation 104 'partselect' 'buffer_6_11' <Predicate = true> <Delay = 0.00>
ST_1 : Operation 105 [1/1] (0.00ns)   --->   "%buffer_6_12 = partselect i9 @_ssdm_op_PartSelect.i9.i1350.i32.i32, i1350 %p_read_695, i32 918, i32 926" [firmware/nnet_utils/nnet_code_gen.h:44]   --->   Operation 105 'partselect' 'buffer_6_12' <Predicate = true> <Delay = 0.00>
ST_1 : Operation 106 [1/1] (0.00ns)   --->   "%buffer_6_13 = partselect i9 @_ssdm_op_PartSelect.i9.i1350.i32.i32, i1350 %p_read_695, i32 927, i32 935" [firmware/nnet_utils/nnet_code_gen.h:44]   --->   Operation 106 'partselect' 'buffer_6_13' <Predicate = true> <Delay = 0.00>
ST_1 : Operation 107 [1/1] (0.00ns)   --->   "%buffer_6_14 = partselect i9 @_ssdm_op_PartSelect.i9.i1350.i32.i32, i1350 %p_read_695, i32 936, i32 944" [firmware/nnet_utils/nnet_code_gen.h:44]   --->   Operation 107 'partselect' 'buffer_6_14' <Predicate = true> <Delay = 0.00>
ST_1 : Operation 108 [1/1] (0.00ns)   --->   "%buffer_7_s = partselect i9 @_ssdm_op_PartSelect.i9.i1350.i32.i32, i1350 %p_read_695, i32 945, i32 953" [firmware/nnet_utils/nnet_code_gen.h:45]   --->   Operation 108 'partselect' 'buffer_7_s' <Predicate = true> <Delay = 0.00>
ST_1 : Operation 109 [1/1] (0.00ns)   --->   "%buffer_7_1 = partselect i9 @_ssdm_op_PartSelect.i9.i1350.i32.i32, i1350 %p_read_695, i32 954, i32 962" [firmware/nnet_utils/nnet_code_gen.h:45]   --->   Operation 109 'partselect' 'buffer_7_1' <Predicate = true> <Delay = 0.00>
ST_1 : Operation 110 [1/1] (0.00ns)   --->   "%buffer_7_2 = partselect i9 @_ssdm_op_PartSelect.i9.i1350.i32.i32, i1350 %p_read_695, i32 963, i32 971" [firmware/nnet_utils/nnet_code_gen.h:45]   --->   Operation 110 'partselect' 'buffer_7_2' <Predicate = true> <Delay = 0.00>
ST_1 : Operation 111 [1/1] (0.00ns)   --->   "%buffer_7_3 = partselect i9 @_ssdm_op_PartSelect.i9.i1350.i32.i32, i1350 %p_read_695, i32 972, i32 980" [firmware/nnet_utils/nnet_code_gen.h:45]   --->   Operation 111 'partselect' 'buffer_7_3' <Predicate = true> <Delay = 0.00>
ST_1 : Operation 112 [1/1] (0.00ns)   --->   "%buffer_7_4 = partselect i9 @_ssdm_op_PartSelect.i9.i1350.i32.i32, i1350 %p_read_695, i32 981, i32 989" [firmware/nnet_utils/nnet_code_gen.h:45]   --->   Operation 112 'partselect' 'buffer_7_4' <Predicate = true> <Delay = 0.00>
ST_1 : Operation 113 [1/1] (0.00ns)   --->   "%buffer_7_5 = partselect i9 @_ssdm_op_PartSelect.i9.i1350.i32.i32, i1350 %p_read_695, i32 990, i32 998" [firmware/nnet_utils/nnet_code_gen.h:45]   --->   Operation 113 'partselect' 'buffer_7_5' <Predicate = true> <Delay = 0.00>
ST_1 : Operation 114 [1/1] (0.00ns)   --->   "%buffer_7_6 = partselect i9 @_ssdm_op_PartSelect.i9.i1350.i32.i32, i1350 %p_read_695, i32 999, i32 1007" [firmware/nnet_utils/nnet_code_gen.h:45]   --->   Operation 114 'partselect' 'buffer_7_6' <Predicate = true> <Delay = 0.00>
ST_1 : Operation 115 [1/1] (0.00ns)   --->   "%buffer_7_7 = partselect i9 @_ssdm_op_PartSelect.i9.i1350.i32.i32, i1350 %p_read_695, i32 1008, i32 1016" [firmware/nnet_utils/nnet_code_gen.h:45]   --->   Operation 115 'partselect' 'buffer_7_7' <Predicate = true> <Delay = 0.00>
ST_1 : Operation 116 [1/1] (0.00ns)   --->   "%buffer_7_8 = partselect i9 @_ssdm_op_PartSelect.i9.i1350.i32.i32, i1350 %p_read_695, i32 1017, i32 1025" [firmware/nnet_utils/nnet_code_gen.h:45]   --->   Operation 116 'partselect' 'buffer_7_8' <Predicate = true> <Delay = 0.00>
ST_1 : Operation 117 [1/1] (0.00ns)   --->   "%buffer_7_9 = partselect i9 @_ssdm_op_PartSelect.i9.i1350.i32.i32, i1350 %p_read_695, i32 1026, i32 1034" [firmware/nnet_utils/nnet_code_gen.h:45]   --->   Operation 117 'partselect' 'buffer_7_9' <Predicate = true> <Delay = 0.00>
ST_1 : Operation 118 [1/1] (0.00ns)   --->   "%buffer_7_10 = partselect i9 @_ssdm_op_PartSelect.i9.i1350.i32.i32, i1350 %p_read_695, i32 1035, i32 1043" [firmware/nnet_utils/nnet_code_gen.h:45]   --->   Operation 118 'partselect' 'buffer_7_10' <Predicate = true> <Delay = 0.00>
ST_1 : Operation 119 [1/1] (0.00ns)   --->   "%buffer_7_11 = partselect i9 @_ssdm_op_PartSelect.i9.i1350.i32.i32, i1350 %p_read_695, i32 1044, i32 1052" [firmware/nnet_utils/nnet_code_gen.h:45]   --->   Operation 119 'partselect' 'buffer_7_11' <Predicate = true> <Delay = 0.00>
ST_1 : Operation 120 [1/1] (0.00ns)   --->   "%buffer_7_12 = partselect i9 @_ssdm_op_PartSelect.i9.i1350.i32.i32, i1350 %p_read_695, i32 1053, i32 1061" [firmware/nnet_utils/nnet_code_gen.h:45]   --->   Operation 120 'partselect' 'buffer_7_12' <Predicate = true> <Delay = 0.00>
ST_1 : Operation 121 [1/1] (0.00ns)   --->   "%buffer_7_13 = partselect i9 @_ssdm_op_PartSelect.i9.i1350.i32.i32, i1350 %p_read_695, i32 1062, i32 1070" [firmware/nnet_utils/nnet_code_gen.h:45]   --->   Operation 121 'partselect' 'buffer_7_13' <Predicate = true> <Delay = 0.00>
ST_1 : Operation 122 [1/1] (0.00ns)   --->   "%buffer_7_14 = partselect i9 @_ssdm_op_PartSelect.i9.i1350.i32.i32, i1350 %p_read_695, i32 1071, i32 1079" [firmware/nnet_utils/nnet_code_gen.h:45]   --->   Operation 122 'partselect' 'buffer_7_14' <Predicate = true> <Delay = 0.00>
ST_1 : Operation 123 [1/1] (0.00ns)   --->   "%buffer_8_s = partselect i9 @_ssdm_op_PartSelect.i9.i1350.i32.i32, i1350 %p_read_695, i32 1080, i32 1088" [firmware/nnet_utils/nnet_code_gen.h:46]   --->   Operation 123 'partselect' 'buffer_8_s' <Predicate = true> <Delay = 0.00>
ST_1 : Operation 124 [1/1] (0.00ns)   --->   "%buffer_8_1 = partselect i9 @_ssdm_op_PartSelect.i9.i1350.i32.i32, i1350 %p_read_695, i32 1089, i32 1097" [firmware/nnet_utils/nnet_code_gen.h:46]   --->   Operation 124 'partselect' 'buffer_8_1' <Predicate = true> <Delay = 0.00>
ST_1 : Operation 125 [1/1] (0.00ns)   --->   "%buffer_8_2 = partselect i9 @_ssdm_op_PartSelect.i9.i1350.i32.i32, i1350 %p_read_695, i32 1098, i32 1106" [firmware/nnet_utils/nnet_code_gen.h:46]   --->   Operation 125 'partselect' 'buffer_8_2' <Predicate = true> <Delay = 0.00>
ST_1 : Operation 126 [1/1] (0.00ns)   --->   "%buffer_8_3 = partselect i9 @_ssdm_op_PartSelect.i9.i1350.i32.i32, i1350 %p_read_695, i32 1107, i32 1115" [firmware/nnet_utils/nnet_code_gen.h:46]   --->   Operation 126 'partselect' 'buffer_8_3' <Predicate = true> <Delay = 0.00>
ST_1 : Operation 127 [1/1] (0.00ns)   --->   "%buffer_8_4 = partselect i9 @_ssdm_op_PartSelect.i9.i1350.i32.i32, i1350 %p_read_695, i32 1116, i32 1124" [firmware/nnet_utils/nnet_code_gen.h:46]   --->   Operation 127 'partselect' 'buffer_8_4' <Predicate = true> <Delay = 0.00>
ST_1 : Operation 128 [1/1] (0.00ns)   --->   "%buffer_8_5 = partselect i9 @_ssdm_op_PartSelect.i9.i1350.i32.i32, i1350 %p_read_695, i32 1125, i32 1133" [firmware/nnet_utils/nnet_code_gen.h:46]   --->   Operation 128 'partselect' 'buffer_8_5' <Predicate = true> <Delay = 0.00>
ST_1 : Operation 129 [1/1] (0.00ns)   --->   "%buffer_8_6 = partselect i9 @_ssdm_op_PartSelect.i9.i1350.i32.i32, i1350 %p_read_695, i32 1134, i32 1142" [firmware/nnet_utils/nnet_code_gen.h:46]   --->   Operation 129 'partselect' 'buffer_8_6' <Predicate = true> <Delay = 0.00>
ST_1 : Operation 130 [1/1] (0.00ns)   --->   "%buffer_8_7 = partselect i9 @_ssdm_op_PartSelect.i9.i1350.i32.i32, i1350 %p_read_695, i32 1143, i32 1151" [firmware/nnet_utils/nnet_code_gen.h:46]   --->   Operation 130 'partselect' 'buffer_8_7' <Predicate = true> <Delay = 0.00>
ST_1 : Operation 131 [1/1] (0.00ns)   --->   "%buffer_8_8 = partselect i9 @_ssdm_op_PartSelect.i9.i1350.i32.i32, i1350 %p_read_695, i32 1152, i32 1160" [firmware/nnet_utils/nnet_code_gen.h:46]   --->   Operation 131 'partselect' 'buffer_8_8' <Predicate = true> <Delay = 0.00>
ST_1 : Operation 132 [1/1] (0.00ns)   --->   "%buffer_8_9 = partselect i9 @_ssdm_op_PartSelect.i9.i1350.i32.i32, i1350 %p_read_695, i32 1161, i32 1169" [firmware/nnet_utils/nnet_code_gen.h:46]   --->   Operation 132 'partselect' 'buffer_8_9' <Predicate = true> <Delay = 0.00>
ST_1 : Operation 133 [1/1] (0.00ns)   --->   "%buffer_8_10 = partselect i9 @_ssdm_op_PartSelect.i9.i1350.i32.i32, i1350 %p_read_695, i32 1170, i32 1178" [firmware/nnet_utils/nnet_code_gen.h:46]   --->   Operation 133 'partselect' 'buffer_8_10' <Predicate = true> <Delay = 0.00>
ST_1 : Operation 134 [1/1] (0.00ns)   --->   "%buffer_8_11 = partselect i9 @_ssdm_op_PartSelect.i9.i1350.i32.i32, i1350 %p_read_695, i32 1179, i32 1187" [firmware/nnet_utils/nnet_code_gen.h:46]   --->   Operation 134 'partselect' 'buffer_8_11' <Predicate = true> <Delay = 0.00>
ST_1 : Operation 135 [1/1] (0.00ns)   --->   "%buffer_8_12 = partselect i9 @_ssdm_op_PartSelect.i9.i1350.i32.i32, i1350 %p_read_695, i32 1188, i32 1196" [firmware/nnet_utils/nnet_code_gen.h:46]   --->   Operation 135 'partselect' 'buffer_8_12' <Predicate = true> <Delay = 0.00>
ST_1 : Operation 136 [1/1] (0.00ns)   --->   "%buffer_8_13 = partselect i9 @_ssdm_op_PartSelect.i9.i1350.i32.i32, i1350 %p_read_695, i32 1197, i32 1205" [firmware/nnet_utils/nnet_code_gen.h:46]   --->   Operation 136 'partselect' 'buffer_8_13' <Predicate = true> <Delay = 0.00>
ST_1 : Operation 137 [1/1] (0.00ns)   --->   "%buffer_8_14 = partselect i9 @_ssdm_op_PartSelect.i9.i1350.i32.i32, i1350 %p_read_695, i32 1206, i32 1214" [firmware/nnet_utils/nnet_code_gen.h:46]   --->   Operation 137 'partselect' 'buffer_8_14' <Predicate = true> <Delay = 0.00>
ST_1 : Operation 138 [1/1] (0.00ns)   --->   "%buffer_9_s = partselect i9 @_ssdm_op_PartSelect.i9.i1350.i32.i32, i1350 %p_read_695, i32 1215, i32 1223" [firmware/nnet_utils/nnet_code_gen.h:47]   --->   Operation 138 'partselect' 'buffer_9_s' <Predicate = true> <Delay = 0.00>
ST_1 : Operation 139 [1/1] (0.00ns)   --->   "%buffer_9_1 = partselect i9 @_ssdm_op_PartSelect.i9.i1350.i32.i32, i1350 %p_read_695, i32 1224, i32 1232" [firmware/nnet_utils/nnet_code_gen.h:47]   --->   Operation 139 'partselect' 'buffer_9_1' <Predicate = true> <Delay = 0.00>
ST_1 : Operation 140 [1/1] (0.00ns)   --->   "%buffer_9_2 = partselect i9 @_ssdm_op_PartSelect.i9.i1350.i32.i32, i1350 %p_read_695, i32 1233, i32 1241" [firmware/nnet_utils/nnet_code_gen.h:47]   --->   Operation 140 'partselect' 'buffer_9_2' <Predicate = true> <Delay = 0.00>
ST_1 : Operation 141 [1/1] (0.00ns)   --->   "%buffer_9_3 = partselect i9 @_ssdm_op_PartSelect.i9.i1350.i32.i32, i1350 %p_read_695, i32 1242, i32 1250" [firmware/nnet_utils/nnet_code_gen.h:47]   --->   Operation 141 'partselect' 'buffer_9_3' <Predicate = true> <Delay = 0.00>
ST_1 : Operation 142 [1/1] (0.00ns)   --->   "%buffer_9_4 = partselect i9 @_ssdm_op_PartSelect.i9.i1350.i32.i32, i1350 %p_read_695, i32 1251, i32 1259" [firmware/nnet_utils/nnet_code_gen.h:47]   --->   Operation 142 'partselect' 'buffer_9_4' <Predicate = true> <Delay = 0.00>
ST_1 : Operation 143 [1/1] (0.00ns)   --->   "%buffer_9_5 = partselect i9 @_ssdm_op_PartSelect.i9.i1350.i32.i32, i1350 %p_read_695, i32 1260, i32 1268" [firmware/nnet_utils/nnet_code_gen.h:47]   --->   Operation 143 'partselect' 'buffer_9_5' <Predicate = true> <Delay = 0.00>
ST_1 : Operation 144 [1/1] (0.00ns)   --->   "%buffer_9_6 = partselect i9 @_ssdm_op_PartSelect.i9.i1350.i32.i32, i1350 %p_read_695, i32 1269, i32 1277" [firmware/nnet_utils/nnet_code_gen.h:47]   --->   Operation 144 'partselect' 'buffer_9_6' <Predicate = true> <Delay = 0.00>
ST_1 : Operation 145 [1/1] (0.00ns)   --->   "%buffer_9_7 = partselect i9 @_ssdm_op_PartSelect.i9.i1350.i32.i32, i1350 %p_read_695, i32 1278, i32 1286" [firmware/nnet_utils/nnet_code_gen.h:47]   --->   Operation 145 'partselect' 'buffer_9_7' <Predicate = true> <Delay = 0.00>
ST_1 : Operation 146 [1/1] (0.00ns)   --->   "%buffer_9_8 = partselect i9 @_ssdm_op_PartSelect.i9.i1350.i32.i32, i1350 %p_read_695, i32 1287, i32 1295" [firmware/nnet_utils/nnet_code_gen.h:47]   --->   Operation 146 'partselect' 'buffer_9_8' <Predicate = true> <Delay = 0.00>
ST_1 : Operation 147 [1/1] (0.00ns)   --->   "%buffer_9_9 = partselect i9 @_ssdm_op_PartSelect.i9.i1350.i32.i32, i1350 %p_read_695, i32 1296, i32 1304" [firmware/nnet_utils/nnet_code_gen.h:47]   --->   Operation 147 'partselect' 'buffer_9_9' <Predicate = true> <Delay = 0.00>
ST_1 : Operation 148 [1/1] (0.00ns)   --->   "%buffer_9_10 = partselect i9 @_ssdm_op_PartSelect.i9.i1350.i32.i32, i1350 %p_read_695, i32 1305, i32 1313" [firmware/nnet_utils/nnet_code_gen.h:47]   --->   Operation 148 'partselect' 'buffer_9_10' <Predicate = true> <Delay = 0.00>
ST_1 : Operation 149 [1/1] (0.00ns)   --->   "%buffer_9_11 = partselect i9 @_ssdm_op_PartSelect.i9.i1350.i32.i32, i1350 %p_read_695, i32 1314, i32 1322" [firmware/nnet_utils/nnet_code_gen.h:47]   --->   Operation 149 'partselect' 'buffer_9_11' <Predicate = true> <Delay = 0.00>
ST_1 : Operation 150 [1/1] (0.00ns)   --->   "%buffer_9_12 = partselect i9 @_ssdm_op_PartSelect.i9.i1350.i32.i32, i1350 %p_read_695, i32 1323, i32 1331" [firmware/nnet_utils/nnet_code_gen.h:47]   --->   Operation 150 'partselect' 'buffer_9_12' <Predicate = true> <Delay = 0.00>
ST_1 : Operation 151 [1/1] (0.00ns)   --->   "%buffer_9_13 = partselect i9 @_ssdm_op_PartSelect.i9.i1350.i32.i32, i1350 %p_read_695, i32 1332, i32 1340" [firmware/nnet_utils/nnet_code_gen.h:47]   --->   Operation 151 'partselect' 'buffer_9_13' <Predicate = true> <Delay = 0.00>
ST_1 : Operation 152 [1/1] (0.00ns)   --->   "%buffer_9_14 = partselect i9 @_ssdm_op_PartSelect.i9.i1350.i32.i32, i1350 %p_read_695, i32 1341, i32 1349" [firmware/nnet_utils/nnet_code_gen.h:47]   --->   Operation 152 'partselect' 'buffer_9_14' <Predicate = true> <Delay = 0.00>
ST_1 : Operation 153 [1/1] (0.00ns)   --->   "%mrv = insertvalue i1350 <undef>, i9 %trunc_ln38" [firmware/nnet_utils/nnet_code_gen.h:50]   --->   Operation 153 'insertvalue' 'mrv' <Predicate = true> <Delay = 0.00>
ST_1 : Operation 154 [1/1] (0.00ns)   --->   "%mrv_1 = insertvalue i1350 %mrv, i9 %buffer_0_s" [firmware/nnet_utils/nnet_code_gen.h:50]   --->   Operation 154 'insertvalue' 'mrv_1' <Predicate = true> <Delay = 0.00>
ST_1 : Operation 155 [1/1] (0.00ns)   --->   "%mrv_2 = insertvalue i1350 %mrv_1, i9 %buffer_0_1" [firmware/nnet_utils/nnet_code_gen.h:50]   --->   Operation 155 'insertvalue' 'mrv_2' <Predicate = true> <Delay = 0.00>
ST_1 : Operation 156 [1/1] (0.00ns)   --->   "%mrv_3 = insertvalue i1350 %mrv_2, i9 %buffer_0_2" [firmware/nnet_utils/nnet_code_gen.h:50]   --->   Operation 156 'insertvalue' 'mrv_3' <Predicate = true> <Delay = 0.00>
ST_1 : Operation 157 [1/1] (0.00ns)   --->   "%mrv_4 = insertvalue i1350 %mrv_3, i9 %buffer_0_3" [firmware/nnet_utils/nnet_code_gen.h:50]   --->   Operation 157 'insertvalue' 'mrv_4' <Predicate = true> <Delay = 0.00>
ST_1 : Operation 158 [1/1] (0.00ns)   --->   "%mrv_5 = insertvalue i1350 %mrv_4, i9 %buffer_0_4" [firmware/nnet_utils/nnet_code_gen.h:50]   --->   Operation 158 'insertvalue' 'mrv_5' <Predicate = true> <Delay = 0.00>
ST_1 : Operation 159 [1/1] (0.00ns)   --->   "%mrv_6 = insertvalue i1350 %mrv_5, i9 %buffer_0_5" [firmware/nnet_utils/nnet_code_gen.h:50]   --->   Operation 159 'insertvalue' 'mrv_6' <Predicate = true> <Delay = 0.00>
ST_1 : Operation 160 [1/1] (0.00ns)   --->   "%mrv_7 = insertvalue i1350 %mrv_6, i9 %buffer_0_6" [firmware/nnet_utils/nnet_code_gen.h:50]   --->   Operation 160 'insertvalue' 'mrv_7' <Predicate = true> <Delay = 0.00>
ST_1 : Operation 161 [1/1] (0.00ns)   --->   "%mrv_8 = insertvalue i1350 %mrv_7, i9 %buffer_0_7" [firmware/nnet_utils/nnet_code_gen.h:50]   --->   Operation 161 'insertvalue' 'mrv_8' <Predicate = true> <Delay = 0.00>
ST_1 : Operation 162 [1/1] (0.00ns)   --->   "%mrv_9 = insertvalue i1350 %mrv_8, i9 %buffer_0_8" [firmware/nnet_utils/nnet_code_gen.h:50]   --->   Operation 162 'insertvalue' 'mrv_9' <Predicate = true> <Delay = 0.00>
ST_1 : Operation 163 [1/1] (0.00ns)   --->   "%mrv_s = insertvalue i1350 %mrv_9, i9 %buffer_0_9" [firmware/nnet_utils/nnet_code_gen.h:50]   --->   Operation 163 'insertvalue' 'mrv_s' <Predicate = true> <Delay = 0.00>
ST_1 : Operation 164 [1/1] (0.00ns)   --->   "%mrv_10 = insertvalue i1350 %mrv_s, i9 %buffer_0_10" [firmware/nnet_utils/nnet_code_gen.h:50]   --->   Operation 164 'insertvalue' 'mrv_10' <Predicate = true> <Delay = 0.00>
ST_1 : Operation 165 [1/1] (0.00ns)   --->   "%mrv_11 = insertvalue i1350 %mrv_10, i9 %buffer_0_11" [firmware/nnet_utils/nnet_code_gen.h:50]   --->   Operation 165 'insertvalue' 'mrv_11' <Predicate = true> <Delay = 0.00>
ST_1 : Operation 166 [1/1] (0.00ns)   --->   "%mrv_12 = insertvalue i1350 %mrv_11, i9 %buffer_0_12" [firmware/nnet_utils/nnet_code_gen.h:50]   --->   Operation 166 'insertvalue' 'mrv_12' <Predicate = true> <Delay = 0.00>
ST_1 : Operation 167 [1/1] (0.00ns)   --->   "%mrv_13 = insertvalue i1350 %mrv_12, i9 %buffer_0_13" [firmware/nnet_utils/nnet_code_gen.h:50]   --->   Operation 167 'insertvalue' 'mrv_13' <Predicate = true> <Delay = 0.00>
ST_1 : Operation 168 [1/1] (0.00ns)   --->   "%mrv_14 = insertvalue i1350 %mrv_13, i9 %buffer_1_s" [firmware/nnet_utils/nnet_code_gen.h:50]   --->   Operation 168 'insertvalue' 'mrv_14' <Predicate = true> <Delay = 0.00>
ST_1 : Operation 169 [1/1] (0.00ns)   --->   "%mrv_15 = insertvalue i1350 %mrv_14, i9 %buffer_1_1" [firmware/nnet_utils/nnet_code_gen.h:50]   --->   Operation 169 'insertvalue' 'mrv_15' <Predicate = true> <Delay = 0.00>
ST_1 : Operation 170 [1/1] (0.00ns)   --->   "%mrv_16 = insertvalue i1350 %mrv_15, i9 %buffer_1_2" [firmware/nnet_utils/nnet_code_gen.h:50]   --->   Operation 170 'insertvalue' 'mrv_16' <Predicate = true> <Delay = 0.00>
ST_1 : Operation 171 [1/1] (0.00ns)   --->   "%mrv_17 = insertvalue i1350 %mrv_16, i9 %buffer_1_3" [firmware/nnet_utils/nnet_code_gen.h:50]   --->   Operation 171 'insertvalue' 'mrv_17' <Predicate = true> <Delay = 0.00>
ST_1 : Operation 172 [1/1] (0.00ns)   --->   "%mrv_18 = insertvalue i1350 %mrv_17, i9 %buffer_1_4" [firmware/nnet_utils/nnet_code_gen.h:50]   --->   Operation 172 'insertvalue' 'mrv_18' <Predicate = true> <Delay = 0.00>
ST_1 : Operation 173 [1/1] (0.00ns)   --->   "%mrv_19 = insertvalue i1350 %mrv_18, i9 %buffer_1_5" [firmware/nnet_utils/nnet_code_gen.h:50]   --->   Operation 173 'insertvalue' 'mrv_19' <Predicate = true> <Delay = 0.00>
ST_1 : Operation 174 [1/1] (0.00ns)   --->   "%mrv_20 = insertvalue i1350 %mrv_19, i9 %buffer_1_6" [firmware/nnet_utils/nnet_code_gen.h:50]   --->   Operation 174 'insertvalue' 'mrv_20' <Predicate = true> <Delay = 0.00>
ST_1 : Operation 175 [1/1] (0.00ns)   --->   "%mrv_21 = insertvalue i1350 %mrv_20, i9 %buffer_1_7" [firmware/nnet_utils/nnet_code_gen.h:50]   --->   Operation 175 'insertvalue' 'mrv_21' <Predicate = true> <Delay = 0.00>
ST_1 : Operation 176 [1/1] (0.00ns)   --->   "%mrv_22 = insertvalue i1350 %mrv_21, i9 %buffer_1_8" [firmware/nnet_utils/nnet_code_gen.h:50]   --->   Operation 176 'insertvalue' 'mrv_22' <Predicate = true> <Delay = 0.00>
ST_1 : Operation 177 [1/1] (0.00ns)   --->   "%mrv_23 = insertvalue i1350 %mrv_22, i9 %buffer_1_9" [firmware/nnet_utils/nnet_code_gen.h:50]   --->   Operation 177 'insertvalue' 'mrv_23' <Predicate = true> <Delay = 0.00>
ST_1 : Operation 178 [1/1] (0.00ns)   --->   "%mrv_24 = insertvalue i1350 %mrv_23, i9 %buffer_1_10" [firmware/nnet_utils/nnet_code_gen.h:50]   --->   Operation 178 'insertvalue' 'mrv_24' <Predicate = true> <Delay = 0.00>
ST_1 : Operation 179 [1/1] (0.00ns)   --->   "%mrv_25 = insertvalue i1350 %mrv_24, i9 %buffer_1_11" [firmware/nnet_utils/nnet_code_gen.h:50]   --->   Operation 179 'insertvalue' 'mrv_25' <Predicate = true> <Delay = 0.00>
ST_1 : Operation 180 [1/1] (0.00ns)   --->   "%mrv_26 = insertvalue i1350 %mrv_25, i9 %buffer_1_12" [firmware/nnet_utils/nnet_code_gen.h:50]   --->   Operation 180 'insertvalue' 'mrv_26' <Predicate = true> <Delay = 0.00>
ST_1 : Operation 181 [1/1] (0.00ns)   --->   "%mrv_27 = insertvalue i1350 %mrv_26, i9 %buffer_1_13" [firmware/nnet_utils/nnet_code_gen.h:50]   --->   Operation 181 'insertvalue' 'mrv_27' <Predicate = true> <Delay = 0.00>
ST_1 : Operation 182 [1/1] (0.00ns)   --->   "%mrv_28 = insertvalue i1350 %mrv_27, i9 %buffer_1_14" [firmware/nnet_utils/nnet_code_gen.h:50]   --->   Operation 182 'insertvalue' 'mrv_28' <Predicate = true> <Delay = 0.00>
ST_1 : Operation 183 [1/1] (0.00ns)   --->   "%mrv_29 = insertvalue i1350 %mrv_28, i9 %buffer_2_s" [firmware/nnet_utils/nnet_code_gen.h:50]   --->   Operation 183 'insertvalue' 'mrv_29' <Predicate = true> <Delay = 0.00>
ST_1 : Operation 184 [1/1] (0.00ns)   --->   "%mrv_30 = insertvalue i1350 %mrv_29, i9 %buffer_2_1" [firmware/nnet_utils/nnet_code_gen.h:50]   --->   Operation 184 'insertvalue' 'mrv_30' <Predicate = true> <Delay = 0.00>
ST_1 : Operation 185 [1/1] (0.00ns)   --->   "%mrv_31 = insertvalue i1350 %mrv_30, i9 %buffer_2_2" [firmware/nnet_utils/nnet_code_gen.h:50]   --->   Operation 185 'insertvalue' 'mrv_31' <Predicate = true> <Delay = 0.00>
ST_1 : Operation 186 [1/1] (0.00ns)   --->   "%mrv_32 = insertvalue i1350 %mrv_31, i9 %buffer_2_3" [firmware/nnet_utils/nnet_code_gen.h:50]   --->   Operation 186 'insertvalue' 'mrv_32' <Predicate = true> <Delay = 0.00>
ST_1 : Operation 187 [1/1] (0.00ns)   --->   "%mrv_33 = insertvalue i1350 %mrv_32, i9 %buffer_2_4" [firmware/nnet_utils/nnet_code_gen.h:50]   --->   Operation 187 'insertvalue' 'mrv_33' <Predicate = true> <Delay = 0.00>
ST_1 : Operation 188 [1/1] (0.00ns)   --->   "%mrv_34 = insertvalue i1350 %mrv_33, i9 %buffer_2_5" [firmware/nnet_utils/nnet_code_gen.h:50]   --->   Operation 188 'insertvalue' 'mrv_34' <Predicate = true> <Delay = 0.00>
ST_1 : Operation 189 [1/1] (0.00ns)   --->   "%mrv_35 = insertvalue i1350 %mrv_34, i9 %buffer_2_6" [firmware/nnet_utils/nnet_code_gen.h:50]   --->   Operation 189 'insertvalue' 'mrv_35' <Predicate = true> <Delay = 0.00>
ST_1 : Operation 190 [1/1] (0.00ns)   --->   "%mrv_36 = insertvalue i1350 %mrv_35, i9 %buffer_2_7" [firmware/nnet_utils/nnet_code_gen.h:50]   --->   Operation 190 'insertvalue' 'mrv_36' <Predicate = true> <Delay = 0.00>
ST_1 : Operation 191 [1/1] (0.00ns)   --->   "%mrv_37 = insertvalue i1350 %mrv_36, i9 %buffer_2_8" [firmware/nnet_utils/nnet_code_gen.h:50]   --->   Operation 191 'insertvalue' 'mrv_37' <Predicate = true> <Delay = 0.00>
ST_1 : Operation 192 [1/1] (0.00ns)   --->   "%mrv_38 = insertvalue i1350 %mrv_37, i9 %buffer_2_9" [firmware/nnet_utils/nnet_code_gen.h:50]   --->   Operation 192 'insertvalue' 'mrv_38' <Predicate = true> <Delay = 0.00>
ST_1 : Operation 193 [1/1] (0.00ns)   --->   "%mrv_39 = insertvalue i1350 %mrv_38, i9 %buffer_2_10" [firmware/nnet_utils/nnet_code_gen.h:50]   --->   Operation 193 'insertvalue' 'mrv_39' <Predicate = true> <Delay = 0.00>
ST_1 : Operation 194 [1/1] (0.00ns)   --->   "%mrv_40 = insertvalue i1350 %mrv_39, i9 %buffer_2_11" [firmware/nnet_utils/nnet_code_gen.h:50]   --->   Operation 194 'insertvalue' 'mrv_40' <Predicate = true> <Delay = 0.00>
ST_1 : Operation 195 [1/1] (0.00ns)   --->   "%mrv_41 = insertvalue i1350 %mrv_40, i9 %buffer_2_12" [firmware/nnet_utils/nnet_code_gen.h:50]   --->   Operation 195 'insertvalue' 'mrv_41' <Predicate = true> <Delay = 0.00>
ST_1 : Operation 196 [1/1] (0.00ns)   --->   "%mrv_42 = insertvalue i1350 %mrv_41, i9 %buffer_2_13" [firmware/nnet_utils/nnet_code_gen.h:50]   --->   Operation 196 'insertvalue' 'mrv_42' <Predicate = true> <Delay = 0.00>
ST_1 : Operation 197 [1/1] (0.00ns)   --->   "%mrv_43 = insertvalue i1350 %mrv_42, i9 %buffer_2_14" [firmware/nnet_utils/nnet_code_gen.h:50]   --->   Operation 197 'insertvalue' 'mrv_43' <Predicate = true> <Delay = 0.00>
ST_1 : Operation 198 [1/1] (0.00ns)   --->   "%mrv_44 = insertvalue i1350 %mrv_43, i9 %buffer_3_s" [firmware/nnet_utils/nnet_code_gen.h:50]   --->   Operation 198 'insertvalue' 'mrv_44' <Predicate = true> <Delay = 0.00>
ST_1 : Operation 199 [1/1] (0.00ns)   --->   "%mrv_45 = insertvalue i1350 %mrv_44, i9 %buffer_3_1" [firmware/nnet_utils/nnet_code_gen.h:50]   --->   Operation 199 'insertvalue' 'mrv_45' <Predicate = true> <Delay = 0.00>
ST_1 : Operation 200 [1/1] (0.00ns)   --->   "%mrv_46 = insertvalue i1350 %mrv_45, i9 %buffer_3_2" [firmware/nnet_utils/nnet_code_gen.h:50]   --->   Operation 200 'insertvalue' 'mrv_46' <Predicate = true> <Delay = 0.00>
ST_1 : Operation 201 [1/1] (0.00ns)   --->   "%mrv_47 = insertvalue i1350 %mrv_46, i9 %buffer_3_3" [firmware/nnet_utils/nnet_code_gen.h:50]   --->   Operation 201 'insertvalue' 'mrv_47' <Predicate = true> <Delay = 0.00>
ST_1 : Operation 202 [1/1] (0.00ns)   --->   "%mrv_48 = insertvalue i1350 %mrv_47, i9 %buffer_3_4" [firmware/nnet_utils/nnet_code_gen.h:50]   --->   Operation 202 'insertvalue' 'mrv_48' <Predicate = true> <Delay = 0.00>
ST_1 : Operation 203 [1/1] (0.00ns)   --->   "%mrv_49 = insertvalue i1350 %mrv_48, i9 %buffer_3_5" [firmware/nnet_utils/nnet_code_gen.h:50]   --->   Operation 203 'insertvalue' 'mrv_49' <Predicate = true> <Delay = 0.00>
ST_1 : Operation 204 [1/1] (0.00ns)   --->   "%mrv_50 = insertvalue i1350 %mrv_49, i9 %buffer_3_6" [firmware/nnet_utils/nnet_code_gen.h:50]   --->   Operation 204 'insertvalue' 'mrv_50' <Predicate = true> <Delay = 0.00>
ST_1 : Operation 205 [1/1] (0.00ns)   --->   "%mrv_51 = insertvalue i1350 %mrv_50, i9 %buffer_3_7" [firmware/nnet_utils/nnet_code_gen.h:50]   --->   Operation 205 'insertvalue' 'mrv_51' <Predicate = true> <Delay = 0.00>
ST_1 : Operation 206 [1/1] (0.00ns)   --->   "%mrv_52 = insertvalue i1350 %mrv_51, i9 %buffer_3_8" [firmware/nnet_utils/nnet_code_gen.h:50]   --->   Operation 206 'insertvalue' 'mrv_52' <Predicate = true> <Delay = 0.00>
ST_1 : Operation 207 [1/1] (0.00ns)   --->   "%mrv_53 = insertvalue i1350 %mrv_52, i9 %buffer_3_9" [firmware/nnet_utils/nnet_code_gen.h:50]   --->   Operation 207 'insertvalue' 'mrv_53' <Predicate = true> <Delay = 0.00>
ST_1 : Operation 208 [1/1] (0.00ns)   --->   "%mrv_54 = insertvalue i1350 %mrv_53, i9 %buffer_3_10" [firmware/nnet_utils/nnet_code_gen.h:50]   --->   Operation 208 'insertvalue' 'mrv_54' <Predicate = true> <Delay = 0.00>
ST_1 : Operation 209 [1/1] (0.00ns)   --->   "%mrv_55 = insertvalue i1350 %mrv_54, i9 %buffer_3_11" [firmware/nnet_utils/nnet_code_gen.h:50]   --->   Operation 209 'insertvalue' 'mrv_55' <Predicate = true> <Delay = 0.00>
ST_1 : Operation 210 [1/1] (0.00ns)   --->   "%mrv_56 = insertvalue i1350 %mrv_55, i9 %buffer_3_12" [firmware/nnet_utils/nnet_code_gen.h:50]   --->   Operation 210 'insertvalue' 'mrv_56' <Predicate = true> <Delay = 0.00>
ST_1 : Operation 211 [1/1] (0.00ns)   --->   "%mrv_57 = insertvalue i1350 %mrv_56, i9 %buffer_3_13" [firmware/nnet_utils/nnet_code_gen.h:50]   --->   Operation 211 'insertvalue' 'mrv_57' <Predicate = true> <Delay = 0.00>
ST_1 : Operation 212 [1/1] (0.00ns)   --->   "%mrv_58 = insertvalue i1350 %mrv_57, i9 %buffer_3_14" [firmware/nnet_utils/nnet_code_gen.h:50]   --->   Operation 212 'insertvalue' 'mrv_58' <Predicate = true> <Delay = 0.00>
ST_1 : Operation 213 [1/1] (0.00ns)   --->   "%mrv_59 = insertvalue i1350 %mrv_58, i9 %buffer_4_s" [firmware/nnet_utils/nnet_code_gen.h:50]   --->   Operation 213 'insertvalue' 'mrv_59' <Predicate = true> <Delay = 0.00>
ST_1 : Operation 214 [1/1] (0.00ns)   --->   "%mrv_60 = insertvalue i1350 %mrv_59, i9 %buffer_4_1" [firmware/nnet_utils/nnet_code_gen.h:50]   --->   Operation 214 'insertvalue' 'mrv_60' <Predicate = true> <Delay = 0.00>
ST_1 : Operation 215 [1/1] (0.00ns)   --->   "%mrv_61 = insertvalue i1350 %mrv_60, i9 %buffer_4_2" [firmware/nnet_utils/nnet_code_gen.h:50]   --->   Operation 215 'insertvalue' 'mrv_61' <Predicate = true> <Delay = 0.00>
ST_1 : Operation 216 [1/1] (0.00ns)   --->   "%mrv_62 = insertvalue i1350 %mrv_61, i9 %buffer_4_3" [firmware/nnet_utils/nnet_code_gen.h:50]   --->   Operation 216 'insertvalue' 'mrv_62' <Predicate = true> <Delay = 0.00>
ST_1 : Operation 217 [1/1] (0.00ns)   --->   "%mrv_63 = insertvalue i1350 %mrv_62, i9 %buffer_4_4" [firmware/nnet_utils/nnet_code_gen.h:50]   --->   Operation 217 'insertvalue' 'mrv_63' <Predicate = true> <Delay = 0.00>
ST_1 : Operation 218 [1/1] (0.00ns)   --->   "%mrv_64 = insertvalue i1350 %mrv_63, i9 %buffer_4_5" [firmware/nnet_utils/nnet_code_gen.h:50]   --->   Operation 218 'insertvalue' 'mrv_64' <Predicate = true> <Delay = 0.00>
ST_1 : Operation 219 [1/1] (0.00ns)   --->   "%mrv_65 = insertvalue i1350 %mrv_64, i9 %buffer_4_6" [firmware/nnet_utils/nnet_code_gen.h:50]   --->   Operation 219 'insertvalue' 'mrv_65' <Predicate = true> <Delay = 0.00>
ST_1 : Operation 220 [1/1] (0.00ns)   --->   "%mrv_66 = insertvalue i1350 %mrv_65, i9 %buffer_4_7" [firmware/nnet_utils/nnet_code_gen.h:50]   --->   Operation 220 'insertvalue' 'mrv_66' <Predicate = true> <Delay = 0.00>
ST_1 : Operation 221 [1/1] (0.00ns)   --->   "%mrv_67 = insertvalue i1350 %mrv_66, i9 %buffer_4_8" [firmware/nnet_utils/nnet_code_gen.h:50]   --->   Operation 221 'insertvalue' 'mrv_67' <Predicate = true> <Delay = 0.00>
ST_1 : Operation 222 [1/1] (0.00ns)   --->   "%mrv_68 = insertvalue i1350 %mrv_67, i9 %buffer_4_9" [firmware/nnet_utils/nnet_code_gen.h:50]   --->   Operation 222 'insertvalue' 'mrv_68' <Predicate = true> <Delay = 0.00>
ST_1 : Operation 223 [1/1] (0.00ns)   --->   "%mrv_69 = insertvalue i1350 %mrv_68, i9 %buffer_4_10" [firmware/nnet_utils/nnet_code_gen.h:50]   --->   Operation 223 'insertvalue' 'mrv_69' <Predicate = true> <Delay = 0.00>
ST_1 : Operation 224 [1/1] (0.00ns)   --->   "%mrv_70 = insertvalue i1350 %mrv_69, i9 %buffer_4_11" [firmware/nnet_utils/nnet_code_gen.h:50]   --->   Operation 224 'insertvalue' 'mrv_70' <Predicate = true> <Delay = 0.00>
ST_1 : Operation 225 [1/1] (0.00ns)   --->   "%mrv_71 = insertvalue i1350 %mrv_70, i9 %buffer_4_12" [firmware/nnet_utils/nnet_code_gen.h:50]   --->   Operation 225 'insertvalue' 'mrv_71' <Predicate = true> <Delay = 0.00>
ST_1 : Operation 226 [1/1] (0.00ns)   --->   "%mrv_72 = insertvalue i1350 %mrv_71, i9 %buffer_4_13" [firmware/nnet_utils/nnet_code_gen.h:50]   --->   Operation 226 'insertvalue' 'mrv_72' <Predicate = true> <Delay = 0.00>
ST_1 : Operation 227 [1/1] (0.00ns)   --->   "%mrv_73 = insertvalue i1350 %mrv_72, i9 %buffer_4_14" [firmware/nnet_utils/nnet_code_gen.h:50]   --->   Operation 227 'insertvalue' 'mrv_73' <Predicate = true> <Delay = 0.00>
ST_1 : Operation 228 [1/1] (0.00ns)   --->   "%mrv_74 = insertvalue i1350 %mrv_73, i9 %buffer_5_s" [firmware/nnet_utils/nnet_code_gen.h:50]   --->   Operation 228 'insertvalue' 'mrv_74' <Predicate = true> <Delay = 0.00>
ST_1 : Operation 229 [1/1] (0.00ns)   --->   "%mrv_75 = insertvalue i1350 %mrv_74, i9 %buffer_5_1" [firmware/nnet_utils/nnet_code_gen.h:50]   --->   Operation 229 'insertvalue' 'mrv_75' <Predicate = true> <Delay = 0.00>
ST_1 : Operation 230 [1/1] (0.00ns)   --->   "%mrv_76 = insertvalue i1350 %mrv_75, i9 %buffer_5_2" [firmware/nnet_utils/nnet_code_gen.h:50]   --->   Operation 230 'insertvalue' 'mrv_76' <Predicate = true> <Delay = 0.00>
ST_1 : Operation 231 [1/1] (0.00ns)   --->   "%mrv_77 = insertvalue i1350 %mrv_76, i9 %buffer_5_3" [firmware/nnet_utils/nnet_code_gen.h:50]   --->   Operation 231 'insertvalue' 'mrv_77' <Predicate = true> <Delay = 0.00>
ST_1 : Operation 232 [1/1] (0.00ns)   --->   "%mrv_78 = insertvalue i1350 %mrv_77, i9 %buffer_5_4" [firmware/nnet_utils/nnet_code_gen.h:50]   --->   Operation 232 'insertvalue' 'mrv_78' <Predicate = true> <Delay = 0.00>
ST_1 : Operation 233 [1/1] (0.00ns)   --->   "%mrv_79 = insertvalue i1350 %mrv_78, i9 %buffer_5_5" [firmware/nnet_utils/nnet_code_gen.h:50]   --->   Operation 233 'insertvalue' 'mrv_79' <Predicate = true> <Delay = 0.00>
ST_1 : Operation 234 [1/1] (0.00ns)   --->   "%mrv_80 = insertvalue i1350 %mrv_79, i9 %buffer_5_6" [firmware/nnet_utils/nnet_code_gen.h:50]   --->   Operation 234 'insertvalue' 'mrv_80' <Predicate = true> <Delay = 0.00>
ST_1 : Operation 235 [1/1] (0.00ns)   --->   "%mrv_81 = insertvalue i1350 %mrv_80, i9 %buffer_5_7" [firmware/nnet_utils/nnet_code_gen.h:50]   --->   Operation 235 'insertvalue' 'mrv_81' <Predicate = true> <Delay = 0.00>
ST_1 : Operation 236 [1/1] (0.00ns)   --->   "%mrv_82 = insertvalue i1350 %mrv_81, i9 %buffer_5_8" [firmware/nnet_utils/nnet_code_gen.h:50]   --->   Operation 236 'insertvalue' 'mrv_82' <Predicate = true> <Delay = 0.00>
ST_1 : Operation 237 [1/1] (0.00ns)   --->   "%mrv_83 = insertvalue i1350 %mrv_82, i9 %buffer_5_9" [firmware/nnet_utils/nnet_code_gen.h:50]   --->   Operation 237 'insertvalue' 'mrv_83' <Predicate = true> <Delay = 0.00>
ST_1 : Operation 238 [1/1] (0.00ns)   --->   "%mrv_84 = insertvalue i1350 %mrv_83, i9 %buffer_5_10" [firmware/nnet_utils/nnet_code_gen.h:50]   --->   Operation 238 'insertvalue' 'mrv_84' <Predicate = true> <Delay = 0.00>
ST_1 : Operation 239 [1/1] (0.00ns)   --->   "%mrv_85 = insertvalue i1350 %mrv_84, i9 %buffer_5_11" [firmware/nnet_utils/nnet_code_gen.h:50]   --->   Operation 239 'insertvalue' 'mrv_85' <Predicate = true> <Delay = 0.00>
ST_1 : Operation 240 [1/1] (0.00ns)   --->   "%mrv_86 = insertvalue i1350 %mrv_85, i9 %buffer_5_12" [firmware/nnet_utils/nnet_code_gen.h:50]   --->   Operation 240 'insertvalue' 'mrv_86' <Predicate = true> <Delay = 0.00>
ST_1 : Operation 241 [1/1] (0.00ns)   --->   "%mrv_87 = insertvalue i1350 %mrv_86, i9 %buffer_5_13" [firmware/nnet_utils/nnet_code_gen.h:50]   --->   Operation 241 'insertvalue' 'mrv_87' <Predicate = true> <Delay = 0.00>
ST_1 : Operation 242 [1/1] (0.00ns)   --->   "%mrv_88 = insertvalue i1350 %mrv_87, i9 %buffer_5_14" [firmware/nnet_utils/nnet_code_gen.h:50]   --->   Operation 242 'insertvalue' 'mrv_88' <Predicate = true> <Delay = 0.00>
ST_1 : Operation 243 [1/1] (0.00ns)   --->   "%mrv_89 = insertvalue i1350 %mrv_88, i9 %buffer_6_s" [firmware/nnet_utils/nnet_code_gen.h:50]   --->   Operation 243 'insertvalue' 'mrv_89' <Predicate = true> <Delay = 0.00>
ST_1 : Operation 244 [1/1] (0.00ns)   --->   "%mrv_90 = insertvalue i1350 %mrv_89, i9 %buffer_6_1" [firmware/nnet_utils/nnet_code_gen.h:50]   --->   Operation 244 'insertvalue' 'mrv_90' <Predicate = true> <Delay = 0.00>
ST_1 : Operation 245 [1/1] (0.00ns)   --->   "%mrv_91 = insertvalue i1350 %mrv_90, i9 %buffer_6_2" [firmware/nnet_utils/nnet_code_gen.h:50]   --->   Operation 245 'insertvalue' 'mrv_91' <Predicate = true> <Delay = 0.00>
ST_1 : Operation 246 [1/1] (0.00ns)   --->   "%mrv_92 = insertvalue i1350 %mrv_91, i9 %buffer_6_3" [firmware/nnet_utils/nnet_code_gen.h:50]   --->   Operation 246 'insertvalue' 'mrv_92' <Predicate = true> <Delay = 0.00>
ST_1 : Operation 247 [1/1] (0.00ns)   --->   "%mrv_93 = insertvalue i1350 %mrv_92, i9 %buffer_6_4" [firmware/nnet_utils/nnet_code_gen.h:50]   --->   Operation 247 'insertvalue' 'mrv_93' <Predicate = true> <Delay = 0.00>
ST_1 : Operation 248 [1/1] (0.00ns)   --->   "%mrv_94 = insertvalue i1350 %mrv_93, i9 %buffer_6_5" [firmware/nnet_utils/nnet_code_gen.h:50]   --->   Operation 248 'insertvalue' 'mrv_94' <Predicate = true> <Delay = 0.00>
ST_1 : Operation 249 [1/1] (0.00ns)   --->   "%mrv_95 = insertvalue i1350 %mrv_94, i9 %buffer_6_6" [firmware/nnet_utils/nnet_code_gen.h:50]   --->   Operation 249 'insertvalue' 'mrv_95' <Predicate = true> <Delay = 0.00>
ST_1 : Operation 250 [1/1] (0.00ns)   --->   "%mrv_96 = insertvalue i1350 %mrv_95, i9 %buffer_6_7" [firmware/nnet_utils/nnet_code_gen.h:50]   --->   Operation 250 'insertvalue' 'mrv_96' <Predicate = true> <Delay = 0.00>
ST_1 : Operation 251 [1/1] (0.00ns)   --->   "%mrv_97 = insertvalue i1350 %mrv_96, i9 %buffer_6_8" [firmware/nnet_utils/nnet_code_gen.h:50]   --->   Operation 251 'insertvalue' 'mrv_97' <Predicate = true> <Delay = 0.00>
ST_1 : Operation 252 [1/1] (0.00ns)   --->   "%mrv_98 = insertvalue i1350 %mrv_97, i9 %buffer_6_9" [firmware/nnet_utils/nnet_code_gen.h:50]   --->   Operation 252 'insertvalue' 'mrv_98' <Predicate = true> <Delay = 0.00>
ST_1 : Operation 253 [1/1] (0.00ns)   --->   "%mrv_99 = insertvalue i1350 %mrv_98, i9 %buffer_6_10" [firmware/nnet_utils/nnet_code_gen.h:50]   --->   Operation 253 'insertvalue' 'mrv_99' <Predicate = true> <Delay = 0.00>
ST_1 : Operation 254 [1/1] (0.00ns)   --->   "%mrv_100 = insertvalue i1350 %mrv_99, i9 %buffer_6_11" [firmware/nnet_utils/nnet_code_gen.h:50]   --->   Operation 254 'insertvalue' 'mrv_100' <Predicate = true> <Delay = 0.00>
ST_1 : Operation 255 [1/1] (0.00ns)   --->   "%mrv_101 = insertvalue i1350 %mrv_100, i9 %buffer_6_12" [firmware/nnet_utils/nnet_code_gen.h:50]   --->   Operation 255 'insertvalue' 'mrv_101' <Predicate = true> <Delay = 0.00>
ST_1 : Operation 256 [1/1] (0.00ns)   --->   "%mrv_102 = insertvalue i1350 %mrv_101, i9 %buffer_6_13" [firmware/nnet_utils/nnet_code_gen.h:50]   --->   Operation 256 'insertvalue' 'mrv_102' <Predicate = true> <Delay = 0.00>
ST_1 : Operation 257 [1/1] (0.00ns)   --->   "%mrv_103 = insertvalue i1350 %mrv_102, i9 %buffer_6_14" [firmware/nnet_utils/nnet_code_gen.h:50]   --->   Operation 257 'insertvalue' 'mrv_103' <Predicate = true> <Delay = 0.00>
ST_1 : Operation 258 [1/1] (0.00ns)   --->   "%mrv_104 = insertvalue i1350 %mrv_103, i9 %buffer_7_s" [firmware/nnet_utils/nnet_code_gen.h:50]   --->   Operation 258 'insertvalue' 'mrv_104' <Predicate = true> <Delay = 0.00>
ST_1 : Operation 259 [1/1] (0.00ns)   --->   "%mrv_105 = insertvalue i1350 %mrv_104, i9 %buffer_7_1" [firmware/nnet_utils/nnet_code_gen.h:50]   --->   Operation 259 'insertvalue' 'mrv_105' <Predicate = true> <Delay = 0.00>
ST_1 : Operation 260 [1/1] (0.00ns)   --->   "%mrv_106 = insertvalue i1350 %mrv_105, i9 %buffer_7_2" [firmware/nnet_utils/nnet_code_gen.h:50]   --->   Operation 260 'insertvalue' 'mrv_106' <Predicate = true> <Delay = 0.00>
ST_1 : Operation 261 [1/1] (0.00ns)   --->   "%mrv_107 = insertvalue i1350 %mrv_106, i9 %buffer_7_3" [firmware/nnet_utils/nnet_code_gen.h:50]   --->   Operation 261 'insertvalue' 'mrv_107' <Predicate = true> <Delay = 0.00>
ST_1 : Operation 262 [1/1] (0.00ns)   --->   "%mrv_108 = insertvalue i1350 %mrv_107, i9 %buffer_7_4" [firmware/nnet_utils/nnet_code_gen.h:50]   --->   Operation 262 'insertvalue' 'mrv_108' <Predicate = true> <Delay = 0.00>
ST_1 : Operation 263 [1/1] (0.00ns)   --->   "%mrv_109 = insertvalue i1350 %mrv_108, i9 %buffer_7_5" [firmware/nnet_utils/nnet_code_gen.h:50]   --->   Operation 263 'insertvalue' 'mrv_109' <Predicate = true> <Delay = 0.00>
ST_1 : Operation 264 [1/1] (0.00ns)   --->   "%mrv_110 = insertvalue i1350 %mrv_109, i9 %buffer_7_6" [firmware/nnet_utils/nnet_code_gen.h:50]   --->   Operation 264 'insertvalue' 'mrv_110' <Predicate = true> <Delay = 0.00>
ST_1 : Operation 265 [1/1] (0.00ns)   --->   "%mrv_111 = insertvalue i1350 %mrv_110, i9 %buffer_7_7" [firmware/nnet_utils/nnet_code_gen.h:50]   --->   Operation 265 'insertvalue' 'mrv_111' <Predicate = true> <Delay = 0.00>
ST_1 : Operation 266 [1/1] (0.00ns)   --->   "%mrv_112 = insertvalue i1350 %mrv_111, i9 %buffer_7_8" [firmware/nnet_utils/nnet_code_gen.h:50]   --->   Operation 266 'insertvalue' 'mrv_112' <Predicate = true> <Delay = 0.00>
ST_1 : Operation 267 [1/1] (0.00ns)   --->   "%mrv_113 = insertvalue i1350 %mrv_112, i9 %buffer_7_9" [firmware/nnet_utils/nnet_code_gen.h:50]   --->   Operation 267 'insertvalue' 'mrv_113' <Predicate = true> <Delay = 0.00>
ST_1 : Operation 268 [1/1] (0.00ns)   --->   "%mrv_114 = insertvalue i1350 %mrv_113, i9 %buffer_7_10" [firmware/nnet_utils/nnet_code_gen.h:50]   --->   Operation 268 'insertvalue' 'mrv_114' <Predicate = true> <Delay = 0.00>
ST_1 : Operation 269 [1/1] (0.00ns)   --->   "%mrv_115 = insertvalue i1350 %mrv_114, i9 %buffer_7_11" [firmware/nnet_utils/nnet_code_gen.h:50]   --->   Operation 269 'insertvalue' 'mrv_115' <Predicate = true> <Delay = 0.00>
ST_1 : Operation 270 [1/1] (0.00ns)   --->   "%mrv_116 = insertvalue i1350 %mrv_115, i9 %buffer_7_12" [firmware/nnet_utils/nnet_code_gen.h:50]   --->   Operation 270 'insertvalue' 'mrv_116' <Predicate = true> <Delay = 0.00>
ST_1 : Operation 271 [1/1] (0.00ns)   --->   "%mrv_117 = insertvalue i1350 %mrv_116, i9 %buffer_7_13" [firmware/nnet_utils/nnet_code_gen.h:50]   --->   Operation 271 'insertvalue' 'mrv_117' <Predicate = true> <Delay = 0.00>
ST_1 : Operation 272 [1/1] (0.00ns)   --->   "%mrv_118 = insertvalue i1350 %mrv_117, i9 %buffer_7_14" [firmware/nnet_utils/nnet_code_gen.h:50]   --->   Operation 272 'insertvalue' 'mrv_118' <Predicate = true> <Delay = 0.00>
ST_1 : Operation 273 [1/1] (0.00ns)   --->   "%mrv_119 = insertvalue i1350 %mrv_118, i9 %buffer_8_s" [firmware/nnet_utils/nnet_code_gen.h:50]   --->   Operation 273 'insertvalue' 'mrv_119' <Predicate = true> <Delay = 0.00>
ST_1 : Operation 274 [1/1] (0.00ns)   --->   "%mrv_120 = insertvalue i1350 %mrv_119, i9 %buffer_8_1" [firmware/nnet_utils/nnet_code_gen.h:50]   --->   Operation 274 'insertvalue' 'mrv_120' <Predicate = true> <Delay = 0.00>
ST_1 : Operation 275 [1/1] (0.00ns)   --->   "%mrv_121 = insertvalue i1350 %mrv_120, i9 %buffer_8_2" [firmware/nnet_utils/nnet_code_gen.h:50]   --->   Operation 275 'insertvalue' 'mrv_121' <Predicate = true> <Delay = 0.00>
ST_1 : Operation 276 [1/1] (0.00ns)   --->   "%mrv_122 = insertvalue i1350 %mrv_121, i9 %buffer_8_3" [firmware/nnet_utils/nnet_code_gen.h:50]   --->   Operation 276 'insertvalue' 'mrv_122' <Predicate = true> <Delay = 0.00>
ST_1 : Operation 277 [1/1] (0.00ns)   --->   "%mrv_123 = insertvalue i1350 %mrv_122, i9 %buffer_8_4" [firmware/nnet_utils/nnet_code_gen.h:50]   --->   Operation 277 'insertvalue' 'mrv_123' <Predicate = true> <Delay = 0.00>
ST_1 : Operation 278 [1/1] (0.00ns)   --->   "%mrv_124 = insertvalue i1350 %mrv_123, i9 %buffer_8_5" [firmware/nnet_utils/nnet_code_gen.h:50]   --->   Operation 278 'insertvalue' 'mrv_124' <Predicate = true> <Delay = 0.00>
ST_1 : Operation 279 [1/1] (0.00ns)   --->   "%mrv_125 = insertvalue i1350 %mrv_124, i9 %buffer_8_6" [firmware/nnet_utils/nnet_code_gen.h:50]   --->   Operation 279 'insertvalue' 'mrv_125' <Predicate = true> <Delay = 0.00>
ST_1 : Operation 280 [1/1] (0.00ns)   --->   "%mrv_126 = insertvalue i1350 %mrv_125, i9 %buffer_8_7" [firmware/nnet_utils/nnet_code_gen.h:50]   --->   Operation 280 'insertvalue' 'mrv_126' <Predicate = true> <Delay = 0.00>
ST_1 : Operation 281 [1/1] (0.00ns)   --->   "%mrv_127 = insertvalue i1350 %mrv_126, i9 %buffer_8_8" [firmware/nnet_utils/nnet_code_gen.h:50]   --->   Operation 281 'insertvalue' 'mrv_127' <Predicate = true> <Delay = 0.00>
ST_1 : Operation 282 [1/1] (0.00ns)   --->   "%mrv_128 = insertvalue i1350 %mrv_127, i9 %buffer_8_9" [firmware/nnet_utils/nnet_code_gen.h:50]   --->   Operation 282 'insertvalue' 'mrv_128' <Predicate = true> <Delay = 0.00>
ST_1 : Operation 283 [1/1] (0.00ns)   --->   "%mrv_129 = insertvalue i1350 %mrv_128, i9 %buffer_8_10" [firmware/nnet_utils/nnet_code_gen.h:50]   --->   Operation 283 'insertvalue' 'mrv_129' <Predicate = true> <Delay = 0.00>
ST_1 : Operation 284 [1/1] (0.00ns)   --->   "%mrv_130 = insertvalue i1350 %mrv_129, i9 %buffer_8_11" [firmware/nnet_utils/nnet_code_gen.h:50]   --->   Operation 284 'insertvalue' 'mrv_130' <Predicate = true> <Delay = 0.00>
ST_1 : Operation 285 [1/1] (0.00ns)   --->   "%mrv_131 = insertvalue i1350 %mrv_130, i9 %buffer_8_12" [firmware/nnet_utils/nnet_code_gen.h:50]   --->   Operation 285 'insertvalue' 'mrv_131' <Predicate = true> <Delay = 0.00>
ST_1 : Operation 286 [1/1] (0.00ns)   --->   "%mrv_132 = insertvalue i1350 %mrv_131, i9 %buffer_8_13" [firmware/nnet_utils/nnet_code_gen.h:50]   --->   Operation 286 'insertvalue' 'mrv_132' <Predicate = true> <Delay = 0.00>
ST_1 : Operation 287 [1/1] (0.00ns)   --->   "%mrv_133 = insertvalue i1350 %mrv_132, i9 %buffer_8_14" [firmware/nnet_utils/nnet_code_gen.h:50]   --->   Operation 287 'insertvalue' 'mrv_133' <Predicate = true> <Delay = 0.00>
ST_1 : Operation 288 [1/1] (0.00ns)   --->   "%mrv_134 = insertvalue i1350 %mrv_133, i9 %buffer_9_s" [firmware/nnet_utils/nnet_code_gen.h:50]   --->   Operation 288 'insertvalue' 'mrv_134' <Predicate = true> <Delay = 0.00>
ST_1 : Operation 289 [1/1] (0.00ns)   --->   "%mrv_135 = insertvalue i1350 %mrv_134, i9 %buffer_9_1" [firmware/nnet_utils/nnet_code_gen.h:50]   --->   Operation 289 'insertvalue' 'mrv_135' <Predicate = true> <Delay = 0.00>
ST_1 : Operation 290 [1/1] (0.00ns)   --->   "%mrv_136 = insertvalue i1350 %mrv_135, i9 %buffer_9_2" [firmware/nnet_utils/nnet_code_gen.h:50]   --->   Operation 290 'insertvalue' 'mrv_136' <Predicate = true> <Delay = 0.00>
ST_1 : Operation 291 [1/1] (0.00ns)   --->   "%mrv_137 = insertvalue i1350 %mrv_136, i9 %buffer_9_3" [firmware/nnet_utils/nnet_code_gen.h:50]   --->   Operation 291 'insertvalue' 'mrv_137' <Predicate = true> <Delay = 0.00>
ST_1 : Operation 292 [1/1] (0.00ns)   --->   "%mrv_138 = insertvalue i1350 %mrv_137, i9 %buffer_9_4" [firmware/nnet_utils/nnet_code_gen.h:50]   --->   Operation 292 'insertvalue' 'mrv_138' <Predicate = true> <Delay = 0.00>
ST_1 : Operation 293 [1/1] (0.00ns)   --->   "%mrv_139 = insertvalue i1350 %mrv_138, i9 %buffer_9_5" [firmware/nnet_utils/nnet_code_gen.h:50]   --->   Operation 293 'insertvalue' 'mrv_139' <Predicate = true> <Delay = 0.00>
ST_1 : Operation 294 [1/1] (0.00ns)   --->   "%mrv_140 = insertvalue i1350 %mrv_139, i9 %buffer_9_6" [firmware/nnet_utils/nnet_code_gen.h:50]   --->   Operation 294 'insertvalue' 'mrv_140' <Predicate = true> <Delay = 0.00>
ST_1 : Operation 295 [1/1] (0.00ns)   --->   "%mrv_141 = insertvalue i1350 %mrv_140, i9 %buffer_9_7" [firmware/nnet_utils/nnet_code_gen.h:50]   --->   Operation 295 'insertvalue' 'mrv_141' <Predicate = true> <Delay = 0.00>
ST_1 : Operation 296 [1/1] (0.00ns)   --->   "%mrv_142 = insertvalue i1350 %mrv_141, i9 %buffer_9_8" [firmware/nnet_utils/nnet_code_gen.h:50]   --->   Operation 296 'insertvalue' 'mrv_142' <Predicate = true> <Delay = 0.00>
ST_1 : Operation 297 [1/1] (0.00ns)   --->   "%mrv_143 = insertvalue i1350 %mrv_142, i9 %buffer_9_9" [firmware/nnet_utils/nnet_code_gen.h:50]   --->   Operation 297 'insertvalue' 'mrv_143' <Predicate = true> <Delay = 0.00>
ST_1 : Operation 298 [1/1] (0.00ns)   --->   "%mrv_144 = insertvalue i1350 %mrv_143, i9 %buffer_9_10" [firmware/nnet_utils/nnet_code_gen.h:50]   --->   Operation 298 'insertvalue' 'mrv_144' <Predicate = true> <Delay = 0.00>
ST_1 : Operation 299 [1/1] (0.00ns)   --->   "%mrv_145 = insertvalue i1350 %mrv_144, i9 %buffer_9_11" [firmware/nnet_utils/nnet_code_gen.h:50]   --->   Operation 299 'insertvalue' 'mrv_145' <Predicate = true> <Delay = 0.00>
ST_1 : Operation 300 [1/1] (0.00ns)   --->   "%mrv_146 = insertvalue i1350 %mrv_145, i9 %buffer_9_12" [firmware/nnet_utils/nnet_code_gen.h:50]   --->   Operation 300 'insertvalue' 'mrv_146' <Predicate = true> <Delay = 0.00>
ST_1 : Operation 301 [1/1] (0.00ns)   --->   "%mrv_147 = insertvalue i1350 %mrv_146, i9 %buffer_9_13" [firmware/nnet_utils/nnet_code_gen.h:50]   --->   Operation 301 'insertvalue' 'mrv_147' <Predicate = true> <Delay = 0.00>
ST_1 : Operation 302 [1/1] (0.00ns)   --->   "%mrv_148 = insertvalue i1350 %mrv_147, i9 %buffer_9_14" [firmware/nnet_utils/nnet_code_gen.h:50]   --->   Operation 302 'insertvalue' 'mrv_148' <Predicate = true> <Delay = 0.00>
ST_1 : Operation 303 [1/1] (0.00ns)   --->   "%ret_ln50 = ret i1350 %mrv_148" [firmware/nnet_utils/nnet_code_gen.h:50]   --->   Operation 303 'ret' 'ret_ln50' <Predicate = true> <Delay = 0.00>


============================================================
+ Verbose Summary: Timing violations
============================================================
Target clock period: 2.8ns, clock uncertainty: 0.35ns.

 <State 1>: 0ns
The critical path consists of the following:


============================================================
+ Verbose Summary: Binding
============================================================
N/A
* FSMD analyzer results:
  - Output states:
 - Input state : 
  - Chain level:
	State 1


============================================================
+ Verbose Summary: Datapath Resource usage 
============================================================
N/A
