

================================================================
== Vitis HLS Report for 'relu_ap_fixed_16_6_0_0_0_ap_ufixed_9_0_0_0_0_relu_config14_s'
================================================================
* Date:           Thu Aug 17 12:47:19 2023

* Version:        2022.2 (Build 3670227 on Oct 13 2022)
* Project:        btag_nn_prj
* Solution:       solution1 (Vivado IP Flow Target)
* Product family: virtexuplus
* Target device:  xcvu9p-flga2104-2L-e


================================================================
== Performance Estimates
================================================================
+ Timing: 
    * Summary: 
    +--------+---------+----------+------------+
    |  Clock |  Target | Estimated| Uncertainty|
    +--------+---------+----------+------------+
    |ap_clk  |  2.80 ns|  2.243 ns|     0.35 ns|
    +--------+---------+----------+------------+

+ Latency: 
    * Summary: 
    +---------+---------+----------+----------+-----+-----+---------+
    |  Latency (cycles) |  Latency (absolute) |  Interval | Pipeline|
    |   min   |   max   |    min   |    max   | min | max |   Type  |
    +---------+---------+----------+----------+-----+-----+---------+
    |        1|        1|  2.800 ns|  2.800 ns|    1|    1|      yes|
    +---------+---------+----------+----------+-----+-----+---------+

    + Detail: 
        * Instance: 
        N/A

        * Loop: 
        N/A

============================================================
+ Verbose Summary: Synthesis Manager
============================================================
InlineROM: 1
ExposeGlobal: 0
============================================================
+ Verbose Summary: CDFG Model
============================================================
IsTopModel: 0
ResetActiveHigh: 1
IsCombinational: 2
IsDatapathOnly: 0
HasWiredReturn: 1
HasMFsm: 2
HasVarLatency: 0
IsPipeline: 1
IsRtlPipelined: 1
IsInstanceOverlapped: 0
IsDontTouch: 0
HasImplIP: 0
IsGatedGlobalClock: 0

+ Individual pipeline summary: 
  * Pipeline-0: initiation interval (II) = 1, depth = 2


============================================================
+ Verbose Summary: Schedule
============================================================
* Number of FSM states : 2
* Pipeline : 1
  Pipeline-0 : II = 1, D = 2, States = { 1 2 }
* Dataflow Pipeline: 0

* FSM state transitions: 
1 --> 2 
2 --> 

* FSM state operations: 

State 1 <SV = 0> <Delay = 2.24>
ST_1 : Operation 3 [1/1] (1.22ns)   --->   "%p_read25 = read i16 @_ssdm_op_Read.ap_auto.i16, i16 %p_read2" [firmware/nnet_utils/nnet_activation.h:42]   --->   Operation 3 'read' 'p_read25' <Predicate = true> <Delay = 1.22> <CoreInst = "FIFO_SRL">   --->   Core 81 'FIFO_SRL' <Latency = 0> <II = 1> <Delay = 1.42> <Storage> <Opcode : 'read' 'write' 'nbread' 'nbwrite'> <Ports = 0> <Width = -1> <Depth = -1> <FIFO>
ST_1 : Operation 4 [1/1] (1.22ns)   --->   "%p_read14 = read i16 @_ssdm_op_Read.ap_auto.i16, i16 %p_read1" [firmware/nnet_utils/nnet_activation.h:42]   --->   Operation 4 'read' 'p_read14' <Predicate = true> <Delay = 1.22> <CoreInst = "FIFO_SRL">   --->   Core 81 'FIFO_SRL' <Latency = 0> <II = 1> <Delay = 1.42> <Storage> <Opcode : 'read' 'write' 'nbread' 'nbwrite'> <Ports = 0> <Width = -1> <Depth = -1> <FIFO>
ST_1 : Operation 5 [1/1] (1.22ns)   --->   "%p_read_220 = read i16 @_ssdm_op_Read.ap_auto.i16, i16 %p_read" [firmware/nnet_utils/nnet_activation.h:42]   --->   Operation 5 'read' 'p_read_220' <Predicate = true> <Delay = 1.22> <CoreInst = "FIFO_SRL">   --->   Core 81 'FIFO_SRL' <Latency = 0> <II = 1> <Delay = 1.42> <Storage> <Opcode : 'read' 'write' 'nbread' 'nbwrite'> <Ports = 0> <Width = -1> <Depth = -1> <FIFO>
ST_1 : Operation 6 [1/1] (0.67ns)   --->   "%icmp_ln1649 = icmp_sgt  i16 %p_read_220, i16 0"   --->   Operation 6 'icmp' 'icmp_ln1649' <Predicate = true> <Delay = 0.67> <CoreInst = "Cmp">   --->   Core 9 'Cmp' <Latency = 0> <II = 1> <Delay = 0.67> <FuncUnit> <Opcode : 'icmp'> <InPorts = 2> <OutPorts = 1>
ST_1 : Operation 7 [1/1] (0.00ns)   --->   "%p_Val2_s = partselect i9 @_ssdm_op_PartSelect.i9.i16.i32.i32, i16 %p_read_220, i32 1, i32 9"   --->   Operation 7 'partselect' 'p_Val2_s' <Predicate = true> <Delay = 0.00>
ST_1 : Operation 8 [1/1] (0.00ns)   --->   "%trunc_ln823 = trunc i16 %p_read_220"   --->   Operation 8 'trunc' 'trunc_ln823' <Predicate = true> <Delay = 0.00>
ST_1 : Operation 9 [1/1] (0.00ns) (grouped into LUT with out node select_ln302)   --->   "%p_Result_s = bitselect i1 @_ssdm_op_BitSelect.i1.i16.i32, i16 %p_read_220, i32 9"   --->   Operation 9 'bitselect' 'p_Result_s' <Predicate = true> <Delay = 0.00>
ST_1 : Operation 10 [1/1] (0.00ns)   --->   "%zext_ln377 = zext i1 %trunc_ln823"   --->   Operation 10 'zext' 'zext_ln377' <Predicate = true> <Delay = 0.00>
ST_1 : Operation 11 [1/1] (0.71ns)   --->   "%p_Val2_459 = add i9 %p_Val2_s, i9 %zext_ln377"   --->   Operation 11 'add' 'p_Val2_459' <Predicate = true> <Delay = 0.71> <CoreInst = "Adder">   --->   Core 1 'Adder' <Latency = 0> <II = 1> <Delay = 0.71> <FuncUnit> <Opcode : 'add' 'sub'> <InPorts = 2> <OutPorts = 1>
ST_1 : Operation 12 [1/1] (0.00ns)   --->   "%tmp7 = partselect i6 @_ssdm_op_PartSelect.i6.i16.i32.i32, i16 %p_read_220, i32 10, i32 15"   --->   Operation 12 'partselect' 'tmp7' <Predicate = true> <Delay = 0.00>
ST_1 : Operation 13 [1/1] (0.61ns)   --->   "%Range1_all_ones = icmp_eq  i6 %tmp7, i6 63"   --->   Operation 13 'icmp' 'Range1_all_ones' <Predicate = true> <Delay = 0.61> <CoreInst = "Cmp">   --->   Core 9 'Cmp' <Latency = 0> <II = 1> <Delay = 0.61> <FuncUnit> <Opcode : 'icmp'> <InPorts = 2> <OutPorts = 1>
ST_1 : Operation 14 [1/1] (0.61ns)   --->   "%Range1_all_zeros = icmp_eq  i6 %tmp7, i6 0"   --->   Operation 14 'icmp' 'Range1_all_zeros' <Predicate = true> <Delay = 0.61> <CoreInst = "Cmp">   --->   Core 9 'Cmp' <Latency = 0> <II = 1> <Delay = 0.61> <FuncUnit> <Opcode : 'icmp'> <InPorts = 2> <OutPorts = 1>
ST_1 : Operation 15 [1/1] (0.00ns) (grouped into LUT with out node select_ln302)   --->   "%tmp = bitselect i1 @_ssdm_op_BitSelect.i1.i9.i32, i9 %p_Val2_459, i32 8"   --->   Operation 15 'bitselect' 'tmp' <Predicate = true> <Delay = 0.00>
ST_1 : Operation 16 [1/1] (0.00ns) (grouped into LUT with out node select_ln302)   --->   "%select_ln888 = select i1 %tmp, i1 %Range1_all_zeros, i1 %Range1_all_ones"   --->   Operation 16 'select' 'select_ln888' <Predicate = true> <Delay = 0.00> <CoreInst = "Sel">   --->   Core 73 'Sel' <Latency = 0> <II = 1> <Delay = 0.27> <FuncUnit> <Opcode : 'select'> <InPorts = 3> <OutPorts = 1>
ST_1 : Operation 17 [1/1] (0.00ns) (grouped into LUT with out node select_ln302)   --->   "%deleted_zeros = select i1 %p_Result_s, i1 %select_ln888, i1 %Range1_all_zeros"   --->   Operation 17 'select' 'deleted_zeros' <Predicate = true> <Delay = 0.00> <CoreInst = "Sel">   --->   Core 73 'Sel' <Latency = 0> <II = 1> <Delay = 0.27> <FuncUnit> <Opcode : 'select'> <InPorts = 3> <OutPorts = 1>
ST_1 : Operation 18 [1/1] (0.30ns) (out node of the LUT)   --->   "%select_ln302 = select i1 %deleted_zeros, i9 %p_Val2_459, i9 511"   --->   Operation 18 'select' 'select_ln302' <Predicate = true> <Delay = 0.30> <CoreInst = "Sel">   --->   Core 73 'Sel' <Latency = 0> <II = 1> <Delay = 0.30> <FuncUnit> <Opcode : 'select'> <InPorts = 3> <OutPorts = 1>
ST_1 : Operation 19 [1/1] (0.67ns)   --->   "%icmp_ln1649_229 = icmp_sgt  i16 %p_read14, i16 0"   --->   Operation 19 'icmp' 'icmp_ln1649_229' <Predicate = true> <Delay = 0.67> <CoreInst = "Cmp">   --->   Core 9 'Cmp' <Latency = 0> <II = 1> <Delay = 0.67> <FuncUnit> <Opcode : 'icmp'> <InPorts = 2> <OutPorts = 1>
ST_1 : Operation 20 [1/1] (0.00ns)   --->   "%p_Val2_460 = partselect i9 @_ssdm_op_PartSelect.i9.i16.i32.i32, i16 %p_read14, i32 1, i32 9"   --->   Operation 20 'partselect' 'p_Val2_460' <Predicate = true> <Delay = 0.00>
ST_1 : Operation 21 [1/1] (0.00ns)   --->   "%trunc_ln823_229 = trunc i16 %p_read14"   --->   Operation 21 'trunc' 'trunc_ln823_229' <Predicate = true> <Delay = 0.00>
ST_1 : Operation 22 [1/1] (0.00ns) (grouped into LUT with out node select_ln302_229)   --->   "%p_Result_229 = bitselect i1 @_ssdm_op_BitSelect.i1.i16.i32, i16 %p_read14, i32 9"   --->   Operation 22 'bitselect' 'p_Result_229' <Predicate = true> <Delay = 0.00>
ST_1 : Operation 23 [1/1] (0.00ns)   --->   "%zext_ln377_229 = zext i1 %trunc_ln823_229"   --->   Operation 23 'zext' 'zext_ln377_229' <Predicate = true> <Delay = 0.00>
ST_1 : Operation 24 [1/1] (0.71ns)   --->   "%p_Val2_461 = add i9 %p_Val2_460, i9 %zext_ln377_229"   --->   Operation 24 'add' 'p_Val2_461' <Predicate = true> <Delay = 0.71> <CoreInst = "Adder">   --->   Core 1 'Adder' <Latency = 0> <II = 1> <Delay = 0.71> <FuncUnit> <Opcode : 'add' 'sub'> <InPorts = 2> <OutPorts = 1>
ST_1 : Operation 25 [1/1] (0.00ns)   --->   "%tmp_12 = partselect i6 @_ssdm_op_PartSelect.i6.i16.i32.i32, i16 %p_read14, i32 10, i32 15"   --->   Operation 25 'partselect' 'tmp_12' <Predicate = true> <Delay = 0.00>
ST_1 : Operation 26 [1/1] (0.61ns)   --->   "%Range1_all_ones_229 = icmp_eq  i6 %tmp_12, i6 63"   --->   Operation 26 'icmp' 'Range1_all_ones_229' <Predicate = true> <Delay = 0.61> <CoreInst = "Cmp">   --->   Core 9 'Cmp' <Latency = 0> <II = 1> <Delay = 0.61> <FuncUnit> <Opcode : 'icmp'> <InPorts = 2> <OutPorts = 1>
ST_1 : Operation 27 [1/1] (0.61ns)   --->   "%Range1_all_zeros_229 = icmp_eq  i6 %tmp_12, i6 0"   --->   Operation 27 'icmp' 'Range1_all_zeros_229' <Predicate = true> <Delay = 0.61> <CoreInst = "Cmp">   --->   Core 9 'Cmp' <Latency = 0> <II = 1> <Delay = 0.61> <FuncUnit> <Opcode : 'icmp'> <InPorts = 2> <OutPorts = 1>
ST_1 : Operation 28 [1/1] (0.00ns) (grouped into LUT with out node select_ln302_229)   --->   "%tmp_491 = bitselect i1 @_ssdm_op_BitSelect.i1.i9.i32, i9 %p_Val2_461, i32 8"   --->   Operation 28 'bitselect' 'tmp_491' <Predicate = true> <Delay = 0.00>
ST_1 : Operation 29 [1/1] (0.00ns) (grouped into LUT with out node select_ln302_229)   --->   "%select_ln888_229 = select i1 %tmp_491, i1 %Range1_all_zeros_229, i1 %Range1_all_ones_229"   --->   Operation 29 'select' 'select_ln888_229' <Predicate = true> <Delay = 0.00> <CoreInst = "Sel">   --->   Core 73 'Sel' <Latency = 0> <II = 1> <Delay = 0.27> <FuncUnit> <Opcode : 'select'> <InPorts = 3> <OutPorts = 1>
ST_1 : Operation 30 [1/1] (0.00ns) (grouped into LUT with out node select_ln302_229)   --->   "%deleted_zeros_229 = select i1 %p_Result_229, i1 %select_ln888_229, i1 %Range1_all_zeros_229"   --->   Operation 30 'select' 'deleted_zeros_229' <Predicate = true> <Delay = 0.00> <CoreInst = "Sel">   --->   Core 73 'Sel' <Latency = 0> <II = 1> <Delay = 0.27> <FuncUnit> <Opcode : 'select'> <InPorts = 3> <OutPorts = 1>
ST_1 : Operation 31 [1/1] (0.30ns) (out node of the LUT)   --->   "%select_ln302_229 = select i1 %deleted_zeros_229, i9 %p_Val2_461, i9 511"   --->   Operation 31 'select' 'select_ln302_229' <Predicate = true> <Delay = 0.30> <CoreInst = "Sel">   --->   Core 73 'Sel' <Latency = 0> <II = 1> <Delay = 0.30> <FuncUnit> <Opcode : 'select'> <InPorts = 3> <OutPorts = 1>
ST_1 : Operation 32 [1/1] (0.67ns)   --->   "%icmp_ln1649_230 = icmp_sgt  i16 %p_read25, i16 0"   --->   Operation 32 'icmp' 'icmp_ln1649_230' <Predicate = true> <Delay = 0.67> <CoreInst = "Cmp">   --->   Core 9 'Cmp' <Latency = 0> <II = 1> <Delay = 0.67> <FuncUnit> <Opcode : 'icmp'> <InPorts = 2> <OutPorts = 1>
ST_1 : Operation 33 [1/1] (0.00ns)   --->   "%p_Val2_462 = partselect i9 @_ssdm_op_PartSelect.i9.i16.i32.i32, i16 %p_read25, i32 1, i32 9"   --->   Operation 33 'partselect' 'p_Val2_462' <Predicate = true> <Delay = 0.00>
ST_1 : Operation 34 [1/1] (0.00ns)   --->   "%trunc_ln823_230 = trunc i16 %p_read25"   --->   Operation 34 'trunc' 'trunc_ln823_230' <Predicate = true> <Delay = 0.00>
ST_1 : Operation 35 [1/1] (0.00ns) (grouped into LUT with out node select_ln302_230)   --->   "%p_Result_230 = bitselect i1 @_ssdm_op_BitSelect.i1.i16.i32, i16 %p_read25, i32 9"   --->   Operation 35 'bitselect' 'p_Result_230' <Predicate = true> <Delay = 0.00>
ST_1 : Operation 36 [1/1] (0.00ns)   --->   "%zext_ln377_230 = zext i1 %trunc_ln823_230"   --->   Operation 36 'zext' 'zext_ln377_230' <Predicate = true> <Delay = 0.00>
ST_1 : Operation 37 [1/1] (0.71ns)   --->   "%p_Val2_463 = add i9 %p_Val2_462, i9 %zext_ln377_230"   --->   Operation 37 'add' 'p_Val2_463' <Predicate = true> <Delay = 0.71> <CoreInst = "Adder">   --->   Core 1 'Adder' <Latency = 0> <II = 1> <Delay = 0.71> <FuncUnit> <Opcode : 'add' 'sub'> <InPorts = 2> <OutPorts = 1>
ST_1 : Operation 38 [1/1] (0.00ns)   --->   "%tmp_s = partselect i6 @_ssdm_op_PartSelect.i6.i16.i32.i32, i16 %p_read25, i32 10, i32 15"   --->   Operation 38 'partselect' 'tmp_s' <Predicate = true> <Delay = 0.00>
ST_1 : Operation 39 [1/1] (0.61ns)   --->   "%Range1_all_ones_230 = icmp_eq  i6 %tmp_s, i6 63"   --->   Operation 39 'icmp' 'Range1_all_ones_230' <Predicate = true> <Delay = 0.61> <CoreInst = "Cmp">   --->   Core 9 'Cmp' <Latency = 0> <II = 1> <Delay = 0.61> <FuncUnit> <Opcode : 'icmp'> <InPorts = 2> <OutPorts = 1>
ST_1 : Operation 40 [1/1] (0.61ns)   --->   "%Range1_all_zeros_230 = icmp_eq  i6 %tmp_s, i6 0"   --->   Operation 40 'icmp' 'Range1_all_zeros_230' <Predicate = true> <Delay = 0.61> <CoreInst = "Cmp">   --->   Core 9 'Cmp' <Latency = 0> <II = 1> <Delay = 0.61> <FuncUnit> <Opcode : 'icmp'> <InPorts = 2> <OutPorts = 1>
ST_1 : Operation 41 [1/1] (0.00ns) (grouped into LUT with out node select_ln302_230)   --->   "%tmp_493 = bitselect i1 @_ssdm_op_BitSelect.i1.i9.i32, i9 %p_Val2_463, i32 8"   --->   Operation 41 'bitselect' 'tmp_493' <Predicate = true> <Delay = 0.00>
ST_1 : Operation 42 [1/1] (0.00ns) (grouped into LUT with out node select_ln302_230)   --->   "%select_ln888_230 = select i1 %tmp_493, i1 %Range1_all_zeros_230, i1 %Range1_all_ones_230"   --->   Operation 42 'select' 'select_ln888_230' <Predicate = true> <Delay = 0.00> <CoreInst = "Sel">   --->   Core 73 'Sel' <Latency = 0> <II = 1> <Delay = 0.27> <FuncUnit> <Opcode : 'select'> <InPorts = 3> <OutPorts = 1>
ST_1 : Operation 43 [1/1] (0.00ns) (grouped into LUT with out node select_ln302_230)   --->   "%deleted_zeros_230 = select i1 %p_Result_230, i1 %select_ln888_230, i1 %Range1_all_zeros_230"   --->   Operation 43 'select' 'deleted_zeros_230' <Predicate = true> <Delay = 0.00> <CoreInst = "Sel">   --->   Core 73 'Sel' <Latency = 0> <II = 1> <Delay = 0.27> <FuncUnit> <Opcode : 'select'> <InPorts = 3> <OutPorts = 1>
ST_1 : Operation 44 [1/1] (0.30ns) (out node of the LUT)   --->   "%select_ln302_230 = select i1 %deleted_zeros_230, i9 %p_Val2_463, i9 511"   --->   Operation 44 'select' 'select_ln302_230' <Predicate = true> <Delay = 0.30> <CoreInst = "Sel">   --->   Core 73 'Sel' <Latency = 0> <II = 1> <Delay = 0.30> <FuncUnit> <Opcode : 'select'> <InPorts = 3> <OutPorts = 1>

State 2 <SV = 1> <Delay = 0.30>
ST_2 : Operation 45 [1/1] (0.00ns)   --->   "%specpipeline_ln40 = specpipeline void @_ssdm_op_SpecPipeline, i32 4294967295, i32 0, i32 0, i32 0, void @empty_0" [firmware/nnet_utils/nnet_activation.h:40]   --->   Operation 45 'specpipeline' 'specpipeline_ln40' <Predicate = true> <Delay = 0.00>
ST_2 : Operation 46 [1/1] (0.30ns) (out node of the LUT)   --->   "%select_ln1649 = select i1 %icmp_ln1649, i9 %select_ln302, i9 0"   --->   Operation 46 'select' 'select_ln1649' <Predicate = true> <Delay = 0.30> <CoreInst = "Sel">   --->   Core 73 'Sel' <Latency = 0> <II = 1> <Delay = 0.30> <FuncUnit> <Opcode : 'select'> <InPorts = 3> <OutPorts = 1>
ST_2 : Operation 47 [1/1] (0.30ns) (out node of the LUT)   --->   "%select_ln1649_229 = select i1 %icmp_ln1649_229, i9 %select_ln302_229, i9 0"   --->   Operation 47 'select' 'select_ln1649_229' <Predicate = true> <Delay = 0.30> <CoreInst = "Sel">   --->   Core 73 'Sel' <Latency = 0> <II = 1> <Delay = 0.30> <FuncUnit> <Opcode : 'select'> <InPorts = 3> <OutPorts = 1>
ST_2 : Operation 48 [1/1] (0.30ns) (out node of the LUT)   --->   "%select_ln1649_230 = select i1 %icmp_ln1649_230, i9 %select_ln302_230, i9 0"   --->   Operation 48 'select' 'select_ln1649_230' <Predicate = true> <Delay = 0.30> <CoreInst = "Sel">   --->   Core 73 'Sel' <Latency = 0> <II = 1> <Delay = 0.30> <FuncUnit> <Opcode : 'select'> <InPorts = 3> <OutPorts = 1>
ST_2 : Operation 49 [1/1] (0.00ns)   --->   "%mrv = insertvalue i27 <undef>, i9 %select_ln1649" [firmware/nnet_utils/nnet_activation.h:50]   --->   Operation 49 'insertvalue' 'mrv' <Predicate = true> <Delay = 0.00>
ST_2 : Operation 50 [1/1] (0.00ns)   --->   "%mrv_1 = insertvalue i27 %mrv, i9 %select_ln1649_229" [firmware/nnet_utils/nnet_activation.h:50]   --->   Operation 50 'insertvalue' 'mrv_1' <Predicate = true> <Delay = 0.00>
ST_2 : Operation 51 [1/1] (0.00ns)   --->   "%mrv_2 = insertvalue i27 %mrv_1, i9 %select_ln1649_230" [firmware/nnet_utils/nnet_activation.h:50]   --->   Operation 51 'insertvalue' 'mrv_2' <Predicate = true> <Delay = 0.00>
ST_2 : Operation 52 [1/1] (0.00ns)   --->   "%ret_ln50 = ret i27 %mrv_2" [firmware/nnet_utils/nnet_activation.h:50]   --->   Operation 52 'ret' 'ret_ln50' <Predicate = true> <Delay = 0.00>


============================================================
+ Verbose Summary: Binding
============================================================
STG Binding: 
---------------- STG Properties BEGIN ----------------
- Is combinational: 0
- Is one-state seq: 0
- Is datapath-only: 0
- Is pipelined: 1
- Is top level: 0
Port [ Return ] is wired: 1; IO mode=ap_ctrl_hs:ce=0
Port [ p_read]:  wired=1; compound=0; hidden=0; nouse=0; global=0; static=0; extern=0; dir=0; type=0; pingpong=0; private_global=0; IO mode=ap_none:ce=0
Port [ p_read1]:  wired=1; compound=0; hidden=0; nouse=0; global=0; static=0; extern=0; dir=0; type=0; pingpong=0; private_global=0; IO mode=ap_none:ce=0
Port [ p_read2]:  wired=1; compound=0; hidden=0; nouse=0; global=0; static=0; extern=0; dir=0; type=0; pingpong=0; private_global=0; IO mode=ap_none:ce=0
---------------- STG Properties END ------------------

---------------- Datapath Model BEGIN ----------------

<LifeTime>
<method=bitvector/>
p_read25             (read        ) [ 000]
p_read14             (read        ) [ 000]
p_read_220           (read        ) [ 000]
icmp_ln1649          (icmp        ) [ 011]
p_Val2_s             (partselect  ) [ 000]
trunc_ln823          (trunc       ) [ 000]
p_Result_s           (bitselect   ) [ 000]
zext_ln377           (zext        ) [ 000]
p_Val2_459           (add         ) [ 000]
tmp7                 (partselect  ) [ 000]
Range1_all_ones      (icmp        ) [ 000]
Range1_all_zeros     (icmp        ) [ 000]
tmp                  (bitselect   ) [ 000]
select_ln888         (select      ) [ 000]
deleted_zeros        (select      ) [ 000]
select_ln302         (select      ) [ 011]
icmp_ln1649_229      (icmp        ) [ 011]
p_Val2_460           (partselect  ) [ 000]
trunc_ln823_229      (trunc       ) [ 000]
p_Result_229         (bitselect   ) [ 000]
zext_ln377_229       (zext        ) [ 000]
p_Val2_461           (add         ) [ 000]
tmp_12               (partselect  ) [ 000]
Range1_all_ones_229  (icmp        ) [ 000]
Range1_all_zeros_229 (icmp        ) [ 000]
tmp_491              (bitselect   ) [ 000]
select_ln888_229     (select      ) [ 000]
deleted_zeros_229    (select      ) [ 000]
select_ln302_229     (select      ) [ 011]
icmp_ln1649_230      (icmp        ) [ 011]
p_Val2_462           (partselect  ) [ 000]
trunc_ln823_230      (trunc       ) [ 000]
p_Result_230         (bitselect   ) [ 000]
zext_ln377_230       (zext        ) [ 000]
p_Val2_463           (add         ) [ 000]
tmp_s                (partselect  ) [ 000]
Range1_all_ones_230  (icmp        ) [ 000]
Range1_all_zeros_230 (icmp        ) [ 000]
tmp_493              (bitselect   ) [ 000]
select_ln888_230     (select      ) [ 000]
deleted_zeros_230    (select      ) [ 000]
select_ln302_230     (select      ) [ 011]
specpipeline_ln40    (specpipeline) [ 000]
select_ln1649        (select      ) [ 000]
select_ln1649_229    (select      ) [ 000]
select_ln1649_230    (select      ) [ 000]
mrv                  (insertvalue ) [ 000]
mrv_1                (insertvalue ) [ 000]
mrv_2                (insertvalue ) [ 000]
ret_ln50             (ret         ) [ 000]
</LifeTime>

<model>

<comp_list>
<comp id="0" class="1000" name="p_read">
<pin_list>
<pin id="1" dir="1" index="0" bw="1" slack="0"/>
</pin_list>
<bind>
<StgValue><ssdm name="p_read"/></StgValue>
</bind>
</comp>

<comp id="2" class="1000" name="p_read1">
<pin_list>
<pin id="3" dir="1" index="0" bw="1" slack="0"/>
</pin_list>
<bind>
<StgValue><ssdm name="p_read1"/></StgValue>
</bind>
</comp>

<comp id="4" class="1000" name="p_read2">
<pin_list>
<pin id="5" dir="1" index="0" bw="1" slack="0"/>
</pin_list>
<bind>
<StgValue><ssdm name="p_read2"/></StgValue>
</bind>
</comp>

<comp id="6" class="1001" name="const_6">
<pin_list>
<pin id="7" dir="1" index="0" bw="1" slack="0"/>
</pin_list>
<bind>
<StgValue><ssdm name="_ssdm_op_Read.ap_auto.i16"/></StgValue>
</bind>
</comp>

<comp id="8" class="1001" name="const_8">
<pin_list>
<pin id="9" dir="1" index="0" bw="1" slack="0"/>
</pin_list>
<bind>
<StgValue><ssdm name=""/></StgValue>
</bind>
</comp>

<comp id="10" class="1001" name="const_10">
<pin_list>
<pin id="11" dir="1" index="0" bw="1" slack="0"/>
</pin_list>
<bind>
<StgValue><ssdm name="_ssdm_op_PartSelect.i9.i16.i32.i32"/></StgValue>
</bind>
</comp>

<comp id="12" class="1001" name="const_12">
<pin_list>
<pin id="13" dir="1" index="0" bw="1" slack="0"/>
</pin_list>
<bind>
<StgValue><ssdm name=""/></StgValue>
</bind>
</comp>

<comp id="14" class="1001" name="const_14">
<pin_list>
<pin id="15" dir="1" index="0" bw="1" slack="0"/>
</pin_list>
<bind>
<StgValue><ssdm name=""/></StgValue>
</bind>
</comp>

<comp id="16" class="1001" name="const_16">
<pin_list>
<pin id="17" dir="1" index="0" bw="1" slack="0"/>
</pin_list>
<bind>
<StgValue><ssdm name="_ssdm_op_BitSelect.i1.i16.i32"/></StgValue>
</bind>
</comp>

<comp id="18" class="1001" name="const_18">
<pin_list>
<pin id="19" dir="1" index="0" bw="1" slack="0"/>
</pin_list>
<bind>
<StgValue><ssdm name="_ssdm_op_PartSelect.i6.i16.i32.i32"/></StgValue>
</bind>
</comp>

<comp id="20" class="1001" name="const_20">
<pin_list>
<pin id="21" dir="1" index="0" bw="1" slack="0"/>
</pin_list>
<bind>
<StgValue><ssdm name=""/></StgValue>
</bind>
</comp>

<comp id="22" class="1001" name="const_22">
<pin_list>
<pin id="23" dir="1" index="0" bw="1" slack="0"/>
</pin_list>
<bind>
<StgValue><ssdm name=""/></StgValue>
</bind>
</comp>

<comp id="24" class="1001" name="const_24">
<pin_list>
<pin id="25" dir="1" index="0" bw="1" slack="0"/>
</pin_list>
<bind>
<StgValue><ssdm name=""/></StgValue>
</bind>
</comp>

<comp id="26" class="1001" name="const_26">
<pin_list>
<pin id="27" dir="1" index="0" bw="1" slack="0"/>
</pin_list>
<bind>
<StgValue><ssdm name=""/></StgValue>
</bind>
</comp>

<comp id="28" class="1001" name="const_28">
<pin_list>
<pin id="29" dir="1" index="0" bw="1" slack="0"/>
</pin_list>
<bind>
<StgValue><ssdm name="_ssdm_op_BitSelect.i1.i9.i32"/></StgValue>
</bind>
</comp>

<comp id="30" class="1001" name="const_30">
<pin_list>
<pin id="31" dir="1" index="0" bw="1" slack="0"/>
</pin_list>
<bind>
<StgValue><ssdm name=""/></StgValue>
</bind>
</comp>

<comp id="32" class="1001" name="const_32">
<pin_list>
<pin id="33" dir="1" index="0" bw="1" slack="0"/>
</pin_list>
<bind>
<StgValue><ssdm name=""/></StgValue>
</bind>
</comp>

<comp id="34" class="1001" name="const_34">
<pin_list>
<pin id="35" dir="1" index="0" bw="1" slack="2147483647"/>
</pin_list>
<bind>
<StgValue><ssdm name="_ssdm_op_SpecPipeline"/></StgValue>
</bind>
</comp>

<comp id="36" class="1001" name="const_36">
<pin_list>
<pin id="37" dir="1" index="0" bw="1" slack="2147483647"/>
</pin_list>
<bind>
<StgValue><ssdm name=""/></StgValue>
</bind>
</comp>

<comp id="38" class="1001" name="const_38">
<pin_list>
<pin id="39" dir="1" index="0" bw="1" slack="2147483647"/>
</pin_list>
<bind>
<StgValue><ssdm name=""/></StgValue>
</bind>
</comp>

<comp id="40" class="1001" name="const_40">
<pin_list>
<pin id="41" dir="1" index="0" bw="1" slack="2147483647"/>
</pin_list>
<bind>
<StgValue><ssdm name="empty_0"/></StgValue>
</bind>
</comp>

<comp id="42" class="1001" name="const_42">
<pin_list>
<pin id="43" dir="1" index="0" bw="1" slack="0"/>
</pin_list>
<bind>
<StgValue><ssdm name=""/></StgValue>
</bind>
</comp>

<comp id="44" class="1001" name="const_44">
<pin_list>
<pin id="45" dir="1" index="0" bw="1" slack="0"/>
</pin_list>
<bind>
<StgValue><ssdm name=""/></StgValue>
</bind>
</comp>

<comp id="46" class="1004" name="p_read25_read_fu_46">
<pin_list>
<pin id="47" dir="0" index="0" bw="16" slack="0"/>
<pin id="48" dir="0" index="1" bw="16" slack="0"/>
<pin id="49" dir="1" index="2" bw="16" slack="0"/>
</pin_list>
<bind>
<opcode="read(1150) " fcode="read"/>
<opset="p_read25/1 "/>
</bind>
</comp>

<comp id="52" class="1004" name="p_read14_read_fu_52">
<pin_list>
<pin id="53" dir="0" index="0" bw="16" slack="0"/>
<pin id="54" dir="0" index="1" bw="16" slack="0"/>
<pin id="55" dir="1" index="2" bw="16" slack="0"/>
</pin_list>
<bind>
<opcode="read(1150) " fcode="read"/>
<opset="p_read14/1 "/>
</bind>
</comp>

<comp id="58" class="1004" name="p_read_220_read_fu_58">
<pin_list>
<pin id="59" dir="0" index="0" bw="16" slack="0"/>
<pin id="60" dir="0" index="1" bw="16" slack="0"/>
<pin id="61" dir="1" index="2" bw="16" slack="0"/>
</pin_list>
<bind>
<opcode="read(1150) " fcode="read"/>
<opset="p_read_220/1 "/>
</bind>
</comp>

<comp id="64" class="1004" name="icmp_ln1649_fu_64">
<pin_list>
<pin id="65" dir="0" index="0" bw="16" slack="0"/>
<pin id="66" dir="0" index="1" bw="1" slack="0"/>
<pin id="67" dir="1" index="2" bw="1" slack="1"/>
</pin_list>
<bind>
<opcode="icmp(45) " fcode="icmp"/>
<opset="icmp_ln1649/1 "/>
</bind>
</comp>

<comp id="70" class="1004" name="p_Val2_s_fu_70">
<pin_list>
<pin id="71" dir="0" index="0" bw="9" slack="0"/>
<pin id="72" dir="0" index="1" bw="16" slack="0"/>
<pin id="73" dir="0" index="2" bw="1" slack="0"/>
<pin id="74" dir="0" index="3" bw="5" slack="0"/>
<pin id="75" dir="1" index="4" bw="9" slack="0"/>
</pin_list>
<bind>
<opcode="partselect(1002) " fcode="partselect"/>
<opset="p_Val2_s/1 "/>
</bind>
</comp>

<comp id="80" class="1004" name="trunc_ln823_fu_80">
<pin_list>
<pin id="81" dir="0" index="0" bw="16" slack="0"/>
<pin id="82" dir="1" index="1" bw="1" slack="0"/>
</pin_list>
<bind>
<opcode="trunc(33) " fcode="trunc"/>
<opset="trunc_ln823/1 "/>
</bind>
</comp>

<comp id="84" class="1004" name="p_Result_s_fu_84">
<pin_list>
<pin id="85" dir="0" index="0" bw="1" slack="0"/>
<pin id="86" dir="0" index="1" bw="16" slack="0"/>
<pin id="87" dir="0" index="2" bw="5" slack="0"/>
<pin id="88" dir="1" index="3" bw="1" slack="0"/>
</pin_list>
<bind>
<opcode="bitselect(1000) " fcode="bitselect"/>
<opset="p_Result_s/1 "/>
</bind>
</comp>

<comp id="92" class="1004" name="zext_ln377_fu_92">
<pin_list>
<pin id="93" dir="0" index="0" bw="1" slack="0"/>
<pin id="94" dir="1" index="1" bw="9" slack="0"/>
</pin_list>
<bind>
<opcode="zext(34) " fcode="zext"/>
<opset="zext_ln377/1 "/>
</bind>
</comp>

<comp id="96" class="1004" name="p_Val2_459_fu_96">
<pin_list>
<pin id="97" dir="0" index="0" bw="9" slack="0"/>
<pin id="98" dir="0" index="1" bw="1" slack="0"/>
<pin id="99" dir="1" index="2" bw="9" slack="0"/>
</pin_list>
<bind>
<opcode="add(8) " fcode="add"/>
<opset="p_Val2_459/1 "/>
</bind>
</comp>

<comp id="102" class="1004" name="tmp7_fu_102">
<pin_list>
<pin id="103" dir="0" index="0" bw="6" slack="0"/>
<pin id="104" dir="0" index="1" bw="16" slack="0"/>
<pin id="105" dir="0" index="2" bw="5" slack="0"/>
<pin id="106" dir="0" index="3" bw="5" slack="0"/>
<pin id="107" dir="1" index="4" bw="6" slack="0"/>
</pin_list>
<bind>
<opcode="partselect(1002) " fcode="partselect"/>
<opset="tmp7/1 "/>
</bind>
</comp>

<comp id="112" class="1004" name="Range1_all_ones_fu_112">
<pin_list>
<pin id="113" dir="0" index="0" bw="6" slack="0"/>
<pin id="114" dir="0" index="1" bw="1" slack="0"/>
<pin id="115" dir="1" index="2" bw="1" slack="0"/>
</pin_list>
<bind>
<opcode="icmp(45) " fcode="icmp"/>
<opset="Range1_all_ones/1 "/>
</bind>
</comp>

<comp id="118" class="1004" name="Range1_all_zeros_fu_118">
<pin_list>
<pin id="119" dir="0" index="0" bw="6" slack="0"/>
<pin id="120" dir="0" index="1" bw="1" slack="0"/>
<pin id="121" dir="1" index="2" bw="1" slack="0"/>
</pin_list>
<bind>
<opcode="icmp(45) " fcode="icmp"/>
<opset="Range1_all_zeros/1 "/>
</bind>
</comp>

<comp id="124" class="1004" name="tmp_fu_124">
<pin_list>
<pin id="125" dir="0" index="0" bw="1" slack="0"/>
<pin id="126" dir="0" index="1" bw="9" slack="0"/>
<pin id="127" dir="0" index="2" bw="5" slack="0"/>
<pin id="128" dir="1" index="3" bw="1" slack="0"/>
</pin_list>
<bind>
<opcode="bitselect(1000) " fcode="bitselect"/>
<opset="tmp/1 "/>
</bind>
</comp>

<comp id="132" class="1004" name="select_ln888_fu_132">
<pin_list>
<pin id="133" dir="0" index="0" bw="1" slack="0"/>
<pin id="134" dir="0" index="1" bw="1" slack="0"/>
<pin id="135" dir="0" index="2" bw="1" slack="0"/>
<pin id="136" dir="1" index="3" bw="1" slack="0"/>
</pin_list>
<bind>
<opcode="select(49) " fcode="select"/>
<opset="select_ln888/1 "/>
</bind>
</comp>

<comp id="140" class="1004" name="deleted_zeros_fu_140">
<pin_list>
<pin id="141" dir="0" index="0" bw="1" slack="0"/>
<pin id="142" dir="0" index="1" bw="1" slack="0"/>
<pin id="143" dir="0" index="2" bw="1" slack="0"/>
<pin id="144" dir="1" index="3" bw="1" slack="0"/>
</pin_list>
<bind>
<opcode="select(49) " fcode="select"/>
<opset="deleted_zeros/1 "/>
</bind>
</comp>

<comp id="148" class="1004" name="select_ln302_fu_148">
<pin_list>
<pin id="149" dir="0" index="0" bw="1" slack="0"/>
<pin id="150" dir="0" index="1" bw="9" slack="0"/>
<pin id="151" dir="0" index="2" bw="1" slack="0"/>
<pin id="152" dir="1" index="3" bw="9" slack="1"/>
</pin_list>
<bind>
<opcode="select(49) " fcode="select"/>
<opset="select_ln302/1 "/>
</bind>
</comp>

<comp id="156" class="1004" name="icmp_ln1649_229_fu_156">
<pin_list>
<pin id="157" dir="0" index="0" bw="16" slack="0"/>
<pin id="158" dir="0" index="1" bw="1" slack="0"/>
<pin id="159" dir="1" index="2" bw="1" slack="1"/>
</pin_list>
<bind>
<opcode="icmp(45) " fcode="icmp"/>
<opset="icmp_ln1649_229/1 "/>
</bind>
</comp>

<comp id="162" class="1004" name="p_Val2_460_fu_162">
<pin_list>
<pin id="163" dir="0" index="0" bw="9" slack="0"/>
<pin id="164" dir="0" index="1" bw="16" slack="0"/>
<pin id="165" dir="0" index="2" bw="1" slack="0"/>
<pin id="166" dir="0" index="3" bw="5" slack="0"/>
<pin id="167" dir="1" index="4" bw="9" slack="0"/>
</pin_list>
<bind>
<opcode="partselect(1002) " fcode="partselect"/>
<opset="p_Val2_460/1 "/>
</bind>
</comp>

<comp id="172" class="1004" name="trunc_ln823_229_fu_172">
<pin_list>
<pin id="173" dir="0" index="0" bw="16" slack="0"/>
<pin id="174" dir="1" index="1" bw="1" slack="0"/>
</pin_list>
<bind>
<opcode="trunc(33) " fcode="trunc"/>
<opset="trunc_ln823_229/1 "/>
</bind>
</comp>

<comp id="176" class="1004" name="p_Result_229_fu_176">
<pin_list>
<pin id="177" dir="0" index="0" bw="1" slack="0"/>
<pin id="178" dir="0" index="1" bw="16" slack="0"/>
<pin id="179" dir="0" index="2" bw="5" slack="0"/>
<pin id="180" dir="1" index="3" bw="1" slack="0"/>
</pin_list>
<bind>
<opcode="bitselect(1000) " fcode="bitselect"/>
<opset="p_Result_229/1 "/>
</bind>
</comp>

<comp id="184" class="1004" name="zext_ln377_229_fu_184">
<pin_list>
<pin id="185" dir="0" index="0" bw="1" slack="0"/>
<pin id="186" dir="1" index="1" bw="9" slack="0"/>
</pin_list>
<bind>
<opcode="zext(34) " fcode="zext"/>
<opset="zext_ln377_229/1 "/>
</bind>
</comp>

<comp id="188" class="1004" name="p_Val2_461_fu_188">
<pin_list>
<pin id="189" dir="0" index="0" bw="9" slack="0"/>
<pin id="190" dir="0" index="1" bw="1" slack="0"/>
<pin id="191" dir="1" index="2" bw="9" slack="0"/>
</pin_list>
<bind>
<opcode="add(8) " fcode="add"/>
<opset="p_Val2_461/1 "/>
</bind>
</comp>

<comp id="194" class="1004" name="tmp_12_fu_194">
<pin_list>
<pin id="195" dir="0" index="0" bw="6" slack="0"/>
<pin id="196" dir="0" index="1" bw="16" slack="0"/>
<pin id="197" dir="0" index="2" bw="5" slack="0"/>
<pin id="198" dir="0" index="3" bw="5" slack="0"/>
<pin id="199" dir="1" index="4" bw="6" slack="0"/>
</pin_list>
<bind>
<opcode="partselect(1002) " fcode="partselect"/>
<opset="tmp_12/1 "/>
</bind>
</comp>

<comp id="204" class="1004" name="Range1_all_ones_229_fu_204">
<pin_list>
<pin id="205" dir="0" index="0" bw="6" slack="0"/>
<pin id="206" dir="0" index="1" bw="1" slack="0"/>
<pin id="207" dir="1" index="2" bw="1" slack="0"/>
</pin_list>
<bind>
<opcode="icmp(45) " fcode="icmp"/>
<opset="Range1_all_ones_229/1 "/>
</bind>
</comp>

<comp id="210" class="1004" name="Range1_all_zeros_229_fu_210">
<pin_list>
<pin id="211" dir="0" index="0" bw="6" slack="0"/>
<pin id="212" dir="0" index="1" bw="1" slack="0"/>
<pin id="213" dir="1" index="2" bw="1" slack="0"/>
</pin_list>
<bind>
<opcode="icmp(45) " fcode="icmp"/>
<opset="Range1_all_zeros_229/1 "/>
</bind>
</comp>

<comp id="216" class="1004" name="tmp_491_fu_216">
<pin_list>
<pin id="217" dir="0" index="0" bw="1" slack="0"/>
<pin id="218" dir="0" index="1" bw="9" slack="0"/>
<pin id="219" dir="0" index="2" bw="5" slack="0"/>
<pin id="220" dir="1" index="3" bw="1" slack="0"/>
</pin_list>
<bind>
<opcode="bitselect(1000) " fcode="bitselect"/>
<opset="tmp_491/1 "/>
</bind>
</comp>

<comp id="224" class="1004" name="select_ln888_229_fu_224">
<pin_list>
<pin id="225" dir="0" index="0" bw="1" slack="0"/>
<pin id="226" dir="0" index="1" bw="1" slack="0"/>
<pin id="227" dir="0" index="2" bw="1" slack="0"/>
<pin id="228" dir="1" index="3" bw="1" slack="0"/>
</pin_list>
<bind>
<opcode="select(49) " fcode="select"/>
<opset="select_ln888_229/1 "/>
</bind>
</comp>

<comp id="232" class="1004" name="deleted_zeros_229_fu_232">
<pin_list>
<pin id="233" dir="0" index="0" bw="1" slack="0"/>
<pin id="234" dir="0" index="1" bw="1" slack="0"/>
<pin id="235" dir="0" index="2" bw="1" slack="0"/>
<pin id="236" dir="1" index="3" bw="1" slack="0"/>
</pin_list>
<bind>
<opcode="select(49) " fcode="select"/>
<opset="deleted_zeros_229/1 "/>
</bind>
</comp>

<comp id="240" class="1004" name="select_ln302_229_fu_240">
<pin_list>
<pin id="241" dir="0" index="0" bw="1" slack="0"/>
<pin id="242" dir="0" index="1" bw="9" slack="0"/>
<pin id="243" dir="0" index="2" bw="1" slack="0"/>
<pin id="244" dir="1" index="3" bw="9" slack="1"/>
</pin_list>
<bind>
<opcode="select(49) " fcode="select"/>
<opset="select_ln302_229/1 "/>
</bind>
</comp>

<comp id="248" class="1004" name="icmp_ln1649_230_fu_248">
<pin_list>
<pin id="249" dir="0" index="0" bw="16" slack="0"/>
<pin id="250" dir="0" index="1" bw="1" slack="0"/>
<pin id="251" dir="1" index="2" bw="1" slack="1"/>
</pin_list>
<bind>
<opcode="icmp(45) " fcode="icmp"/>
<opset="icmp_ln1649_230/1 "/>
</bind>
</comp>

<comp id="254" class="1004" name="p_Val2_462_fu_254">
<pin_list>
<pin id="255" dir="0" index="0" bw="9" slack="0"/>
<pin id="256" dir="0" index="1" bw="16" slack="0"/>
<pin id="257" dir="0" index="2" bw="1" slack="0"/>
<pin id="258" dir="0" index="3" bw="5" slack="0"/>
<pin id="259" dir="1" index="4" bw="9" slack="0"/>
</pin_list>
<bind>
<opcode="partselect(1002) " fcode="partselect"/>
<opset="p_Val2_462/1 "/>
</bind>
</comp>

<comp id="264" class="1004" name="trunc_ln823_230_fu_264">
<pin_list>
<pin id="265" dir="0" index="0" bw="16" slack="0"/>
<pin id="266" dir="1" index="1" bw="1" slack="0"/>
</pin_list>
<bind>
<opcode="trunc(33) " fcode="trunc"/>
<opset="trunc_ln823_230/1 "/>
</bind>
</comp>

<comp id="268" class="1004" name="p_Result_230_fu_268">
<pin_list>
<pin id="269" dir="0" index="0" bw="1" slack="0"/>
<pin id="270" dir="0" index="1" bw="16" slack="0"/>
<pin id="271" dir="0" index="2" bw="5" slack="0"/>
<pin id="272" dir="1" index="3" bw="1" slack="0"/>
</pin_list>
<bind>
<opcode="bitselect(1000) " fcode="bitselect"/>
<opset="p_Result_230/1 "/>
</bind>
</comp>

<comp id="276" class="1004" name="zext_ln377_230_fu_276">
<pin_list>
<pin id="277" dir="0" index="0" bw="1" slack="0"/>
<pin id="278" dir="1" index="1" bw="9" slack="0"/>
</pin_list>
<bind>
<opcode="zext(34) " fcode="zext"/>
<opset="zext_ln377_230/1 "/>
</bind>
</comp>

<comp id="280" class="1004" name="p_Val2_463_fu_280">
<pin_list>
<pin id="281" dir="0" index="0" bw="9" slack="0"/>
<pin id="282" dir="0" index="1" bw="1" slack="0"/>
<pin id="283" dir="1" index="2" bw="9" slack="0"/>
</pin_list>
<bind>
<opcode="add(8) " fcode="add"/>
<opset="p_Val2_463/1 "/>
</bind>
</comp>

<comp id="286" class="1004" name="tmp_s_fu_286">
<pin_list>
<pin id="287" dir="0" index="0" bw="6" slack="0"/>
<pin id="288" dir="0" index="1" bw="16" slack="0"/>
<pin id="289" dir="0" index="2" bw="5" slack="0"/>
<pin id="290" dir="0" index="3" bw="5" slack="0"/>
<pin id="291" dir="1" index="4" bw="6" slack="0"/>
</pin_list>
<bind>
<opcode="partselect(1002) " fcode="partselect"/>
<opset="tmp_s/1 "/>
</bind>
</comp>

<comp id="296" class="1004" name="Range1_all_ones_230_fu_296">
<pin_list>
<pin id="297" dir="0" index="0" bw="6" slack="0"/>
<pin id="298" dir="0" index="1" bw="1" slack="0"/>
<pin id="299" dir="1" index="2" bw="1" slack="0"/>
</pin_list>
<bind>
<opcode="icmp(45) " fcode="icmp"/>
<opset="Range1_all_ones_230/1 "/>
</bind>
</comp>

<comp id="302" class="1004" name="Range1_all_zeros_230_fu_302">
<pin_list>
<pin id="303" dir="0" index="0" bw="6" slack="0"/>
<pin id="304" dir="0" index="1" bw="1" slack="0"/>
<pin id="305" dir="1" index="2" bw="1" slack="0"/>
</pin_list>
<bind>
<opcode="icmp(45) " fcode="icmp"/>
<opset="Range1_all_zeros_230/1 "/>
</bind>
</comp>

<comp id="308" class="1004" name="tmp_493_fu_308">
<pin_list>
<pin id="309" dir="0" index="0" bw="1" slack="0"/>
<pin id="310" dir="0" index="1" bw="9" slack="0"/>
<pin id="311" dir="0" index="2" bw="5" slack="0"/>
<pin id="312" dir="1" index="3" bw="1" slack="0"/>
</pin_list>
<bind>
<opcode="bitselect(1000) " fcode="bitselect"/>
<opset="tmp_493/1 "/>
</bind>
</comp>

<comp id="316" class="1004" name="select_ln888_230_fu_316">
<pin_list>
<pin id="317" dir="0" index="0" bw="1" slack="0"/>
<pin id="318" dir="0" index="1" bw="1" slack="0"/>
<pin id="319" dir="0" index="2" bw="1" slack="0"/>
<pin id="320" dir="1" index="3" bw="1" slack="0"/>
</pin_list>
<bind>
<opcode="select(49) " fcode="select"/>
<opset="select_ln888_230/1 "/>
</bind>
</comp>

<comp id="324" class="1004" name="deleted_zeros_230_fu_324">
<pin_list>
<pin id="325" dir="0" index="0" bw="1" slack="0"/>
<pin id="326" dir="0" index="1" bw="1" slack="0"/>
<pin id="327" dir="0" index="2" bw="1" slack="0"/>
<pin id="328" dir="1" index="3" bw="1" slack="0"/>
</pin_list>
<bind>
<opcode="select(49) " fcode="select"/>
<opset="deleted_zeros_230/1 "/>
</bind>
</comp>

<comp id="332" class="1004" name="select_ln302_230_fu_332">
<pin_list>
<pin id="333" dir="0" index="0" bw="1" slack="0"/>
<pin id="334" dir="0" index="1" bw="9" slack="0"/>
<pin id="335" dir="0" index="2" bw="1" slack="0"/>
<pin id="336" dir="1" index="3" bw="9" slack="1"/>
</pin_list>
<bind>
<opcode="select(49) " fcode="select"/>
<opset="select_ln302_230/1 "/>
</bind>
</comp>

<comp id="340" class="1004" name="select_ln1649_fu_340">
<pin_list>
<pin id="341" dir="0" index="0" bw="1" slack="1"/>
<pin id="342" dir="0" index="1" bw="9" slack="1"/>
<pin id="343" dir="0" index="2" bw="1" slack="0"/>
<pin id="344" dir="1" index="3" bw="9" slack="0"/>
</pin_list>
<bind>
<opcode="select(49) " fcode="select"/>
<opset="select_ln1649/2 "/>
</bind>
</comp>

<comp id="346" class="1004" name="select_ln1649_229_fu_346">
<pin_list>
<pin id="347" dir="0" index="0" bw="1" slack="1"/>
<pin id="348" dir="0" index="1" bw="9" slack="1"/>
<pin id="349" dir="0" index="2" bw="1" slack="0"/>
<pin id="350" dir="1" index="3" bw="9" slack="0"/>
</pin_list>
<bind>
<opcode="select(49) " fcode="select"/>
<opset="select_ln1649_229/2 "/>
</bind>
</comp>

<comp id="352" class="1004" name="select_ln1649_230_fu_352">
<pin_list>
<pin id="353" dir="0" index="0" bw="1" slack="1"/>
<pin id="354" dir="0" index="1" bw="9" slack="1"/>
<pin id="355" dir="0" index="2" bw="1" slack="0"/>
<pin id="356" dir="1" index="3" bw="9" slack="0"/>
</pin_list>
<bind>
<opcode="select(49) " fcode="select"/>
<opset="select_ln1649_230/2 "/>
</bind>
</comp>

<comp id="358" class="1004" name="mrv_fu_358">
<pin_list>
<pin id="359" dir="0" index="0" bw="27" slack="0"/>
<pin id="360" dir="0" index="1" bw="9" slack="0"/>
<pin id="361" dir="1" index="2" bw="27" slack="0"/>
</pin_list>
<bind>
<opcode="insertvalue(57) " fcode="insertvalue"/>
<opset="mrv/2 "/>
</bind>
</comp>

<comp id="364" class="1004" name="mrv_1_fu_364">
<pin_list>
<pin id="365" dir="0" index="0" bw="27" slack="0"/>
<pin id="366" dir="0" index="1" bw="9" slack="0"/>
<pin id="367" dir="1" index="2" bw="27" slack="0"/>
</pin_list>
<bind>
<opcode="insertvalue(57) " fcode="insertvalue"/>
<opset="mrv_1/2 "/>
</bind>
</comp>

<comp id="370" class="1004" name="mrv_2_fu_370">
<pin_list>
<pin id="371" dir="0" index="0" bw="27" slack="0"/>
<pin id="372" dir="0" index="1" bw="9" slack="0"/>
<pin id="373" dir="1" index="2" bw="27" slack="2147483647"/>
</pin_list>
<bind>
<opcode="insertvalue(57) " fcode="insertvalue"/>
<opset="mrv_2/2 "/>
</bind>
</comp>

<comp id="376" class="1005" name="icmp_ln1649_reg_376">
<pin_list>
<pin id="377" dir="0" index="0" bw="1" slack="1"/>
<pin id="378" dir="1" index="1" bw="1" slack="1"/>
</pin_list>
<bind>
<opset="icmp_ln1649 "/>
</bind>
</comp>

<comp id="381" class="1005" name="select_ln302_reg_381">
<pin_list>
<pin id="382" dir="0" index="0" bw="9" slack="1"/>
<pin id="383" dir="1" index="1" bw="9" slack="1"/>
</pin_list>
<bind>
<opset="select_ln302 "/>
</bind>
</comp>

<comp id="386" class="1005" name="icmp_ln1649_229_reg_386">
<pin_list>
<pin id="387" dir="0" index="0" bw="1" slack="1"/>
<pin id="388" dir="1" index="1" bw="1" slack="1"/>
</pin_list>
<bind>
<opset="icmp_ln1649_229 "/>
</bind>
</comp>

<comp id="391" class="1005" name="select_ln302_229_reg_391">
<pin_list>
<pin id="392" dir="0" index="0" bw="9" slack="1"/>
<pin id="393" dir="1" index="1" bw="9" slack="1"/>
</pin_list>
<bind>
<opset="select_ln302_229 "/>
</bind>
</comp>

<comp id="396" class="1005" name="icmp_ln1649_230_reg_396">
<pin_list>
<pin id="397" dir="0" index="0" bw="1" slack="1"/>
<pin id="398" dir="1" index="1" bw="1" slack="1"/>
</pin_list>
<bind>
<opset="icmp_ln1649_230 "/>
</bind>
</comp>

<comp id="401" class="1005" name="select_ln302_230_reg_401">
<pin_list>
<pin id="402" dir="0" index="0" bw="9" slack="1"/>
<pin id="403" dir="1" index="1" bw="9" slack="1"/>
</pin_list>
<bind>
<opset="select_ln302_230 "/>
</bind>
</comp>

</comp_list>

<net_list>
<net id="50"><net_src comp="6" pin="0"/><net_sink comp="46" pin=0"/></net>

<net id="51"><net_src comp="4" pin="0"/><net_sink comp="46" pin=1"/></net>

<net id="56"><net_src comp="6" pin="0"/><net_sink comp="52" pin=0"/></net>

<net id="57"><net_src comp="2" pin="0"/><net_sink comp="52" pin=1"/></net>

<net id="62"><net_src comp="6" pin="0"/><net_sink comp="58" pin=0"/></net>

<net id="63"><net_src comp="0" pin="0"/><net_sink comp="58" pin=1"/></net>

<net id="68"><net_src comp="58" pin="2"/><net_sink comp="64" pin=0"/></net>

<net id="69"><net_src comp="8" pin="0"/><net_sink comp="64" pin=1"/></net>

<net id="76"><net_src comp="10" pin="0"/><net_sink comp="70" pin=0"/></net>

<net id="77"><net_src comp="58" pin="2"/><net_sink comp="70" pin=1"/></net>

<net id="78"><net_src comp="12" pin="0"/><net_sink comp="70" pin=2"/></net>

<net id="79"><net_src comp="14" pin="0"/><net_sink comp="70" pin=3"/></net>

<net id="83"><net_src comp="58" pin="2"/><net_sink comp="80" pin=0"/></net>

<net id="89"><net_src comp="16" pin="0"/><net_sink comp="84" pin=0"/></net>

<net id="90"><net_src comp="58" pin="2"/><net_sink comp="84" pin=1"/></net>

<net id="91"><net_src comp="14" pin="0"/><net_sink comp="84" pin=2"/></net>

<net id="95"><net_src comp="80" pin="1"/><net_sink comp="92" pin=0"/></net>

<net id="100"><net_src comp="70" pin="4"/><net_sink comp="96" pin=0"/></net>

<net id="101"><net_src comp="92" pin="1"/><net_sink comp="96" pin=1"/></net>

<net id="108"><net_src comp="18" pin="0"/><net_sink comp="102" pin=0"/></net>

<net id="109"><net_src comp="58" pin="2"/><net_sink comp="102" pin=1"/></net>

<net id="110"><net_src comp="20" pin="0"/><net_sink comp="102" pin=2"/></net>

<net id="111"><net_src comp="22" pin="0"/><net_sink comp="102" pin=3"/></net>

<net id="116"><net_src comp="102" pin="4"/><net_sink comp="112" pin=0"/></net>

<net id="117"><net_src comp="24" pin="0"/><net_sink comp="112" pin=1"/></net>

<net id="122"><net_src comp="102" pin="4"/><net_sink comp="118" pin=0"/></net>

<net id="123"><net_src comp="26" pin="0"/><net_sink comp="118" pin=1"/></net>

<net id="129"><net_src comp="28" pin="0"/><net_sink comp="124" pin=0"/></net>

<net id="130"><net_src comp="96" pin="2"/><net_sink comp="124" pin=1"/></net>

<net id="131"><net_src comp="30" pin="0"/><net_sink comp="124" pin=2"/></net>

<net id="137"><net_src comp="124" pin="3"/><net_sink comp="132" pin=0"/></net>

<net id="138"><net_src comp="118" pin="2"/><net_sink comp="132" pin=1"/></net>

<net id="139"><net_src comp="112" pin="2"/><net_sink comp="132" pin=2"/></net>

<net id="145"><net_src comp="84" pin="3"/><net_sink comp="140" pin=0"/></net>

<net id="146"><net_src comp="132" pin="3"/><net_sink comp="140" pin=1"/></net>

<net id="147"><net_src comp="118" pin="2"/><net_sink comp="140" pin=2"/></net>

<net id="153"><net_src comp="140" pin="3"/><net_sink comp="148" pin=0"/></net>

<net id="154"><net_src comp="96" pin="2"/><net_sink comp="148" pin=1"/></net>

<net id="155"><net_src comp="32" pin="0"/><net_sink comp="148" pin=2"/></net>

<net id="160"><net_src comp="52" pin="2"/><net_sink comp="156" pin=0"/></net>

<net id="161"><net_src comp="8" pin="0"/><net_sink comp="156" pin=1"/></net>

<net id="168"><net_src comp="10" pin="0"/><net_sink comp="162" pin=0"/></net>

<net id="169"><net_src comp="52" pin="2"/><net_sink comp="162" pin=1"/></net>

<net id="170"><net_src comp="12" pin="0"/><net_sink comp="162" pin=2"/></net>

<net id="171"><net_src comp="14" pin="0"/><net_sink comp="162" pin=3"/></net>

<net id="175"><net_src comp="52" pin="2"/><net_sink comp="172" pin=0"/></net>

<net id="181"><net_src comp="16" pin="0"/><net_sink comp="176" pin=0"/></net>

<net id="182"><net_src comp="52" pin="2"/><net_sink comp="176" pin=1"/></net>

<net id="183"><net_src comp="14" pin="0"/><net_sink comp="176" pin=2"/></net>

<net id="187"><net_src comp="172" pin="1"/><net_sink comp="184" pin=0"/></net>

<net id="192"><net_src comp="162" pin="4"/><net_sink comp="188" pin=0"/></net>

<net id="193"><net_src comp="184" pin="1"/><net_sink comp="188" pin=1"/></net>

<net id="200"><net_src comp="18" pin="0"/><net_sink comp="194" pin=0"/></net>

<net id="201"><net_src comp="52" pin="2"/><net_sink comp="194" pin=1"/></net>

<net id="202"><net_src comp="20" pin="0"/><net_sink comp="194" pin=2"/></net>

<net id="203"><net_src comp="22" pin="0"/><net_sink comp="194" pin=3"/></net>

<net id="208"><net_src comp="194" pin="4"/><net_sink comp="204" pin=0"/></net>

<net id="209"><net_src comp="24" pin="0"/><net_sink comp="204" pin=1"/></net>

<net id="214"><net_src comp="194" pin="4"/><net_sink comp="210" pin=0"/></net>

<net id="215"><net_src comp="26" pin="0"/><net_sink comp="210" pin=1"/></net>

<net id="221"><net_src comp="28" pin="0"/><net_sink comp="216" pin=0"/></net>

<net id="222"><net_src comp="188" pin="2"/><net_sink comp="216" pin=1"/></net>

<net id="223"><net_src comp="30" pin="0"/><net_sink comp="216" pin=2"/></net>

<net id="229"><net_src comp="216" pin="3"/><net_sink comp="224" pin=0"/></net>

<net id="230"><net_src comp="210" pin="2"/><net_sink comp="224" pin=1"/></net>

<net id="231"><net_src comp="204" pin="2"/><net_sink comp="224" pin=2"/></net>

<net id="237"><net_src comp="176" pin="3"/><net_sink comp="232" pin=0"/></net>

<net id="238"><net_src comp="224" pin="3"/><net_sink comp="232" pin=1"/></net>

<net id="239"><net_src comp="210" pin="2"/><net_sink comp="232" pin=2"/></net>

<net id="245"><net_src comp="232" pin="3"/><net_sink comp="240" pin=0"/></net>

<net id="246"><net_src comp="188" pin="2"/><net_sink comp="240" pin=1"/></net>

<net id="247"><net_src comp="32" pin="0"/><net_sink comp="240" pin=2"/></net>

<net id="252"><net_src comp="46" pin="2"/><net_sink comp="248" pin=0"/></net>

<net id="253"><net_src comp="8" pin="0"/><net_sink comp="248" pin=1"/></net>

<net id="260"><net_src comp="10" pin="0"/><net_sink comp="254" pin=0"/></net>

<net id="261"><net_src comp="46" pin="2"/><net_sink comp="254" pin=1"/></net>

<net id="262"><net_src comp="12" pin="0"/><net_sink comp="254" pin=2"/></net>

<net id="263"><net_src comp="14" pin="0"/><net_sink comp="254" pin=3"/></net>

<net id="267"><net_src comp="46" pin="2"/><net_sink comp="264" pin=0"/></net>

<net id="273"><net_src comp="16" pin="0"/><net_sink comp="268" pin=0"/></net>

<net id="274"><net_src comp="46" pin="2"/><net_sink comp="268" pin=1"/></net>

<net id="275"><net_src comp="14" pin="0"/><net_sink comp="268" pin=2"/></net>

<net id="279"><net_src comp="264" pin="1"/><net_sink comp="276" pin=0"/></net>

<net id="284"><net_src comp="254" pin="4"/><net_sink comp="280" pin=0"/></net>

<net id="285"><net_src comp="276" pin="1"/><net_sink comp="280" pin=1"/></net>

<net id="292"><net_src comp="18" pin="0"/><net_sink comp="286" pin=0"/></net>

<net id="293"><net_src comp="46" pin="2"/><net_sink comp="286" pin=1"/></net>

<net id="294"><net_src comp="20" pin="0"/><net_sink comp="286" pin=2"/></net>

<net id="295"><net_src comp="22" pin="0"/><net_sink comp="286" pin=3"/></net>

<net id="300"><net_src comp="286" pin="4"/><net_sink comp="296" pin=0"/></net>

<net id="301"><net_src comp="24" pin="0"/><net_sink comp="296" pin=1"/></net>

<net id="306"><net_src comp="286" pin="4"/><net_sink comp="302" pin=0"/></net>

<net id="307"><net_src comp="26" pin="0"/><net_sink comp="302" pin=1"/></net>

<net id="313"><net_src comp="28" pin="0"/><net_sink comp="308" pin=0"/></net>

<net id="314"><net_src comp="280" pin="2"/><net_sink comp="308" pin=1"/></net>

<net id="315"><net_src comp="30" pin="0"/><net_sink comp="308" pin=2"/></net>

<net id="321"><net_src comp="308" pin="3"/><net_sink comp="316" pin=0"/></net>

<net id="322"><net_src comp="302" pin="2"/><net_sink comp="316" pin=1"/></net>

<net id="323"><net_src comp="296" pin="2"/><net_sink comp="316" pin=2"/></net>

<net id="329"><net_src comp="268" pin="3"/><net_sink comp="324" pin=0"/></net>

<net id="330"><net_src comp="316" pin="3"/><net_sink comp="324" pin=1"/></net>

<net id="331"><net_src comp="302" pin="2"/><net_sink comp="324" pin=2"/></net>

<net id="337"><net_src comp="324" pin="3"/><net_sink comp="332" pin=0"/></net>

<net id="338"><net_src comp="280" pin="2"/><net_sink comp="332" pin=1"/></net>

<net id="339"><net_src comp="32" pin="0"/><net_sink comp="332" pin=2"/></net>

<net id="345"><net_src comp="42" pin="0"/><net_sink comp="340" pin=2"/></net>

<net id="351"><net_src comp="42" pin="0"/><net_sink comp="346" pin=2"/></net>

<net id="357"><net_src comp="42" pin="0"/><net_sink comp="352" pin=2"/></net>

<net id="362"><net_src comp="44" pin="0"/><net_sink comp="358" pin=0"/></net>

<net id="363"><net_src comp="340" pin="3"/><net_sink comp="358" pin=1"/></net>

<net id="368"><net_src comp="358" pin="2"/><net_sink comp="364" pin=0"/></net>

<net id="369"><net_src comp="346" pin="3"/><net_sink comp="364" pin=1"/></net>

<net id="374"><net_src comp="364" pin="2"/><net_sink comp="370" pin=0"/></net>

<net id="375"><net_src comp="352" pin="3"/><net_sink comp="370" pin=1"/></net>

<net id="379"><net_src comp="64" pin="2"/><net_sink comp="376" pin=0"/></net>

<net id="380"><net_src comp="376" pin="1"/><net_sink comp="340" pin=0"/></net>

<net id="384"><net_src comp="148" pin="3"/><net_sink comp="381" pin=0"/></net>

<net id="385"><net_src comp="381" pin="1"/><net_sink comp="340" pin=1"/></net>

<net id="389"><net_src comp="156" pin="2"/><net_sink comp="386" pin=0"/></net>

<net id="390"><net_src comp="386" pin="1"/><net_sink comp="346" pin=0"/></net>

<net id="394"><net_src comp="240" pin="3"/><net_sink comp="391" pin=0"/></net>

<net id="395"><net_src comp="391" pin="1"/><net_sink comp="346" pin=1"/></net>

<net id="399"><net_src comp="248" pin="2"/><net_sink comp="396" pin=0"/></net>

<net id="400"><net_src comp="396" pin="1"/><net_sink comp="352" pin=0"/></net>

<net id="404"><net_src comp="332" pin="3"/><net_sink comp="401" pin=0"/></net>

<net id="405"><net_src comp="401" pin="1"/><net_sink comp="352" pin=1"/></net>

</net_list>

</model> 
---------------- Datapath Model END ------------------

* FSMD analyzer results:
  - Output states:
 - Input state : 
	Port: relu<ap_fixed<16, 6, 0, 0, 0>, ap_ufixed<9, 0, 0, 0, 0>, relu_config14> : p_read | {1 }
	Port: relu<ap_fixed<16, 6, 0, 0, 0>, ap_ufixed<9, 0, 0, 0, 0>, relu_config14> : p_read1 | {1 }
	Port: relu<ap_fixed<16, 6, 0, 0, 0>, ap_ufixed<9, 0, 0, 0, 0>, relu_config14> : p_read2 | {1 }
  - Chain level:
	State 1
		zext_ln377 : 1
		p_Val2_459 : 2
		Range1_all_ones : 1
		Range1_all_zeros : 1
		tmp : 3
		select_ln888 : 4
		deleted_zeros : 5
		select_ln302 : 6
		zext_ln377_229 : 1
		p_Val2_461 : 2
		Range1_all_ones_229 : 1
		Range1_all_zeros_229 : 1
		tmp_491 : 3
		select_ln888_229 : 4
		deleted_zeros_229 : 5
		select_ln302_229 : 6
		zext_ln377_230 : 1
		p_Val2_463 : 2
		Range1_all_ones_230 : 1
		Range1_all_zeros_230 : 1
		tmp_493 : 3
		select_ln888_230 : 4
		deleted_zeros_230 : 5
		select_ln302_230 : 6
	State 2
		mrv : 1
		mrv_1 : 2
		mrv_2 : 3
		ret_ln50 : 4


============================================================
+ Verbose Summary: Datapath Resource usage 
============================================================

* Functional unit list:
|----------|-----------------------------|---------|---------|
| Operation|       Functional Unit       |    FF   |   LUT   |
|----------|-----------------------------|---------|---------|
|          |      icmp_ln1649_fu_64      |    0    |    13   |
|          |    Range1_all_ones_fu_112   |    0    |    10   |
|          |   Range1_all_zeros_fu_118   |    0    |    10   |
|          |    icmp_ln1649_229_fu_156   |    0    |    13   |
|   icmp   |  Range1_all_ones_229_fu_204 |    0    |    10   |
|          | Range1_all_zeros_229_fu_210 |    0    |    10   |
|          |    icmp_ln1649_230_fu_248   |    0    |    13   |
|          |  Range1_all_ones_230_fu_296 |    0    |    10   |
|          | Range1_all_zeros_230_fu_302 |    0    |    10   |
|----------|-----------------------------|---------|---------|
|          |     select_ln888_fu_132     |    0    |    2    |
|          |     deleted_zeros_fu_140    |    0    |    2    |
|          |     select_ln302_fu_148     |    0    |    9    |
|          |   select_ln888_229_fu_224   |    0    |    2    |
|          |   deleted_zeros_229_fu_232  |    0    |    2    |
|  select  |   select_ln302_229_fu_240   |    0    |    9    |
|          |   select_ln888_230_fu_316   |    0    |    2    |
|          |   deleted_zeros_230_fu_324  |    0    |    2    |
|          |   select_ln302_230_fu_332   |    0    |    9    |
|          |     select_ln1649_fu_340    |    0    |    9    |
|          |   select_ln1649_229_fu_346  |    0    |    9    |
|          |   select_ln1649_230_fu_352  |    0    |    9    |
|----------|-----------------------------|---------|---------|
|          |       p_Val2_459_fu_96      |    0    |    16   |
|    add   |      p_Val2_461_fu_188      |    0    |    16   |
|          |      p_Val2_463_fu_280      |    0    |    16   |
|----------|-----------------------------|---------|---------|
|          |     p_read25_read_fu_46     |    0    |    0    |
|   read   |     p_read14_read_fu_52     |    0    |    0    |
|          |    p_read_220_read_fu_58    |    0    |    0    |
|----------|-----------------------------|---------|---------|
|          |        p_Val2_s_fu_70       |    0    |    0    |
|          |         tmp7_fu_102         |    0    |    0    |
|partselect|      p_Val2_460_fu_162      |    0    |    0    |
|          |        tmp_12_fu_194        |    0    |    0    |
|          |      p_Val2_462_fu_254      |    0    |    0    |
|          |         tmp_s_fu_286        |    0    |    0    |
|----------|-----------------------------|---------|---------|
|          |      trunc_ln823_fu_80      |    0    |    0    |
|   trunc  |    trunc_ln823_229_fu_172   |    0    |    0    |
|          |    trunc_ln823_230_fu_264   |    0    |    0    |
|----------|-----------------------------|---------|---------|
|          |       p_Result_s_fu_84      |    0    |    0    |
|          |          tmp_fu_124         |    0    |    0    |
| bitselect|     p_Result_229_fu_176     |    0    |    0    |
|          |        tmp_491_fu_216       |    0    |    0    |
|          |     p_Result_230_fu_268     |    0    |    0    |
|          |        tmp_493_fu_308       |    0    |    0    |
|----------|-----------------------------|---------|---------|
|          |       zext_ln377_fu_92      |    0    |    0    |
|   zext   |    zext_ln377_229_fu_184    |    0    |    0    |
|          |    zext_ln377_230_fu_276    |    0    |    0    |
|----------|-----------------------------|---------|---------|
|          |          mrv_fu_358         |    0    |    0    |
|insertvalue|         mrv_1_fu_364        |    0    |    0    |
|          |         mrv_2_fu_370        |    0    |    0    |
|----------|-----------------------------|---------|---------|
|   Total  |                             |    0    |   213   |
|----------|-----------------------------|---------|---------|

Memories:
N/A

* Register list:
+------------------------+--------+
|                        |   FF   |
+------------------------+--------+
| icmp_ln1649_229_reg_386|    1   |
| icmp_ln1649_230_reg_396|    1   |
|   icmp_ln1649_reg_376  |    1   |
|select_ln302_229_reg_391|    9   |
|select_ln302_230_reg_401|    9   |
|  select_ln302_reg_381  |    9   |
+------------------------+--------+
|          Total         |   30   |
+------------------------+--------+

* Multiplexer (MUX) list: 
|--------|------|------|------|--------|
|  Comp  |  Pin | Size |  BW  | S x BW |
|--------|------|------|------|--------|
|  Total |      |      |      |    0   |
|--------|------|------|------|--------|



* Summary:
+-----------+--------+--------+
|           |   FF   |   LUT  |
+-----------+--------+--------+
|  Function |    0   |   213  |
|   Memory  |    -   |    -   |
|Multiplexer|    -   |    -   |
|  Register |   30   |    -   |
+-----------+--------+--------+
|   Total   |   30   |   213  |
+-----------+--------+--------+
