

================================================================
== Vitis HLS Report for 'relu_ap_fixed_16_6_0_0_0_ap_ufixed_9_0_0_0_0_relu_config11_s'
================================================================
* Date:           Thu Aug 17 12:47:18 2023

* Version:        2022.2 (Build 3670227 on Oct 13 2022)
* Project:        btag_nn_prj
* Solution:       solution1 (Vivado IP Flow Target)
* Product family: virtexuplus
* Target device:  xcvu9p-flga2104-2L-e


================================================================
== Performance Estimates
================================================================
+ Timing: 
    * Summary: 
    +--------+---------+----------+------------+
    |  Clock |  Target | Estimated| Uncertainty|
    +--------+---------+----------+------------+
    |ap_clk  |  2.80 ns|  2.243 ns|     0.35 ns|
    +--------+---------+----------+------------+

+ Latency: 
    * Summary: 
    +---------+---------+----------+----------+-----+-----+---------+
    |  Latency (cycles) |  Latency (absolute) |  Interval | Pipeline|
    |   min   |   max   |    min   |    max   | min | max |   Type  |
    +---------+---------+----------+----------+-----+-----+---------+
    |        1|        1|  2.800 ns|  2.800 ns|    1|    1|      yes|
    +---------+---------+----------+----------+-----+-----+---------+

    + Detail: 
        * Instance: 
        N/A

        * Loop: 
        N/A

============================================================
+ Verbose Summary: Synthesis Manager
============================================================
InlineROM: 1
ExposeGlobal: 0
============================================================
+ Verbose Summary: CDFG Model
============================================================
IsTopModel: 0
ResetActiveHigh: 1
IsCombinational: 2
IsDatapathOnly: 0
HasWiredReturn: 1
HasMFsm: 2
HasVarLatency: 0
IsPipeline: 1
IsRtlPipelined: 1
IsInstanceOverlapped: 0
IsDontTouch: 0
HasImplIP: 0
IsGatedGlobalClock: 0

+ Individual pipeline summary: 
  * Pipeline-0: initiation interval (II) = 1, depth = 2


============================================================
+ Verbose Summary: Schedule
============================================================
* Number of FSM states : 2
* Pipeline : 1
  Pipeline-0 : II = 1, D = 2, States = { 1 2 }
* Dataflow Pipeline: 0

* FSM state transitions: 
1 --> 2 
2 --> 

* FSM state operations: 

State 1 <SV = 0> <Delay = 2.24>
ST_1 : Operation 3 [1/1] (1.22ns)   --->   "%p_read_221 = read i16 @_ssdm_op_Read.ap_auto.i16, i16 %p_read18" [firmware/nnet_utils/nnet_activation.h:42]   --->   Operation 3 'read' 'p_read_221' <Predicate = true> <Delay = 1.22> <CoreInst = "FIFO_SRL">   --->   Core 81 'FIFO_SRL' <Latency = 0> <II = 1> <Delay = 1.42> <Storage> <Opcode : 'read' 'write' 'nbread' 'nbwrite'> <Ports = 0> <Width = -1> <Depth = -1> <FIFO>
ST_1 : Operation 4 [1/1] (1.22ns)   --->   "%p_read_222 = read i16 @_ssdm_op_Read.ap_auto.i16, i16 %p_read17" [firmware/nnet_utils/nnet_activation.h:42]   --->   Operation 4 'read' 'p_read_222' <Predicate = true> <Delay = 1.22> <CoreInst = "FIFO_SRL">   --->   Core 81 'FIFO_SRL' <Latency = 0> <II = 1> <Delay = 1.42> <Storage> <Opcode : 'read' 'write' 'nbread' 'nbwrite'> <Ports = 0> <Width = -1> <Depth = -1> <FIFO>
ST_1 : Operation 5 [1/1] (1.22ns)   --->   "%p_read_223 = read i16 @_ssdm_op_Read.ap_auto.i16, i16 %p_read16" [firmware/nnet_utils/nnet_activation.h:42]   --->   Operation 5 'read' 'p_read_223' <Predicate = true> <Delay = 1.22> <CoreInst = "FIFO_SRL">   --->   Core 81 'FIFO_SRL' <Latency = 0> <II = 1> <Delay = 1.42> <Storage> <Opcode : 'read' 'write' 'nbread' 'nbwrite'> <Ports = 0> <Width = -1> <Depth = -1> <FIFO>
ST_1 : Operation 6 [1/1] (1.22ns)   --->   "%p_read_224 = read i15 @_ssdm_op_Read.ap_auto.i15, i15 %p_read15" [firmware/nnet_utils/nnet_activation.h:42]   --->   Operation 6 'read' 'p_read_224' <Predicate = true> <Delay = 1.22> <CoreInst = "FIFO_SRL">   --->   Core 81 'FIFO_SRL' <Latency = 0> <II = 1> <Delay = 1.42> <Storage> <Opcode : 'read' 'write' 'nbread' 'nbwrite'> <Ports = 0> <Width = -1> <Depth = -1> <FIFO>
ST_1 : Operation 7 [1/1] (1.22ns)   --->   "%p_read_225 = read i16 @_ssdm_op_Read.ap_auto.i16, i16 %p_read14" [firmware/nnet_utils/nnet_activation.h:42]   --->   Operation 7 'read' 'p_read_225' <Predicate = true> <Delay = 1.22> <CoreInst = "FIFO_SRL">   --->   Core 81 'FIFO_SRL' <Latency = 0> <II = 1> <Delay = 1.42> <Storage> <Opcode : 'read' 'write' 'nbread' 'nbwrite'> <Ports = 0> <Width = -1> <Depth = -1> <FIFO>
ST_1 : Operation 8 [1/1] (1.22ns)   --->   "%p_read_226 = read i16 @_ssdm_op_Read.ap_auto.i16, i16 %p_read13" [firmware/nnet_utils/nnet_activation.h:42]   --->   Operation 8 'read' 'p_read_226' <Predicate = true> <Delay = 1.22> <CoreInst = "FIFO_SRL">   --->   Core 81 'FIFO_SRL' <Latency = 0> <II = 1> <Delay = 1.42> <Storage> <Opcode : 'read' 'write' 'nbread' 'nbwrite'> <Ports = 0> <Width = -1> <Depth = -1> <FIFO>
ST_1 : Operation 9 [1/1] (1.22ns)   --->   "%p_read1241 = read i16 @_ssdm_op_Read.ap_auto.i16, i16 %p_read12" [firmware/nnet_utils/nnet_activation.h:42]   --->   Operation 9 'read' 'p_read1241' <Predicate = true> <Delay = 1.22> <CoreInst = "FIFO_SRL">   --->   Core 81 'FIFO_SRL' <Latency = 0> <II = 1> <Delay = 1.42> <Storage> <Opcode : 'read' 'write' 'nbread' 'nbwrite'> <Ports = 0> <Width = -1> <Depth = -1> <FIFO>
ST_1 : Operation 10 [1/1] (1.22ns)   --->   "%p_read1140 = read i16 @_ssdm_op_Read.ap_auto.i16, i16 %p_read11" [firmware/nnet_utils/nnet_activation.h:42]   --->   Operation 10 'read' 'p_read1140' <Predicate = true> <Delay = 1.22> <CoreInst = "FIFO_SRL">   --->   Core 81 'FIFO_SRL' <Latency = 0> <II = 1> <Delay = 1.42> <Storage> <Opcode : 'read' 'write' 'nbread' 'nbwrite'> <Ports = 0> <Width = -1> <Depth = -1> <FIFO>
ST_1 : Operation 11 [1/1] (1.22ns)   --->   "%p_read1039 = read i16 @_ssdm_op_Read.ap_auto.i16, i16 %p_read10" [firmware/nnet_utils/nnet_activation.h:42]   --->   Operation 11 'read' 'p_read1039' <Predicate = true> <Delay = 1.22> <CoreInst = "FIFO_SRL">   --->   Core 81 'FIFO_SRL' <Latency = 0> <II = 1> <Delay = 1.42> <Storage> <Opcode : 'read' 'write' 'nbread' 'nbwrite'> <Ports = 0> <Width = -1> <Depth = -1> <FIFO>
ST_1 : Operation 12 [1/1] (1.22ns)   --->   "%p_read938 = read i16 @_ssdm_op_Read.ap_auto.i16, i16 %p_read9" [firmware/nnet_utils/nnet_activation.h:42]   --->   Operation 12 'read' 'p_read938' <Predicate = true> <Delay = 1.22> <CoreInst = "FIFO_SRL">   --->   Core 81 'FIFO_SRL' <Latency = 0> <II = 1> <Delay = 1.42> <Storage> <Opcode : 'read' 'write' 'nbread' 'nbwrite'> <Ports = 0> <Width = -1> <Depth = -1> <FIFO>
ST_1 : Operation 13 [1/1] (1.22ns)   --->   "%p_read837 = read i16 @_ssdm_op_Read.ap_auto.i16, i16 %p_read8" [firmware/nnet_utils/nnet_activation.h:42]   --->   Operation 13 'read' 'p_read837' <Predicate = true> <Delay = 1.22> <CoreInst = "FIFO_SRL">   --->   Core 81 'FIFO_SRL' <Latency = 0> <II = 1> <Delay = 1.42> <Storage> <Opcode : 'read' 'write' 'nbread' 'nbwrite'> <Ports = 0> <Width = -1> <Depth = -1> <FIFO>
ST_1 : Operation 14 [1/1] (1.22ns)   --->   "%p_read736 = read i16 @_ssdm_op_Read.ap_auto.i16, i16 %p_read7" [firmware/nnet_utils/nnet_activation.h:42]   --->   Operation 14 'read' 'p_read736' <Predicate = true> <Delay = 1.22> <CoreInst = "FIFO_SRL">   --->   Core 81 'FIFO_SRL' <Latency = 0> <II = 1> <Delay = 1.42> <Storage> <Opcode : 'read' 'write' 'nbread' 'nbwrite'> <Ports = 0> <Width = -1> <Depth = -1> <FIFO>
ST_1 : Operation 15 [1/1] (1.22ns)   --->   "%p_read635 = read i16 @_ssdm_op_Read.ap_auto.i16, i16 %p_read6" [firmware/nnet_utils/nnet_activation.h:42]   --->   Operation 15 'read' 'p_read635' <Predicate = true> <Delay = 1.22> <CoreInst = "FIFO_SRL">   --->   Core 81 'FIFO_SRL' <Latency = 0> <II = 1> <Delay = 1.42> <Storage> <Opcode : 'read' 'write' 'nbread' 'nbwrite'> <Ports = 0> <Width = -1> <Depth = -1> <FIFO>
ST_1 : Operation 16 [1/1] (1.22ns)   --->   "%p_read534 = read i16 @_ssdm_op_Read.ap_auto.i16, i16 %p_read5" [firmware/nnet_utils/nnet_activation.h:42]   --->   Operation 16 'read' 'p_read534' <Predicate = true> <Delay = 1.22> <CoreInst = "FIFO_SRL">   --->   Core 81 'FIFO_SRL' <Latency = 0> <II = 1> <Delay = 1.42> <Storage> <Opcode : 'read' 'write' 'nbread' 'nbwrite'> <Ports = 0> <Width = -1> <Depth = -1> <FIFO>
ST_1 : Operation 17 [1/1] (1.22ns)   --->   "%p_read433 = read i16 @_ssdm_op_Read.ap_auto.i16, i16 %p_read4" [firmware/nnet_utils/nnet_activation.h:42]   --->   Operation 17 'read' 'p_read433' <Predicate = true> <Delay = 1.22> <CoreInst = "FIFO_SRL">   --->   Core 81 'FIFO_SRL' <Latency = 0> <II = 1> <Delay = 1.42> <Storage> <Opcode : 'read' 'write' 'nbread' 'nbwrite'> <Ports = 0> <Width = -1> <Depth = -1> <FIFO>
ST_1 : Operation 18 [1/1] (1.22ns)   --->   "%p_read332 = read i16 @_ssdm_op_Read.ap_auto.i16, i16 %p_read3" [firmware/nnet_utils/nnet_activation.h:42]   --->   Operation 18 'read' 'p_read332' <Predicate = true> <Delay = 1.22> <CoreInst = "FIFO_SRL">   --->   Core 81 'FIFO_SRL' <Latency = 0> <II = 1> <Delay = 1.42> <Storage> <Opcode : 'read' 'write' 'nbread' 'nbwrite'> <Ports = 0> <Width = -1> <Depth = -1> <FIFO>
ST_1 : Operation 19 [1/1] (1.22ns)   --->   "%p_read231 = read i16 @_ssdm_op_Read.ap_auto.i16, i16 %p_read2" [firmware/nnet_utils/nnet_activation.h:42]   --->   Operation 19 'read' 'p_read231' <Predicate = true> <Delay = 1.22> <CoreInst = "FIFO_SRL">   --->   Core 81 'FIFO_SRL' <Latency = 0> <II = 1> <Delay = 1.42> <Storage> <Opcode : 'read' 'write' 'nbread' 'nbwrite'> <Ports = 0> <Width = -1> <Depth = -1> <FIFO>
ST_1 : Operation 20 [1/1] (1.22ns)   --->   "%p_read130 = read i16 @_ssdm_op_Read.ap_auto.i16, i16 %p_read1" [firmware/nnet_utils/nnet_activation.h:42]   --->   Operation 20 'read' 'p_read130' <Predicate = true> <Delay = 1.22> <CoreInst = "FIFO_SRL">   --->   Core 81 'FIFO_SRL' <Latency = 0> <II = 1> <Delay = 1.42> <Storage> <Opcode : 'read' 'write' 'nbread' 'nbwrite'> <Ports = 0> <Width = -1> <Depth = -1> <FIFO>
ST_1 : Operation 21 [1/1] (1.22ns)   --->   "%p_read29 = read i16 @_ssdm_op_Read.ap_auto.i16, i16 %p_read" [firmware/nnet_utils/nnet_activation.h:42]   --->   Operation 21 'read' 'p_read29' <Predicate = true> <Delay = 1.22> <CoreInst = "FIFO_SRL">   --->   Core 81 'FIFO_SRL' <Latency = 0> <II = 1> <Delay = 1.42> <Storage> <Opcode : 'read' 'write' 'nbread' 'nbwrite'> <Ports = 0> <Width = -1> <Depth = -1> <FIFO>
ST_1 : Operation 22 [1/1] (0.67ns)   --->   "%icmp_ln1649 = icmp_sgt  i16 %p_read29, i16 0"   --->   Operation 22 'icmp' 'icmp_ln1649' <Predicate = true> <Delay = 0.67> <CoreInst = "Cmp">   --->   Core 9 'Cmp' <Latency = 0> <II = 1> <Delay = 0.67> <FuncUnit> <Opcode : 'icmp'> <InPorts = 2> <OutPorts = 1>
ST_1 : Operation 23 [1/1] (0.00ns)   --->   "%p_Val2_s = partselect i9 @_ssdm_op_PartSelect.i9.i16.i32.i32, i16 %p_read29, i32 1, i32 9"   --->   Operation 23 'partselect' 'p_Val2_s' <Predicate = true> <Delay = 0.00>
ST_1 : Operation 24 [1/1] (0.00ns)   --->   "%trunc_ln823 = trunc i16 %p_read29"   --->   Operation 24 'trunc' 'trunc_ln823' <Predicate = true> <Delay = 0.00>
ST_1 : Operation 25 [1/1] (0.00ns) (grouped into LUT with out node select_ln302)   --->   "%p_Result_s = bitselect i1 @_ssdm_op_BitSelect.i1.i16.i32, i16 %p_read29, i32 9"   --->   Operation 25 'bitselect' 'p_Result_s' <Predicate = true> <Delay = 0.00>
ST_1 : Operation 26 [1/1] (0.00ns)   --->   "%zext_ln377 = zext i1 %trunc_ln823"   --->   Operation 26 'zext' 'zext_ln377' <Predicate = true> <Delay = 0.00>
ST_1 : Operation 27 [1/1] (0.71ns)   --->   "%p_Val2_464 = add i9 %p_Val2_s, i9 %zext_ln377"   --->   Operation 27 'add' 'p_Val2_464' <Predicate = true> <Delay = 0.71> <CoreInst = "Adder">   --->   Core 1 'Adder' <Latency = 0> <II = 1> <Delay = 0.71> <FuncUnit> <Opcode : 'add' 'sub'> <InPorts = 2> <OutPorts = 1>
ST_1 : Operation 28 [1/1] (0.00ns)   --->   "%tmp49 = partselect i6 @_ssdm_op_PartSelect.i6.i16.i32.i32, i16 %p_read29, i32 10, i32 15"   --->   Operation 28 'partselect' 'tmp49' <Predicate = true> <Delay = 0.00>
ST_1 : Operation 29 [1/1] (0.61ns)   --->   "%Range1_all_ones = icmp_eq  i6 %tmp49, i6 63"   --->   Operation 29 'icmp' 'Range1_all_ones' <Predicate = true> <Delay = 0.61> <CoreInst = "Cmp">   --->   Core 9 'Cmp' <Latency = 0> <II = 1> <Delay = 0.61> <FuncUnit> <Opcode : 'icmp'> <InPorts = 2> <OutPorts = 1>
ST_1 : Operation 30 [1/1] (0.61ns)   --->   "%Range1_all_zeros = icmp_eq  i6 %tmp49, i6 0"   --->   Operation 30 'icmp' 'Range1_all_zeros' <Predicate = true> <Delay = 0.61> <CoreInst = "Cmp">   --->   Core 9 'Cmp' <Latency = 0> <II = 1> <Delay = 0.61> <FuncUnit> <Opcode : 'icmp'> <InPorts = 2> <OutPorts = 1>
ST_1 : Operation 31 [1/1] (0.00ns) (grouped into LUT with out node select_ln302)   --->   "%tmp = bitselect i1 @_ssdm_op_BitSelect.i1.i9.i32, i9 %p_Val2_464, i32 8"   --->   Operation 31 'bitselect' 'tmp' <Predicate = true> <Delay = 0.00>
ST_1 : Operation 32 [1/1] (0.00ns) (grouped into LUT with out node select_ln302)   --->   "%select_ln888 = select i1 %tmp, i1 %Range1_all_zeros, i1 %Range1_all_ones"   --->   Operation 32 'select' 'select_ln888' <Predicate = true> <Delay = 0.00> <CoreInst = "Sel">   --->   Core 73 'Sel' <Latency = 0> <II = 1> <Delay = 0.27> <FuncUnit> <Opcode : 'select'> <InPorts = 3> <OutPorts = 1>
ST_1 : Operation 33 [1/1] (0.00ns) (grouped into LUT with out node select_ln302)   --->   "%deleted_zeros = select i1 %p_Result_s, i1 %select_ln888, i1 %Range1_all_zeros"   --->   Operation 33 'select' 'deleted_zeros' <Predicate = true> <Delay = 0.00> <CoreInst = "Sel">   --->   Core 73 'Sel' <Latency = 0> <II = 1> <Delay = 0.27> <FuncUnit> <Opcode : 'select'> <InPorts = 3> <OutPorts = 1>
ST_1 : Operation 34 [1/1] (0.30ns) (out node of the LUT)   --->   "%select_ln302 = select i1 %deleted_zeros, i9 %p_Val2_464, i9 511"   --->   Operation 34 'select' 'select_ln302' <Predicate = true> <Delay = 0.30> <CoreInst = "Sel">   --->   Core 73 'Sel' <Latency = 0> <II = 1> <Delay = 0.30> <FuncUnit> <Opcode : 'select'> <InPorts = 3> <OutPorts = 1>
ST_1 : Operation 35 [1/1] (0.67ns)   --->   "%icmp_ln1649_231 = icmp_sgt  i16 %p_read231, i16 0"   --->   Operation 35 'icmp' 'icmp_ln1649_231' <Predicate = true> <Delay = 0.67> <CoreInst = "Cmp">   --->   Core 9 'Cmp' <Latency = 0> <II = 1> <Delay = 0.67> <FuncUnit> <Opcode : 'icmp'> <InPorts = 2> <OutPorts = 1>
ST_1 : Operation 36 [1/1] (0.00ns)   --->   "%p_Val2_465 = partselect i9 @_ssdm_op_PartSelect.i9.i16.i32.i32, i16 %p_read231, i32 1, i32 9"   --->   Operation 36 'partselect' 'p_Val2_465' <Predicate = true> <Delay = 0.00>
ST_1 : Operation 37 [1/1] (0.00ns)   --->   "%trunc_ln823_231 = trunc i16 %p_read231"   --->   Operation 37 'trunc' 'trunc_ln823_231' <Predicate = true> <Delay = 0.00>
ST_1 : Operation 38 [1/1] (0.00ns) (grouped into LUT with out node select_ln302_231)   --->   "%p_Result_231 = bitselect i1 @_ssdm_op_BitSelect.i1.i16.i32, i16 %p_read231, i32 9"   --->   Operation 38 'bitselect' 'p_Result_231' <Predicate = true> <Delay = 0.00>
ST_1 : Operation 39 [1/1] (0.00ns)   --->   "%zext_ln377_231 = zext i1 %trunc_ln823_231"   --->   Operation 39 'zext' 'zext_ln377_231' <Predicate = true> <Delay = 0.00>
ST_1 : Operation 40 [1/1] (0.71ns)   --->   "%p_Val2_466 = add i9 %p_Val2_465, i9 %zext_ln377_231"   --->   Operation 40 'add' 'p_Val2_466' <Predicate = true> <Delay = 0.71> <CoreInst = "Adder">   --->   Core 1 'Adder' <Latency = 0> <II = 1> <Delay = 0.71> <FuncUnit> <Opcode : 'add' 'sub'> <InPorts = 2> <OutPorts = 1>
ST_1 : Operation 41 [1/1] (0.00ns)   --->   "%tmp_s = partselect i6 @_ssdm_op_PartSelect.i6.i16.i32.i32, i16 %p_read231, i32 10, i32 15"   --->   Operation 41 'partselect' 'tmp_s' <Predicate = true> <Delay = 0.00>
ST_1 : Operation 42 [1/1] (0.61ns)   --->   "%Range1_all_ones_231 = icmp_eq  i6 %tmp_s, i6 63"   --->   Operation 42 'icmp' 'Range1_all_ones_231' <Predicate = true> <Delay = 0.61> <CoreInst = "Cmp">   --->   Core 9 'Cmp' <Latency = 0> <II = 1> <Delay = 0.61> <FuncUnit> <Opcode : 'icmp'> <InPorts = 2> <OutPorts = 1>
ST_1 : Operation 43 [1/1] (0.61ns)   --->   "%Range1_all_zeros_231 = icmp_eq  i6 %tmp_s, i6 0"   --->   Operation 43 'icmp' 'Range1_all_zeros_231' <Predicate = true> <Delay = 0.61> <CoreInst = "Cmp">   --->   Core 9 'Cmp' <Latency = 0> <II = 1> <Delay = 0.61> <FuncUnit> <Opcode : 'icmp'> <InPorts = 2> <OutPorts = 1>
ST_1 : Operation 44 [1/1] (0.00ns) (grouped into LUT with out node select_ln302_231)   --->   "%tmp_495 = bitselect i1 @_ssdm_op_BitSelect.i1.i9.i32, i9 %p_Val2_466, i32 8"   --->   Operation 44 'bitselect' 'tmp_495' <Predicate = true> <Delay = 0.00>
ST_1 : Operation 45 [1/1] (0.00ns) (grouped into LUT with out node select_ln302_231)   --->   "%select_ln888_231 = select i1 %tmp_495, i1 %Range1_all_zeros_231, i1 %Range1_all_ones_231"   --->   Operation 45 'select' 'select_ln888_231' <Predicate = true> <Delay = 0.00> <CoreInst = "Sel">   --->   Core 73 'Sel' <Latency = 0> <II = 1> <Delay = 0.27> <FuncUnit> <Opcode : 'select'> <InPorts = 3> <OutPorts = 1>
ST_1 : Operation 46 [1/1] (0.00ns) (grouped into LUT with out node select_ln302_231)   --->   "%deleted_zeros_231 = select i1 %p_Result_231, i1 %select_ln888_231, i1 %Range1_all_zeros_231"   --->   Operation 46 'select' 'deleted_zeros_231' <Predicate = true> <Delay = 0.00> <CoreInst = "Sel">   --->   Core 73 'Sel' <Latency = 0> <II = 1> <Delay = 0.27> <FuncUnit> <Opcode : 'select'> <InPorts = 3> <OutPorts = 1>
ST_1 : Operation 47 [1/1] (0.30ns) (out node of the LUT)   --->   "%select_ln302_231 = select i1 %deleted_zeros_231, i9 %p_Val2_466, i9 511"   --->   Operation 47 'select' 'select_ln302_231' <Predicate = true> <Delay = 0.30> <CoreInst = "Sel">   --->   Core 73 'Sel' <Latency = 0> <II = 1> <Delay = 0.30> <FuncUnit> <Opcode : 'select'> <InPorts = 3> <OutPorts = 1>
ST_1 : Operation 48 [1/1] (0.67ns)   --->   "%icmp_ln1649_232 = icmp_sgt  i16 %p_read332, i16 0"   --->   Operation 48 'icmp' 'icmp_ln1649_232' <Predicate = true> <Delay = 0.67> <CoreInst = "Cmp">   --->   Core 9 'Cmp' <Latency = 0> <II = 1> <Delay = 0.67> <FuncUnit> <Opcode : 'icmp'> <InPorts = 2> <OutPorts = 1>
ST_1 : Operation 49 [1/1] (0.00ns)   --->   "%p_Val2_467 = partselect i9 @_ssdm_op_PartSelect.i9.i16.i32.i32, i16 %p_read332, i32 1, i32 9"   --->   Operation 49 'partselect' 'p_Val2_467' <Predicate = true> <Delay = 0.00>
ST_1 : Operation 50 [1/1] (0.00ns)   --->   "%trunc_ln823_232 = trunc i16 %p_read332"   --->   Operation 50 'trunc' 'trunc_ln823_232' <Predicate = true> <Delay = 0.00>
ST_1 : Operation 51 [1/1] (0.00ns) (grouped into LUT with out node select_ln302_232)   --->   "%p_Result_232 = bitselect i1 @_ssdm_op_BitSelect.i1.i16.i32, i16 %p_read332, i32 9"   --->   Operation 51 'bitselect' 'p_Result_232' <Predicate = true> <Delay = 0.00>
ST_1 : Operation 52 [1/1] (0.00ns)   --->   "%zext_ln377_232 = zext i1 %trunc_ln823_232"   --->   Operation 52 'zext' 'zext_ln377_232' <Predicate = true> <Delay = 0.00>
ST_1 : Operation 53 [1/1] (0.71ns)   --->   "%p_Val2_468 = add i9 %p_Val2_467, i9 %zext_ln377_232"   --->   Operation 53 'add' 'p_Val2_468' <Predicate = true> <Delay = 0.71> <CoreInst = "Adder">   --->   Core 1 'Adder' <Latency = 0> <II = 1> <Delay = 0.71> <FuncUnit> <Opcode : 'add' 'sub'> <InPorts = 2> <OutPorts = 1>
ST_1 : Operation 54 [1/1] (0.00ns)   --->   "%tmp_357 = partselect i6 @_ssdm_op_PartSelect.i6.i16.i32.i32, i16 %p_read332, i32 10, i32 15"   --->   Operation 54 'partselect' 'tmp_357' <Predicate = true> <Delay = 0.00>
ST_1 : Operation 55 [1/1] (0.61ns)   --->   "%Range1_all_ones_232 = icmp_eq  i6 %tmp_357, i6 63"   --->   Operation 55 'icmp' 'Range1_all_ones_232' <Predicate = true> <Delay = 0.61> <CoreInst = "Cmp">   --->   Core 9 'Cmp' <Latency = 0> <II = 1> <Delay = 0.61> <FuncUnit> <Opcode : 'icmp'> <InPorts = 2> <OutPorts = 1>
ST_1 : Operation 56 [1/1] (0.61ns)   --->   "%Range1_all_zeros_232 = icmp_eq  i6 %tmp_357, i6 0"   --->   Operation 56 'icmp' 'Range1_all_zeros_232' <Predicate = true> <Delay = 0.61> <CoreInst = "Cmp">   --->   Core 9 'Cmp' <Latency = 0> <II = 1> <Delay = 0.61> <FuncUnit> <Opcode : 'icmp'> <InPorts = 2> <OutPorts = 1>
ST_1 : Operation 57 [1/1] (0.00ns) (grouped into LUT with out node select_ln302_232)   --->   "%tmp_497 = bitselect i1 @_ssdm_op_BitSelect.i1.i9.i32, i9 %p_Val2_468, i32 8"   --->   Operation 57 'bitselect' 'tmp_497' <Predicate = true> <Delay = 0.00>
ST_1 : Operation 58 [1/1] (0.00ns) (grouped into LUT with out node select_ln302_232)   --->   "%select_ln888_232 = select i1 %tmp_497, i1 %Range1_all_zeros_232, i1 %Range1_all_ones_232"   --->   Operation 58 'select' 'select_ln888_232' <Predicate = true> <Delay = 0.00> <CoreInst = "Sel">   --->   Core 73 'Sel' <Latency = 0> <II = 1> <Delay = 0.27> <FuncUnit> <Opcode : 'select'> <InPorts = 3> <OutPorts = 1>
ST_1 : Operation 59 [1/1] (0.00ns) (grouped into LUT with out node select_ln302_232)   --->   "%deleted_zeros_232 = select i1 %p_Result_232, i1 %select_ln888_232, i1 %Range1_all_zeros_232"   --->   Operation 59 'select' 'deleted_zeros_232' <Predicate = true> <Delay = 0.00> <CoreInst = "Sel">   --->   Core 73 'Sel' <Latency = 0> <II = 1> <Delay = 0.27> <FuncUnit> <Opcode : 'select'> <InPorts = 3> <OutPorts = 1>
ST_1 : Operation 60 [1/1] (0.30ns) (out node of the LUT)   --->   "%select_ln302_232 = select i1 %deleted_zeros_232, i9 %p_Val2_468, i9 511"   --->   Operation 60 'select' 'select_ln302_232' <Predicate = true> <Delay = 0.30> <CoreInst = "Sel">   --->   Core 73 'Sel' <Latency = 0> <II = 1> <Delay = 0.30> <FuncUnit> <Opcode : 'select'> <InPorts = 3> <OutPorts = 1>
ST_1 : Operation 61 [1/1] (0.67ns)   --->   "%icmp_ln1649_233 = icmp_sgt  i16 %p_read433, i16 0"   --->   Operation 61 'icmp' 'icmp_ln1649_233' <Predicate = true> <Delay = 0.67> <CoreInst = "Cmp">   --->   Core 9 'Cmp' <Latency = 0> <II = 1> <Delay = 0.67> <FuncUnit> <Opcode : 'icmp'> <InPorts = 2> <OutPorts = 1>
ST_1 : Operation 62 [1/1] (0.00ns)   --->   "%p_Val2_469 = partselect i9 @_ssdm_op_PartSelect.i9.i16.i32.i32, i16 %p_read433, i32 1, i32 9"   --->   Operation 62 'partselect' 'p_Val2_469' <Predicate = true> <Delay = 0.00>
ST_1 : Operation 63 [1/1] (0.00ns)   --->   "%trunc_ln823_233 = trunc i16 %p_read433"   --->   Operation 63 'trunc' 'trunc_ln823_233' <Predicate = true> <Delay = 0.00>
ST_1 : Operation 64 [1/1] (0.00ns) (grouped into LUT with out node select_ln302_233)   --->   "%p_Result_233 = bitselect i1 @_ssdm_op_BitSelect.i1.i16.i32, i16 %p_read433, i32 9"   --->   Operation 64 'bitselect' 'p_Result_233' <Predicate = true> <Delay = 0.00>
ST_1 : Operation 65 [1/1] (0.00ns)   --->   "%zext_ln377_233 = zext i1 %trunc_ln823_233"   --->   Operation 65 'zext' 'zext_ln377_233' <Predicate = true> <Delay = 0.00>
ST_1 : Operation 66 [1/1] (0.71ns)   --->   "%p_Val2_470 = add i9 %p_Val2_469, i9 %zext_ln377_233"   --->   Operation 66 'add' 'p_Val2_470' <Predicate = true> <Delay = 0.71> <CoreInst = "Adder">   --->   Core 1 'Adder' <Latency = 0> <II = 1> <Delay = 0.71> <FuncUnit> <Opcode : 'add' 'sub'> <InPorts = 2> <OutPorts = 1>
ST_1 : Operation 67 [1/1] (0.00ns)   --->   "%tmp_358 = partselect i6 @_ssdm_op_PartSelect.i6.i16.i32.i32, i16 %p_read433, i32 10, i32 15"   --->   Operation 67 'partselect' 'tmp_358' <Predicate = true> <Delay = 0.00>
ST_1 : Operation 68 [1/1] (0.61ns)   --->   "%Range1_all_ones_233 = icmp_eq  i6 %tmp_358, i6 63"   --->   Operation 68 'icmp' 'Range1_all_ones_233' <Predicate = true> <Delay = 0.61> <CoreInst = "Cmp">   --->   Core 9 'Cmp' <Latency = 0> <II = 1> <Delay = 0.61> <FuncUnit> <Opcode : 'icmp'> <InPorts = 2> <OutPorts = 1>
ST_1 : Operation 69 [1/1] (0.61ns)   --->   "%Range1_all_zeros_233 = icmp_eq  i6 %tmp_358, i6 0"   --->   Operation 69 'icmp' 'Range1_all_zeros_233' <Predicate = true> <Delay = 0.61> <CoreInst = "Cmp">   --->   Core 9 'Cmp' <Latency = 0> <II = 1> <Delay = 0.61> <FuncUnit> <Opcode : 'icmp'> <InPorts = 2> <OutPorts = 1>
ST_1 : Operation 70 [1/1] (0.00ns) (grouped into LUT with out node select_ln302_233)   --->   "%tmp_499 = bitselect i1 @_ssdm_op_BitSelect.i1.i9.i32, i9 %p_Val2_470, i32 8"   --->   Operation 70 'bitselect' 'tmp_499' <Predicate = true> <Delay = 0.00>
ST_1 : Operation 71 [1/1] (0.00ns) (grouped into LUT with out node select_ln302_233)   --->   "%select_ln888_233 = select i1 %tmp_499, i1 %Range1_all_zeros_233, i1 %Range1_all_ones_233"   --->   Operation 71 'select' 'select_ln888_233' <Predicate = true> <Delay = 0.00> <CoreInst = "Sel">   --->   Core 73 'Sel' <Latency = 0> <II = 1> <Delay = 0.27> <FuncUnit> <Opcode : 'select'> <InPorts = 3> <OutPorts = 1>
ST_1 : Operation 72 [1/1] (0.00ns) (grouped into LUT with out node select_ln302_233)   --->   "%deleted_zeros_233 = select i1 %p_Result_233, i1 %select_ln888_233, i1 %Range1_all_zeros_233"   --->   Operation 72 'select' 'deleted_zeros_233' <Predicate = true> <Delay = 0.00> <CoreInst = "Sel">   --->   Core 73 'Sel' <Latency = 0> <II = 1> <Delay = 0.27> <FuncUnit> <Opcode : 'select'> <InPorts = 3> <OutPorts = 1>
ST_1 : Operation 73 [1/1] (0.30ns) (out node of the LUT)   --->   "%select_ln302_233 = select i1 %deleted_zeros_233, i9 %p_Val2_470, i9 511"   --->   Operation 73 'select' 'select_ln302_233' <Predicate = true> <Delay = 0.30> <CoreInst = "Sel">   --->   Core 73 'Sel' <Latency = 0> <II = 1> <Delay = 0.30> <FuncUnit> <Opcode : 'select'> <InPorts = 3> <OutPorts = 1>
ST_1 : Operation 74 [1/1] (0.67ns)   --->   "%icmp_ln1649_234 = icmp_sgt  i16 %p_read534, i16 0"   --->   Operation 74 'icmp' 'icmp_ln1649_234' <Predicate = true> <Delay = 0.67> <CoreInst = "Cmp">   --->   Core 9 'Cmp' <Latency = 0> <II = 1> <Delay = 0.67> <FuncUnit> <Opcode : 'icmp'> <InPorts = 2> <OutPorts = 1>
ST_1 : Operation 75 [1/1] (0.00ns)   --->   "%p_Val2_471 = partselect i9 @_ssdm_op_PartSelect.i9.i16.i32.i32, i16 %p_read534, i32 1, i32 9"   --->   Operation 75 'partselect' 'p_Val2_471' <Predicate = true> <Delay = 0.00>
ST_1 : Operation 76 [1/1] (0.00ns)   --->   "%trunc_ln823_234 = trunc i16 %p_read534"   --->   Operation 76 'trunc' 'trunc_ln823_234' <Predicate = true> <Delay = 0.00>
ST_1 : Operation 77 [1/1] (0.00ns) (grouped into LUT with out node select_ln302_234)   --->   "%p_Result_234 = bitselect i1 @_ssdm_op_BitSelect.i1.i16.i32, i16 %p_read534, i32 9"   --->   Operation 77 'bitselect' 'p_Result_234' <Predicate = true> <Delay = 0.00>
ST_1 : Operation 78 [1/1] (0.00ns)   --->   "%zext_ln377_234 = zext i1 %trunc_ln823_234"   --->   Operation 78 'zext' 'zext_ln377_234' <Predicate = true> <Delay = 0.00>
ST_1 : Operation 79 [1/1] (0.71ns)   --->   "%p_Val2_472 = add i9 %p_Val2_471, i9 %zext_ln377_234"   --->   Operation 79 'add' 'p_Val2_472' <Predicate = true> <Delay = 0.71> <CoreInst = "Adder">   --->   Core 1 'Adder' <Latency = 0> <II = 1> <Delay = 0.71> <FuncUnit> <Opcode : 'add' 'sub'> <InPorts = 2> <OutPorts = 1>
ST_1 : Operation 80 [1/1] (0.00ns)   --->   "%tmp_359 = partselect i6 @_ssdm_op_PartSelect.i6.i16.i32.i32, i16 %p_read534, i32 10, i32 15"   --->   Operation 80 'partselect' 'tmp_359' <Predicate = true> <Delay = 0.00>
ST_1 : Operation 81 [1/1] (0.61ns)   --->   "%Range1_all_ones_234 = icmp_eq  i6 %tmp_359, i6 63"   --->   Operation 81 'icmp' 'Range1_all_ones_234' <Predicate = true> <Delay = 0.61> <CoreInst = "Cmp">   --->   Core 9 'Cmp' <Latency = 0> <II = 1> <Delay = 0.61> <FuncUnit> <Opcode : 'icmp'> <InPorts = 2> <OutPorts = 1>
ST_1 : Operation 82 [1/1] (0.61ns)   --->   "%Range1_all_zeros_234 = icmp_eq  i6 %tmp_359, i6 0"   --->   Operation 82 'icmp' 'Range1_all_zeros_234' <Predicate = true> <Delay = 0.61> <CoreInst = "Cmp">   --->   Core 9 'Cmp' <Latency = 0> <II = 1> <Delay = 0.61> <FuncUnit> <Opcode : 'icmp'> <InPorts = 2> <OutPorts = 1>
ST_1 : Operation 83 [1/1] (0.00ns) (grouped into LUT with out node select_ln302_234)   --->   "%tmp_501 = bitselect i1 @_ssdm_op_BitSelect.i1.i9.i32, i9 %p_Val2_472, i32 8"   --->   Operation 83 'bitselect' 'tmp_501' <Predicate = true> <Delay = 0.00>
ST_1 : Operation 84 [1/1] (0.00ns) (grouped into LUT with out node select_ln302_234)   --->   "%select_ln888_234 = select i1 %tmp_501, i1 %Range1_all_zeros_234, i1 %Range1_all_ones_234"   --->   Operation 84 'select' 'select_ln888_234' <Predicate = true> <Delay = 0.00> <CoreInst = "Sel">   --->   Core 73 'Sel' <Latency = 0> <II = 1> <Delay = 0.27> <FuncUnit> <Opcode : 'select'> <InPorts = 3> <OutPorts = 1>
ST_1 : Operation 85 [1/1] (0.00ns) (grouped into LUT with out node select_ln302_234)   --->   "%deleted_zeros_234 = select i1 %p_Result_234, i1 %select_ln888_234, i1 %Range1_all_zeros_234"   --->   Operation 85 'select' 'deleted_zeros_234' <Predicate = true> <Delay = 0.00> <CoreInst = "Sel">   --->   Core 73 'Sel' <Latency = 0> <II = 1> <Delay = 0.27> <FuncUnit> <Opcode : 'select'> <InPorts = 3> <OutPorts = 1>
ST_1 : Operation 86 [1/1] (0.30ns) (out node of the LUT)   --->   "%select_ln302_234 = select i1 %deleted_zeros_234, i9 %p_Val2_472, i9 511"   --->   Operation 86 'select' 'select_ln302_234' <Predicate = true> <Delay = 0.30> <CoreInst = "Sel">   --->   Core 73 'Sel' <Latency = 0> <II = 1> <Delay = 0.30> <FuncUnit> <Opcode : 'select'> <InPorts = 3> <OutPorts = 1>
ST_1 : Operation 87 [1/1] (0.67ns)   --->   "%icmp_ln1649_235 = icmp_sgt  i16 %p_read635, i16 0"   --->   Operation 87 'icmp' 'icmp_ln1649_235' <Predicate = true> <Delay = 0.67> <CoreInst = "Cmp">   --->   Core 9 'Cmp' <Latency = 0> <II = 1> <Delay = 0.67> <FuncUnit> <Opcode : 'icmp'> <InPorts = 2> <OutPorts = 1>
ST_1 : Operation 88 [1/1] (0.00ns)   --->   "%p_Val2_473 = partselect i9 @_ssdm_op_PartSelect.i9.i16.i32.i32, i16 %p_read635, i32 1, i32 9"   --->   Operation 88 'partselect' 'p_Val2_473' <Predicate = true> <Delay = 0.00>
ST_1 : Operation 89 [1/1] (0.00ns)   --->   "%trunc_ln823_235 = trunc i16 %p_read635"   --->   Operation 89 'trunc' 'trunc_ln823_235' <Predicate = true> <Delay = 0.00>
ST_1 : Operation 90 [1/1] (0.00ns) (grouped into LUT with out node select_ln302_235)   --->   "%p_Result_235 = bitselect i1 @_ssdm_op_BitSelect.i1.i16.i32, i16 %p_read635, i32 9"   --->   Operation 90 'bitselect' 'p_Result_235' <Predicate = true> <Delay = 0.00>
ST_1 : Operation 91 [1/1] (0.00ns)   --->   "%zext_ln377_235 = zext i1 %trunc_ln823_235"   --->   Operation 91 'zext' 'zext_ln377_235' <Predicate = true> <Delay = 0.00>
ST_1 : Operation 92 [1/1] (0.71ns)   --->   "%p_Val2_474 = add i9 %p_Val2_473, i9 %zext_ln377_235"   --->   Operation 92 'add' 'p_Val2_474' <Predicate = true> <Delay = 0.71> <CoreInst = "Adder">   --->   Core 1 'Adder' <Latency = 0> <II = 1> <Delay = 0.71> <FuncUnit> <Opcode : 'add' 'sub'> <InPorts = 2> <OutPorts = 1>
ST_1 : Operation 93 [1/1] (0.00ns)   --->   "%tmp_360 = partselect i6 @_ssdm_op_PartSelect.i6.i16.i32.i32, i16 %p_read635, i32 10, i32 15"   --->   Operation 93 'partselect' 'tmp_360' <Predicate = true> <Delay = 0.00>
ST_1 : Operation 94 [1/1] (0.61ns)   --->   "%Range1_all_ones_235 = icmp_eq  i6 %tmp_360, i6 63"   --->   Operation 94 'icmp' 'Range1_all_ones_235' <Predicate = true> <Delay = 0.61> <CoreInst = "Cmp">   --->   Core 9 'Cmp' <Latency = 0> <II = 1> <Delay = 0.61> <FuncUnit> <Opcode : 'icmp'> <InPorts = 2> <OutPorts = 1>
ST_1 : Operation 95 [1/1] (0.61ns)   --->   "%Range1_all_zeros_235 = icmp_eq  i6 %tmp_360, i6 0"   --->   Operation 95 'icmp' 'Range1_all_zeros_235' <Predicate = true> <Delay = 0.61> <CoreInst = "Cmp">   --->   Core 9 'Cmp' <Latency = 0> <II = 1> <Delay = 0.61> <FuncUnit> <Opcode : 'icmp'> <InPorts = 2> <OutPorts = 1>
ST_1 : Operation 96 [1/1] (0.00ns) (grouped into LUT with out node select_ln302_235)   --->   "%tmp_503 = bitselect i1 @_ssdm_op_BitSelect.i1.i9.i32, i9 %p_Val2_474, i32 8"   --->   Operation 96 'bitselect' 'tmp_503' <Predicate = true> <Delay = 0.00>
ST_1 : Operation 97 [1/1] (0.00ns) (grouped into LUT with out node select_ln302_235)   --->   "%select_ln888_235 = select i1 %tmp_503, i1 %Range1_all_zeros_235, i1 %Range1_all_ones_235"   --->   Operation 97 'select' 'select_ln888_235' <Predicate = true> <Delay = 0.00> <CoreInst = "Sel">   --->   Core 73 'Sel' <Latency = 0> <II = 1> <Delay = 0.27> <FuncUnit> <Opcode : 'select'> <InPorts = 3> <OutPorts = 1>
ST_1 : Operation 98 [1/1] (0.00ns) (grouped into LUT with out node select_ln302_235)   --->   "%deleted_zeros_235 = select i1 %p_Result_235, i1 %select_ln888_235, i1 %Range1_all_zeros_235"   --->   Operation 98 'select' 'deleted_zeros_235' <Predicate = true> <Delay = 0.00> <CoreInst = "Sel">   --->   Core 73 'Sel' <Latency = 0> <II = 1> <Delay = 0.27> <FuncUnit> <Opcode : 'select'> <InPorts = 3> <OutPorts = 1>
ST_1 : Operation 99 [1/1] (0.30ns) (out node of the LUT)   --->   "%select_ln302_235 = select i1 %deleted_zeros_235, i9 %p_Val2_474, i9 511"   --->   Operation 99 'select' 'select_ln302_235' <Predicate = true> <Delay = 0.30> <CoreInst = "Sel">   --->   Core 73 'Sel' <Latency = 0> <II = 1> <Delay = 0.30> <FuncUnit> <Opcode : 'select'> <InPorts = 3> <OutPorts = 1>
ST_1 : Operation 100 [1/1] (0.67ns)   --->   "%icmp_ln1649_236 = icmp_sgt  i16 %p_read837, i16 0"   --->   Operation 100 'icmp' 'icmp_ln1649_236' <Predicate = true> <Delay = 0.67> <CoreInst = "Cmp">   --->   Core 9 'Cmp' <Latency = 0> <II = 1> <Delay = 0.67> <FuncUnit> <Opcode : 'icmp'> <InPorts = 2> <OutPorts = 1>
ST_1 : Operation 101 [1/1] (0.00ns)   --->   "%p_Val2_475 = partselect i9 @_ssdm_op_PartSelect.i9.i16.i32.i32, i16 %p_read837, i32 1, i32 9"   --->   Operation 101 'partselect' 'p_Val2_475' <Predicate = true> <Delay = 0.00>
ST_1 : Operation 102 [1/1] (0.00ns)   --->   "%trunc_ln823_236 = trunc i16 %p_read837"   --->   Operation 102 'trunc' 'trunc_ln823_236' <Predicate = true> <Delay = 0.00>
ST_1 : Operation 103 [1/1] (0.00ns) (grouped into LUT with out node select_ln302_236)   --->   "%p_Result_236 = bitselect i1 @_ssdm_op_BitSelect.i1.i16.i32, i16 %p_read837, i32 9"   --->   Operation 103 'bitselect' 'p_Result_236' <Predicate = true> <Delay = 0.00>
ST_1 : Operation 104 [1/1] (0.00ns)   --->   "%zext_ln377_236 = zext i1 %trunc_ln823_236"   --->   Operation 104 'zext' 'zext_ln377_236' <Predicate = true> <Delay = 0.00>
ST_1 : Operation 105 [1/1] (0.71ns)   --->   "%p_Val2_476 = add i9 %p_Val2_475, i9 %zext_ln377_236"   --->   Operation 105 'add' 'p_Val2_476' <Predicate = true> <Delay = 0.71> <CoreInst = "Adder">   --->   Core 1 'Adder' <Latency = 0> <II = 1> <Delay = 0.71> <FuncUnit> <Opcode : 'add' 'sub'> <InPorts = 2> <OutPorts = 1>
ST_1 : Operation 106 [1/1] (0.00ns)   --->   "%tmp_361 = partselect i6 @_ssdm_op_PartSelect.i6.i16.i32.i32, i16 %p_read837, i32 10, i32 15"   --->   Operation 106 'partselect' 'tmp_361' <Predicate = true> <Delay = 0.00>
ST_1 : Operation 107 [1/1] (0.61ns)   --->   "%Range1_all_ones_236 = icmp_eq  i6 %tmp_361, i6 63"   --->   Operation 107 'icmp' 'Range1_all_ones_236' <Predicate = true> <Delay = 0.61> <CoreInst = "Cmp">   --->   Core 9 'Cmp' <Latency = 0> <II = 1> <Delay = 0.61> <FuncUnit> <Opcode : 'icmp'> <InPorts = 2> <OutPorts = 1>
ST_1 : Operation 108 [1/1] (0.61ns)   --->   "%Range1_all_zeros_236 = icmp_eq  i6 %tmp_361, i6 0"   --->   Operation 108 'icmp' 'Range1_all_zeros_236' <Predicate = true> <Delay = 0.61> <CoreInst = "Cmp">   --->   Core 9 'Cmp' <Latency = 0> <II = 1> <Delay = 0.61> <FuncUnit> <Opcode : 'icmp'> <InPorts = 2> <OutPorts = 1>
ST_1 : Operation 109 [1/1] (0.00ns) (grouped into LUT with out node select_ln302_236)   --->   "%tmp_505 = bitselect i1 @_ssdm_op_BitSelect.i1.i9.i32, i9 %p_Val2_476, i32 8"   --->   Operation 109 'bitselect' 'tmp_505' <Predicate = true> <Delay = 0.00>
ST_1 : Operation 110 [1/1] (0.00ns) (grouped into LUT with out node select_ln302_236)   --->   "%select_ln888_236 = select i1 %tmp_505, i1 %Range1_all_zeros_236, i1 %Range1_all_ones_236"   --->   Operation 110 'select' 'select_ln888_236' <Predicate = true> <Delay = 0.00> <CoreInst = "Sel">   --->   Core 73 'Sel' <Latency = 0> <II = 1> <Delay = 0.27> <FuncUnit> <Opcode : 'select'> <InPorts = 3> <OutPorts = 1>
ST_1 : Operation 111 [1/1] (0.00ns) (grouped into LUT with out node select_ln302_236)   --->   "%deleted_zeros_236 = select i1 %p_Result_236, i1 %select_ln888_236, i1 %Range1_all_zeros_236"   --->   Operation 111 'select' 'deleted_zeros_236' <Predicate = true> <Delay = 0.00> <CoreInst = "Sel">   --->   Core 73 'Sel' <Latency = 0> <II = 1> <Delay = 0.27> <FuncUnit> <Opcode : 'select'> <InPorts = 3> <OutPorts = 1>
ST_1 : Operation 112 [1/1] (0.30ns) (out node of the LUT)   --->   "%select_ln302_236 = select i1 %deleted_zeros_236, i9 %p_Val2_476, i9 511"   --->   Operation 112 'select' 'select_ln302_236' <Predicate = true> <Delay = 0.30> <CoreInst = "Sel">   --->   Core 73 'Sel' <Latency = 0> <II = 1> <Delay = 0.30> <FuncUnit> <Opcode : 'select'> <InPorts = 3> <OutPorts = 1>
ST_1 : Operation 113 [1/1] (0.67ns)   --->   "%icmp_ln1649_237 = icmp_sgt  i16 %p_read938, i16 0"   --->   Operation 113 'icmp' 'icmp_ln1649_237' <Predicate = true> <Delay = 0.67> <CoreInst = "Cmp">   --->   Core 9 'Cmp' <Latency = 0> <II = 1> <Delay = 0.67> <FuncUnit> <Opcode : 'icmp'> <InPorts = 2> <OutPorts = 1>
ST_1 : Operation 114 [1/1] (0.00ns)   --->   "%p_Val2_477 = partselect i9 @_ssdm_op_PartSelect.i9.i16.i32.i32, i16 %p_read938, i32 1, i32 9"   --->   Operation 114 'partselect' 'p_Val2_477' <Predicate = true> <Delay = 0.00>
ST_1 : Operation 115 [1/1] (0.00ns)   --->   "%trunc_ln823_237 = trunc i16 %p_read938"   --->   Operation 115 'trunc' 'trunc_ln823_237' <Predicate = true> <Delay = 0.00>
ST_1 : Operation 116 [1/1] (0.00ns) (grouped into LUT with out node select_ln302_237)   --->   "%p_Result_237 = bitselect i1 @_ssdm_op_BitSelect.i1.i16.i32, i16 %p_read938, i32 9"   --->   Operation 116 'bitselect' 'p_Result_237' <Predicate = true> <Delay = 0.00>
ST_1 : Operation 117 [1/1] (0.00ns)   --->   "%zext_ln377_237 = zext i1 %trunc_ln823_237"   --->   Operation 117 'zext' 'zext_ln377_237' <Predicate = true> <Delay = 0.00>
ST_1 : Operation 118 [1/1] (0.71ns)   --->   "%p_Val2_478 = add i9 %p_Val2_477, i9 %zext_ln377_237"   --->   Operation 118 'add' 'p_Val2_478' <Predicate = true> <Delay = 0.71> <CoreInst = "Adder">   --->   Core 1 'Adder' <Latency = 0> <II = 1> <Delay = 0.71> <FuncUnit> <Opcode : 'add' 'sub'> <InPorts = 2> <OutPorts = 1>
ST_1 : Operation 119 [1/1] (0.00ns)   --->   "%tmp_362 = partselect i6 @_ssdm_op_PartSelect.i6.i16.i32.i32, i16 %p_read938, i32 10, i32 15"   --->   Operation 119 'partselect' 'tmp_362' <Predicate = true> <Delay = 0.00>
ST_1 : Operation 120 [1/1] (0.61ns)   --->   "%Range1_all_ones_237 = icmp_eq  i6 %tmp_362, i6 63"   --->   Operation 120 'icmp' 'Range1_all_ones_237' <Predicate = true> <Delay = 0.61> <CoreInst = "Cmp">   --->   Core 9 'Cmp' <Latency = 0> <II = 1> <Delay = 0.61> <FuncUnit> <Opcode : 'icmp'> <InPorts = 2> <OutPorts = 1>
ST_1 : Operation 121 [1/1] (0.61ns)   --->   "%Range1_all_zeros_237 = icmp_eq  i6 %tmp_362, i6 0"   --->   Operation 121 'icmp' 'Range1_all_zeros_237' <Predicate = true> <Delay = 0.61> <CoreInst = "Cmp">   --->   Core 9 'Cmp' <Latency = 0> <II = 1> <Delay = 0.61> <FuncUnit> <Opcode : 'icmp'> <InPorts = 2> <OutPorts = 1>
ST_1 : Operation 122 [1/1] (0.00ns) (grouped into LUT with out node select_ln302_237)   --->   "%tmp_507 = bitselect i1 @_ssdm_op_BitSelect.i1.i9.i32, i9 %p_Val2_478, i32 8"   --->   Operation 122 'bitselect' 'tmp_507' <Predicate = true> <Delay = 0.00>
ST_1 : Operation 123 [1/1] (0.00ns) (grouped into LUT with out node select_ln302_237)   --->   "%select_ln888_237 = select i1 %tmp_507, i1 %Range1_all_zeros_237, i1 %Range1_all_ones_237"   --->   Operation 123 'select' 'select_ln888_237' <Predicate = true> <Delay = 0.00> <CoreInst = "Sel">   --->   Core 73 'Sel' <Latency = 0> <II = 1> <Delay = 0.27> <FuncUnit> <Opcode : 'select'> <InPorts = 3> <OutPorts = 1>
ST_1 : Operation 124 [1/1] (0.00ns) (grouped into LUT with out node select_ln302_237)   --->   "%deleted_zeros_237 = select i1 %p_Result_237, i1 %select_ln888_237, i1 %Range1_all_zeros_237"   --->   Operation 124 'select' 'deleted_zeros_237' <Predicate = true> <Delay = 0.00> <CoreInst = "Sel">   --->   Core 73 'Sel' <Latency = 0> <II = 1> <Delay = 0.27> <FuncUnit> <Opcode : 'select'> <InPorts = 3> <OutPorts = 1>
ST_1 : Operation 125 [1/1] (0.30ns) (out node of the LUT)   --->   "%select_ln302_237 = select i1 %deleted_zeros_237, i9 %p_Val2_478, i9 511"   --->   Operation 125 'select' 'select_ln302_237' <Predicate = true> <Delay = 0.30> <CoreInst = "Sel">   --->   Core 73 'Sel' <Latency = 0> <II = 1> <Delay = 0.30> <FuncUnit> <Opcode : 'select'> <InPorts = 3> <OutPorts = 1>
ST_1 : Operation 126 [1/1] (0.67ns)   --->   "%icmp_ln1649_238 = icmp_sgt  i16 %p_read1039, i16 0"   --->   Operation 126 'icmp' 'icmp_ln1649_238' <Predicate = true> <Delay = 0.67> <CoreInst = "Cmp">   --->   Core 9 'Cmp' <Latency = 0> <II = 1> <Delay = 0.67> <FuncUnit> <Opcode : 'icmp'> <InPorts = 2> <OutPorts = 1>
ST_1 : Operation 127 [1/1] (0.00ns)   --->   "%p_Val2_479 = partselect i9 @_ssdm_op_PartSelect.i9.i16.i32.i32, i16 %p_read1039, i32 1, i32 9"   --->   Operation 127 'partselect' 'p_Val2_479' <Predicate = true> <Delay = 0.00>
ST_1 : Operation 128 [1/1] (0.00ns)   --->   "%trunc_ln823_238 = trunc i16 %p_read1039"   --->   Operation 128 'trunc' 'trunc_ln823_238' <Predicate = true> <Delay = 0.00>
ST_1 : Operation 129 [1/1] (0.00ns) (grouped into LUT with out node select_ln302_238)   --->   "%p_Result_238 = bitselect i1 @_ssdm_op_BitSelect.i1.i16.i32, i16 %p_read1039, i32 9"   --->   Operation 129 'bitselect' 'p_Result_238' <Predicate = true> <Delay = 0.00>
ST_1 : Operation 130 [1/1] (0.00ns)   --->   "%zext_ln377_238 = zext i1 %trunc_ln823_238"   --->   Operation 130 'zext' 'zext_ln377_238' <Predicate = true> <Delay = 0.00>
ST_1 : Operation 131 [1/1] (0.71ns)   --->   "%p_Val2_480 = add i9 %p_Val2_479, i9 %zext_ln377_238"   --->   Operation 131 'add' 'p_Val2_480' <Predicate = true> <Delay = 0.71> <CoreInst = "Adder">   --->   Core 1 'Adder' <Latency = 0> <II = 1> <Delay = 0.71> <FuncUnit> <Opcode : 'add' 'sub'> <InPorts = 2> <OutPorts = 1>
ST_1 : Operation 132 [1/1] (0.00ns)   --->   "%tmp_363 = partselect i6 @_ssdm_op_PartSelect.i6.i16.i32.i32, i16 %p_read1039, i32 10, i32 15"   --->   Operation 132 'partselect' 'tmp_363' <Predicate = true> <Delay = 0.00>
ST_1 : Operation 133 [1/1] (0.61ns)   --->   "%Range1_all_ones_238 = icmp_eq  i6 %tmp_363, i6 63"   --->   Operation 133 'icmp' 'Range1_all_ones_238' <Predicate = true> <Delay = 0.61> <CoreInst = "Cmp">   --->   Core 9 'Cmp' <Latency = 0> <II = 1> <Delay = 0.61> <FuncUnit> <Opcode : 'icmp'> <InPorts = 2> <OutPorts = 1>
ST_1 : Operation 134 [1/1] (0.61ns)   --->   "%Range1_all_zeros_238 = icmp_eq  i6 %tmp_363, i6 0"   --->   Operation 134 'icmp' 'Range1_all_zeros_238' <Predicate = true> <Delay = 0.61> <CoreInst = "Cmp">   --->   Core 9 'Cmp' <Latency = 0> <II = 1> <Delay = 0.61> <FuncUnit> <Opcode : 'icmp'> <InPorts = 2> <OutPorts = 1>
ST_1 : Operation 135 [1/1] (0.00ns) (grouped into LUT with out node select_ln302_238)   --->   "%tmp_509 = bitselect i1 @_ssdm_op_BitSelect.i1.i9.i32, i9 %p_Val2_480, i32 8"   --->   Operation 135 'bitselect' 'tmp_509' <Predicate = true> <Delay = 0.00>
ST_1 : Operation 136 [1/1] (0.00ns) (grouped into LUT with out node select_ln302_238)   --->   "%select_ln888_238 = select i1 %tmp_509, i1 %Range1_all_zeros_238, i1 %Range1_all_ones_238"   --->   Operation 136 'select' 'select_ln888_238' <Predicate = true> <Delay = 0.00> <CoreInst = "Sel">   --->   Core 73 'Sel' <Latency = 0> <II = 1> <Delay = 0.27> <FuncUnit> <Opcode : 'select'> <InPorts = 3> <OutPorts = 1>
ST_1 : Operation 137 [1/1] (0.00ns) (grouped into LUT with out node select_ln302_238)   --->   "%deleted_zeros_238 = select i1 %p_Result_238, i1 %select_ln888_238, i1 %Range1_all_zeros_238"   --->   Operation 137 'select' 'deleted_zeros_238' <Predicate = true> <Delay = 0.00> <CoreInst = "Sel">   --->   Core 73 'Sel' <Latency = 0> <II = 1> <Delay = 0.27> <FuncUnit> <Opcode : 'select'> <InPorts = 3> <OutPorts = 1>
ST_1 : Operation 138 [1/1] (0.30ns) (out node of the LUT)   --->   "%select_ln302_238 = select i1 %deleted_zeros_238, i9 %p_Val2_480, i9 511"   --->   Operation 138 'select' 'select_ln302_238' <Predicate = true> <Delay = 0.30> <CoreInst = "Sel">   --->   Core 73 'Sel' <Latency = 0> <II = 1> <Delay = 0.30> <FuncUnit> <Opcode : 'select'> <InPorts = 3> <OutPorts = 1>
ST_1 : Operation 139 [1/1] (0.67ns)   --->   "%icmp_ln1649_239 = icmp_sgt  i16 %p_read_226, i16 0"   --->   Operation 139 'icmp' 'icmp_ln1649_239' <Predicate = true> <Delay = 0.67> <CoreInst = "Cmp">   --->   Core 9 'Cmp' <Latency = 0> <II = 1> <Delay = 0.67> <FuncUnit> <Opcode : 'icmp'> <InPorts = 2> <OutPorts = 1>
ST_1 : Operation 140 [1/1] (0.00ns)   --->   "%p_Val2_481 = partselect i9 @_ssdm_op_PartSelect.i9.i16.i32.i32, i16 %p_read_226, i32 1, i32 9"   --->   Operation 140 'partselect' 'p_Val2_481' <Predicate = true> <Delay = 0.00>
ST_1 : Operation 141 [1/1] (0.00ns)   --->   "%trunc_ln823_239 = trunc i16 %p_read_226"   --->   Operation 141 'trunc' 'trunc_ln823_239' <Predicate = true> <Delay = 0.00>
ST_1 : Operation 142 [1/1] (0.00ns) (grouped into LUT with out node select_ln302_239)   --->   "%p_Result_239 = bitselect i1 @_ssdm_op_BitSelect.i1.i16.i32, i16 %p_read_226, i32 9"   --->   Operation 142 'bitselect' 'p_Result_239' <Predicate = true> <Delay = 0.00>
ST_1 : Operation 143 [1/1] (0.00ns)   --->   "%zext_ln377_239 = zext i1 %trunc_ln823_239"   --->   Operation 143 'zext' 'zext_ln377_239' <Predicate = true> <Delay = 0.00>
ST_1 : Operation 144 [1/1] (0.71ns)   --->   "%p_Val2_482 = add i9 %p_Val2_481, i9 %zext_ln377_239"   --->   Operation 144 'add' 'p_Val2_482' <Predicate = true> <Delay = 0.71> <CoreInst = "Adder">   --->   Core 1 'Adder' <Latency = 0> <II = 1> <Delay = 0.71> <FuncUnit> <Opcode : 'add' 'sub'> <InPorts = 2> <OutPorts = 1>
ST_1 : Operation 145 [1/1] (0.00ns)   --->   "%tmp_364 = partselect i6 @_ssdm_op_PartSelect.i6.i16.i32.i32, i16 %p_read_226, i32 10, i32 15"   --->   Operation 145 'partselect' 'tmp_364' <Predicate = true> <Delay = 0.00>
ST_1 : Operation 146 [1/1] (0.61ns)   --->   "%Range1_all_ones_239 = icmp_eq  i6 %tmp_364, i6 63"   --->   Operation 146 'icmp' 'Range1_all_ones_239' <Predicate = true> <Delay = 0.61> <CoreInst = "Cmp">   --->   Core 9 'Cmp' <Latency = 0> <II = 1> <Delay = 0.61> <FuncUnit> <Opcode : 'icmp'> <InPorts = 2> <OutPorts = 1>
ST_1 : Operation 147 [1/1] (0.61ns)   --->   "%Range1_all_zeros_239 = icmp_eq  i6 %tmp_364, i6 0"   --->   Operation 147 'icmp' 'Range1_all_zeros_239' <Predicate = true> <Delay = 0.61> <CoreInst = "Cmp">   --->   Core 9 'Cmp' <Latency = 0> <II = 1> <Delay = 0.61> <FuncUnit> <Opcode : 'icmp'> <InPorts = 2> <OutPorts = 1>
ST_1 : Operation 148 [1/1] (0.00ns) (grouped into LUT with out node select_ln302_239)   --->   "%tmp_511 = bitselect i1 @_ssdm_op_BitSelect.i1.i9.i32, i9 %p_Val2_482, i32 8"   --->   Operation 148 'bitselect' 'tmp_511' <Predicate = true> <Delay = 0.00>
ST_1 : Operation 149 [1/1] (0.00ns) (grouped into LUT with out node select_ln302_239)   --->   "%select_ln888_239 = select i1 %tmp_511, i1 %Range1_all_zeros_239, i1 %Range1_all_ones_239"   --->   Operation 149 'select' 'select_ln888_239' <Predicate = true> <Delay = 0.00> <CoreInst = "Sel">   --->   Core 73 'Sel' <Latency = 0> <II = 1> <Delay = 0.27> <FuncUnit> <Opcode : 'select'> <InPorts = 3> <OutPorts = 1>
ST_1 : Operation 150 [1/1] (0.00ns) (grouped into LUT with out node select_ln302_239)   --->   "%deleted_zeros_239 = select i1 %p_Result_239, i1 %select_ln888_239, i1 %Range1_all_zeros_239"   --->   Operation 150 'select' 'deleted_zeros_239' <Predicate = true> <Delay = 0.00> <CoreInst = "Sel">   --->   Core 73 'Sel' <Latency = 0> <II = 1> <Delay = 0.27> <FuncUnit> <Opcode : 'select'> <InPorts = 3> <OutPorts = 1>
ST_1 : Operation 151 [1/1] (0.30ns) (out node of the LUT)   --->   "%select_ln302_239 = select i1 %deleted_zeros_239, i9 %p_Val2_482, i9 511"   --->   Operation 151 'select' 'select_ln302_239' <Predicate = true> <Delay = 0.30> <CoreInst = "Sel">   --->   Core 73 'Sel' <Latency = 0> <II = 1> <Delay = 0.30> <FuncUnit> <Opcode : 'select'> <InPorts = 3> <OutPorts = 1>
ST_1 : Operation 152 [1/1] (0.67ns)   --->   "%icmp_ln1649_240 = icmp_sgt  i16 %p_read_225, i16 0"   --->   Operation 152 'icmp' 'icmp_ln1649_240' <Predicate = true> <Delay = 0.67> <CoreInst = "Cmp">   --->   Core 9 'Cmp' <Latency = 0> <II = 1> <Delay = 0.67> <FuncUnit> <Opcode : 'icmp'> <InPorts = 2> <OutPorts = 1>
ST_1 : Operation 153 [1/1] (0.00ns)   --->   "%p_Val2_483 = partselect i9 @_ssdm_op_PartSelect.i9.i16.i32.i32, i16 %p_read_225, i32 1, i32 9"   --->   Operation 153 'partselect' 'p_Val2_483' <Predicate = true> <Delay = 0.00>
ST_1 : Operation 154 [1/1] (0.00ns)   --->   "%trunc_ln823_240 = trunc i16 %p_read_225"   --->   Operation 154 'trunc' 'trunc_ln823_240' <Predicate = true> <Delay = 0.00>
ST_1 : Operation 155 [1/1] (0.00ns) (grouped into LUT with out node select_ln302_240)   --->   "%p_Result_240 = bitselect i1 @_ssdm_op_BitSelect.i1.i16.i32, i16 %p_read_225, i32 9"   --->   Operation 155 'bitselect' 'p_Result_240' <Predicate = true> <Delay = 0.00>
ST_1 : Operation 156 [1/1] (0.00ns)   --->   "%zext_ln377_240 = zext i1 %trunc_ln823_240"   --->   Operation 156 'zext' 'zext_ln377_240' <Predicate = true> <Delay = 0.00>
ST_1 : Operation 157 [1/1] (0.71ns)   --->   "%p_Val2_484 = add i9 %p_Val2_483, i9 %zext_ln377_240"   --->   Operation 157 'add' 'p_Val2_484' <Predicate = true> <Delay = 0.71> <CoreInst = "Adder">   --->   Core 1 'Adder' <Latency = 0> <II = 1> <Delay = 0.71> <FuncUnit> <Opcode : 'add' 'sub'> <InPorts = 2> <OutPorts = 1>
ST_1 : Operation 158 [1/1] (0.00ns)   --->   "%tmp_365 = partselect i6 @_ssdm_op_PartSelect.i6.i16.i32.i32, i16 %p_read_225, i32 10, i32 15"   --->   Operation 158 'partselect' 'tmp_365' <Predicate = true> <Delay = 0.00>
ST_1 : Operation 159 [1/1] (0.61ns)   --->   "%Range1_all_ones_240 = icmp_eq  i6 %tmp_365, i6 63"   --->   Operation 159 'icmp' 'Range1_all_ones_240' <Predicate = true> <Delay = 0.61> <CoreInst = "Cmp">   --->   Core 9 'Cmp' <Latency = 0> <II = 1> <Delay = 0.61> <FuncUnit> <Opcode : 'icmp'> <InPorts = 2> <OutPorts = 1>
ST_1 : Operation 160 [1/1] (0.61ns)   --->   "%Range1_all_zeros_240 = icmp_eq  i6 %tmp_365, i6 0"   --->   Operation 160 'icmp' 'Range1_all_zeros_240' <Predicate = true> <Delay = 0.61> <CoreInst = "Cmp">   --->   Core 9 'Cmp' <Latency = 0> <II = 1> <Delay = 0.61> <FuncUnit> <Opcode : 'icmp'> <InPorts = 2> <OutPorts = 1>
ST_1 : Operation 161 [1/1] (0.00ns) (grouped into LUT with out node select_ln302_240)   --->   "%tmp_513 = bitselect i1 @_ssdm_op_BitSelect.i1.i9.i32, i9 %p_Val2_484, i32 8"   --->   Operation 161 'bitselect' 'tmp_513' <Predicate = true> <Delay = 0.00>
ST_1 : Operation 162 [1/1] (0.00ns) (grouped into LUT with out node select_ln302_240)   --->   "%select_ln888_240 = select i1 %tmp_513, i1 %Range1_all_zeros_240, i1 %Range1_all_ones_240"   --->   Operation 162 'select' 'select_ln888_240' <Predicate = true> <Delay = 0.00> <CoreInst = "Sel">   --->   Core 73 'Sel' <Latency = 0> <II = 1> <Delay = 0.27> <FuncUnit> <Opcode : 'select'> <InPorts = 3> <OutPorts = 1>
ST_1 : Operation 163 [1/1] (0.00ns) (grouped into LUT with out node select_ln302_240)   --->   "%deleted_zeros_240 = select i1 %p_Result_240, i1 %select_ln888_240, i1 %Range1_all_zeros_240"   --->   Operation 163 'select' 'deleted_zeros_240' <Predicate = true> <Delay = 0.00> <CoreInst = "Sel">   --->   Core 73 'Sel' <Latency = 0> <II = 1> <Delay = 0.27> <FuncUnit> <Opcode : 'select'> <InPorts = 3> <OutPorts = 1>
ST_1 : Operation 164 [1/1] (0.30ns) (out node of the LUT)   --->   "%select_ln302_240 = select i1 %deleted_zeros_240, i9 %p_Val2_484, i9 511"   --->   Operation 164 'select' 'select_ln302_240' <Predicate = true> <Delay = 0.30> <CoreInst = "Sel">   --->   Core 73 'Sel' <Latency = 0> <II = 1> <Delay = 0.30> <FuncUnit> <Opcode : 'select'> <InPorts = 3> <OutPorts = 1>
ST_1 : Operation 165 [1/1] (0.66ns)   --->   "%icmp_ln1649_241 = icmp_sgt  i15 %p_read_224, i15 0"   --->   Operation 165 'icmp' 'icmp_ln1649_241' <Predicate = true> <Delay = 0.66> <CoreInst = "Cmp">   --->   Core 9 'Cmp' <Latency = 0> <II = 1> <Delay = 0.66> <FuncUnit> <Opcode : 'icmp'> <InPorts = 2> <OutPorts = 1>
ST_1 : Operation 166 [1/1] (0.00ns)   --->   "%p_Val2_485 = partselect i9 @_ssdm_op_PartSelect.i9.i15.i32.i32, i15 %p_read_224, i32 1, i32 9"   --->   Operation 166 'partselect' 'p_Val2_485' <Predicate = true> <Delay = 0.00>
ST_1 : Operation 167 [1/1] (0.00ns)   --->   "%trunc_ln823_241 = trunc i15 %p_read_224"   --->   Operation 167 'trunc' 'trunc_ln823_241' <Predicate = true> <Delay = 0.00>
ST_1 : Operation 168 [1/1] (0.00ns) (grouped into LUT with out node select_ln302_241)   --->   "%p_Result_241 = bitselect i1 @_ssdm_op_BitSelect.i1.i15.i32, i15 %p_read_224, i32 9"   --->   Operation 168 'bitselect' 'p_Result_241' <Predicate = true> <Delay = 0.00>
ST_1 : Operation 169 [1/1] (0.00ns)   --->   "%zext_ln377_241 = zext i1 %trunc_ln823_241"   --->   Operation 169 'zext' 'zext_ln377_241' <Predicate = true> <Delay = 0.00>
ST_1 : Operation 170 [1/1] (0.71ns)   --->   "%p_Val2_486 = add i9 %p_Val2_485, i9 %zext_ln377_241"   --->   Operation 170 'add' 'p_Val2_486' <Predicate = true> <Delay = 0.71> <CoreInst = "Adder">   --->   Core 1 'Adder' <Latency = 0> <II = 1> <Delay = 0.71> <FuncUnit> <Opcode : 'add' 'sub'> <InPorts = 2> <OutPorts = 1>
ST_1 : Operation 171 [1/1] (0.00ns)   --->   "%tmp_50 = partselect i5 @_ssdm_op_PartSelect.i5.i15.i32.i32, i15 %p_read_224, i32 10, i32 14"   --->   Operation 171 'partselect' 'tmp_50' <Predicate = true> <Delay = 0.00>
ST_1 : Operation 172 [1/1] (0.63ns)   --->   "%Range1_all_ones_241 = icmp_eq  i5 %tmp_50, i5 31"   --->   Operation 172 'icmp' 'Range1_all_ones_241' <Predicate = true> <Delay = 0.63> <CoreInst = "Cmp">   --->   Core 9 'Cmp' <Latency = 0> <II = 1> <Delay = 0.63> <FuncUnit> <Opcode : 'icmp'> <InPorts = 2> <OutPorts = 1>
ST_1 : Operation 173 [1/1] (0.63ns)   --->   "%Range1_all_zeros_241 = icmp_eq  i5 %tmp_50, i5 0"   --->   Operation 173 'icmp' 'Range1_all_zeros_241' <Predicate = true> <Delay = 0.63> <CoreInst = "Cmp">   --->   Core 9 'Cmp' <Latency = 0> <II = 1> <Delay = 0.63> <FuncUnit> <Opcode : 'icmp'> <InPorts = 2> <OutPorts = 1>
ST_1 : Operation 174 [1/1] (0.00ns) (grouped into LUT with out node select_ln302_241)   --->   "%tmp_515 = bitselect i1 @_ssdm_op_BitSelect.i1.i9.i32, i9 %p_Val2_486, i32 8"   --->   Operation 174 'bitselect' 'tmp_515' <Predicate = true> <Delay = 0.00>
ST_1 : Operation 175 [1/1] (0.00ns) (grouped into LUT with out node select_ln302_241)   --->   "%select_ln888_241 = select i1 %tmp_515, i1 %Range1_all_zeros_241, i1 %Range1_all_ones_241"   --->   Operation 175 'select' 'select_ln888_241' <Predicate = true> <Delay = 0.00> <CoreInst = "Sel">   --->   Core 73 'Sel' <Latency = 0> <II = 1> <Delay = 0.27> <FuncUnit> <Opcode : 'select'> <InPorts = 3> <OutPorts = 1>
ST_1 : Operation 176 [1/1] (0.00ns) (grouped into LUT with out node select_ln302_241)   --->   "%deleted_zeros_241 = select i1 %p_Result_241, i1 %select_ln888_241, i1 %Range1_all_zeros_241"   --->   Operation 176 'select' 'deleted_zeros_241' <Predicate = true> <Delay = 0.00> <CoreInst = "Sel">   --->   Core 73 'Sel' <Latency = 0> <II = 1> <Delay = 0.27> <FuncUnit> <Opcode : 'select'> <InPorts = 3> <OutPorts = 1>
ST_1 : Operation 177 [1/1] (0.30ns) (out node of the LUT)   --->   "%select_ln302_241 = select i1 %deleted_zeros_241, i9 %p_Val2_486, i9 511"   --->   Operation 177 'select' 'select_ln302_241' <Predicate = true> <Delay = 0.30> <CoreInst = "Sel">   --->   Core 73 'Sel' <Latency = 0> <II = 1> <Delay = 0.30> <FuncUnit> <Opcode : 'select'> <InPorts = 3> <OutPorts = 1>
ST_1 : Operation 178 [1/1] (0.67ns)   --->   "%icmp_ln1649_242 = icmp_sgt  i16 %p_read_223, i16 0"   --->   Operation 178 'icmp' 'icmp_ln1649_242' <Predicate = true> <Delay = 0.67> <CoreInst = "Cmp">   --->   Core 9 'Cmp' <Latency = 0> <II = 1> <Delay = 0.67> <FuncUnit> <Opcode : 'icmp'> <InPorts = 2> <OutPorts = 1>
ST_1 : Operation 179 [1/1] (0.00ns)   --->   "%p_Val2_487 = partselect i9 @_ssdm_op_PartSelect.i9.i16.i32.i32, i16 %p_read_223, i32 1, i32 9"   --->   Operation 179 'partselect' 'p_Val2_487' <Predicate = true> <Delay = 0.00>
ST_1 : Operation 180 [1/1] (0.00ns)   --->   "%trunc_ln823_242 = trunc i16 %p_read_223"   --->   Operation 180 'trunc' 'trunc_ln823_242' <Predicate = true> <Delay = 0.00>
ST_1 : Operation 181 [1/1] (0.00ns) (grouped into LUT with out node select_ln302_242)   --->   "%p_Result_242 = bitselect i1 @_ssdm_op_BitSelect.i1.i16.i32, i16 %p_read_223, i32 9"   --->   Operation 181 'bitselect' 'p_Result_242' <Predicate = true> <Delay = 0.00>
ST_1 : Operation 182 [1/1] (0.00ns)   --->   "%zext_ln377_242 = zext i1 %trunc_ln823_242"   --->   Operation 182 'zext' 'zext_ln377_242' <Predicate = true> <Delay = 0.00>
ST_1 : Operation 183 [1/1] (0.71ns)   --->   "%p_Val2_488 = add i9 %p_Val2_487, i9 %zext_ln377_242"   --->   Operation 183 'add' 'p_Val2_488' <Predicate = true> <Delay = 0.71> <CoreInst = "Adder">   --->   Core 1 'Adder' <Latency = 0> <II = 1> <Delay = 0.71> <FuncUnit> <Opcode : 'add' 'sub'> <InPorts = 2> <OutPorts = 1>
ST_1 : Operation 184 [1/1] (0.00ns)   --->   "%tmp_366 = partselect i6 @_ssdm_op_PartSelect.i6.i16.i32.i32, i16 %p_read_223, i32 10, i32 15"   --->   Operation 184 'partselect' 'tmp_366' <Predicate = true> <Delay = 0.00>
ST_1 : Operation 185 [1/1] (0.61ns)   --->   "%Range1_all_ones_242 = icmp_eq  i6 %tmp_366, i6 63"   --->   Operation 185 'icmp' 'Range1_all_ones_242' <Predicate = true> <Delay = 0.61> <CoreInst = "Cmp">   --->   Core 9 'Cmp' <Latency = 0> <II = 1> <Delay = 0.61> <FuncUnit> <Opcode : 'icmp'> <InPorts = 2> <OutPorts = 1>
ST_1 : Operation 186 [1/1] (0.61ns)   --->   "%Range1_all_zeros_242 = icmp_eq  i6 %tmp_366, i6 0"   --->   Operation 186 'icmp' 'Range1_all_zeros_242' <Predicate = true> <Delay = 0.61> <CoreInst = "Cmp">   --->   Core 9 'Cmp' <Latency = 0> <II = 1> <Delay = 0.61> <FuncUnit> <Opcode : 'icmp'> <InPorts = 2> <OutPorts = 1>
ST_1 : Operation 187 [1/1] (0.00ns) (grouped into LUT with out node select_ln302_242)   --->   "%tmp_517 = bitselect i1 @_ssdm_op_BitSelect.i1.i9.i32, i9 %p_Val2_488, i32 8"   --->   Operation 187 'bitselect' 'tmp_517' <Predicate = true> <Delay = 0.00>
ST_1 : Operation 188 [1/1] (0.00ns) (grouped into LUT with out node select_ln302_242)   --->   "%select_ln888_242 = select i1 %tmp_517, i1 %Range1_all_zeros_242, i1 %Range1_all_ones_242"   --->   Operation 188 'select' 'select_ln888_242' <Predicate = true> <Delay = 0.00> <CoreInst = "Sel">   --->   Core 73 'Sel' <Latency = 0> <II = 1> <Delay = 0.27> <FuncUnit> <Opcode : 'select'> <InPorts = 3> <OutPorts = 1>
ST_1 : Operation 189 [1/1] (0.00ns) (grouped into LUT with out node select_ln302_242)   --->   "%deleted_zeros_242 = select i1 %p_Result_242, i1 %select_ln888_242, i1 %Range1_all_zeros_242"   --->   Operation 189 'select' 'deleted_zeros_242' <Predicate = true> <Delay = 0.00> <CoreInst = "Sel">   --->   Core 73 'Sel' <Latency = 0> <II = 1> <Delay = 0.27> <FuncUnit> <Opcode : 'select'> <InPorts = 3> <OutPorts = 1>
ST_1 : Operation 190 [1/1] (0.30ns) (out node of the LUT)   --->   "%select_ln302_242 = select i1 %deleted_zeros_242, i9 %p_Val2_488, i9 511"   --->   Operation 190 'select' 'select_ln302_242' <Predicate = true> <Delay = 0.30> <CoreInst = "Sel">   --->   Core 73 'Sel' <Latency = 0> <II = 1> <Delay = 0.30> <FuncUnit> <Opcode : 'select'> <InPorts = 3> <OutPorts = 1>
ST_1 : Operation 191 [1/1] (0.67ns)   --->   "%icmp_ln1649_243 = icmp_sgt  i16 %p_read_222, i16 0"   --->   Operation 191 'icmp' 'icmp_ln1649_243' <Predicate = true> <Delay = 0.67> <CoreInst = "Cmp">   --->   Core 9 'Cmp' <Latency = 0> <II = 1> <Delay = 0.67> <FuncUnit> <Opcode : 'icmp'> <InPorts = 2> <OutPorts = 1>
ST_1 : Operation 192 [1/1] (0.00ns)   --->   "%p_Val2_489 = partselect i9 @_ssdm_op_PartSelect.i9.i16.i32.i32, i16 %p_read_222, i32 1, i32 9"   --->   Operation 192 'partselect' 'p_Val2_489' <Predicate = true> <Delay = 0.00>
ST_1 : Operation 193 [1/1] (0.00ns)   --->   "%trunc_ln823_243 = trunc i16 %p_read_222"   --->   Operation 193 'trunc' 'trunc_ln823_243' <Predicate = true> <Delay = 0.00>
ST_1 : Operation 194 [1/1] (0.00ns) (grouped into LUT with out node select_ln302_243)   --->   "%p_Result_243 = bitselect i1 @_ssdm_op_BitSelect.i1.i16.i32, i16 %p_read_222, i32 9"   --->   Operation 194 'bitselect' 'p_Result_243' <Predicate = true> <Delay = 0.00>
ST_1 : Operation 195 [1/1] (0.00ns)   --->   "%zext_ln377_243 = zext i1 %trunc_ln823_243"   --->   Operation 195 'zext' 'zext_ln377_243' <Predicate = true> <Delay = 0.00>
ST_1 : Operation 196 [1/1] (0.71ns)   --->   "%p_Val2_490 = add i9 %p_Val2_489, i9 %zext_ln377_243"   --->   Operation 196 'add' 'p_Val2_490' <Predicate = true> <Delay = 0.71> <CoreInst = "Adder">   --->   Core 1 'Adder' <Latency = 0> <II = 1> <Delay = 0.71> <FuncUnit> <Opcode : 'add' 'sub'> <InPorts = 2> <OutPorts = 1>
ST_1 : Operation 197 [1/1] (0.00ns)   --->   "%tmp_367 = partselect i6 @_ssdm_op_PartSelect.i6.i16.i32.i32, i16 %p_read_222, i32 10, i32 15"   --->   Operation 197 'partselect' 'tmp_367' <Predicate = true> <Delay = 0.00>
ST_1 : Operation 198 [1/1] (0.61ns)   --->   "%Range1_all_ones_243 = icmp_eq  i6 %tmp_367, i6 63"   --->   Operation 198 'icmp' 'Range1_all_ones_243' <Predicate = true> <Delay = 0.61> <CoreInst = "Cmp">   --->   Core 9 'Cmp' <Latency = 0> <II = 1> <Delay = 0.61> <FuncUnit> <Opcode : 'icmp'> <InPorts = 2> <OutPorts = 1>
ST_1 : Operation 199 [1/1] (0.61ns)   --->   "%Range1_all_zeros_243 = icmp_eq  i6 %tmp_367, i6 0"   --->   Operation 199 'icmp' 'Range1_all_zeros_243' <Predicate = true> <Delay = 0.61> <CoreInst = "Cmp">   --->   Core 9 'Cmp' <Latency = 0> <II = 1> <Delay = 0.61> <FuncUnit> <Opcode : 'icmp'> <InPorts = 2> <OutPorts = 1>
ST_1 : Operation 200 [1/1] (0.00ns) (grouped into LUT with out node select_ln302_243)   --->   "%tmp_519 = bitselect i1 @_ssdm_op_BitSelect.i1.i9.i32, i9 %p_Val2_490, i32 8"   --->   Operation 200 'bitselect' 'tmp_519' <Predicate = true> <Delay = 0.00>
ST_1 : Operation 201 [1/1] (0.00ns) (grouped into LUT with out node select_ln302_243)   --->   "%select_ln888_243 = select i1 %tmp_519, i1 %Range1_all_zeros_243, i1 %Range1_all_ones_243"   --->   Operation 201 'select' 'select_ln888_243' <Predicate = true> <Delay = 0.00> <CoreInst = "Sel">   --->   Core 73 'Sel' <Latency = 0> <II = 1> <Delay = 0.27> <FuncUnit> <Opcode : 'select'> <InPorts = 3> <OutPorts = 1>
ST_1 : Operation 202 [1/1] (0.00ns) (grouped into LUT with out node select_ln302_243)   --->   "%deleted_zeros_243 = select i1 %p_Result_243, i1 %select_ln888_243, i1 %Range1_all_zeros_243"   --->   Operation 202 'select' 'deleted_zeros_243' <Predicate = true> <Delay = 0.00> <CoreInst = "Sel">   --->   Core 73 'Sel' <Latency = 0> <II = 1> <Delay = 0.27> <FuncUnit> <Opcode : 'select'> <InPorts = 3> <OutPorts = 1>
ST_1 : Operation 203 [1/1] (0.30ns) (out node of the LUT)   --->   "%select_ln302_243 = select i1 %deleted_zeros_243, i9 %p_Val2_490, i9 511"   --->   Operation 203 'select' 'select_ln302_243' <Predicate = true> <Delay = 0.30> <CoreInst = "Sel">   --->   Core 73 'Sel' <Latency = 0> <II = 1> <Delay = 0.30> <FuncUnit> <Opcode : 'select'> <InPorts = 3> <OutPorts = 1>
ST_1 : Operation 204 [1/1] (0.67ns)   --->   "%icmp_ln1649_244 = icmp_sgt  i16 %p_read_221, i16 0"   --->   Operation 204 'icmp' 'icmp_ln1649_244' <Predicate = true> <Delay = 0.67> <CoreInst = "Cmp">   --->   Core 9 'Cmp' <Latency = 0> <II = 1> <Delay = 0.67> <FuncUnit> <Opcode : 'icmp'> <InPorts = 2> <OutPorts = 1>
ST_1 : Operation 205 [1/1] (0.00ns)   --->   "%p_Val2_491 = partselect i9 @_ssdm_op_PartSelect.i9.i16.i32.i32, i16 %p_read_221, i32 1, i32 9"   --->   Operation 205 'partselect' 'p_Val2_491' <Predicate = true> <Delay = 0.00>
ST_1 : Operation 206 [1/1] (0.00ns)   --->   "%trunc_ln823_244 = trunc i16 %p_read_221"   --->   Operation 206 'trunc' 'trunc_ln823_244' <Predicate = true> <Delay = 0.00>
ST_1 : Operation 207 [1/1] (0.00ns) (grouped into LUT with out node select_ln302_244)   --->   "%p_Result_244 = bitselect i1 @_ssdm_op_BitSelect.i1.i16.i32, i16 %p_read_221, i32 9"   --->   Operation 207 'bitselect' 'p_Result_244' <Predicate = true> <Delay = 0.00>
ST_1 : Operation 208 [1/1] (0.00ns)   --->   "%zext_ln377_244 = zext i1 %trunc_ln823_244"   --->   Operation 208 'zext' 'zext_ln377_244' <Predicate = true> <Delay = 0.00>
ST_1 : Operation 209 [1/1] (0.71ns)   --->   "%p_Val2_492 = add i9 %p_Val2_491, i9 %zext_ln377_244"   --->   Operation 209 'add' 'p_Val2_492' <Predicate = true> <Delay = 0.71> <CoreInst = "Adder">   --->   Core 1 'Adder' <Latency = 0> <II = 1> <Delay = 0.71> <FuncUnit> <Opcode : 'add' 'sub'> <InPorts = 2> <OutPorts = 1>
ST_1 : Operation 210 [1/1] (0.00ns)   --->   "%tmp_368 = partselect i6 @_ssdm_op_PartSelect.i6.i16.i32.i32, i16 %p_read_221, i32 10, i32 15"   --->   Operation 210 'partselect' 'tmp_368' <Predicate = true> <Delay = 0.00>
ST_1 : Operation 211 [1/1] (0.61ns)   --->   "%Range1_all_ones_244 = icmp_eq  i6 %tmp_368, i6 63"   --->   Operation 211 'icmp' 'Range1_all_ones_244' <Predicate = true> <Delay = 0.61> <CoreInst = "Cmp">   --->   Core 9 'Cmp' <Latency = 0> <II = 1> <Delay = 0.61> <FuncUnit> <Opcode : 'icmp'> <InPorts = 2> <OutPorts = 1>
ST_1 : Operation 212 [1/1] (0.61ns)   --->   "%Range1_all_zeros_244 = icmp_eq  i6 %tmp_368, i6 0"   --->   Operation 212 'icmp' 'Range1_all_zeros_244' <Predicate = true> <Delay = 0.61> <CoreInst = "Cmp">   --->   Core 9 'Cmp' <Latency = 0> <II = 1> <Delay = 0.61> <FuncUnit> <Opcode : 'icmp'> <InPorts = 2> <OutPorts = 1>
ST_1 : Operation 213 [1/1] (0.00ns) (grouped into LUT with out node select_ln302_244)   --->   "%tmp_521 = bitselect i1 @_ssdm_op_BitSelect.i1.i9.i32, i9 %p_Val2_492, i32 8"   --->   Operation 213 'bitselect' 'tmp_521' <Predicate = true> <Delay = 0.00>
ST_1 : Operation 214 [1/1] (0.00ns) (grouped into LUT with out node select_ln302_244)   --->   "%select_ln888_244 = select i1 %tmp_521, i1 %Range1_all_zeros_244, i1 %Range1_all_ones_244"   --->   Operation 214 'select' 'select_ln888_244' <Predicate = true> <Delay = 0.00> <CoreInst = "Sel">   --->   Core 73 'Sel' <Latency = 0> <II = 1> <Delay = 0.27> <FuncUnit> <Opcode : 'select'> <InPorts = 3> <OutPorts = 1>
ST_1 : Operation 215 [1/1] (0.00ns) (grouped into LUT with out node select_ln302_244)   --->   "%deleted_zeros_244 = select i1 %p_Result_244, i1 %select_ln888_244, i1 %Range1_all_zeros_244"   --->   Operation 215 'select' 'deleted_zeros_244' <Predicate = true> <Delay = 0.00> <CoreInst = "Sel">   --->   Core 73 'Sel' <Latency = 0> <II = 1> <Delay = 0.27> <FuncUnit> <Opcode : 'select'> <InPorts = 3> <OutPorts = 1>
ST_1 : Operation 216 [1/1] (0.30ns) (out node of the LUT)   --->   "%select_ln302_244 = select i1 %deleted_zeros_244, i9 %p_Val2_492, i9 511"   --->   Operation 216 'select' 'select_ln302_244' <Predicate = true> <Delay = 0.30> <CoreInst = "Sel">   --->   Core 73 'Sel' <Latency = 0> <II = 1> <Delay = 0.30> <FuncUnit> <Opcode : 'select'> <InPorts = 3> <OutPorts = 1>

State 2 <SV = 1> <Delay = 0.30>
ST_2 : Operation 217 [1/1] (0.00ns)   --->   "%specpipeline_ln40 = specpipeline void @_ssdm_op_SpecPipeline, i32 4294967295, i32 0, i32 0, i32 0, void @empty_0" [firmware/nnet_utils/nnet_activation.h:40]   --->   Operation 217 'specpipeline' 'specpipeline_ln40' <Predicate = true> <Delay = 0.00>
ST_2 : Operation 218 [1/1] (0.30ns) (out node of the LUT)   --->   "%select_ln1649 = select i1 %icmp_ln1649, i9 %select_ln302, i9 0"   --->   Operation 218 'select' 'select_ln1649' <Predicate = true> <Delay = 0.30> <CoreInst = "Sel">   --->   Core 73 'Sel' <Latency = 0> <II = 1> <Delay = 0.30> <FuncUnit> <Opcode : 'select'> <InPorts = 3> <OutPorts = 1>
ST_2 : Operation 219 [1/1] (0.30ns) (out node of the LUT)   --->   "%select_ln1649_231 = select i1 %icmp_ln1649_231, i9 %select_ln302_231, i9 0"   --->   Operation 219 'select' 'select_ln1649_231' <Predicate = true> <Delay = 0.30> <CoreInst = "Sel">   --->   Core 73 'Sel' <Latency = 0> <II = 1> <Delay = 0.30> <FuncUnit> <Opcode : 'select'> <InPorts = 3> <OutPorts = 1>
ST_2 : Operation 220 [1/1] (0.30ns) (out node of the LUT)   --->   "%select_ln1649_232 = select i1 %icmp_ln1649_232, i9 %select_ln302_232, i9 0"   --->   Operation 220 'select' 'select_ln1649_232' <Predicate = true> <Delay = 0.30> <CoreInst = "Sel">   --->   Core 73 'Sel' <Latency = 0> <II = 1> <Delay = 0.30> <FuncUnit> <Opcode : 'select'> <InPorts = 3> <OutPorts = 1>
ST_2 : Operation 221 [1/1] (0.30ns) (out node of the LUT)   --->   "%select_ln1649_233 = select i1 %icmp_ln1649_233, i9 %select_ln302_233, i9 0"   --->   Operation 221 'select' 'select_ln1649_233' <Predicate = true> <Delay = 0.30> <CoreInst = "Sel">   --->   Core 73 'Sel' <Latency = 0> <II = 1> <Delay = 0.30> <FuncUnit> <Opcode : 'select'> <InPorts = 3> <OutPorts = 1>
ST_2 : Operation 222 [1/1] (0.30ns) (out node of the LUT)   --->   "%select_ln1649_234 = select i1 %icmp_ln1649_234, i9 %select_ln302_234, i9 0"   --->   Operation 222 'select' 'select_ln1649_234' <Predicate = true> <Delay = 0.30> <CoreInst = "Sel">   --->   Core 73 'Sel' <Latency = 0> <II = 1> <Delay = 0.30> <FuncUnit> <Opcode : 'select'> <InPorts = 3> <OutPorts = 1>
ST_2 : Operation 223 [1/1] (0.30ns) (out node of the LUT)   --->   "%select_ln1649_235 = select i1 %icmp_ln1649_235, i9 %select_ln302_235, i9 0"   --->   Operation 223 'select' 'select_ln1649_235' <Predicate = true> <Delay = 0.30> <CoreInst = "Sel">   --->   Core 73 'Sel' <Latency = 0> <II = 1> <Delay = 0.30> <FuncUnit> <Opcode : 'select'> <InPorts = 3> <OutPorts = 1>
ST_2 : Operation 224 [1/1] (0.30ns) (out node of the LUT)   --->   "%select_ln1649_236 = select i1 %icmp_ln1649_236, i9 %select_ln302_236, i9 0"   --->   Operation 224 'select' 'select_ln1649_236' <Predicate = true> <Delay = 0.30> <CoreInst = "Sel">   --->   Core 73 'Sel' <Latency = 0> <II = 1> <Delay = 0.30> <FuncUnit> <Opcode : 'select'> <InPorts = 3> <OutPorts = 1>
ST_2 : Operation 225 [1/1] (0.30ns) (out node of the LUT)   --->   "%select_ln1649_237 = select i1 %icmp_ln1649_237, i9 %select_ln302_237, i9 0"   --->   Operation 225 'select' 'select_ln1649_237' <Predicate = true> <Delay = 0.30> <CoreInst = "Sel">   --->   Core 73 'Sel' <Latency = 0> <II = 1> <Delay = 0.30> <FuncUnit> <Opcode : 'select'> <InPorts = 3> <OutPorts = 1>
ST_2 : Operation 226 [1/1] (0.30ns) (out node of the LUT)   --->   "%select_ln1649_238 = select i1 %icmp_ln1649_238, i9 %select_ln302_238, i9 0"   --->   Operation 226 'select' 'select_ln1649_238' <Predicate = true> <Delay = 0.30> <CoreInst = "Sel">   --->   Core 73 'Sel' <Latency = 0> <II = 1> <Delay = 0.30> <FuncUnit> <Opcode : 'select'> <InPorts = 3> <OutPorts = 1>
ST_2 : Operation 227 [1/1] (0.30ns) (out node of the LUT)   --->   "%select_ln1649_239 = select i1 %icmp_ln1649_239, i9 %select_ln302_239, i9 0"   --->   Operation 227 'select' 'select_ln1649_239' <Predicate = true> <Delay = 0.30> <CoreInst = "Sel">   --->   Core 73 'Sel' <Latency = 0> <II = 1> <Delay = 0.30> <FuncUnit> <Opcode : 'select'> <InPorts = 3> <OutPorts = 1>
ST_2 : Operation 228 [1/1] (0.30ns) (out node of the LUT)   --->   "%select_ln1649_240 = select i1 %icmp_ln1649_240, i9 %select_ln302_240, i9 0"   --->   Operation 228 'select' 'select_ln1649_240' <Predicate = true> <Delay = 0.30> <CoreInst = "Sel">   --->   Core 73 'Sel' <Latency = 0> <II = 1> <Delay = 0.30> <FuncUnit> <Opcode : 'select'> <InPorts = 3> <OutPorts = 1>
ST_2 : Operation 229 [1/1] (0.30ns) (out node of the LUT)   --->   "%select_ln1649_241 = select i1 %icmp_ln1649_241, i9 %select_ln302_241, i9 0"   --->   Operation 229 'select' 'select_ln1649_241' <Predicate = true> <Delay = 0.30> <CoreInst = "Sel">   --->   Core 73 'Sel' <Latency = 0> <II = 1> <Delay = 0.30> <FuncUnit> <Opcode : 'select'> <InPorts = 3> <OutPorts = 1>
ST_2 : Operation 230 [1/1] (0.30ns) (out node of the LUT)   --->   "%select_ln1649_242 = select i1 %icmp_ln1649_242, i9 %select_ln302_242, i9 0"   --->   Operation 230 'select' 'select_ln1649_242' <Predicate = true> <Delay = 0.30> <CoreInst = "Sel">   --->   Core 73 'Sel' <Latency = 0> <II = 1> <Delay = 0.30> <FuncUnit> <Opcode : 'select'> <InPorts = 3> <OutPorts = 1>
ST_2 : Operation 231 [1/1] (0.30ns) (out node of the LUT)   --->   "%select_ln1649_243 = select i1 %icmp_ln1649_243, i9 %select_ln302_243, i9 0"   --->   Operation 231 'select' 'select_ln1649_243' <Predicate = true> <Delay = 0.30> <CoreInst = "Sel">   --->   Core 73 'Sel' <Latency = 0> <II = 1> <Delay = 0.30> <FuncUnit> <Opcode : 'select'> <InPorts = 3> <OutPorts = 1>
ST_2 : Operation 232 [1/1] (0.30ns) (out node of the LUT)   --->   "%select_ln1649_244 = select i1 %icmp_ln1649_244, i9 %select_ln302_244, i9 0"   --->   Operation 232 'select' 'select_ln1649_244' <Predicate = true> <Delay = 0.30> <CoreInst = "Sel">   --->   Core 73 'Sel' <Latency = 0> <II = 1> <Delay = 0.30> <FuncUnit> <Opcode : 'select'> <InPorts = 3> <OutPorts = 1>
ST_2 : Operation 233 [1/1] (0.00ns)   --->   "%newret = insertvalue i135 <undef>, i9 %select_ln1649"   --->   Operation 233 'insertvalue' 'newret' <Predicate = true> <Delay = 0.00>
ST_2 : Operation 234 [1/1] (0.00ns)   --->   "%newret2 = insertvalue i135 %newret, i9 %select_ln1649_231"   --->   Operation 234 'insertvalue' 'newret2' <Predicate = true> <Delay = 0.00>
ST_2 : Operation 235 [1/1] (0.00ns)   --->   "%newret4 = insertvalue i135 %newret2, i9 %select_ln1649_232"   --->   Operation 235 'insertvalue' 'newret4' <Predicate = true> <Delay = 0.00>
ST_2 : Operation 236 [1/1] (0.00ns)   --->   "%newret6 = insertvalue i135 %newret4, i9 %select_ln1649_233"   --->   Operation 236 'insertvalue' 'newret6' <Predicate = true> <Delay = 0.00>
ST_2 : Operation 237 [1/1] (0.00ns)   --->   "%newret8 = insertvalue i135 %newret6, i9 %select_ln1649_234"   --->   Operation 237 'insertvalue' 'newret8' <Predicate = true> <Delay = 0.00>
ST_2 : Operation 238 [1/1] (0.00ns)   --->   "%newret1 = insertvalue i135 %newret8, i9 %select_ln1649_235"   --->   Operation 238 'insertvalue' 'newret1' <Predicate = true> <Delay = 0.00>
ST_2 : Operation 239 [1/1] (0.00ns)   --->   "%newret3 = insertvalue i135 %newret1, i9 %select_ln1649_236"   --->   Operation 239 'insertvalue' 'newret3' <Predicate = true> <Delay = 0.00>
ST_2 : Operation 240 [1/1] (0.00ns)   --->   "%newret5 = insertvalue i135 %newret3, i9 %select_ln1649_237"   --->   Operation 240 'insertvalue' 'newret5' <Predicate = true> <Delay = 0.00>
ST_2 : Operation 241 [1/1] (0.00ns)   --->   "%newret7 = insertvalue i135 %newret5, i9 %select_ln1649_238"   --->   Operation 241 'insertvalue' 'newret7' <Predicate = true> <Delay = 0.00>
ST_2 : Operation 242 [1/1] (0.00ns)   --->   "%newret9 = insertvalue i135 %newret7, i9 %select_ln1649_239"   --->   Operation 242 'insertvalue' 'newret9' <Predicate = true> <Delay = 0.00>
ST_2 : Operation 243 [1/1] (0.00ns)   --->   "%newret10 = insertvalue i135 %newret9, i9 %select_ln1649_240"   --->   Operation 243 'insertvalue' 'newret10' <Predicate = true> <Delay = 0.00>
ST_2 : Operation 244 [1/1] (0.00ns)   --->   "%newret11 = insertvalue i135 %newret10, i9 %select_ln1649_241"   --->   Operation 244 'insertvalue' 'newret11' <Predicate = true> <Delay = 0.00>
ST_2 : Operation 245 [1/1] (0.00ns)   --->   "%newret12 = insertvalue i135 %newret11, i9 %select_ln1649_242"   --->   Operation 245 'insertvalue' 'newret12' <Predicate = true> <Delay = 0.00>
ST_2 : Operation 246 [1/1] (0.00ns)   --->   "%newret13 = insertvalue i135 %newret12, i9 %select_ln1649_243"   --->   Operation 246 'insertvalue' 'newret13' <Predicate = true> <Delay = 0.00>
ST_2 : Operation 247 [1/1] (0.00ns)   --->   "%newret14 = insertvalue i135 %newret13, i9 %select_ln1649_244"   --->   Operation 247 'insertvalue' 'newret14' <Predicate = true> <Delay = 0.00>
ST_2 : Operation 248 [1/1] (0.00ns)   --->   "%ret_ln1649 = ret i135 %newret14"   --->   Operation 248 'ret' 'ret_ln1649' <Predicate = true> <Delay = 0.00>


============================================================
+ Verbose Summary: Timing violations
============================================================
Target clock period: 2.8ns, clock uncertainty: 0.35ns.

 <State 1>: 2.24ns
The critical path consists of the following:
	wire read operation ('p_read29', firmware/nnet_utils/nnet_activation.h:42) on port 'p_read' (firmware/nnet_utils/nnet_activation.h:42) [39]  (1.23 ns)
	'add' operation ('__Val2__') [45]  (0.715 ns)
	'select' operation ('select_ln302') [52]  (0.303 ns)

 <State 2>: 0.303ns
The critical path consists of the following:
	'select' operation ('select_ln1649') [53]  (0.303 ns)


============================================================
+ Verbose Summary: Binding
============================================================
N/A
* FSMD analyzer results:
  - Output states:
 - Input state : 
  - Chain level:
	State 1
	State 2


============================================================
+ Verbose Summary: Datapath Resource usage 
============================================================
N/A
